[2025-04-14T14:13:55.108+0300] {local_task_job_runner.py:123} INFO - ::group::Pre task execution logs
[2025-04-14T14:13:55.119+0300] {taskinstance.py:2614} INFO - Dependencies all met for dep_context=non-requeueable deps ti=<TaskInstance: example_python_operator.sleep_for_1 manual__2025-04-14T11:13:39.890729+00:00 [queued]>
[2025-04-14T14:13:55.125+0300] {taskinstance.py:2614} INFO - Dependencies all met for dep_context=requeueable deps ti=<TaskInstance: example_python_operator.sleep_for_1 manual__2025-04-14T11:13:39.890729+00:00 [queued]>
[2025-04-14T14:13:55.125+0300] {taskinstance.py:2867} INFO - Starting attempt 1 of 1
[2025-04-14T14:13:55.139+0300] {taskinstance.py:2890} INFO - Executing <Task(PythonOperator): sleep_for_1> on 2025-04-14 11:13:39.890729+00:00
[2025-04-14T14:13:55.142+0300] {standard_task_runner.py:72} INFO - Started process 25949 to run task
[2025-04-14T14:13:55.145+0300] {standard_task_runner.py:104} INFO - Running: ['airflow', 'tasks', 'run', 'example_python_operator', 'sleep_for_1', 'manual__2025-04-14T11:13:39.890729+00:00', '--job-id', '5', '--raw', '--subdir', '/home/tasneemahmed24/.local/lib/python3.10/site-packages/airflow/example_dags/example_python_operator.py', '--cfg-path', '/tmp/tmp6k1_8xyn']
[2025-04-14T14:13:55.146+0300] {standard_task_runner.py:105} INFO - Job 5: Subtask sleep_for_1
[2025-04-14T14:13:55.180+0300] {task_command.py:467} INFO - Running <TaskInstance: example_python_operator.sleep_for_1 manual__2025-04-14T11:13:39.890729+00:00 [running]> on host DESKTOP-1SBO1JU.
[2025-04-14T14:13:55.228+0300] {taskinstance.py:3134} INFO - Exporting env vars: AIRFLOW_CTX_DAG_OWNER='airflow' AIRFLOW_CTX_DAG_ID='example_python_operator' AIRFLOW_CTX_TASK_ID='sleep_for_1' AIRFLOW_CTX_EXECUTION_DATE='2025-04-14T11:13:39.890729+00:00' AIRFLOW_CTX_TRY_NUMBER='1' AIRFLOW_CTX_DAG_RUN_ID='manual__2025-04-14T11:13:39.890729+00:00'
[2025-04-14T14:13:55.229+0300] {logging_mixin.py:190} INFO - Task instance is in running state
[2025-04-14T14:13:55.229+0300] {logging_mixin.py:190} INFO -  Previous state of the Task instance: queued
[2025-04-14T14:13:55.229+0300] {logging_mixin.py:190} INFO - Current task name:sleep_for_1 state:running start_date:2025-04-14 11:13:55.120227+00:00
[2025-04-14T14:13:55.229+0300] {logging_mixin.py:190} INFO - Dag name:example_python_operator and current dag run status:running
[2025-04-14T14:13:55.229+0300] {taskinstance.py:732} INFO - ::endgroup::
[2025-04-14T14:13:55.335+0300] {python.py:240} INFO - Done. Returned value was: None
[2025-04-14T14:13:55.340+0300] {taskinstance.py:341} INFO - ::group::Post task execution logs
[2025-04-14T14:13:55.341+0300] {taskinstance.py:353} INFO - Marking task as SUCCESS. dag_id=example_python_operator, task_id=sleep_for_1, run_id=manual__2025-04-14T11:13:39.890729+00:00, execution_date=20250414T111339, start_date=20250414T111355, end_date=20250414T111355
[2025-04-14T14:13:55.365+0300] {logging_mixin.py:190} INFO - Task instance in success state
[2025-04-14T14:13:55.366+0300] {logging_mixin.py:190} INFO -  Previous state of the Task instance: running
[2025-04-14T14:13:55.366+0300] {logging_mixin.py:190} INFO - Dag name:example_python_operator queued_at:2025-04-14 11:13:40.064298+00:00
[2025-04-14T14:13:55.366+0300] {logging_mixin.py:190} INFO - Task hostname:DESKTOP-1SBO1JU. operator:PythonOperator
[2025-04-14T14:13:55.373+0300] {local_task_job_runner.py:266} INFO - Task exited with return code 0
[2025-04-14T14:13:55.381+0300] {taskinstance.py:3901} INFO - 0 downstream tasks scheduled from follow-on schedule check
[2025-04-14T14:13:55.382+0300] {local_task_job_runner.py:245} INFO - ::endgroup::
