[2025-04-14T15:35:49.810+0300] {local_task_job_runner.py:123} INFO - ::group::Pre task execution logs
[2025-04-14T15:35:49.817+0300] {taskinstance.py:2614} INFO - Dependencies all met for dep_context=non-requeueable deps ti=<TaskInstance: executing_multiple_tasks.task_b manual__2025-04-14T12:35:47.505883+00:00 [queued]>
[2025-04-14T15:35:49.822+0300] {taskinstance.py:2614} INFO - Dependencies all met for dep_context=requeueable deps ti=<TaskInstance: executing_multiple_tasks.task_b manual__2025-04-14T12:35:47.505883+00:00 [queued]>
[2025-04-14T15:35:49.823+0300] {taskinstance.py:2867} INFO - Starting attempt 1 of 1
[2025-04-14T15:35:49.833+0300] {taskinstance.py:2890} INFO - Executing <Task(BashOperator): task_b> on 2025-04-14 12:35:47.505883+00:00
[2025-04-14T15:35:49.835+0300] {standard_task_runner.py:72} INFO - Started process 57325 to run task
[2025-04-14T15:35:49.840+0300] {standard_task_runner.py:104} INFO - Running: ['airflow', 'tasks', 'run', 'executing_multiple_tasks', 'task_b', 'manual__2025-04-14T12:35:47.505883+00:00', '--job-id', '25', '--raw', '--subdir', 'DAGS_FOLDER/execute_multiple_tasks.py', '--cfg-path', '/tmp/tmpd5mlh5l8']
[2025-04-14T15:35:49.841+0300] {standard_task_runner.py:105} INFO - Job 25: Subtask task_b
[2025-04-14T15:35:49.873+0300] {task_command.py:467} INFO - Running <TaskInstance: executing_multiple_tasks.task_b manual__2025-04-14T12:35:47.505883+00:00 [running]> on host DESKTOP-1SBO1JU.
[2025-04-14T15:35:49.922+0300] {taskinstance.py:3134} INFO - Exporting env vars: AIRFLOW_CTX_DAG_OWNER='tasneemahmed' AIRFLOW_CTX_DAG_ID='executing_multiple_tasks' AIRFLOW_CTX_TASK_ID='task_b' AIRFLOW_CTX_EXECUTION_DATE='2025-04-14T12:35:47.505883+00:00' AIRFLOW_CTX_TRY_NUMBER='1' AIRFLOW_CTX_DAG_RUN_ID='manual__2025-04-14T12:35:47.505883+00:00'
[2025-04-14T15:35:49.922+0300] {taskinstance.py:732} INFO - ::endgroup::
[2025-04-14T15:35:49.936+0300] {subprocess.py:78} INFO - Tmp dir root location: /tmp
[2025-04-14T15:35:49.937+0300] {subprocess.py:88} INFO - Running command: ['/usr/bin/bash', '-c', 'echo Task B has executed']
[2025-04-14T15:35:49.946+0300] {subprocess.py:99} INFO - Output:
[2025-04-14T15:35:49.947+0300] {subprocess.py:106} INFO - Task B has executed
[2025-04-14T15:35:49.947+0300] {subprocess.py:110} INFO - Command exited with return code 0
[2025-04-14T15:35:49.976+0300] {taskinstance.py:341} INFO - ::group::Post task execution logs
[2025-04-14T15:35:49.976+0300] {taskinstance.py:353} INFO - Marking task as SUCCESS. dag_id=executing_multiple_tasks, task_id=task_b, run_id=manual__2025-04-14T12:35:47.505883+00:00, execution_date=20250414T123547, start_date=20250414T123549, end_date=20250414T123549
[2025-04-14T15:35:50.020+0300] {local_task_job_runner.py:266} INFO - Task exited with return code 0
[2025-04-14T15:35:50.039+0300] {taskinstance.py:3901} INFO - 1 downstream tasks scheduled from follow-on schedule check
[2025-04-14T15:35:50.043+0300] {local_task_job_runner.py:245} INFO - ::endgroup::
