[2025-04-14T17:09:05.163+0300] {local_task_job_runner.py:123} INFO - ::group::Pre task execution logs
[2025-04-14T17:09:05.176+0300] {taskinstance.py:2614} INFO - Dependencies all met for dep_context=non-requeueable deps ti=<TaskInstance: executing_multiple_tasks.task_d manual__2025-04-14T14:08:46.358652+00:00 [queued]>
[2025-04-14T17:09:05.182+0300] {taskinstance.py:2614} INFO - Dependencies all met for dep_context=requeueable deps ti=<TaskInstance: executing_multiple_tasks.task_d manual__2025-04-14T14:08:46.358652+00:00 [queued]>
[2025-04-14T17:09:05.182+0300] {taskinstance.py:2867} INFO - Starting attempt 1 of 1
[2025-04-14T17:09:05.201+0300] {taskinstance.py:2890} INFO - Executing <Task(BashOperator): task_d> on 2025-04-14 14:08:46.358652+00:00
[2025-04-14T17:09:05.205+0300] {standard_task_runner.py:72} INFO - Started process 93092 to run task
[2025-04-14T17:09:05.211+0300] {standard_task_runner.py:104} INFO - Running: ['airflow', 'tasks', 'run', 'executing_multiple_tasks', 'task_d', 'manual__2025-04-14T14:08:46.358652+00:00', '--job-id', '38', '--raw', '--subdir', 'DAGS_FOLDER/execute_multiple_tasks.py', '--cfg-path', '/tmp/tmpdwse4uix']
[2025-04-14T17:09:05.212+0300] {standard_task_runner.py:105} INFO - Job 38: Subtask task_d
[2025-04-14T17:09:05.251+0300] {task_command.py:467} INFO - Running <TaskInstance: executing_multiple_tasks.task_d manual__2025-04-14T14:08:46.358652+00:00 [running]> on host DESKTOP-1SBO1JU.
[2025-04-14T17:09:05.314+0300] {taskinstance.py:3134} INFO - Exporting env vars: AIRFLOW_CTX_DAG_OWNER='tasneemahmed' AIRFLOW_CTX_DAG_ID='executing_multiple_tasks' AIRFLOW_CTX_TASK_ID='task_d' AIRFLOW_CTX_EXECUTION_DATE='2025-04-14T14:08:46.358652+00:00' AIRFLOW_CTX_TRY_NUMBER='1' AIRFLOW_CTX_DAG_RUN_ID='manual__2025-04-14T14:08:46.358652+00:00'
[2025-04-14T17:09:05.315+0300] {taskinstance.py:732} INFO - ::endgroup::
[2025-04-14T17:09:05.335+0300] {subprocess.py:78} INFO - Tmp dir root location: /tmp
[2025-04-14T17:09:05.335+0300] {subprocess.py:88} INFO - Running command: ['/usr/bin/bash', 'tmpm3aeqf8r.sh']
[2025-04-14T17:09:05.341+0300] {subprocess.py:99} INFO - Output:
[2025-04-14T17:09:05.342+0300] {subprocess.py:106} INFO - Task D has Completed!
[2025-04-14T17:09:05.342+0300] {subprocess.py:110} INFO - Command exited with return code 0
[2025-04-14T17:09:05.364+0300] {taskinstance.py:341} INFO - ::group::Post task execution logs
[2025-04-14T17:09:05.364+0300] {taskinstance.py:353} INFO - Marking task as SUCCESS. dag_id=executing_multiple_tasks, task_id=task_d, run_id=manual__2025-04-14T14:08:46.358652+00:00, execution_date=20250414T140846, start_date=20250414T140905, end_date=20250414T140905
[2025-04-14T17:09:05.392+0300] {local_task_job_runner.py:266} INFO - Task exited with return code 0
[2025-04-14T17:09:05.409+0300] {taskinstance.py:3901} INFO - 1 downstream tasks scheduled from follow-on schedule check
[2025-04-14T17:09:05.415+0300] {local_task_job_runner.py:245} INFO - ::endgroup::
