[2025-04-14T15:35:51.698+0300] {local_task_job_runner.py:123} INFO - ::group::Pre task execution logs
[2025-04-14T15:35:51.706+0300] {taskinstance.py:2614} INFO - Dependencies all met for dep_context=non-requeueable deps ti=<TaskInstance: executing_multiple_tasks.task_a manual__2025-04-14T12:35:47.505883+00:00 [queued]>
[2025-04-14T15:35:51.710+0300] {taskinstance.py:2614} INFO - Dependencies all met for dep_context=requeueable deps ti=<TaskInstance: executing_multiple_tasks.task_a manual__2025-04-14T12:35:47.505883+00:00 [queued]>
[2025-04-14T15:35:51.710+0300] {taskinstance.py:2867} INFO - Starting attempt 1 of 1
[2025-04-14T15:35:51.724+0300] {taskinstance.py:2890} INFO - Executing <Task(BashOperator): task_a> on 2025-04-14 12:35:47.505883+00:00
[2025-04-14T15:35:51.726+0300] {standard_task_runner.py:72} INFO - Started process 57343 to run task
[2025-04-14T15:35:51.729+0300] {standard_task_runner.py:104} INFO - Running: ['airflow', 'tasks', 'run', 'executing_multiple_tasks', 'task_a', 'manual__2025-04-14T12:35:47.505883+00:00', '--job-id', '26', '--raw', '--subdir', 'DAGS_FOLDER/execute_multiple_tasks.py', '--cfg-path', '/tmp/tmpxj9ek4x8']
[2025-04-14T15:35:51.731+0300] {standard_task_runner.py:105} INFO - Job 26: Subtask task_a
[2025-04-14T15:35:51.756+0300] {task_command.py:467} INFO - Running <TaskInstance: executing_multiple_tasks.task_a manual__2025-04-14T12:35:47.505883+00:00 [running]> on host DESKTOP-1SBO1JU.
[2025-04-14T15:35:51.810+0300] {taskinstance.py:3134} INFO - Exporting env vars: AIRFLOW_CTX_DAG_OWNER='tasneemahmed' AIRFLOW_CTX_DAG_ID='executing_multiple_tasks' AIRFLOW_CTX_TASK_ID='task_a' AIRFLOW_CTX_EXECUTION_DATE='2025-04-14T12:35:47.505883+00:00' AIRFLOW_CTX_TRY_NUMBER='1' AIRFLOW_CTX_DAG_RUN_ID='manual__2025-04-14T12:35:47.505883+00:00'
[2025-04-14T15:35:51.811+0300] {taskinstance.py:732} INFO - ::endgroup::
[2025-04-14T15:35:51.824+0300] {subprocess.py:78} INFO - Tmp dir root location: /tmp
[2025-04-14T15:35:51.825+0300] {subprocess.py:88} INFO - Running command: ['/usr/bin/bash', '-c', 'echo Task A has executed']
[2025-04-14T15:35:51.830+0300] {subprocess.py:99} INFO - Output:
[2025-04-14T15:35:51.831+0300] {subprocess.py:106} INFO - Task A has executed
[2025-04-14T15:35:51.831+0300] {subprocess.py:110} INFO - Command exited with return code 0
[2025-04-14T15:35:51.848+0300] {taskinstance.py:341} INFO - ::group::Post task execution logs
[2025-04-14T15:35:51.848+0300] {taskinstance.py:353} INFO - Marking task as SUCCESS. dag_id=executing_multiple_tasks, task_id=task_a, run_id=manual__2025-04-14T12:35:47.505883+00:00, execution_date=20250414T123547, start_date=20250414T123551, end_date=20250414T123551
[2025-04-14T15:35:51.912+0300] {local_task_job_runner.py:266} INFO - Task exited with return code 0
[2025-04-14T15:35:51.920+0300] {taskinstance.py:3901} INFO - 0 downstream tasks scheduled from follow-on schedule check
[2025-04-14T15:35:51.920+0300] {local_task_job_runner.py:245} INFO - ::endgroup::
