[2025-04-17T10:33:38.609+0300] {local_task_job_runner.py:123} INFO - ::group::Pre task execution logs
[2025-04-17T10:33:38.617+0300] {taskinstance.py:2614} INFO - Dependencies all met for dep_context=non-requeueable deps ti=<TaskInstance: executing_Python_Branching_tasks.branch_task scheduled__2025-04-16T00:00:00+00:00 [queued]>
[2025-04-17T10:33:38.624+0300] {taskinstance.py:2614} INFO - Dependencies all met for dep_context=requeueable deps ti=<TaskInstance: executing_Python_Branching_tasks.branch_task scheduled__2025-04-16T00:00:00+00:00 [queued]>
[2025-04-17T10:33:38.624+0300] {taskinstance.py:2867} INFO - Starting attempt 1 of 1
[2025-04-17T10:33:38.667+0300] {taskinstance.py:2890} INFO - Executing <Task(BranchPythonOperator): branch_task> on 2025-04-16 00:00:00+00:00
[2025-04-17T10:33:38.670+0300] {standard_task_runner.py:72} INFO - Started process 239978 to run task
[2025-04-17T10:33:38.674+0300] {standard_task_runner.py:104} INFO - Running: ['airflow', 'tasks', 'run', 'executing_Python_Branching_tasks', 'branch_task', 'scheduled__2025-04-16T00:00:00+00:00', '--job-id', '187', '--raw', '--subdir', 'DAGS_FOLDER/execute_branching.py', '--cfg-path', '/tmp/tmptr088_mq']
[2025-04-17T10:33:38.676+0300] {standard_task_runner.py:105} INFO - Job 187: Subtask branch_task
[2025-04-17T10:33:38.709+0300] {task_command.py:467} INFO - Running <TaskInstance: executing_Python_Branching_tasks.branch_task scheduled__2025-04-16T00:00:00+00:00 [running]> on host DESKTOP-1SBO1JU.
[2025-04-17T10:33:38.785+0300] {taskinstance.py:3134} INFO - Exporting env vars: AIRFLOW_CTX_DAG_OWNER='tasneemahmed' AIRFLOW_CTX_DAG_ID='executing_Python_Branching_tasks' AIRFLOW_CTX_TASK_ID='branch_task' AIRFLOW_CTX_EXECUTION_DATE='2025-04-16T00:00:00+00:00' AIRFLOW_CTX_TRY_NUMBER='1' AIRFLOW_CTX_DAG_RUN_ID='scheduled__2025-04-16T00:00:00+00:00'
[2025-04-17T10:33:38.786+0300] {taskinstance.py:732} INFO - ::endgroup::
[2025-04-17T10:33:38.794+0300] {baseoperator.py:423} WARNING - BranchPythonOperator.execute cannot be called outside TaskInstance!
[2025-04-17T10:33:38.798+0300] {python.py:240} INFO - Done. Returned value was: not_eligible_for_license
[2025-04-17T10:33:38.799+0300] {branch.py:38} INFO - Branch into not_eligible_for_license
[2025-04-17T10:33:38.799+0300] {skipmixin.py:233} INFO - Following branch ('not_eligible_for_license',)
[2025-04-17T10:33:38.804+0300] {skipmixin.py:281} INFO - Skipping tasks [('eligible_for_license', -1)]
[2025-04-17T10:33:38.831+0300] {taskinstance.py:341} INFO - ::group::Post task execution logs
[2025-04-17T10:33:38.831+0300] {taskinstance.py:353} INFO - Marking task as SUCCESS. dag_id=executing_Python_Branching_tasks, task_id=branch_task, run_id=scheduled__2025-04-16T00:00:00+00:00, execution_date=20250416T000000, start_date=20250417T073338, end_date=20250417T073338
[2025-04-17T10:33:38.888+0300] {local_task_job_runner.py:266} INFO - Task exited with return code 0
[2025-04-17T10:33:38.899+0300] {taskinstance.py:3901} INFO - 1 downstream tasks scheduled from follow-on schedule check
[2025-04-17T10:33:38.905+0300] {local_task_job_runner.py:245} INFO - ::endgroup::
