[2025-04-16T15:27:04.562+0300] {local_task_job_runner.py:123} INFO - ::group::Pre task execution logs
[2025-04-16T15:27:04.572+0300] {taskinstance.py:2614} INFO - Dependencies all met for dep_context=non-requeueable deps ti=<TaskInstance: executing_Python_Branching_tasks_with_Backfill.task_a scheduled__2025-04-15T00:00:00+00:00 [queued]>
[2025-04-16T15:27:04.578+0300] {taskinstance.py:2614} INFO - Dependencies all met for dep_context=requeueable deps ti=<TaskInstance: executing_Python_Branching_tasks_with_Backfill.task_a scheduled__2025-04-15T00:00:00+00:00 [queued]>
[2025-04-16T15:27:04.579+0300] {taskinstance.py:2867} INFO - Starting attempt 1 of 1
[2025-04-16T15:27:04.601+0300] {taskinstance.py:2890} INFO - Executing <Task(BashOperator): task_a> on 2025-04-15 00:00:00+00:00
[2025-04-16T15:27:04.604+0300] {standard_task_runner.py:72} INFO - Started process 144706 to run task
[2025-04-16T15:27:04.608+0300] {standard_task_runner.py:104} INFO - Running: ['airflow', 'tasks', 'run', 'executing_Python_Branching_tasks_with_Backfill', 'task_a', 'scheduled__2025-04-15T00:00:00+00:00', '--job-id', '142', '--raw', '--subdir', 'DAGS_FOLDER/execute_cron_catchup_backfill.py', '--cfg-path', '/tmp/tmp629hj6ot']
[2025-04-16T15:27:04.610+0300] {standard_task_runner.py:105} INFO - Job 142: Subtask task_a
[2025-04-16T15:27:04.671+0300] {task_command.py:467} INFO - Running <TaskInstance: executing_Python_Branching_tasks_with_Backfill.task_a scheduled__2025-04-15T00:00:00+00:00 [running]> on host DESKTOP-1SBO1JU.
[2025-04-16T15:27:04.754+0300] {taskinstance.py:3134} INFO - Exporting env vars: AIRFLOW_CTX_DAG_OWNER='tasneemahmed' AIRFLOW_CTX_DAG_ID='executing_Python_Branching_tasks_with_Backfill' AIRFLOW_CTX_TASK_ID='task_a' AIRFLOW_CTX_EXECUTION_DATE='2025-04-15T00:00:00+00:00' AIRFLOW_CTX_TRY_NUMBER='1' AIRFLOW_CTX_DAG_RUN_ID='scheduled__2025-04-15T00:00:00+00:00'
[2025-04-16T15:27:04.755+0300] {taskinstance.py:732} INFO - ::endgroup::
[2025-04-16T15:27:04.768+0300] {subprocess.py:78} INFO - Tmp dir root location: /tmp
[2025-04-16T15:27:04.770+0300] {subprocess.py:88} INFO - Running command: ['/usr/bin/bash', '-c', 'echo "Task A is executed"']
[2025-04-16T15:27:04.775+0300] {subprocess.py:99} INFO - Output:
[2025-04-16T15:27:04.776+0300] {subprocess.py:106} INFO - Task A is executed
[2025-04-16T15:27:04.776+0300] {subprocess.py:110} INFO - Command exited with return code 0
[2025-04-16T15:27:04.794+0300] {taskinstance.py:341} INFO - ::group::Post task execution logs
[2025-04-16T15:27:04.794+0300] {taskinstance.py:353} INFO - Marking task as SUCCESS. dag_id=executing_Python_Branching_tasks_with_Backfill, task_id=task_a, run_id=scheduled__2025-04-15T00:00:00+00:00, execution_date=20250415T000000, start_date=20250416T122704, end_date=20250416T122704
[2025-04-16T15:27:04.829+0300] {local_task_job_runner.py:266} INFO - Task exited with return code 0
[2025-04-16T15:27:04.854+0300] {taskinstance.py:3901} INFO - 1 downstream tasks scheduled from follow-on schedule check
[2025-04-16T15:27:04.861+0300] {local_task_job_runner.py:245} INFO - ::endgroup::
[2025-04-16T16:46:10.648+0300] {local_task_job_runner.py:123} INFO - ::group::Pre task execution logs
[2025-04-16T16:46:10.659+0300] {taskinstance.py:2614} INFO - Dependencies all met for dep_context=non-requeueable deps ti=<TaskInstance: executing_Python_Branching_tasks_with_Backfill.task_a scheduled__2025-04-15T00:00:00+00:00 [queued]>
[2025-04-16T16:46:10.663+0300] {taskinstance.py:2614} INFO - Dependencies all met for dep_context=requeueable deps ti=<TaskInstance: executing_Python_Branching_tasks_with_Backfill.task_a scheduled__2025-04-15T00:00:00+00:00 [queued]>
[2025-04-16T16:46:10.663+0300] {taskinstance.py:2867} INFO - Starting attempt 1 of 1
[2025-04-16T16:46:10.679+0300] {taskinstance.py:2890} INFO - Executing <Task(BashOperator): task_a> on 2025-04-15 00:00:00+00:00
[2025-04-16T16:46:10.682+0300] {standard_task_runner.py:72} INFO - Started process 177784 to run task
[2025-04-16T16:46:10.686+0300] {standard_task_runner.py:104} INFO - Running: ['airflow', 'tasks', 'run', 'executing_Python_Branching_tasks_with_Backfill', 'task_a', 'scheduled__2025-04-15T00:00:00+00:00', '--job-id', '150', '--raw', '--subdir', 'DAGS_FOLDER/execute_cron_catchup_backfill.py', '--cfg-path', '/tmp/tmplr0oeqsm']
[2025-04-16T16:46:10.688+0300] {standard_task_runner.py:105} INFO - Job 150: Subtask task_a
[2025-04-16T16:46:10.716+0300] {task_command.py:467} INFO - Running <TaskInstance: executing_Python_Branching_tasks_with_Backfill.task_a scheduled__2025-04-15T00:00:00+00:00 [running]> on host DESKTOP-1SBO1JU.
[2025-04-16T16:46:10.763+0300] {taskinstance.py:3134} INFO - Exporting env vars: AIRFLOW_CTX_DAG_OWNER='tasneemahmed' AIRFLOW_CTX_DAG_ID='executing_Python_Branching_tasks_with_Backfill' AIRFLOW_CTX_TASK_ID='task_a' AIRFLOW_CTX_EXECUTION_DATE='2025-04-15T00:00:00+00:00' AIRFLOW_CTX_TRY_NUMBER='1' AIRFLOW_CTX_DAG_RUN_ID='scheduled__2025-04-15T00:00:00+00:00'
[2025-04-16T16:46:10.764+0300] {taskinstance.py:732} INFO - ::endgroup::
[2025-04-16T16:46:10.773+0300] {subprocess.py:78} INFO - Tmp dir root location: /tmp
[2025-04-16T16:46:10.774+0300] {subprocess.py:88} INFO - Running command: ['/usr/bin/bash', '-c', 'echo Task A is executed']
[2025-04-16T16:46:10.793+0300] {subprocess.py:99} INFO - Output:
[2025-04-16T16:46:10.795+0300] {subprocess.py:106} INFO - Task A is executed
[2025-04-16T16:46:10.796+0300] {subprocess.py:110} INFO - Command exited with return code 0
[2025-04-16T16:46:10.828+0300] {taskinstance.py:341} INFO - ::group::Post task execution logs
[2025-04-16T16:46:10.828+0300] {taskinstance.py:353} INFO - Marking task as SUCCESS. dag_id=executing_Python_Branching_tasks_with_Backfill, task_id=task_a, run_id=scheduled__2025-04-15T00:00:00+00:00, execution_date=20250415T000000, start_date=20250416T134610, end_date=20250416T134610
[2025-04-16T16:46:10.867+0300] {local_task_job_runner.py:266} INFO - Task exited with return code 0
[2025-04-16T16:46:10.880+0300] {taskinstance.py:3901} INFO - 1 downstream tasks scheduled from follow-on schedule check
[2025-04-16T16:46:10.885+0300] {local_task_job_runner.py:245} INFO - ::endgroup::
