[2025-04-16T15:26:43.522+0300] {local_task_job_runner.py:123} INFO - ::group::Pre task execution logs
[2025-04-16T15:26:43.541+0300] {taskinstance.py:2614} INFO - Dependencies all met for dep_context=non-requeueable deps ti=<TaskInstance: executing_Python_Branching_tasks_with_Backfill.task_a scheduled__2025-04-11T00:00:00+00:00 [queued]>
[2025-04-16T15:26:43.550+0300] {taskinstance.py:2614} INFO - Dependencies all met for dep_context=requeueable deps ti=<TaskInstance: executing_Python_Branching_tasks_with_Backfill.task_a scheduled__2025-04-11T00:00:00+00:00 [queued]>
[2025-04-16T15:26:43.551+0300] {taskinstance.py:2867} INFO - Starting attempt 1 of 1
[2025-04-16T15:26:43.574+0300] {taskinstance.py:2890} INFO - Executing <Task(BashOperator): task_a> on 2025-04-11 00:00:00+00:00
[2025-04-16T15:26:43.583+0300] {standard_task_runner.py:72} INFO - Started process 144523 to run task
[2025-04-16T15:26:43.637+0300] {standard_task_runner.py:104} INFO - Running: ['airflow', 'tasks', 'run', 'executing_Python_Branching_tasks_with_Backfill', 'task_a', 'scheduled__2025-04-11T00:00:00+00:00', '--job-id', '134', '--raw', '--subdir', 'DAGS_FOLDER/execute_cron_catchup_backfill.py', '--cfg-path', '/tmp/tmp0o5efwbd']
[2025-04-16T15:26:43.648+0300] {standard_task_runner.py:105} INFO - Job 134: Subtask task_a
[2025-04-16T15:26:43.848+0300] {task_command.py:467} INFO - Running <TaskInstance: executing_Python_Branching_tasks_with_Backfill.task_a scheduled__2025-04-11T00:00:00+00:00 [running]> on host DESKTOP-1SBO1JU.
[2025-04-16T15:26:44.130+0300] {taskinstance.py:3134} INFO - Exporting env vars: AIRFLOW_CTX_DAG_OWNER='tasneemahmed' AIRFLOW_CTX_DAG_ID='executing_Python_Branching_tasks_with_Backfill' AIRFLOW_CTX_TASK_ID='task_a' AIRFLOW_CTX_EXECUTION_DATE='2025-04-11T00:00:00+00:00' AIRFLOW_CTX_TRY_NUMBER='1' AIRFLOW_CTX_DAG_RUN_ID='scheduled__2025-04-11T00:00:00+00:00'
[2025-04-16T15:26:44.138+0300] {taskinstance.py:732} INFO - ::endgroup::
[2025-04-16T15:26:44.209+0300] {subprocess.py:78} INFO - Tmp dir root location: /tmp
[2025-04-16T15:26:44.214+0300] {subprocess.py:88} INFO - Running command: ['/usr/bin/bash', '-c', 'echo "Task A is executed"']
[2025-04-16T15:26:44.242+0300] {subprocess.py:99} INFO - Output:
[2025-04-16T15:26:44.283+0300] {subprocess.py:106} INFO - Task A is executed
[2025-04-16T15:26:44.284+0300] {subprocess.py:110} INFO - Command exited with return code 0
[2025-04-16T15:26:44.323+0300] {taskinstance.py:341} INFO - ::group::Post task execution logs
[2025-04-16T15:26:44.324+0300] {taskinstance.py:353} INFO - Marking task as SUCCESS. dag_id=executing_Python_Branching_tasks_with_Backfill, task_id=task_a, run_id=scheduled__2025-04-11T00:00:00+00:00, execution_date=20250411T000000, start_date=20250416T122643, end_date=20250416T122644
[2025-04-16T15:26:44.394+0300] {local_task_job_runner.py:266} INFO - Task exited with return code 0
[2025-04-16T15:26:44.420+0300] {taskinstance.py:3901} INFO - 1 downstream tasks scheduled from follow-on schedule check
[2025-04-16T15:26:44.429+0300] {local_task_job_runner.py:245} INFO - ::endgroup::
[2025-04-16T16:45:43.740+0300] {local_task_job_runner.py:123} INFO - ::group::Pre task execution logs
[2025-04-16T16:45:43.750+0300] {taskinstance.py:2614} INFO - Dependencies all met for dep_context=non-requeueable deps ti=<TaskInstance: executing_Python_Branching_tasks_with_Backfill.task_a scheduled__2025-04-11T00:00:00+00:00 [queued]>
[2025-04-16T16:45:43.756+0300] {taskinstance.py:2614} INFO - Dependencies all met for dep_context=requeueable deps ti=<TaskInstance: executing_Python_Branching_tasks_with_Backfill.task_a scheduled__2025-04-11T00:00:00+00:00 [queued]>
[2025-04-16T16:45:43.756+0300] {taskinstance.py:2867} INFO - Starting attempt 1 of 1
[2025-04-16T16:45:43.771+0300] {taskinstance.py:2890} INFO - Executing <Task(BashOperator): task_a> on 2025-04-11 00:00:00+00:00
[2025-04-16T16:45:43.774+0300] {standard_task_runner.py:72} INFO - Started process 177530 to run task
[2025-04-16T16:45:43.777+0300] {standard_task_runner.py:104} INFO - Running: ['airflow', 'tasks', 'run', 'executing_Python_Branching_tasks_with_Backfill', 'task_a', 'scheduled__2025-04-11T00:00:00+00:00', '--job-id', '134', '--raw', '--subdir', 'DAGS_FOLDER/execute_cron_catchup_backfill.py', '--cfg-path', '/tmp/tmpnlnfrz_f']
[2025-04-16T16:45:43.781+0300] {standard_task_runner.py:105} INFO - Job 134: Subtask task_a
[2025-04-16T16:45:43.859+0300] {task_command.py:467} INFO - Running <TaskInstance: executing_Python_Branching_tasks_with_Backfill.task_a scheduled__2025-04-11T00:00:00+00:00 [running]> on host DESKTOP-1SBO1JU.
[2025-04-16T16:45:43.943+0300] {taskinstance.py:3134} INFO - Exporting env vars: AIRFLOW_CTX_DAG_OWNER='tasneemahmed' AIRFLOW_CTX_DAG_ID='executing_Python_Branching_tasks_with_Backfill' AIRFLOW_CTX_TASK_ID='task_a' AIRFLOW_CTX_EXECUTION_DATE='2025-04-11T00:00:00+00:00' AIRFLOW_CTX_TRY_NUMBER='1' AIRFLOW_CTX_DAG_RUN_ID='scheduled__2025-04-11T00:00:00+00:00'
[2025-04-16T16:45:43.944+0300] {taskinstance.py:732} INFO - ::endgroup::
[2025-04-16T16:45:43.974+0300] {subprocess.py:78} INFO - Tmp dir root location: /tmp
[2025-04-16T16:45:43.975+0300] {subprocess.py:88} INFO - Running command: ['/usr/bin/bash', '-c', 'echo Task A is executed']
[2025-04-16T16:45:43.980+0300] {subprocess.py:99} INFO - Output:
[2025-04-16T16:45:43.984+0300] {subprocess.py:106} INFO - Task A is executed
[2025-04-16T16:45:43.985+0300] {subprocess.py:110} INFO - Command exited with return code 0
[2025-04-16T16:45:44.004+0300] {taskinstance.py:341} INFO - ::group::Post task execution logs
[2025-04-16T16:45:44.005+0300] {taskinstance.py:353} INFO - Marking task as SUCCESS. dag_id=executing_Python_Branching_tasks_with_Backfill, task_id=task_a, run_id=scheduled__2025-04-11T00:00:00+00:00, execution_date=20250411T000000, start_date=20250416T134543, end_date=20250416T134544
[2025-04-16T16:45:44.054+0300] {local_task_job_runner.py:266} INFO - Task exited with return code 0
[2025-04-16T16:45:44.081+0300] {taskinstance.py:3901} INFO - 1 downstream tasks scheduled from follow-on schedule check
[2025-04-16T16:45:44.086+0300] {local_task_job_runner.py:245} INFO - ::endgroup::
