[2025-04-17T10:33:28.649+0300] {local_task_job_runner.py:123} INFO - ::group::Pre task execution logs
[2025-04-17T10:33:28.684+0300] {taskinstance.py:2614} INFO - Dependencies all met for dep_context=non-requeueable deps ti=<TaskInstance: hello_world.hello_world_task scheduled__2025-04-16T00:00:00+00:00 [queued]>
[2025-04-17T10:33:28.706+0300] {taskinstance.py:2614} INFO - Dependencies all met for dep_context=requeueable deps ti=<TaskInstance: hello_world.hello_world_task scheduled__2025-04-16T00:00:00+00:00 [queued]>
[2025-04-17T10:33:28.707+0300] {taskinstance.py:2867} INFO - Starting attempt 1 of 1
[2025-04-17T10:33:28.724+0300] {taskinstance.py:2890} INFO - Executing <Task(BashOperator): hello_world_task> on 2025-04-16 00:00:00+00:00
[2025-04-17T10:33:28.727+0300] {standard_task_runner.py:72} INFO - Started process 239887 to run task
[2025-04-17T10:33:28.732+0300] {standard_task_runner.py:104} INFO - Running: ['airflow', 'tasks', 'run', 'hello_world', 'hello_world_task', 'scheduled__2025-04-16T00:00:00+00:00', '--job-id', '185', '--raw', '--subdir', 'DAGS_FOLDER/sample_hello_world.py', '--cfg-path', '/tmp/tmp06ijuxe1']
[2025-04-17T10:33:28.734+0300] {standard_task_runner.py:105} INFO - Job 185: Subtask hello_world_task
[2025-04-17T10:33:28.826+0300] {task_command.py:467} INFO - Running <TaskInstance: hello_world.hello_world_task scheduled__2025-04-16T00:00:00+00:00 [running]> on host DESKTOP-1SBO1JU.
[2025-04-17T10:33:29.001+0300] {taskinstance.py:3134} INFO - Exporting env vars: AIRFLOW_CTX_DAG_OWNER='tasneemahmed' AIRFLOW_CTX_DAG_ID='hello_world' AIRFLOW_CTX_TASK_ID='hello_world_task' AIRFLOW_CTX_EXECUTION_DATE='2025-04-16T00:00:00+00:00' AIRFLOW_CTX_TRY_NUMBER='1' AIRFLOW_CTX_DAG_RUN_ID='scheduled__2025-04-16T00:00:00+00:00'
[2025-04-17T10:33:29.002+0300] {taskinstance.py:732} INFO - ::endgroup::
[2025-04-17T10:33:29.019+0300] {subprocess.py:78} INFO - Tmp dir root location: /tmp
[2025-04-17T10:33:29.021+0300] {subprocess.py:88} INFO - Running command: ['/usr/bin/bash', '-c', 'echo Hello world once again!']
[2025-04-17T10:33:29.027+0300] {subprocess.py:99} INFO - Output:
[2025-04-17T10:33:29.028+0300] {subprocess.py:106} INFO - Hello world once again!
[2025-04-17T10:33:29.028+0300] {subprocess.py:110} INFO - Command exited with return code 0
[2025-04-17T10:33:29.060+0300] {taskinstance.py:341} INFO - ::group::Post task execution logs
[2025-04-17T10:33:29.064+0300] {taskinstance.py:353} INFO - Marking task as SUCCESS. dag_id=hello_world, task_id=hello_world_task, run_id=scheduled__2025-04-16T00:00:00+00:00, execution_date=20250416T000000, start_date=20250417T073328, end_date=20250417T073329
[2025-04-17T10:33:29.152+0300] {local_task_job_runner.py:266} INFO - Task exited with return code 0
[2025-04-17T10:33:29.207+0300] {taskinstance.py:3901} INFO - 0 downstream tasks scheduled from follow-on schedule check
[2025-04-17T10:33:29.209+0300] {local_task_job_runner.py:245} INFO - ::endgroup::
