[2025-04-16T17:01:25.319+0300] {local_task_job_runner.py:123} INFO - ::group::Pre task execution logs
[2025-04-16T17:01:25.326+0300] {taskinstance.py:2614} INFO - Dependencies all met for dep_context=non-requeueable deps ti=<TaskInstance: executing_Python_Branching_tasks_with_Backfill.task_a scheduled__2025-04-16T00:00:00+00:00 [queued]>
[2025-04-16T17:01:25.331+0300] {taskinstance.py:2614} INFO - Dependencies all met for dep_context=requeueable deps ti=<TaskInstance: executing_Python_Branching_tasks_with_Backfill.task_a scheduled__2025-04-16T00:00:00+00:00 [queued]>
[2025-04-16T17:01:25.332+0300] {taskinstance.py:2867} INFO - Starting attempt 1 of 1
[2025-04-16T17:01:25.343+0300] {taskinstance.py:2890} INFO - Executing <Task(BashOperator): task_a> on 2025-04-16 00:00:00+00:00
[2025-04-16T17:01:25.346+0300] {standard_task_runner.py:72} INFO - Started process 184163 to run task
[2025-04-16T17:01:25.359+0300] {standard_task_runner.py:104} INFO - Running: ['airflow', 'tasks', 'run', 'executing_Python_Branching_tasks_with_Backfill', 'task_a', 'scheduled__2025-04-16T00:00:00+00:00', '--job-id', '158', '--raw', '--subdir', 'DAGS_FOLDER/execute_cron_catchup_backfill.py', '--cfg-path', '/tmp/tmpz2_9sp6n']
[2025-04-16T17:01:25.364+0300] {standard_task_runner.py:105} INFO - Job 158: Subtask task_a
[2025-04-16T17:01:25.419+0300] {task_command.py:467} INFO - Running <TaskInstance: executing_Python_Branching_tasks_with_Backfill.task_a scheduled__2025-04-16T00:00:00+00:00 [running]> on host DESKTOP-1SBO1JU.
[2025-04-16T17:01:25.497+0300] {taskinstance.py:3134} INFO - Exporting env vars: AIRFLOW_CTX_DAG_OWNER='tasneemahmed' AIRFLOW_CTX_DAG_ID='executing_Python_Branching_tasks_with_Backfill' AIRFLOW_CTX_TASK_ID='task_a' AIRFLOW_CTX_EXECUTION_DATE='2025-04-16T00:00:00+00:00' AIRFLOW_CTX_TRY_NUMBER='1' AIRFLOW_CTX_DAG_RUN_ID='scheduled__2025-04-16T00:00:00+00:00'
[2025-04-16T17:01:25.498+0300] {taskinstance.py:732} INFO - ::endgroup::
[2025-04-16T17:01:25.512+0300] {subprocess.py:78} INFO - Tmp dir root location: /tmp
[2025-04-16T17:01:25.514+0300] {subprocess.py:88} INFO - Running command: ['/usr/bin/bash', '-c', 'echo Task A is executed']
[2025-04-16T17:01:25.518+0300] {subprocess.py:99} INFO - Output:
[2025-04-16T17:01:25.521+0300] {subprocess.py:106} INFO - Task A is executed
[2025-04-16T17:01:25.522+0300] {subprocess.py:110} INFO - Command exited with return code 0
[2025-04-16T17:01:25.536+0300] {taskinstance.py:341} INFO - ::group::Post task execution logs
[2025-04-16T17:01:25.537+0300] {taskinstance.py:353} INFO - Marking task as SUCCESS. dag_id=executing_Python_Branching_tasks_with_Backfill, task_id=task_a, run_id=scheduled__2025-04-16T00:00:00+00:00, execution_date=20250416T000000, start_date=20250416T140125, end_date=20250416T140125
[2025-04-16T17:01:25.580+0300] {local_task_job_runner.py:266} INFO - Task exited with return code 0
[2025-04-16T17:01:25.598+0300] {taskinstance.py:3901} INFO - 1 downstream tasks scheduled from follow-on schedule check
[2025-04-16T17:01:25.606+0300] {local_task_job_runner.py:245} INFO - ::endgroup::
