[2025-04-14T15:07:00.361+0300] {local_task_job_runner.py:123} INFO - ::group::Pre task execution logs
[2025-04-14T15:07:00.366+0300] {taskinstance.py:2614} INFO - Dependencies all met for dep_context=non-requeueable deps ti=<TaskInstance: hello_world.hello_world_task manual__2025-04-14T12:06:57.543569+00:00 [queued]>
[2025-04-14T15:07:00.374+0300] {taskinstance.py:2614} INFO - Dependencies all met for dep_context=requeueable deps ti=<TaskInstance: hello_world.hello_world_task manual__2025-04-14T12:06:57.543569+00:00 [queued]>
[2025-04-14T15:07:00.374+0300] {taskinstance.py:2867} INFO - Starting attempt 1 of 1
[2025-04-14T15:07:00.384+0300] {taskinstance.py:2890} INFO - Executing <Task(BashOperator): hello_world_task> on 2025-04-14 12:06:57.543569+00:00
[2025-04-14T15:07:00.386+0300] {standard_task_runner.py:72} INFO - Started process 45632 to run task
[2025-04-14T15:07:00.393+0300] {standard_task_runner.py:104} INFO - Running: ['airflow', 'tasks', 'run', 'hello_world', 'hello_world_task', 'manual__2025-04-14T12:06:57.543569+00:00', '--job-id', '20', '--raw', '--subdir', 'DAGS_FOLDER/sample_hello_world.py', '--cfg-path', '/tmp/tmp9ivw0m9a']
[2025-04-14T15:07:00.406+0300] {standard_task_runner.py:105} INFO - Job 20: Subtask hello_world_task
[2025-04-14T15:07:00.671+0300] {task_command.py:467} INFO - Running <TaskInstance: hello_world.hello_world_task manual__2025-04-14T12:06:57.543569+00:00 [running]> on host DESKTOP-1SBO1JU.
[2025-04-14T15:07:01.068+0300] {taskinstance.py:3134} INFO - Exporting env vars: AIRFLOW_CTX_DAG_OWNER='tasneemahmed' AIRFLOW_CTX_DAG_ID='hello_world' AIRFLOW_CTX_TASK_ID='hello_world_task' AIRFLOW_CTX_EXECUTION_DATE='2025-04-14T12:06:57.543569+00:00' AIRFLOW_CTX_TRY_NUMBER='1' AIRFLOW_CTX_DAG_RUN_ID='manual__2025-04-14T12:06:57.543569+00:00'
[2025-04-14T15:07:01.076+0300] {taskinstance.py:732} INFO - ::endgroup::
[2025-04-14T15:07:01.193+0300] {subprocess.py:78} INFO - Tmp dir root location: /tmp
[2025-04-14T15:07:01.197+0300] {subprocess.py:88} INFO - Running command: ['/usr/bin/bash', '-c', 'echo Hello world once again!']
[2025-04-14T15:07:01.250+0300] {subprocess.py:99} INFO - Output:
[2025-04-14T15:07:01.265+0300] {subprocess.py:106} INFO - Hello world once again!
[2025-04-14T15:07:01.266+0300] {subprocess.py:110} INFO - Command exited with return code 0
[2025-04-14T15:07:01.296+0300] {taskinstance.py:341} INFO - ::group::Post task execution logs
[2025-04-14T15:07:01.297+0300] {taskinstance.py:353} INFO - Marking task as SUCCESS. dag_id=hello_world, task_id=hello_world_task, run_id=manual__2025-04-14T12:06:57.543569+00:00, execution_date=20250414T120657, start_date=20250414T120700, end_date=20250414T120701
[2025-04-14T15:07:01.359+0300] {local_task_job_runner.py:266} INFO - Task exited with return code 0
[2025-04-14T15:07:01.372+0300] {taskinstance.py:3901} INFO - 0 downstream tasks scheduled from follow-on schedule check
[2025-04-14T15:07:01.373+0300] {local_task_job_runner.py:245} INFO - ::endgroup::
