[2025-04-15T16:05:11.392+0300] {local_task_job_runner.py:123} INFO - ::group::Pre task execution logs
[2025-04-15T16:05:11.432+0300] {taskinstance.py:2614} INFO - Dependencies all met for dep_context=non-requeueable deps ti=<TaskInstance: executing_multiple_tasks.task_b scheduled__2025-04-14T00:00:00+00:00 [queued]>
[2025-04-15T16:05:11.446+0300] {taskinstance.py:2614} INFO - Dependencies all met for dep_context=requeueable deps ti=<TaskInstance: executing_multiple_tasks.task_b scheduled__2025-04-14T00:00:00+00:00 [queued]>
[2025-04-15T16:05:11.447+0300] {taskinstance.py:2867} INFO - Starting attempt 1 of 1
[2025-04-15T16:05:11.466+0300] {taskinstance.py:2890} INFO - Executing <Task(BashOperator): task_b> on 2025-04-14 00:00:00+00:00
[2025-04-15T16:05:11.470+0300] {standard_task_runner.py:72} INFO - Started process 778 to run task
[2025-04-15T16:05:11.473+0300] {standard_task_runner.py:104} INFO - Running: ['airflow', 'tasks', 'run', 'executing_multiple_tasks', 'task_b', 'scheduled__2025-04-14T00:00:00+00:00', '--job-id', '70', '--raw', '--subdir', 'DAGS_FOLDER/execute_multiple_tasks.py', '--cfg-path', '/tmp/tmpu2ml7gv3']
[2025-04-15T16:05:11.476+0300] {standard_task_runner.py:105} INFO - Job 70: Subtask task_b
[2025-04-15T16:05:11.516+0300] {task_command.py:467} INFO - Running <TaskInstance: executing_multiple_tasks.task_b scheduled__2025-04-14T00:00:00+00:00 [running]> on host DESKTOP-1SBO1JU.
[2025-04-15T16:05:11.573+0300] {taskinstance.py:3134} INFO - Exporting env vars: AIRFLOW_CTX_DAG_OWNER='tasneemahmed' AIRFLOW_CTX_DAG_ID='executing_multiple_tasks' AIRFLOW_CTX_TASK_ID='task_b' AIRFLOW_CTX_EXECUTION_DATE='2025-04-14T00:00:00+00:00' AIRFLOW_CTX_TRY_NUMBER='1' AIRFLOW_CTX_DAG_RUN_ID='scheduled__2025-04-14T00:00:00+00:00'
[2025-04-15T16:05:11.574+0300] {taskinstance.py:732} INFO - ::endgroup::
[2025-04-15T16:05:11.590+0300] {subprocess.py:78} INFO - Tmp dir root location: /tmp
[2025-04-15T16:05:11.591+0300] {subprocess.py:88} INFO - Running command: ['/usr/bin/bash', 'tmp01dfa74o.sh']
[2025-04-15T16:05:11.595+0300] {subprocess.py:99} INFO - Output:
[2025-04-15T16:05:11.596+0300] {subprocess.py:106} INFO - Task B has Started!
[2025-04-15T16:05:15.599+0300] {subprocess.py:110} INFO - Command exited with return code 99
[2025-04-15T16:05:15.600+0300] {taskinstance.py:302} INFO - Bash command returned exit code 99. Skipping.
[2025-04-15T16:05:15.612+0300] {taskinstance.py:341} INFO - ::group::Post task execution logs
[2025-04-15T16:05:15.613+0300] {taskinstance.py:353} INFO - Marking task as SKIPPED. dag_id=executing_multiple_tasks, task_id=task_b, run_id=scheduled__2025-04-14T00:00:00+00:00, execution_date=20250414T000000, start_date=20250415T130511, end_date=20250415T130515
[2025-04-15T16:05:15.632+0300] {local_task_job_runner.py:266} INFO - Task exited with return code 0
[2025-04-15T16:05:15.644+0300] {taskinstance.py:3901} INFO - 0 downstream tasks scheduled from follow-on schedule check
[2025-04-15T16:05:15.650+0300] {local_task_job_runner.py:245} INFO - ::endgroup::
