[2025-04-16T13:20:38.070+0300] {local_task_job_runner.py:123} INFO - ::group::Pre task execution logs
[2025-04-16T13:20:38.086+0300] {taskinstance.py:2614} INFO - Dependencies all met for dep_context=non-requeueable deps ti=<TaskInstance: executing_sqlite_pipeline.insert_data_1 manual__2025-04-16T10:20:33.813520+00:00 [queued]>
[2025-04-16T13:20:38.097+0300] {taskinstance.py:2614} INFO - Dependencies all met for dep_context=requeueable deps ti=<TaskInstance: executing_sqlite_pipeline.insert_data_1 manual__2025-04-16T10:20:33.813520+00:00 [queued]>
[2025-04-16T13:20:38.097+0300] {taskinstance.py:2867} INFO - Starting attempt 1 of 1
[2025-04-16T13:20:38.116+0300] {taskinstance.py:2890} INFO - Executing <Task(SqliteOperator): insert_data_1> on 2025-04-16 10:20:33.813520+00:00
[2025-04-16T13:20:38.120+0300] {standard_task_runner.py:72} INFO - Started process 92660 to run task
[2025-04-16T13:20:38.125+0300] {standard_task_runner.py:104} INFO - Running: ['airflow', 'tasks', 'run', 'executing_sqlite_pipeline', 'insert_data_1', 'manual__2025-04-16T10:20:33.813520+00:00', '--job-id', '113', '--raw', '--subdir', 'DAGS_FOLDER/sql_operators.py', '--cfg-path', '/tmp/tmprazbogtc']
[2025-04-16T13:20:38.127+0300] {standard_task_runner.py:105} INFO - Job 113: Subtask insert_data_1
[2025-04-16T13:20:38.172+0300] {task_command.py:467} INFO - Running <TaskInstance: executing_sqlite_pipeline.insert_data_1 manual__2025-04-16T10:20:33.813520+00:00 [running]> on host DESKTOP-1SBO1JU.
[2025-04-16T13:20:38.241+0300] {taskinstance.py:3134} INFO - Exporting env vars: AIRFLOW_CTX_DAG_OWNER='tasneemahmed' AIRFLOW_CTX_DAG_ID='executing_sqlite_pipeline' AIRFLOW_CTX_TASK_ID='insert_data_1' AIRFLOW_CTX_EXECUTION_DATE='2025-04-16T10:20:33.813520+00:00' AIRFLOW_CTX_TRY_NUMBER='1' AIRFLOW_CTX_DAG_RUN_ID='manual__2025-04-16T10:20:33.813520+00:00'
[2025-04-16T13:20:38.242+0300] {taskinstance.py:732} INFO - ::endgroup::
[2025-04-16T13:20:38.256+0300] {sql.py:266} INFO - Executing: 
        INSERT INTO users (name, age, is_active) VALUES
        ('John Doe', 30, True),
        ('Jane Smith', 25, True),
        ('Alice Johnson', 28, True),
        ('Bob Brown', 35, False),
        ('Charlie Black', 22, True);
        
[2025-04-16T13:20:38.261+0300] {base.py:84} INFO - Retrieving connection 'my_sqlite_conn'
[2025-04-16T13:20:38.280+0300] {base.py:84} INFO - Retrieving connection 'my_sqlite_conn'
[2025-04-16T13:20:38.280+0300] {sql.py:542} INFO - Running statement: 
        INSERT INTO users (name, age, is_active) VALUES
        ('John Doe', 30, True),
        ('Jane Smith', 25, True),
        ('Alice Johnson', 28, True),
        ('Bob Brown', 35, False),
        ('Charlie Black', 22, True);
        , parameters: None
[2025-04-16T13:20:38.281+0300] {sql.py:551} INFO - Rows affected: 5
[2025-04-16T13:20:38.291+0300] {taskinstance.py:341} INFO - ::group::Post task execution logs
[2025-04-16T13:20:38.291+0300] {taskinstance.py:353} INFO - Marking task as SUCCESS. dag_id=executing_sqlite_pipeline, task_id=insert_data_1, run_id=manual__2025-04-16T10:20:33.813520+00:00, execution_date=20250416T102033, start_date=20250416T102038, end_date=20250416T102038
[2025-04-16T13:20:38.348+0300] {local_task_job_runner.py:266} INFO - Task exited with return code 0
[2025-04-16T13:20:38.364+0300] {taskinstance.py:3901} INFO - 0 downstream tasks scheduled from follow-on schedule check
[2025-04-16T13:20:38.364+0300] {local_task_job_runner.py:245} INFO - ::endgroup::
