[2025-04-16T13:31:05.749+0300] {local_task_job_runner.py:123} INFO - ::group::Pre task execution logs
[2025-04-16T13:31:05.765+0300] {taskinstance.py:2614} INFO - Dependencies all met for dep_context=non-requeueable deps ti=<TaskInstance: executing_sqlite_pipeline.create_table_task manual__2025-04-16T10:31:03.439454+00:00 [queued]>
[2025-04-16T13:31:05.780+0300] {taskinstance.py:2614} INFO - Dependencies all met for dep_context=requeueable deps ti=<TaskInstance: executing_sqlite_pipeline.create_table_task manual__2025-04-16T10:31:03.439454+00:00 [queued]>
[2025-04-16T13:31:05.781+0300] {taskinstance.py:2867} INFO - Starting attempt 1 of 1
[2025-04-16T13:31:05.811+0300] {taskinstance.py:2890} INFO - Executing <Task(SqliteOperator): create_table_task> on 2025-04-16 10:31:03.439454+00:00
[2025-04-16T13:31:05.813+0300] {standard_task_runner.py:72} INFO - Started process 96980 to run task
[2025-04-16T13:31:05.820+0300] {standard_task_runner.py:104} INFO - Running: ['airflow', 'tasks', 'run', 'executing_sqlite_pipeline', 'create_table_task', 'manual__2025-04-16T10:31:03.439454+00:00', '--job-id', '116', '--raw', '--subdir', 'DAGS_FOLDER/sql_operators.py', '--cfg-path', '/tmp/tmp3g6a417j']
[2025-04-16T13:31:05.825+0300] {standard_task_runner.py:105} INFO - Job 116: Subtask create_table_task
[2025-04-16T13:31:05.863+0300] {task_command.py:467} INFO - Running <TaskInstance: executing_sqlite_pipeline.create_table_task manual__2025-04-16T10:31:03.439454+00:00 [running]> on host DESKTOP-1SBO1JU.
[2025-04-16T13:31:05.919+0300] {taskinstance.py:3134} INFO - Exporting env vars: AIRFLOW_CTX_DAG_OWNER='tasneemahmed' AIRFLOW_CTX_DAG_ID='executing_sqlite_pipeline' AIRFLOW_CTX_TASK_ID='create_table_task' AIRFLOW_CTX_EXECUTION_DATE='2025-04-16T10:31:03.439454+00:00' AIRFLOW_CTX_TRY_NUMBER='1' AIRFLOW_CTX_DAG_RUN_ID='manual__2025-04-16T10:31:03.439454+00:00'
[2025-04-16T13:31:05.920+0300] {taskinstance.py:732} INFO - ::endgroup::
[2025-04-16T13:31:05.935+0300] {sql.py:266} INFO - Executing: 
        CREATE TABLE IF NOT EXISTS users (
            id INTEGER PRIMARY KEY AUTOINCREMENT,
            name TEXT NOT NULL,
            age INTEGER,
            email TEXT,
            city varchar(50),
            is_active BOOLEAN NOT NULL DEFAULT True,
            created_at TIMESTAMP DEFAULT CURRENT_TIMESTAMP
        );
[2025-04-16T13:31:05.938+0300] {base.py:84} INFO - Retrieving connection 'my_sqlite_conn'
[2025-04-16T13:31:05.960+0300] {base.py:84} INFO - Retrieving connection 'my_sqlite_conn'
[2025-04-16T13:31:05.960+0300] {sql.py:542} INFO - Running statement: 
        CREATE TABLE IF NOT EXISTS users (
            id INTEGER PRIMARY KEY AUTOINCREMENT,
            name TEXT NOT NULL,
            age INTEGER,
            email TEXT,
            city varchar(50),
            is_active BOOLEAN NOT NULL DEFAULT True,
            created_at TIMESTAMP DEFAULT CURRENT_TIMESTAMP
        );, parameters: None
[2025-04-16T13:31:05.970+0300] {taskinstance.py:341} INFO - ::group::Post task execution logs
[2025-04-16T13:31:05.971+0300] {taskinstance.py:353} INFO - Marking task as SUCCESS. dag_id=executing_sqlite_pipeline, task_id=create_table_task, run_id=manual__2025-04-16T10:31:03.439454+00:00, execution_date=20250416T103103, start_date=20250416T103105, end_date=20250416T103105
[2025-04-16T13:31:05.995+0300] {local_task_job_runner.py:266} INFO - Task exited with return code 0
[2025-04-16T13:31:06.013+0300] {taskinstance.py:3901} INFO - 2 downstream tasks scheduled from follow-on schedule check
[2025-04-16T13:31:06.018+0300] {local_task_job_runner.py:245} INFO - ::endgroup::
