[2025-04-16T11:53:38.226+0300] {local_task_job_runner.py:123} INFO - ::group::Pre task execution logs
[2025-04-16T11:53:38.233+0300] {taskinstance.py:2614} INFO - Dependencies all met for dep_context=non-requeueable deps ti=<TaskInstance: executing_multiple_tasks.task_g scheduled__2025-04-15T00:00:00+00:00 [queued]>
[2025-04-16T11:53:38.237+0300] {taskinstance.py:2614} INFO - Dependencies all met for dep_context=requeueable deps ti=<TaskInstance: executing_multiple_tasks.task_g scheduled__2025-04-15T00:00:00+00:00 [queued]>
[2025-04-16T11:53:38.238+0300] {taskinstance.py:2867} INFO - Starting attempt 1 of 1
[2025-04-16T11:53:38.250+0300] {taskinstance.py:2890} INFO - Executing <Task(BashOperator): task_g> on 2025-04-15 00:00:00+00:00
[2025-04-16T11:53:38.251+0300] {standard_task_runner.py:72} INFO - Started process 56169 to run task
[2025-04-16T11:53:38.254+0300] {standard_task_runner.py:104} INFO - Running: ['airflow', 'tasks', 'run', 'executing_multiple_tasks', 'task_g', 'scheduled__2025-04-15T00:00:00+00:00', '--job-id', '99', '--raw', '--subdir', 'DAGS_FOLDER/execute_multiple_tasks.py', '--cfg-path', '/tmp/tmp90cdwrcn']
[2025-04-16T11:53:38.256+0300] {standard_task_runner.py:105} INFO - Job 99: Subtask task_g
[2025-04-16T11:53:38.279+0300] {task_command.py:467} INFO - Running <TaskInstance: executing_multiple_tasks.task_g scheduled__2025-04-15T00:00:00+00:00 [running]> on host DESKTOP-1SBO1JU.
[2025-04-16T11:53:38.317+0300] {taskinstance.py:3134} INFO - Exporting env vars: AIRFLOW_CTX_DAG_OWNER='tasneemahmed' AIRFLOW_CTX_DAG_ID='executing_multiple_tasks' AIRFLOW_CTX_TASK_ID='task_g' AIRFLOW_CTX_EXECUTION_DATE='2025-04-15T00:00:00+00:00' AIRFLOW_CTX_TRY_NUMBER='1' AIRFLOW_CTX_DAG_RUN_ID='scheduled__2025-04-15T00:00:00+00:00'
[2025-04-16T11:53:38.317+0300] {taskinstance.py:732} INFO - ::endgroup::
[2025-04-16T11:53:38.327+0300] {subprocess.py:78} INFO - Tmp dir root location: /tmp
[2025-04-16T11:53:38.327+0300] {subprocess.py:88} INFO - Running command: ['/usr/bin/bash', 'tmpm2_uksrj.sh']
[2025-04-16T11:53:38.331+0300] {subprocess.py:99} INFO - Output:
[2025-04-16T11:53:38.332+0300] {subprocess.py:106} INFO - Task E has Completed!
[2025-04-16T11:53:38.332+0300] {subprocess.py:110} INFO - Command exited with return code 0
[2025-04-16T11:53:38.347+0300] {taskinstance.py:341} INFO - ::group::Post task execution logs
[2025-04-16T11:53:38.347+0300] {taskinstance.py:353} INFO - Marking task as SUCCESS. dag_id=executing_multiple_tasks, task_id=task_g, run_id=scheduled__2025-04-15T00:00:00+00:00, execution_date=20250415T000000, start_date=20250416T085338, end_date=20250416T085338
[2025-04-16T11:53:38.389+0300] {local_task_job_runner.py:266} INFO - Task exited with return code 0
[2025-04-16T11:53:38.397+0300] {taskinstance.py:3901} INFO - 0 downstream tasks scheduled from follow-on schedule check
[2025-04-16T11:53:38.397+0300] {local_task_job_runner.py:245} INFO - ::endgroup::
