[2025-04-17T15:05:38.000+0300] {local_task_job_runner.py:123} INFO - ::group::Pre task execution logs
[2025-04-17T15:05:38.009+0300] {taskinstance.py:2614} INFO - Dependencies all met for dep_context=non-requeueable deps ti=<TaskInstance: executing_Python_pipeline_using_variable.branching_task manual__2025-04-17T12:05:31.793139+00:00 [queued]>
[2025-04-17T15:05:38.014+0300] {taskinstance.py:2614} INFO - Dependencies all met for dep_context=requeueable deps ti=<TaskInstance: executing_Python_pipeline_using_variable.branching_task manual__2025-04-17T12:05:31.793139+00:00 [queued]>
[2025-04-17T15:05:38.015+0300] {taskinstance.py:2867} INFO - Starting attempt 1 of 1
[2025-04-17T15:05:38.029+0300] {taskinstance.py:2890} INFO - Executing <Task(BranchPythonOperator): branching_task> on 2025-04-17 12:05:31.793139+00:00
[2025-04-17T15:05:38.034+0300] {standard_task_runner.py:72} INFO - Started process 361173 to run task
[2025-04-17T15:05:38.037+0300] {standard_task_runner.py:104} INFO - Running: ['airflow', 'tasks', 'run', 'executing_Python_pipeline_using_variable', 'branching_task', 'manual__2025-04-17T12:05:31.793139+00:00', '--job-id', '229', '--raw', '--subdir', 'DAGS_FOLDER/execute_branching_using_variable.py', '--cfg-path', '/tmp/tmpzlusv6xe']
[2025-04-17T15:05:38.039+0300] {standard_task_runner.py:105} INFO - Job 229: Subtask branching_task
[2025-04-17T15:05:38.069+0300] {task_command.py:467} INFO - Running <TaskInstance: executing_Python_pipeline_using_variable.branching_task manual__2025-04-17T12:05:31.793139+00:00 [running]> on host DESKTOP-1SBO1JU.
[2025-04-17T15:05:38.121+0300] {taskinstance.py:3134} INFO - Exporting env vars: AIRFLOW_CTX_DAG_OWNER='tasneemahmed' AIRFLOW_CTX_DAG_ID='executing_Python_pipeline_using_variable' AIRFLOW_CTX_TASK_ID='branching_task' AIRFLOW_CTX_EXECUTION_DATE='2025-04-17T12:05:31.793139+00:00' AIRFLOW_CTX_TRY_NUMBER='1' AIRFLOW_CTX_DAG_RUN_ID='manual__2025-04-17T12:05:31.793139+00:00'
[2025-04-17T15:05:38.122+0300] {taskinstance.py:732} INFO - ::endgroup::
[2025-04-17T15:05:38.130+0300] {baseoperator.py:423} WARNING - BranchPythonOperator.execute cannot be called outside TaskInstance!
[2025-04-17T15:05:38.132+0300] {python.py:240} INFO - Done. Returned value was: group_by_smoker_region_task
[2025-04-17T15:05:38.133+0300] {branch.py:38} INFO - Branch into group_by_smoker_region_task
[2025-04-17T15:05:38.133+0300] {skipmixin.py:233} INFO - Following branch ('group_by_smoker_region_task',)
[2025-04-17T15:05:38.136+0300] {skipmixin.py:281} INFO - Skipping tasks [('filter_by_southwest', -1), ('filter_by_northwest', -1), ('filter_by_southeast', -1), ('filter_by_northeast', -1)]
[2025-04-17T15:05:38.159+0300] {taskinstance.py:341} INFO - ::group::Post task execution logs
[2025-04-17T15:05:38.160+0300] {taskinstance.py:353} INFO - Marking task as SUCCESS. dag_id=executing_Python_pipeline_using_variable, task_id=branching_task, run_id=manual__2025-04-17T12:05:31.793139+00:00, execution_date=20250417T120531, start_date=20250417T120538, end_date=20250417T120538
[2025-04-17T15:05:38.179+0300] {local_task_job_runner.py:266} INFO - Task exited with return code 0
[2025-04-17T15:05:38.189+0300] {taskinstance.py:3901} INFO - 1 downstream tasks scheduled from follow-on schedule check
[2025-04-17T15:05:38.193+0300] {local_task_job_runner.py:245} INFO - ::endgroup::
