[2025-04-17T15:04:35.583+0300] {local_task_job_runner.py:123} INFO - ::group::Pre task execution logs
[2025-04-17T15:04:35.593+0300] {taskinstance.py:2614} INFO - Dependencies all met for dep_context=non-requeueable deps ti=<TaskInstance: executing_Python_pipeline_using_variable.group_by_smoker_region_task manual__2025-04-17T12:04:27.930098+00:00 [queued]>
[2025-04-17T15:04:35.600+0300] {taskinstance.py:2614} INFO - Dependencies all met for dep_context=requeueable deps ti=<TaskInstance: executing_Python_pipeline_using_variable.group_by_smoker_region_task manual__2025-04-17T12:04:27.930098+00:00 [queued]>
[2025-04-17T15:04:35.600+0300] {taskinstance.py:2867} INFO - Starting attempt 1 of 1
[2025-04-17T15:04:35.616+0300] {taskinstance.py:2890} INFO - Executing <Task(PythonOperator): group_by_smoker_region_task> on 2025-04-17 12:04:27.930098+00:00
[2025-04-17T15:04:35.620+0300] {standard_task_runner.py:72} INFO - Started process 360579 to run task
[2025-04-17T15:04:35.624+0300] {standard_task_runner.py:104} INFO - Running: ['airflow', 'tasks', 'run', 'executing_Python_pipeline_using_variable', 'group_by_smoker_region_task', 'manual__2025-04-17T12:04:27.930098+00:00', '--job-id', '226', '--raw', '--subdir', 'DAGS_FOLDER/execute_branching_using_variable.py', '--cfg-path', '/tmp/tmp_w95b9lw']
[2025-04-17T15:04:35.626+0300] {standard_task_runner.py:105} INFO - Job 226: Subtask group_by_smoker_region_task
[2025-04-17T15:04:35.658+0300] {task_command.py:467} INFO - Running <TaskInstance: executing_Python_pipeline_using_variable.group_by_smoker_region_task manual__2025-04-17T12:04:27.930098+00:00 [running]> on host DESKTOP-1SBO1JU.
[2025-04-17T15:04:35.713+0300] {taskinstance.py:3134} INFO - Exporting env vars: AIRFLOW_CTX_DAG_OWNER='tasneemahmed' AIRFLOW_CTX_DAG_ID='executing_Python_pipeline_using_variable' AIRFLOW_CTX_TASK_ID='group_by_smoker_region_task' AIRFLOW_CTX_EXECUTION_DATE='2025-04-17T12:04:27.930098+00:00' AIRFLOW_CTX_TRY_NUMBER='1' AIRFLOW_CTX_DAG_RUN_ID='manual__2025-04-17T12:04:27.930098+00:00'
[2025-04-17T15:04:35.713+0300] {taskinstance.py:732} INFO - ::endgroup::
[2025-04-17T15:04:35.731+0300] {logging_mixin.py:190} WARNING - /home/tasneemahmed24/airflow/dags/execute_branching_using_variable.py:83 FutureWarning: Passing literal json to 'read_json' is deprecated and will be removed in a future version. To read from a literal string, wrap it in a 'StringIO' object.
[2025-04-17T15:04:35.761+0300] {logging_mixin.py:190} INFO -   smoker        bmi        age       charges
0     no  30.656501  39.317119   8409.025939
1    yes  30.672772  38.659420  31963.762697
[2025-04-17T15:04:35.770+0300] {logging_mixin.py:190} INFO -       region        bmi        age       charges
0  northeast  29.181954  39.203077  13371.921736
1  northwest  29.199387  39.263804  12468.875328
2  southeast  33.322970  38.891008  14658.800787
3  southwest  30.595780  39.406728  12295.839216
[2025-04-17T15:04:35.771+0300] {python.py:240} INFO - Done. Returned value was: None
[2025-04-17T15:04:35.774+0300] {taskinstance.py:341} INFO - ::group::Post task execution logs
[2025-04-17T15:04:35.775+0300] {taskinstance.py:353} INFO - Marking task as SUCCESS. dag_id=executing_Python_pipeline_using_variable, task_id=group_by_smoker_region_task, run_id=manual__2025-04-17T12:04:27.930098+00:00, execution_date=20250417T120427, start_date=20250417T120435, end_date=20250417T120435
[2025-04-17T15:04:35.804+0300] {local_task_job_runner.py:266} INFO - Task exited with return code 0
[2025-04-17T15:04:35.811+0300] {taskinstance.py:3901} INFO - 0 downstream tasks scheduled from follow-on schedule check
[2025-04-17T15:04:35.811+0300] {local_task_job_runner.py:245} INFO - ::endgroup::
