[2025-04-17T10:33:02.565+0300] {local_task_job_runner.py:123} INFO - ::group::Pre task execution logs
[2025-04-17T10:33:02.582+0300] {taskinstance.py:2614} INFO - Dependencies all met for dep_context=non-requeueable deps ti=<TaskInstance: executing_multiple_tasks.task_a scheduled__2025-04-16T00:00:00+00:00 [queued]>
[2025-04-17T10:33:02.590+0300] {taskinstance.py:2614} INFO - Dependencies all met for dep_context=requeueable deps ti=<TaskInstance: executing_multiple_tasks.task_a scheduled__2025-04-16T00:00:00+00:00 [queued]>
[2025-04-17T10:33:02.591+0300] {taskinstance.py:2867} INFO - Starting attempt 1 of 1
[2025-04-17T10:33:02.619+0300] {taskinstance.py:2890} INFO - Executing <Task(BashOperator): task_a> on 2025-04-16 00:00:00+00:00
[2025-04-17T10:33:02.629+0300] {standard_task_runner.py:72} INFO - Started process 239699 to run task
[2025-04-17T10:33:02.657+0300] {standard_task_runner.py:104} INFO - Running: ['airflow', 'tasks', 'run', 'executing_multiple_tasks', 'task_a', 'scheduled__2025-04-16T00:00:00+00:00', '--job-id', '180', '--raw', '--subdir', 'DAGS_FOLDER/execute_multiple_tasks.py', '--cfg-path', '/tmp/tmp49f9hbpp']
[2025-04-17T10:33:02.675+0300] {standard_task_runner.py:105} INFO - Job 180: Subtask task_a
[2025-04-17T10:33:02.991+0300] {task_command.py:467} INFO - Running <TaskInstance: executing_multiple_tasks.task_a scheduled__2025-04-16T00:00:00+00:00 [running]> on host DESKTOP-1SBO1JU.
[2025-04-17T10:33:03.283+0300] {taskinstance.py:3134} INFO - Exporting env vars: AIRFLOW_CTX_DAG_OWNER='tasneemahmed' AIRFLOW_CTX_DAG_ID='executing_multiple_tasks' AIRFLOW_CTX_TASK_ID='task_a' AIRFLOW_CTX_EXECUTION_DATE='2025-04-16T00:00:00+00:00' AIRFLOW_CTX_TRY_NUMBER='1' AIRFLOW_CTX_DAG_RUN_ID='scheduled__2025-04-16T00:00:00+00:00'
[2025-04-17T10:33:03.287+0300] {taskinstance.py:732} INFO - ::endgroup::
[2025-04-17T10:33:03.460+0300] {subprocess.py:78} INFO - Tmp dir root location: /tmp
[2025-04-17T10:33:03.461+0300] {subprocess.py:88} INFO - Running command: ['/usr/bin/bash', 'tmpwp7fmz2d.sh']
[2025-04-17T10:33:03.543+0300] {subprocess.py:99} INFO - Output:
[2025-04-17T10:33:03.596+0300] {subprocess.py:106} INFO - Task A has Started!
[2025-04-17T10:33:03.599+0300] {subprocess.py:106} INFO - Task A is running iteration 1
[2025-04-17T10:33:03.602+0300] {subprocess.py:106} INFO - Task A is running iteration 2
[2025-04-17T10:33:03.605+0300] {subprocess.py:106} INFO - Task A is running iteration 3
[2025-04-17T10:33:03.614+0300] {subprocess.py:106} INFO - Task A is running iteration 4
[2025-04-17T10:33:03.617+0300] {subprocess.py:106} INFO - Task A is running iteration 5
[2025-04-17T10:33:03.623+0300] {subprocess.py:106} INFO - Task A is running iteration 6
[2025-04-17T10:33:03.627+0300] {subprocess.py:106} INFO - Task A is running iteration 7
[2025-04-17T10:33:03.633+0300] {subprocess.py:106} INFO - Task A is running iteration 8
[2025-04-17T10:33:03.634+0300] {subprocess.py:106} INFO - Task A is running iteration 9
[2025-04-17T10:33:03.637+0300] {subprocess.py:106} INFO - Task A is running iteration 10
[2025-04-17T10:33:03.638+0300] {subprocess.py:106} INFO - Task A has completed!
[2025-04-17T10:33:03.638+0300] {subprocess.py:110} INFO - Command exited with return code 0
[2025-04-17T10:33:03.713+0300] {taskinstance.py:341} INFO - ::group::Post task execution logs
[2025-04-17T10:33:03.714+0300] {taskinstance.py:353} INFO - Marking task as SUCCESS. dag_id=executing_multiple_tasks, task_id=task_a, run_id=scheduled__2025-04-16T00:00:00+00:00, execution_date=20250416T000000, start_date=20250417T073302, end_date=20250417T073303
[2025-04-17T10:33:03.812+0300] {local_task_job_runner.py:266} INFO - Task exited with return code 0
[2025-04-17T10:33:03.934+0300] {taskinstance.py:3901} INFO - 3 downstream tasks scheduled from follow-on schedule check
[2025-04-17T10:33:03.950+0300] {local_task_job_runner.py:245} INFO - ::endgroup::
