[2025-04-14T14:15:01.189+0300] {local_task_job_runner.py:123} INFO - ::group::Pre task execution logs
[2025-04-14T14:15:01.197+0300] {taskinstance.py:2614} INFO - Dependencies all met for dep_context=non-requeueable deps ti=<TaskInstance: example_python_operator.sleep_for_2 manual__2025-04-14T11:14:45.822984+00:00 [queued]>
[2025-04-14T14:15:01.203+0300] {taskinstance.py:2614} INFO - Dependencies all met for dep_context=requeueable deps ti=<TaskInstance: example_python_operator.sleep_for_2 manual__2025-04-14T11:14:45.822984+00:00 [queued]>
[2025-04-14T14:15:01.203+0300] {taskinstance.py:2867} INFO - Starting attempt 1 of 1
[2025-04-14T14:15:01.216+0300] {taskinstance.py:2890} INFO - Executing <Task(PythonOperator): sleep_for_2> on 2025-04-14 11:14:45.822984+00:00
[2025-04-14T14:15:01.218+0300] {standard_task_runner.py:72} INFO - Started process 26278 to run task
[2025-04-14T14:15:01.222+0300] {standard_task_runner.py:104} INFO - Running: ['airflow', 'tasks', 'run', 'example_python_operator', 'sleep_for_2', 'manual__2025-04-14T11:14:45.822984+00:00', '--job-id', '13', '--raw', '--subdir', '/home/tasneemahmed24/.local/lib/python3.10/site-packages/airflow/example_dags/example_python_operator.py', '--cfg-path', '/tmp/tmpn1_j10gj']
[2025-04-14T14:15:01.222+0300] {standard_task_runner.py:105} INFO - Job 13: Subtask sleep_for_2
[2025-04-14T14:15:01.248+0300] {task_command.py:467} INFO - Running <TaskInstance: example_python_operator.sleep_for_2 manual__2025-04-14T11:14:45.822984+00:00 [running]> on host DESKTOP-1SBO1JU.
[2025-04-14T14:15:01.294+0300] {taskinstance.py:3134} INFO - Exporting env vars: AIRFLOW_CTX_DAG_OWNER='airflow' AIRFLOW_CTX_DAG_ID='example_python_operator' AIRFLOW_CTX_TASK_ID='sleep_for_2' AIRFLOW_CTX_EXECUTION_DATE='2025-04-14T11:14:45.822984+00:00' AIRFLOW_CTX_TRY_NUMBER='1' AIRFLOW_CTX_DAG_RUN_ID='manual__2025-04-14T11:14:45.822984+00:00'
[2025-04-14T14:15:01.295+0300] {logging_mixin.py:190} INFO - Task instance is in running state
[2025-04-14T14:15:01.295+0300] {logging_mixin.py:190} INFO -  Previous state of the Task instance: queued
[2025-04-14T14:15:01.295+0300] {logging_mixin.py:190} INFO - Current task name:sleep_for_2 state:running start_date:2025-04-14 11:15:01.198529+00:00
[2025-04-14T14:15:01.296+0300] {logging_mixin.py:190} INFO - Dag name:example_python_operator and current dag run status:running
[2025-04-14T14:15:01.296+0300] {taskinstance.py:732} INFO - ::endgroup::
[2025-04-14T14:15:01.497+0300] {python.py:240} INFO - Done. Returned value was: None
[2025-04-14T14:15:01.501+0300] {taskinstance.py:341} INFO - ::group::Post task execution logs
[2025-04-14T14:15:01.501+0300] {taskinstance.py:353} INFO - Marking task as SUCCESS. dag_id=example_python_operator, task_id=sleep_for_2, run_id=manual__2025-04-14T11:14:45.822984+00:00, execution_date=20250414T111445, start_date=20250414T111501, end_date=20250414T111501
[2025-04-14T14:15:01.529+0300] {logging_mixin.py:190} INFO - Task instance in success state
[2025-04-14T14:15:01.530+0300] {logging_mixin.py:190} INFO -  Previous state of the Task instance: running
[2025-04-14T14:15:01.530+0300] {logging_mixin.py:190} INFO - Dag name:example_python_operator queued_at:2025-04-14 11:14:45.908239+00:00
[2025-04-14T14:15:01.530+0300] {logging_mixin.py:190} INFO - Task hostname:DESKTOP-1SBO1JU. operator:PythonOperator
[2025-04-14T14:15:01.539+0300] {local_task_job_runner.py:266} INFO - Task exited with return code 0
[2025-04-14T14:15:01.550+0300] {taskinstance.py:3901} INFO - 0 downstream tasks scheduled from follow-on schedule check
[2025-04-14T14:15:01.550+0300] {local_task_job_runner.py:245} INFO - ::endgroup::
