[2025-04-14T14:14:01.067+0300] {local_task_job_runner.py:123} INFO - ::group::Pre task execution logs
[2025-04-14T14:14:01.078+0300] {taskinstance.py:2614} INFO - Dependencies all met for dep_context=non-requeueable deps ti=<TaskInstance: example_python_operator.sleep_for_3 manual__2025-04-14T11:13:39.890729+00:00 [queued]>
[2025-04-14T14:14:01.082+0300] {taskinstance.py:2614} INFO - Dependencies all met for dep_context=requeueable deps ti=<TaskInstance: example_python_operator.sleep_for_3 manual__2025-04-14T11:13:39.890729+00:00 [queued]>
[2025-04-14T14:14:01.082+0300] {taskinstance.py:2867} INFO - Starting attempt 1 of 1
[2025-04-14T14:14:01.095+0300] {taskinstance.py:2890} INFO - Executing <Task(PythonOperator): sleep_for_3> on 2025-04-14 11:13:39.890729+00:00
[2025-04-14T14:14:01.097+0300] {standard_task_runner.py:72} INFO - Started process 25980 to run task
[2025-04-14T14:14:01.100+0300] {standard_task_runner.py:104} INFO - Running: ['airflow', 'tasks', 'run', 'example_python_operator', 'sleep_for_3', 'manual__2025-04-14T11:13:39.890729+00:00', '--job-id', '7', '--raw', '--subdir', '/home/tasneemahmed24/.local/lib/python3.10/site-packages/airflow/example_dags/example_python_operator.py', '--cfg-path', '/tmp/tmpp1z5u219']
[2025-04-14T14:14:01.100+0300] {standard_task_runner.py:105} INFO - Job 7: Subtask sleep_for_3
[2025-04-14T14:14:01.131+0300] {task_command.py:467} INFO - Running <TaskInstance: example_python_operator.sleep_for_3 manual__2025-04-14T11:13:39.890729+00:00 [running]> on host DESKTOP-1SBO1JU.
[2025-04-14T14:14:01.176+0300] {taskinstance.py:3134} INFO - Exporting env vars: AIRFLOW_CTX_DAG_OWNER='airflow' AIRFLOW_CTX_DAG_ID='example_python_operator' AIRFLOW_CTX_TASK_ID='sleep_for_3' AIRFLOW_CTX_EXECUTION_DATE='2025-04-14T11:13:39.890729+00:00' AIRFLOW_CTX_TRY_NUMBER='1' AIRFLOW_CTX_DAG_RUN_ID='manual__2025-04-14T11:13:39.890729+00:00'
[2025-04-14T14:14:01.177+0300] {logging_mixin.py:190} INFO - Task instance is in running state
[2025-04-14T14:14:01.177+0300] {logging_mixin.py:190} INFO -  Previous state of the Task instance: queued
[2025-04-14T14:14:01.177+0300] {logging_mixin.py:190} INFO - Current task name:sleep_for_3 state:running start_date:2025-04-14 11:14:01.078893+00:00
[2025-04-14T14:14:01.177+0300] {logging_mixin.py:190} INFO - Dag name:example_python_operator and current dag run status:running
[2025-04-14T14:14:01.177+0300] {taskinstance.py:732} INFO - ::endgroup::
[2025-04-14T14:14:01.500+0300] {python.py:240} INFO - Done. Returned value was: None
[2025-04-14T14:14:01.505+0300] {taskinstance.py:341} INFO - ::group::Post task execution logs
[2025-04-14T14:14:01.505+0300] {taskinstance.py:353} INFO - Marking task as SUCCESS. dag_id=example_python_operator, task_id=sleep_for_3, run_id=manual__2025-04-14T11:13:39.890729+00:00, execution_date=20250414T111339, start_date=20250414T111401, end_date=20250414T111401
[2025-04-14T14:14:01.529+0300] {logging_mixin.py:190} INFO - Task instance in success state
[2025-04-14T14:14:01.530+0300] {logging_mixin.py:190} INFO -  Previous state of the Task instance: running
[2025-04-14T14:14:01.530+0300] {logging_mixin.py:190} INFO - Dag name:example_python_operator queued_at:2025-04-14 11:13:40.064298+00:00
[2025-04-14T14:14:01.530+0300] {logging_mixin.py:190} INFO - Task hostname:DESKTOP-1SBO1JU. operator:PythonOperator
[2025-04-14T14:14:01.545+0300] {local_task_job_runner.py:266} INFO - Task exited with return code 0
[2025-04-14T14:14:01.554+0300] {taskinstance.py:3901} INFO - 0 downstream tasks scheduled from follow-on schedule check
[2025-04-14T14:14:01.555+0300] {local_task_job_runner.py:245} INFO - ::endgroup::
