[2025-04-16T16:46:07.717+0300] {local_task_job_runner.py:123} INFO - ::group::Pre task execution logs
[2025-04-16T16:46:07.727+0300] {taskinstance.py:2614} INFO - Dependencies all met for dep_context=non-requeueable deps ti=<TaskInstance: executing_Python_Branching_tasks_with_Backfill.task_d scheduled__2025-04-14T00:00:00+00:00 [queued]>
[2025-04-16T16:46:07.735+0300] {taskinstance.py:2614} INFO - Dependencies all met for dep_context=requeueable deps ti=<TaskInstance: executing_Python_Branching_tasks_with_Backfill.task_d scheduled__2025-04-14T00:00:00+00:00 [queued]>
[2025-04-16T16:46:07.735+0300] {taskinstance.py:2867} INFO - Starting attempt 1 of 1
[2025-04-16T16:46:07.747+0300] {taskinstance.py:2890} INFO - Executing <Task(BashOperator): task_d> on 2025-04-14 00:00:00+00:00
[2025-04-16T16:46:07.749+0300] {standard_task_runner.py:72} INFO - Started process 177758 to run task
[2025-04-16T16:46:07.752+0300] {standard_task_runner.py:104} INFO - Running: ['airflow', 'tasks', 'run', 'executing_Python_Branching_tasks_with_Backfill', 'task_d', 'scheduled__2025-04-14T00:00:00+00:00', '--job-id', '149', '--raw', '--subdir', 'DAGS_FOLDER/execute_cron_catchup_backfill.py', '--cfg-path', '/tmp/tmpf2u3tm_t']
[2025-04-16T16:46:07.754+0300] {standard_task_runner.py:105} INFO - Job 149: Subtask task_d
[2025-04-16T16:46:07.784+0300] {task_command.py:467} INFO - Running <TaskInstance: executing_Python_Branching_tasks_with_Backfill.task_d scheduled__2025-04-14T00:00:00+00:00 [running]> on host DESKTOP-1SBO1JU.
[2025-04-16T16:46:07.837+0300] {taskinstance.py:3134} INFO - Exporting env vars: AIRFLOW_CTX_DAG_OWNER='tasneemahmed' AIRFLOW_CTX_DAG_ID='executing_Python_Branching_tasks_with_Backfill' AIRFLOW_CTX_TASK_ID='task_d' AIRFLOW_CTX_EXECUTION_DATE='2025-04-14T00:00:00+00:00' AIRFLOW_CTX_TRY_NUMBER='1' AIRFLOW_CTX_DAG_RUN_ID='scheduled__2025-04-14T00:00:00+00:00'
[2025-04-16T16:46:07.838+0300] {taskinstance.py:732} INFO - ::endgroup::
[2025-04-16T16:46:07.847+0300] {subprocess.py:78} INFO - Tmp dir root location: /tmp
[2025-04-16T16:46:07.848+0300] {subprocess.py:88} INFO - Running command: ['/usr/bin/bash', '-c', 'echo Task D is executed']
[2025-04-16T16:46:07.852+0300] {subprocess.py:99} INFO - Output:
[2025-04-16T16:46:07.852+0300] {subprocess.py:106} INFO - Task D is executed
[2025-04-16T16:46:07.853+0300] {subprocess.py:110} INFO - Command exited with return code 0
[2025-04-16T16:46:07.866+0300] {taskinstance.py:341} INFO - ::group::Post task execution logs
[2025-04-16T16:46:07.867+0300] {taskinstance.py:353} INFO - Marking task as SUCCESS. dag_id=executing_Python_Branching_tasks_with_Backfill, task_id=task_d, run_id=scheduled__2025-04-14T00:00:00+00:00, execution_date=20250414T000000, start_date=20250416T134607, end_date=20250416T134607
[2025-04-16T16:46:07.893+0300] {local_task_job_runner.py:266} INFO - Task exited with return code 0
[2025-04-16T16:46:07.901+0300] {taskinstance.py:3901} INFO - 0 downstream tasks scheduled from follow-on schedule check
[2025-04-16T16:46:07.901+0300] {local_task_job_runner.py:245} INFO - ::endgroup::
