[2025-04-16T11:53:20.015+0300] {local_task_job_runner.py:123} INFO - ::group::Pre task execution logs
[2025-04-16T11:53:20.020+0300] {taskinstance.py:2614} INFO - Dependencies all met for dep_context=non-requeueable deps ti=<TaskInstance: hello_world.hello_world_task scheduled__2025-04-15T00:00:00+00:00 [queued]>
[2025-04-16T11:53:20.023+0300] {taskinstance.py:2614} INFO - Dependencies all met for dep_context=requeueable deps ti=<TaskInstance: hello_world.hello_world_task scheduled__2025-04-15T00:00:00+00:00 [queued]>
[2025-04-16T11:53:20.024+0300] {taskinstance.py:2867} INFO - Starting attempt 1 of 1
[2025-04-16T11:53:20.033+0300] {taskinstance.py:2890} INFO - Executing <Task(BashOperator): hello_world_task> on 2025-04-15 00:00:00+00:00
[2025-04-16T11:53:20.035+0300] {standard_task_runner.py:72} INFO - Started process 56001 to run task
[2025-04-16T11:53:20.038+0300] {standard_task_runner.py:104} INFO - Running: ['airflow', 'tasks', 'run', 'hello_world', 'hello_world_task', 'scheduled__2025-04-15T00:00:00+00:00', '--job-id', '92', '--raw', '--subdir', 'DAGS_FOLDER/sample_hello_world.py', '--cfg-path', '/tmp/tmprb62x3ow']
[2025-04-16T11:53:20.039+0300] {standard_task_runner.py:105} INFO - Job 92: Subtask hello_world_task
[2025-04-16T11:53:20.065+0300] {task_command.py:467} INFO - Running <TaskInstance: hello_world.hello_world_task scheduled__2025-04-15T00:00:00+00:00 [running]> on host DESKTOP-1SBO1JU.
[2025-04-16T11:53:20.108+0300] {taskinstance.py:3134} INFO - Exporting env vars: AIRFLOW_CTX_DAG_OWNER='tasneemahmed' AIRFLOW_CTX_DAG_ID='hello_world' AIRFLOW_CTX_TASK_ID='hello_world_task' AIRFLOW_CTX_EXECUTION_DATE='2025-04-15T00:00:00+00:00' AIRFLOW_CTX_TRY_NUMBER='1' AIRFLOW_CTX_DAG_RUN_ID='scheduled__2025-04-15T00:00:00+00:00'
[2025-04-16T11:53:20.108+0300] {taskinstance.py:732} INFO - ::endgroup::
[2025-04-16T11:53:20.117+0300] {subprocess.py:78} INFO - Tmp dir root location: /tmp
[2025-04-16T11:53:20.117+0300] {subprocess.py:88} INFO - Running command: ['/usr/bin/bash', '-c', 'echo Hello world once again!']
[2025-04-16T11:53:20.121+0300] {subprocess.py:99} INFO - Output:
[2025-04-16T11:53:20.123+0300] {subprocess.py:106} INFO - Hello world once again!
[2025-04-16T11:53:20.123+0300] {subprocess.py:110} INFO - Command exited with return code 0
[2025-04-16T11:53:20.137+0300] {taskinstance.py:341} INFO - ::group::Post task execution logs
[2025-04-16T11:53:20.137+0300] {taskinstance.py:353} INFO - Marking task as SUCCESS. dag_id=hello_world, task_id=hello_world_task, run_id=scheduled__2025-04-15T00:00:00+00:00, execution_date=20250415T000000, start_date=20250416T085320, end_date=20250416T085320
[2025-04-16T11:53:20.171+0300] {local_task_job_runner.py:266} INFO - Task exited with return code 0
[2025-04-16T11:53:20.179+0300] {taskinstance.py:3901} INFO - 0 downstream tasks scheduled from follow-on schedule check
[2025-04-16T11:53:20.179+0300] {local_task_job_runner.py:245} INFO - ::endgroup::
