[2025-04-16T15:26:51.456+0300] {local_task_job_runner.py:123} INFO - ::group::Pre task execution logs
[2025-04-16T15:26:51.467+0300] {taskinstance.py:2614} INFO - Dependencies all met for dep_context=non-requeueable deps ti=<TaskInstance: executing_Python_Branching_tasks_with_Backfill.task_a scheduled__2025-04-13T00:00:00+00:00 [queued]>
[2025-04-16T15:26:51.473+0300] {taskinstance.py:2614} INFO - Dependencies all met for dep_context=requeueable deps ti=<TaskInstance: executing_Python_Branching_tasks_with_Backfill.task_a scheduled__2025-04-13T00:00:00+00:00 [queued]>
[2025-04-16T15:26:51.474+0300] {taskinstance.py:2867} INFO - Starting attempt 1 of 1
[2025-04-16T15:26:51.490+0300] {taskinstance.py:2890} INFO - Executing <Task(BashOperator): task_a> on 2025-04-13 00:00:00+00:00
[2025-04-16T15:26:51.493+0300] {standard_task_runner.py:72} INFO - Started process 144591 to run task
[2025-04-16T15:26:51.497+0300] {standard_task_runner.py:104} INFO - Running: ['airflow', 'tasks', 'run', 'executing_Python_Branching_tasks_with_Backfill', 'task_a', 'scheduled__2025-04-13T00:00:00+00:00', '--job-id', '137', '--raw', '--subdir', 'DAGS_FOLDER/execute_cron_catchup_backfill.py', '--cfg-path', '/tmp/tmp5lqfg5rz']
[2025-04-16T15:26:51.499+0300] {standard_task_runner.py:105} INFO - Job 137: Subtask task_a
[2025-04-16T15:26:51.535+0300] {task_command.py:467} INFO - Running <TaskInstance: executing_Python_Branching_tasks_with_Backfill.task_a scheduled__2025-04-13T00:00:00+00:00 [running]> on host DESKTOP-1SBO1JU.
[2025-04-16T15:26:51.585+0300] {taskinstance.py:3134} INFO - Exporting env vars: AIRFLOW_CTX_DAG_OWNER='tasneemahmed' AIRFLOW_CTX_DAG_ID='executing_Python_Branching_tasks_with_Backfill' AIRFLOW_CTX_TASK_ID='task_a' AIRFLOW_CTX_EXECUTION_DATE='2025-04-13T00:00:00+00:00' AIRFLOW_CTX_TRY_NUMBER='1' AIRFLOW_CTX_DAG_RUN_ID='scheduled__2025-04-13T00:00:00+00:00'
[2025-04-16T15:26:51.586+0300] {taskinstance.py:732} INFO - ::endgroup::
[2025-04-16T15:26:51.596+0300] {subprocess.py:78} INFO - Tmp dir root location: /tmp
[2025-04-16T15:26:51.597+0300] {subprocess.py:88} INFO - Running command: ['/usr/bin/bash', '-c', 'echo "Task A is executed"']
[2025-04-16T15:26:51.603+0300] {subprocess.py:99} INFO - Output:
[2025-04-16T15:26:51.603+0300] {subprocess.py:106} INFO - Task A is executed
[2025-04-16T15:26:51.604+0300] {subprocess.py:110} INFO - Command exited with return code 0
[2025-04-16T15:26:51.621+0300] {taskinstance.py:341} INFO - ::group::Post task execution logs
[2025-04-16T15:26:51.621+0300] {taskinstance.py:353} INFO - Marking task as SUCCESS. dag_id=executing_Python_Branching_tasks_with_Backfill, task_id=task_a, run_id=scheduled__2025-04-13T00:00:00+00:00, execution_date=20250413T000000, start_date=20250416T122651, end_date=20250416T122651
[2025-04-16T15:26:51.682+0300] {local_task_job_runner.py:266} INFO - Task exited with return code 0
[2025-04-16T15:26:51.728+0300] {taskinstance.py:3901} INFO - 1 downstream tasks scheduled from follow-on schedule check
[2025-04-16T15:26:51.738+0300] {local_task_job_runner.py:245} INFO - ::endgroup::
[2025-04-16T16:45:52.203+0300] {local_task_job_runner.py:123} INFO - ::group::Pre task execution logs
[2025-04-16T16:45:52.209+0300] {taskinstance.py:2614} INFO - Dependencies all met for dep_context=non-requeueable deps ti=<TaskInstance: executing_Python_Branching_tasks_with_Backfill.task_a scheduled__2025-04-13T00:00:00+00:00 [queued]>
[2025-04-16T16:45:52.213+0300] {taskinstance.py:2614} INFO - Dependencies all met for dep_context=requeueable deps ti=<TaskInstance: executing_Python_Branching_tasks_with_Backfill.task_a scheduled__2025-04-13T00:00:00+00:00 [queued]>
[2025-04-16T16:45:52.213+0300] {taskinstance.py:2867} INFO - Starting attempt 1 of 1
[2025-04-16T16:45:52.225+0300] {taskinstance.py:2890} INFO - Executing <Task(BashOperator): task_a> on 2025-04-13 00:00:00+00:00
[2025-04-16T16:45:52.227+0300] {standard_task_runner.py:72} INFO - Started process 177612 to run task
[2025-04-16T16:45:52.230+0300] {standard_task_runner.py:104} INFO - Running: ['airflow', 'tasks', 'run', 'executing_Python_Branching_tasks_with_Backfill', 'task_a', 'scheduled__2025-04-13T00:00:00+00:00', '--job-id', '139', '--raw', '--subdir', 'DAGS_FOLDER/execute_cron_catchup_backfill.py', '--cfg-path', '/tmp/tmpbkl4s49j']
[2025-04-16T16:45:52.232+0300] {standard_task_runner.py:105} INFO - Job 139: Subtask task_a
[2025-04-16T16:45:52.259+0300] {task_command.py:467} INFO - Running <TaskInstance: executing_Python_Branching_tasks_with_Backfill.task_a scheduled__2025-04-13T00:00:00+00:00 [running]> on host DESKTOP-1SBO1JU.
[2025-04-16T16:45:52.297+0300] {taskinstance.py:3134} INFO - Exporting env vars: AIRFLOW_CTX_DAG_OWNER='tasneemahmed' AIRFLOW_CTX_DAG_ID='executing_Python_Branching_tasks_with_Backfill' AIRFLOW_CTX_TASK_ID='task_a' AIRFLOW_CTX_EXECUTION_DATE='2025-04-13T00:00:00+00:00' AIRFLOW_CTX_TRY_NUMBER='1' AIRFLOW_CTX_DAG_RUN_ID='scheduled__2025-04-13T00:00:00+00:00'
[2025-04-16T16:45:52.298+0300] {taskinstance.py:732} INFO - ::endgroup::
[2025-04-16T16:45:52.306+0300] {subprocess.py:78} INFO - Tmp dir root location: /tmp
[2025-04-16T16:45:52.307+0300] {subprocess.py:88} INFO - Running command: ['/usr/bin/bash', '-c', 'echo Task A is executed']
[2025-04-16T16:45:52.310+0300] {subprocess.py:99} INFO - Output:
[2025-04-16T16:45:52.311+0300] {subprocess.py:106} INFO - Task A is executed
[2025-04-16T16:45:52.311+0300] {subprocess.py:110} INFO - Command exited with return code 0
[2025-04-16T16:45:52.323+0300] {taskinstance.py:341} INFO - ::group::Post task execution logs
[2025-04-16T16:45:52.324+0300] {taskinstance.py:353} INFO - Marking task as SUCCESS. dag_id=executing_Python_Branching_tasks_with_Backfill, task_id=task_a, run_id=scheduled__2025-04-13T00:00:00+00:00, execution_date=20250413T000000, start_date=20250416T134552, end_date=20250416T134552
[2025-04-16T16:45:52.373+0300] {local_task_job_runner.py:266} INFO - Task exited with return code 0
[2025-04-16T16:45:52.395+0300] {taskinstance.py:3901} INFO - 1 downstream tasks scheduled from follow-on schedule check
[2025-04-16T16:45:52.407+0300] {local_task_job_runner.py:245} INFO - ::endgroup::
