[2025-04-13T17:18:17.113+0300] {processor.py:186} INFO - Started process (PID=34672) to work on /home/tasneemahmed24/.local/lib/python3.10/site-packages/airflow/example_dags/example_sensor_decorator.py
[2025-04-13T17:18:17.114+0300] {processor.py:914} INFO - Processing file /home/tasneemahmed24/.local/lib/python3.10/site-packages/airflow/example_dags/example_sensor_decorator.py for tasks to queue
[2025-04-13T17:18:17.116+0300] {logging_mixin.py:190} INFO - [2025-04-13T17:18:17.115+0300] {dagbag.py:588} INFO - Filling up the DagBag from /home/tasneemahmed24/.local/lib/python3.10/site-packages/airflow/example_dags/example_sensor_decorator.py
[2025-04-13T17:18:17.122+0300] {processor.py:925} INFO - DAG(s) 'example_sensor_decorator' retrieved from /home/tasneemahmed24/.local/lib/python3.10/site-packages/airflow/example_dags/example_sensor_decorator.py
[2025-04-13T17:18:17.209+0300] {logging_mixin.py:190} INFO - [2025-04-13T17:18:17.208+0300] {override.py:1901} INFO - Created Permission View: can read on DAG:example_sensor_decorator
[2025-04-13T17:18:17.220+0300] {logging_mixin.py:190} INFO - [2025-04-13T17:18:17.220+0300] {override.py:1901} INFO - Created Permission View: can edit on DAG:example_sensor_decorator
[2025-04-13T17:18:17.229+0300] {logging_mixin.py:190} INFO - [2025-04-13T17:18:17.228+0300] {override.py:1901} INFO - Created Permission View: can delete on DAG:example_sensor_decorator
[2025-04-13T17:18:17.242+0300] {logging_mixin.py:190} INFO - [2025-04-13T17:18:17.242+0300] {override.py:1901} INFO - Created Permission View: can read on DAG Run:example_sensor_decorator
[2025-04-13T17:18:17.249+0300] {logging_mixin.py:190} INFO - [2025-04-13T17:18:17.249+0300] {override.py:1901} INFO - Created Permission View: can create on DAG Run:example_sensor_decorator
[2025-04-13T17:18:17.257+0300] {logging_mixin.py:190} INFO - [2025-04-13T17:18:17.257+0300] {override.py:1901} INFO - Created Permission View: menu access on DAG Run:example_sensor_decorator
[2025-04-13T17:18:17.265+0300] {logging_mixin.py:190} INFO - [2025-04-13T17:18:17.265+0300] {override.py:1901} INFO - Created Permission View: can delete on DAG Run:example_sensor_decorator
[2025-04-13T17:18:17.265+0300] {logging_mixin.py:190} INFO - [2025-04-13T17:18:17.265+0300] {dag.py:3239} INFO - Sync 1 DAGs
[2025-04-13T17:18:17.273+0300] {logging_mixin.py:190} INFO - [2025-04-13T17:18:17.273+0300] {dag.py:3262} INFO - Creating ORM DAG for example_sensor_decorator
[2025-04-13T17:18:17.274+0300] {logging_mixin.py:190} INFO - [2025-04-13T17:18:17.274+0300] {dag.py:4180} INFO - Setting next_dagrun for example_sensor_decorator to None, run_after=None
[2025-04-13T17:18:17.287+0300] {processor.py:208} INFO - Processing /home/tasneemahmed24/.local/lib/python3.10/site-packages/airflow/example_dags/example_sensor_decorator.py took 0.178 seconds
[2025-04-13T17:19:17.872+0300] {processor.py:186} INFO - Started process (PID=34958) to work on /home/tasneemahmed24/.local/lib/python3.10/site-packages/airflow/example_dags/example_sensor_decorator.py
[2025-04-13T17:19:17.874+0300] {processor.py:914} INFO - Processing file /home/tasneemahmed24/.local/lib/python3.10/site-packages/airflow/example_dags/example_sensor_decorator.py for tasks to queue
[2025-04-13T17:19:17.876+0300] {logging_mixin.py:190} INFO - [2025-04-13T17:19:17.876+0300] {dagbag.py:588} INFO - Filling up the DagBag from /home/tasneemahmed24/.local/lib/python3.10/site-packages/airflow/example_dags/example_sensor_decorator.py
[2025-04-13T17:19:17.885+0300] {processor.py:925} INFO - DAG(s) 'example_sensor_decorator' retrieved from /home/tasneemahmed24/.local/lib/python3.10/site-packages/airflow/example_dags/example_sensor_decorator.py
[2025-04-13T17:19:17.898+0300] {logging_mixin.py:190} INFO - [2025-04-13T17:19:17.897+0300] {dag.py:3239} INFO - Sync 1 DAGs
[2025-04-13T17:19:17.909+0300] {logging_mixin.py:190} INFO - [2025-04-13T17:19:17.909+0300] {dag.py:4180} INFO - Setting next_dagrun for example_sensor_decorator to None, run_after=None
[2025-04-13T17:19:17.933+0300] {processor.py:208} INFO - Processing /home/tasneemahmed24/.local/lib/python3.10/site-packages/airflow/example_dags/example_sensor_decorator.py took 0.070 seconds
[2025-04-13T17:20:13.032+0300] {processor.py:186} INFO - Started process (PID=35222) to work on /home/tasneemahmed24/.local/lib/python3.10/site-packages/airflow/example_dags/example_sensor_decorator.py
[2025-04-13T17:20:13.034+0300] {processor.py:914} INFO - Processing file /home/tasneemahmed24/.local/lib/python3.10/site-packages/airflow/example_dags/example_sensor_decorator.py for tasks to queue
[2025-04-13T17:20:13.036+0300] {logging_mixin.py:190} INFO - [2025-04-13T17:20:13.035+0300] {dagbag.py:588} INFO - Filling up the DagBag from /home/tasneemahmed24/.local/lib/python3.10/site-packages/airflow/example_dags/example_sensor_decorator.py
[2025-04-13T17:20:13.042+0300] {processor.py:925} INFO - DAG(s) 'example_sensor_decorator' retrieved from /home/tasneemahmed24/.local/lib/python3.10/site-packages/airflow/example_dags/example_sensor_decorator.py
[2025-04-13T17:20:13.053+0300] {logging_mixin.py:190} INFO - [2025-04-13T17:20:13.053+0300] {dag.py:3239} INFO - Sync 1 DAGs
[2025-04-13T17:20:13.062+0300] {logging_mixin.py:190} INFO - [2025-04-13T17:20:13.062+0300] {dag.py:4180} INFO - Setting next_dagrun for example_sensor_decorator to None, run_after=None
[2025-04-13T17:20:13.083+0300] {processor.py:208} INFO - Processing /home/tasneemahmed24/.local/lib/python3.10/site-packages/airflow/example_dags/example_sensor_decorator.py took 0.056 seconds
[2025-04-13T17:21:30.168+0300] {processor.py:186} INFO - Started process (PID=35581) to work on /home/tasneemahmed24/.local/lib/python3.10/site-packages/airflow/example_dags/example_sensor_decorator.py
[2025-04-13T17:21:30.170+0300] {processor.py:914} INFO - Processing file /home/tasneemahmed24/.local/lib/python3.10/site-packages/airflow/example_dags/example_sensor_decorator.py for tasks to queue
[2025-04-13T17:21:30.173+0300] {logging_mixin.py:190} INFO - [2025-04-13T17:21:30.172+0300] {dagbag.py:588} INFO - Filling up the DagBag from /home/tasneemahmed24/.local/lib/python3.10/site-packages/airflow/example_dags/example_sensor_decorator.py
[2025-04-13T17:21:30.184+0300] {processor.py:925} INFO - DAG(s) 'example_sensor_decorator' retrieved from /home/tasneemahmed24/.local/lib/python3.10/site-packages/airflow/example_dags/example_sensor_decorator.py
[2025-04-13T17:21:30.200+0300] {logging_mixin.py:190} INFO - [2025-04-13T17:21:30.200+0300] {dag.py:3239} INFO - Sync 1 DAGs
[2025-04-13T17:21:30.213+0300] {logging_mixin.py:190} INFO - [2025-04-13T17:21:30.213+0300] {dag.py:4180} INFO - Setting next_dagrun for example_sensor_decorator to None, run_after=None
[2025-04-13T17:21:30.236+0300] {processor.py:208} INFO - Processing /home/tasneemahmed24/.local/lib/python3.10/site-packages/airflow/example_dags/example_sensor_decorator.py took 0.074 seconds
[2025-04-13T17:22:26.781+0300] {processor.py:186} INFO - Started process (PID=35849) to work on /home/tasneemahmed24/.local/lib/python3.10/site-packages/airflow/example_dags/example_sensor_decorator.py
[2025-04-13T17:22:26.783+0300] {processor.py:914} INFO - Processing file /home/tasneemahmed24/.local/lib/python3.10/site-packages/airflow/example_dags/example_sensor_decorator.py for tasks to queue
[2025-04-13T17:22:26.784+0300] {logging_mixin.py:190} INFO - [2025-04-13T17:22:26.784+0300] {dagbag.py:588} INFO - Filling up the DagBag from /home/tasneemahmed24/.local/lib/python3.10/site-packages/airflow/example_dags/example_sensor_decorator.py
[2025-04-13T17:22:26.791+0300] {processor.py:925} INFO - DAG(s) 'example_sensor_decorator' retrieved from /home/tasneemahmed24/.local/lib/python3.10/site-packages/airflow/example_dags/example_sensor_decorator.py
[2025-04-13T17:22:26.803+0300] {logging_mixin.py:190} INFO - [2025-04-13T17:22:26.803+0300] {dag.py:3239} INFO - Sync 1 DAGs
[2025-04-13T17:22:26.812+0300] {logging_mixin.py:190} INFO - [2025-04-13T17:22:26.811+0300] {dag.py:4180} INFO - Setting next_dagrun for example_sensor_decorator to None, run_after=None
[2025-04-13T17:22:26.831+0300] {processor.py:208} INFO - Processing /home/tasneemahmed24/.local/lib/python3.10/site-packages/airflow/example_dags/example_sensor_decorator.py took 0.056 seconds
[2025-04-13T17:23:21.459+0300] {processor.py:186} INFO - Started process (PID=36106) to work on /home/tasneemahmed24/.local/lib/python3.10/site-packages/airflow/example_dags/example_sensor_decorator.py
[2025-04-13T17:23:21.461+0300] {processor.py:914} INFO - Processing file /home/tasneemahmed24/.local/lib/python3.10/site-packages/airflow/example_dags/example_sensor_decorator.py for tasks to queue
[2025-04-13T17:23:21.463+0300] {logging_mixin.py:190} INFO - [2025-04-13T17:23:21.462+0300] {dagbag.py:588} INFO - Filling up the DagBag from /home/tasneemahmed24/.local/lib/python3.10/site-packages/airflow/example_dags/example_sensor_decorator.py
[2025-04-13T17:23:21.469+0300] {processor.py:925} INFO - DAG(s) 'example_sensor_decorator' retrieved from /home/tasneemahmed24/.local/lib/python3.10/site-packages/airflow/example_dags/example_sensor_decorator.py
[2025-04-13T17:23:21.479+0300] {logging_mixin.py:190} INFO - [2025-04-13T17:23:21.479+0300] {dag.py:3239} INFO - Sync 1 DAGs
[2025-04-13T17:23:21.488+0300] {logging_mixin.py:190} INFO - [2025-04-13T17:23:21.488+0300] {dag.py:4180} INFO - Setting next_dagrun for example_sensor_decorator to None, run_after=None
[2025-04-13T17:23:21.507+0300] {processor.py:208} INFO - Processing /home/tasneemahmed24/.local/lib/python3.10/site-packages/airflow/example_dags/example_sensor_decorator.py took 0.053 seconds
[2025-04-13T17:24:18.320+0300] {processor.py:186} INFO - Started process (PID=36375) to work on /home/tasneemahmed24/.local/lib/python3.10/site-packages/airflow/example_dags/example_sensor_decorator.py
[2025-04-13T17:24:18.322+0300] {processor.py:914} INFO - Processing file /home/tasneemahmed24/.local/lib/python3.10/site-packages/airflow/example_dags/example_sensor_decorator.py for tasks to queue
[2025-04-13T17:24:18.323+0300] {logging_mixin.py:190} INFO - [2025-04-13T17:24:18.323+0300] {dagbag.py:588} INFO - Filling up the DagBag from /home/tasneemahmed24/.local/lib/python3.10/site-packages/airflow/example_dags/example_sensor_decorator.py
[2025-04-13T17:24:18.330+0300] {processor.py:925} INFO - DAG(s) 'example_sensor_decorator' retrieved from /home/tasneemahmed24/.local/lib/python3.10/site-packages/airflow/example_dags/example_sensor_decorator.py
[2025-04-13T17:24:18.342+0300] {logging_mixin.py:190} INFO - [2025-04-13T17:24:18.342+0300] {dag.py:3239} INFO - Sync 1 DAGs
[2025-04-13T17:24:18.350+0300] {logging_mixin.py:190} INFO - [2025-04-13T17:24:18.350+0300] {dag.py:4180} INFO - Setting next_dagrun for example_sensor_decorator to None, run_after=None
[2025-04-13T17:24:18.369+0300] {processor.py:208} INFO - Processing /home/tasneemahmed24/.local/lib/python3.10/site-packages/airflow/example_dags/example_sensor_decorator.py took 0.056 seconds
[2025-04-13T17:25:38.591+0300] {processor.py:186} INFO - Started process (PID=36763) to work on /home/tasneemahmed24/.local/lib/python3.10/site-packages/airflow/example_dags/example_sensor_decorator.py
[2025-04-13T17:25:38.594+0300] {processor.py:914} INFO - Processing file /home/tasneemahmed24/.local/lib/python3.10/site-packages/airflow/example_dags/example_sensor_decorator.py for tasks to queue
[2025-04-13T17:25:38.596+0300] {logging_mixin.py:190} INFO - [2025-04-13T17:25:38.596+0300] {dagbag.py:588} INFO - Filling up the DagBag from /home/tasneemahmed24/.local/lib/python3.10/site-packages/airflow/example_dags/example_sensor_decorator.py
[2025-04-13T17:25:38.603+0300] {processor.py:925} INFO - DAG(s) 'example_sensor_decorator' retrieved from /home/tasneemahmed24/.local/lib/python3.10/site-packages/airflow/example_dags/example_sensor_decorator.py
[2025-04-13T17:25:38.613+0300] {logging_mixin.py:190} INFO - [2025-04-13T17:25:38.613+0300] {dag.py:3239} INFO - Sync 1 DAGs
[2025-04-13T17:25:38.621+0300] {logging_mixin.py:190} INFO - [2025-04-13T17:25:38.621+0300] {dag.py:4180} INFO - Setting next_dagrun for example_sensor_decorator to None, run_after=None
[2025-04-13T17:25:38.639+0300] {processor.py:208} INFO - Processing /home/tasneemahmed24/.local/lib/python3.10/site-packages/airflow/example_dags/example_sensor_decorator.py took 0.053 seconds
[2025-04-13T17:26:58.703+0300] {processor.py:186} INFO - Started process (PID=37146) to work on /home/tasneemahmed24/.local/lib/python3.10/site-packages/airflow/example_dags/example_sensor_decorator.py
[2025-04-13T17:26:58.706+0300] {processor.py:914} INFO - Processing file /home/tasneemahmed24/.local/lib/python3.10/site-packages/airflow/example_dags/example_sensor_decorator.py for tasks to queue
[2025-04-13T17:26:58.708+0300] {logging_mixin.py:190} INFO - [2025-04-13T17:26:58.708+0300] {dagbag.py:588} INFO - Filling up the DagBag from /home/tasneemahmed24/.local/lib/python3.10/site-packages/airflow/example_dags/example_sensor_decorator.py
[2025-04-13T17:26:58.714+0300] {processor.py:925} INFO - DAG(s) 'example_sensor_decorator' retrieved from /home/tasneemahmed24/.local/lib/python3.10/site-packages/airflow/example_dags/example_sensor_decorator.py
[2025-04-13T17:26:58.725+0300] {logging_mixin.py:190} INFO - [2025-04-13T17:26:58.725+0300] {dag.py:3239} INFO - Sync 1 DAGs
[2025-04-13T17:26:58.734+0300] {logging_mixin.py:190} INFO - [2025-04-13T17:26:58.734+0300] {dag.py:4180} INFO - Setting next_dagrun for example_sensor_decorator to None, run_after=None
[2025-04-13T17:26:58.753+0300] {processor.py:208} INFO - Processing /home/tasneemahmed24/.local/lib/python3.10/site-packages/airflow/example_dags/example_sensor_decorator.py took 0.055 seconds
[2025-04-13T17:28:18.166+0300] {processor.py:186} INFO - Started process (PID=37526) to work on /home/tasneemahmed24/.local/lib/python3.10/site-packages/airflow/example_dags/example_sensor_decorator.py
[2025-04-13T17:28:18.168+0300] {processor.py:914} INFO - Processing file /home/tasneemahmed24/.local/lib/python3.10/site-packages/airflow/example_dags/example_sensor_decorator.py for tasks to queue
[2025-04-13T17:28:18.171+0300] {logging_mixin.py:190} INFO - [2025-04-13T17:28:18.171+0300] {dagbag.py:588} INFO - Filling up the DagBag from /home/tasneemahmed24/.local/lib/python3.10/site-packages/airflow/example_dags/example_sensor_decorator.py
[2025-04-13T17:28:18.180+0300] {processor.py:925} INFO - DAG(s) 'example_sensor_decorator' retrieved from /home/tasneemahmed24/.local/lib/python3.10/site-packages/airflow/example_dags/example_sensor_decorator.py
[2025-04-13T17:28:18.196+0300] {logging_mixin.py:190} INFO - [2025-04-13T17:28:18.196+0300] {dag.py:3239} INFO - Sync 1 DAGs
[2025-04-13T17:28:18.216+0300] {logging_mixin.py:190} INFO - [2025-04-13T17:28:18.216+0300] {dag.py:4180} INFO - Setting next_dagrun for example_sensor_decorator to None, run_after=None
[2025-04-13T17:28:18.245+0300] {processor.py:208} INFO - Processing /home/tasneemahmed24/.local/lib/python3.10/site-packages/airflow/example_dags/example_sensor_decorator.py took 0.089 seconds
[2025-04-13T17:29:14.434+0300] {processor.py:186} INFO - Started process (PID=37793) to work on /home/tasneemahmed24/.local/lib/python3.10/site-packages/airflow/example_dags/example_sensor_decorator.py
[2025-04-13T17:29:14.435+0300] {processor.py:914} INFO - Processing file /home/tasneemahmed24/.local/lib/python3.10/site-packages/airflow/example_dags/example_sensor_decorator.py for tasks to queue
[2025-04-13T17:29:14.436+0300] {logging_mixin.py:190} INFO - [2025-04-13T17:29:14.436+0300] {dagbag.py:588} INFO - Filling up the DagBag from /home/tasneemahmed24/.local/lib/python3.10/site-packages/airflow/example_dags/example_sensor_decorator.py
[2025-04-13T17:29:14.443+0300] {processor.py:925} INFO - DAG(s) 'example_sensor_decorator' retrieved from /home/tasneemahmed24/.local/lib/python3.10/site-packages/airflow/example_dags/example_sensor_decorator.py
[2025-04-13T17:29:14.455+0300] {logging_mixin.py:190} INFO - [2025-04-13T17:29:14.455+0300] {dag.py:3239} INFO - Sync 1 DAGs
[2025-04-13T17:29:14.464+0300] {logging_mixin.py:190} INFO - [2025-04-13T17:29:14.464+0300] {dag.py:4180} INFO - Setting next_dagrun for example_sensor_decorator to None, run_after=None
[2025-04-13T17:29:14.482+0300] {processor.py:208} INFO - Processing /home/tasneemahmed24/.local/lib/python3.10/site-packages/airflow/example_dags/example_sensor_decorator.py took 0.053 seconds
[2025-04-13T17:30:32.594+0300] {processor.py:186} INFO - Started process (PID=38162) to work on /home/tasneemahmed24/.local/lib/python3.10/site-packages/airflow/example_dags/example_sensor_decorator.py
[2025-04-13T17:30:32.596+0300] {processor.py:914} INFO - Processing file /home/tasneemahmed24/.local/lib/python3.10/site-packages/airflow/example_dags/example_sensor_decorator.py for tasks to queue
[2025-04-13T17:30:32.598+0300] {logging_mixin.py:190} INFO - [2025-04-13T17:30:32.598+0300] {dagbag.py:588} INFO - Filling up the DagBag from /home/tasneemahmed24/.local/lib/python3.10/site-packages/airflow/example_dags/example_sensor_decorator.py
[2025-04-13T17:30:32.605+0300] {processor.py:925} INFO - DAG(s) 'example_sensor_decorator' retrieved from /home/tasneemahmed24/.local/lib/python3.10/site-packages/airflow/example_dags/example_sensor_decorator.py
[2025-04-13T17:30:32.616+0300] {logging_mixin.py:190} INFO - [2025-04-13T17:30:32.616+0300] {dag.py:3239} INFO - Sync 1 DAGs
[2025-04-13T17:30:32.625+0300] {logging_mixin.py:190} INFO - [2025-04-13T17:30:32.625+0300] {dag.py:4180} INFO - Setting next_dagrun for example_sensor_decorator to None, run_after=None
[2025-04-13T17:30:32.647+0300] {processor.py:208} INFO - Processing /home/tasneemahmed24/.local/lib/python3.10/site-packages/airflow/example_dags/example_sensor_decorator.py took 0.060 seconds
[2025-04-13T17:31:52.799+0300] {processor.py:186} INFO - Started process (PID=38545) to work on /home/tasneemahmed24/.local/lib/python3.10/site-packages/airflow/example_dags/example_sensor_decorator.py
[2025-04-13T17:31:52.802+0300] {processor.py:914} INFO - Processing file /home/tasneemahmed24/.local/lib/python3.10/site-packages/airflow/example_dags/example_sensor_decorator.py for tasks to queue
[2025-04-13T17:31:52.804+0300] {logging_mixin.py:190} INFO - [2025-04-13T17:31:52.803+0300] {dagbag.py:588} INFO - Filling up the DagBag from /home/tasneemahmed24/.local/lib/python3.10/site-packages/airflow/example_dags/example_sensor_decorator.py
[2025-04-13T17:31:52.811+0300] {processor.py:925} INFO - DAG(s) 'example_sensor_decorator' retrieved from /home/tasneemahmed24/.local/lib/python3.10/site-packages/airflow/example_dags/example_sensor_decorator.py
[2025-04-13T17:31:52.822+0300] {logging_mixin.py:190} INFO - [2025-04-13T17:31:52.822+0300] {dag.py:3239} INFO - Sync 1 DAGs
[2025-04-13T17:31:52.832+0300] {logging_mixin.py:190} INFO - [2025-04-13T17:31:52.832+0300] {dag.py:4180} INFO - Setting next_dagrun for example_sensor_decorator to None, run_after=None
[2025-04-13T17:31:52.853+0300] {processor.py:208} INFO - Processing /home/tasneemahmed24/.local/lib/python3.10/site-packages/airflow/example_dags/example_sensor_decorator.py took 0.058 seconds
[2025-04-13T17:32:51.474+0300] {processor.py:186} INFO - Started process (PID=38837) to work on /home/tasneemahmed24/.local/lib/python3.10/site-packages/airflow/example_dags/example_sensor_decorator.py
[2025-04-13T17:32:51.475+0300] {processor.py:914} INFO - Processing file /home/tasneemahmed24/.local/lib/python3.10/site-packages/airflow/example_dags/example_sensor_decorator.py for tasks to queue
[2025-04-13T17:32:51.477+0300] {logging_mixin.py:190} INFO - [2025-04-13T17:32:51.476+0300] {dagbag.py:588} INFO - Filling up the DagBag from /home/tasneemahmed24/.local/lib/python3.10/site-packages/airflow/example_dags/example_sensor_decorator.py
[2025-04-13T17:32:51.485+0300] {processor.py:925} INFO - DAG(s) 'example_sensor_decorator' retrieved from /home/tasneemahmed24/.local/lib/python3.10/site-packages/airflow/example_dags/example_sensor_decorator.py
[2025-04-13T17:32:51.498+0300] {logging_mixin.py:190} INFO - [2025-04-13T17:32:51.498+0300] {dag.py:3239} INFO - Sync 1 DAGs
[2025-04-13T17:32:51.513+0300] {logging_mixin.py:190} INFO - [2025-04-13T17:32:51.513+0300] {dag.py:4180} INFO - Setting next_dagrun for example_sensor_decorator to None, run_after=None
[2025-04-13T17:32:51.539+0300] {processor.py:208} INFO - Processing /home/tasneemahmed24/.local/lib/python3.10/site-packages/airflow/example_dags/example_sensor_decorator.py took 0.071 seconds
[2025-04-13T17:33:52.990+0300] {processor.py:186} INFO - Started process (PID=39140) to work on /home/tasneemahmed24/.local/lib/python3.10/site-packages/airflow/example_dags/example_sensor_decorator.py
[2025-04-13T17:33:52.992+0300] {processor.py:914} INFO - Processing file /home/tasneemahmed24/.local/lib/python3.10/site-packages/airflow/example_dags/example_sensor_decorator.py for tasks to queue
[2025-04-13T17:33:52.993+0300] {logging_mixin.py:190} INFO - [2025-04-13T17:33:52.993+0300] {dagbag.py:588} INFO - Filling up the DagBag from /home/tasneemahmed24/.local/lib/python3.10/site-packages/airflow/example_dags/example_sensor_decorator.py
[2025-04-13T17:33:53.001+0300] {processor.py:925} INFO - DAG(s) 'example_sensor_decorator' retrieved from /home/tasneemahmed24/.local/lib/python3.10/site-packages/airflow/example_dags/example_sensor_decorator.py
[2025-04-13T17:33:53.014+0300] {logging_mixin.py:190} INFO - [2025-04-13T17:33:53.014+0300] {dag.py:3239} INFO - Sync 1 DAGs
[2025-04-13T17:33:53.024+0300] {logging_mixin.py:190} INFO - [2025-04-13T17:33:53.024+0300] {dag.py:4180} INFO - Setting next_dagrun for example_sensor_decorator to None, run_after=None
[2025-04-13T17:33:53.046+0300] {processor.py:208} INFO - Processing /home/tasneemahmed24/.local/lib/python3.10/site-packages/airflow/example_dags/example_sensor_decorator.py took 0.064 seconds
[2025-04-13T17:34:50.858+0300] {processor.py:186} INFO - Started process (PID=39432) to work on /home/tasneemahmed24/.local/lib/python3.10/site-packages/airflow/example_dags/example_sensor_decorator.py
[2025-04-13T17:34:50.859+0300] {processor.py:914} INFO - Processing file /home/tasneemahmed24/.local/lib/python3.10/site-packages/airflow/example_dags/example_sensor_decorator.py for tasks to queue
[2025-04-13T17:34:50.861+0300] {logging_mixin.py:190} INFO - [2025-04-13T17:34:50.861+0300] {dagbag.py:588} INFO - Filling up the DagBag from /home/tasneemahmed24/.local/lib/python3.10/site-packages/airflow/example_dags/example_sensor_decorator.py
[2025-04-13T17:34:50.870+0300] {processor.py:925} INFO - DAG(s) 'example_sensor_decorator' retrieved from /home/tasneemahmed24/.local/lib/python3.10/site-packages/airflow/example_dags/example_sensor_decorator.py
[2025-04-13T17:34:50.883+0300] {logging_mixin.py:190} INFO - [2025-04-13T17:34:50.883+0300] {dag.py:3239} INFO - Sync 1 DAGs
[2025-04-13T17:34:50.897+0300] {logging_mixin.py:190} INFO - [2025-04-13T17:34:50.897+0300] {dag.py:4180} INFO - Setting next_dagrun for example_sensor_decorator to None, run_after=None
[2025-04-13T17:34:50.920+0300] {processor.py:208} INFO - Processing /home/tasneemahmed24/.local/lib/python3.10/site-packages/airflow/example_dags/example_sensor_decorator.py took 0.067 seconds
[2025-04-13T17:35:51.278+0300] {processor.py:186} INFO - Started process (PID=39737) to work on /home/tasneemahmed24/.local/lib/python3.10/site-packages/airflow/example_dags/example_sensor_decorator.py
[2025-04-13T17:35:51.279+0300] {processor.py:914} INFO - Processing file /home/tasneemahmed24/.local/lib/python3.10/site-packages/airflow/example_dags/example_sensor_decorator.py for tasks to queue
[2025-04-13T17:35:51.282+0300] {logging_mixin.py:190} INFO - [2025-04-13T17:35:51.281+0300] {dagbag.py:588} INFO - Filling up the DagBag from /home/tasneemahmed24/.local/lib/python3.10/site-packages/airflow/example_dags/example_sensor_decorator.py
[2025-04-13T17:35:51.289+0300] {processor.py:925} INFO - DAG(s) 'example_sensor_decorator' retrieved from /home/tasneemahmed24/.local/lib/python3.10/site-packages/airflow/example_dags/example_sensor_decorator.py
[2025-04-13T17:35:51.299+0300] {logging_mixin.py:190} INFO - [2025-04-13T17:35:51.299+0300] {dag.py:3239} INFO - Sync 1 DAGs
[2025-04-13T17:35:51.308+0300] {logging_mixin.py:190} INFO - [2025-04-13T17:35:51.307+0300] {dag.py:4180} INFO - Setting next_dagrun for example_sensor_decorator to None, run_after=None
[2025-04-13T17:35:51.328+0300] {processor.py:208} INFO - Processing /home/tasneemahmed24/.local/lib/python3.10/site-packages/airflow/example_dags/example_sensor_decorator.py took 0.056 seconds
[2025-04-13T17:36:50.636+0300] {processor.py:186} INFO - Started process (PID=40016) to work on /home/tasneemahmed24/.local/lib/python3.10/site-packages/airflow/example_dags/example_sensor_decorator.py
[2025-04-13T17:36:50.637+0300] {processor.py:914} INFO - Processing file /home/tasneemahmed24/.local/lib/python3.10/site-packages/airflow/example_dags/example_sensor_decorator.py for tasks to queue
[2025-04-13T17:36:50.639+0300] {logging_mixin.py:190} INFO - [2025-04-13T17:36:50.639+0300] {dagbag.py:588} INFO - Filling up the DagBag from /home/tasneemahmed24/.local/lib/python3.10/site-packages/airflow/example_dags/example_sensor_decorator.py
[2025-04-13T17:36:50.649+0300] {processor.py:925} INFO - DAG(s) 'example_sensor_decorator' retrieved from /home/tasneemahmed24/.local/lib/python3.10/site-packages/airflow/example_dags/example_sensor_decorator.py
[2025-04-13T17:36:50.663+0300] {logging_mixin.py:190} INFO - [2025-04-13T17:36:50.662+0300] {dag.py:3239} INFO - Sync 1 DAGs
[2025-04-13T17:36:50.676+0300] {logging_mixin.py:190} INFO - [2025-04-13T17:36:50.675+0300] {dag.py:4180} INFO - Setting next_dagrun for example_sensor_decorator to None, run_after=None
[2025-04-13T17:36:50.696+0300] {processor.py:208} INFO - Processing /home/tasneemahmed24/.local/lib/python3.10/site-packages/airflow/example_dags/example_sensor_decorator.py took 0.066 seconds
[2025-04-13T17:37:47.353+0300] {processor.py:186} INFO - Started process (PID=40304) to work on /home/tasneemahmed24/.local/lib/python3.10/site-packages/airflow/example_dags/example_sensor_decorator.py
[2025-04-13T17:37:47.367+0300] {processor.py:914} INFO - Processing file /home/tasneemahmed24/.local/lib/python3.10/site-packages/airflow/example_dags/example_sensor_decorator.py for tasks to queue
[2025-04-13T17:37:47.369+0300] {logging_mixin.py:190} INFO - [2025-04-13T17:37:47.369+0300] {dagbag.py:588} INFO - Filling up the DagBag from /home/tasneemahmed24/.local/lib/python3.10/site-packages/airflow/example_dags/example_sensor_decorator.py
[2025-04-13T17:37:47.377+0300] {processor.py:925} INFO - DAG(s) 'example_sensor_decorator' retrieved from /home/tasneemahmed24/.local/lib/python3.10/site-packages/airflow/example_dags/example_sensor_decorator.py
[2025-04-13T17:37:47.390+0300] {logging_mixin.py:190} INFO - [2025-04-13T17:37:47.389+0300] {dag.py:3239} INFO - Sync 1 DAGs
[2025-04-13T17:37:47.403+0300] {logging_mixin.py:190} INFO - [2025-04-13T17:37:47.403+0300] {dag.py:4180} INFO - Setting next_dagrun for example_sensor_decorator to None, run_after=None
[2025-04-13T17:37:47.427+0300] {processor.py:208} INFO - Processing /home/tasneemahmed24/.local/lib/python3.10/site-packages/airflow/example_dags/example_sensor_decorator.py took 0.081 seconds
[2025-04-13T17:38:44.282+0300] {processor.py:186} INFO - Started process (PID=40588) to work on /home/tasneemahmed24/.local/lib/python3.10/site-packages/airflow/example_dags/example_sensor_decorator.py
[2025-04-13T17:38:44.284+0300] {processor.py:914} INFO - Processing file /home/tasneemahmed24/.local/lib/python3.10/site-packages/airflow/example_dags/example_sensor_decorator.py for tasks to queue
[2025-04-13T17:38:44.286+0300] {logging_mixin.py:190} INFO - [2025-04-13T17:38:44.285+0300] {dagbag.py:588} INFO - Filling up the DagBag from /home/tasneemahmed24/.local/lib/python3.10/site-packages/airflow/example_dags/example_sensor_decorator.py
[2025-04-13T17:38:44.353+0300] {processor.py:925} INFO - DAG(s) 'example_sensor_decorator' retrieved from /home/tasneemahmed24/.local/lib/python3.10/site-packages/airflow/example_dags/example_sensor_decorator.py
[2025-04-13T17:38:44.385+0300] {logging_mixin.py:190} INFO - [2025-04-13T17:38:44.385+0300] {dag.py:3239} INFO - Sync 1 DAGs
[2025-04-13T17:38:44.397+0300] {logging_mixin.py:190} INFO - [2025-04-13T17:38:44.396+0300] {dag.py:4180} INFO - Setting next_dagrun for example_sensor_decorator to None, run_after=None
[2025-04-13T17:38:44.428+0300] {processor.py:208} INFO - Processing /home/tasneemahmed24/.local/lib/python3.10/site-packages/airflow/example_dags/example_sensor_decorator.py took 0.244 seconds
[2025-04-13T17:39:43.039+0300] {processor.py:186} INFO - Started process (PID=40874) to work on /home/tasneemahmed24/.local/lib/python3.10/site-packages/airflow/example_dags/example_sensor_decorator.py
[2025-04-13T17:39:43.040+0300] {processor.py:914} INFO - Processing file /home/tasneemahmed24/.local/lib/python3.10/site-packages/airflow/example_dags/example_sensor_decorator.py for tasks to queue
[2025-04-13T17:39:43.042+0300] {logging_mixin.py:190} INFO - [2025-04-13T17:39:43.042+0300] {dagbag.py:588} INFO - Filling up the DagBag from /home/tasneemahmed24/.local/lib/python3.10/site-packages/airflow/example_dags/example_sensor_decorator.py
[2025-04-13T17:39:43.048+0300] {processor.py:925} INFO - DAG(s) 'example_sensor_decorator' retrieved from /home/tasneemahmed24/.local/lib/python3.10/site-packages/airflow/example_dags/example_sensor_decorator.py
[2025-04-13T17:39:43.059+0300] {logging_mixin.py:190} INFO - [2025-04-13T17:39:43.059+0300] {dag.py:3239} INFO - Sync 1 DAGs
[2025-04-13T17:39:43.068+0300] {logging_mixin.py:190} INFO - [2025-04-13T17:39:43.068+0300] {dag.py:4180} INFO - Setting next_dagrun for example_sensor_decorator to None, run_after=None
[2025-04-13T17:39:43.087+0300] {processor.py:208} INFO - Processing /home/tasneemahmed24/.local/lib/python3.10/site-packages/airflow/example_dags/example_sensor_decorator.py took 0.053 seconds
[2025-04-13T17:40:41.111+0300] {processor.py:186} INFO - Started process (PID=41155) to work on /home/tasneemahmed24/.local/lib/python3.10/site-packages/airflow/example_dags/example_sensor_decorator.py
[2025-04-13T17:40:41.113+0300] {processor.py:914} INFO - Processing file /home/tasneemahmed24/.local/lib/python3.10/site-packages/airflow/example_dags/example_sensor_decorator.py for tasks to queue
[2025-04-13T17:40:41.115+0300] {logging_mixin.py:190} INFO - [2025-04-13T17:40:41.115+0300] {dagbag.py:588} INFO - Filling up the DagBag from /home/tasneemahmed24/.local/lib/python3.10/site-packages/airflow/example_dags/example_sensor_decorator.py
[2025-04-13T17:40:41.121+0300] {processor.py:925} INFO - DAG(s) 'example_sensor_decorator' retrieved from /home/tasneemahmed24/.local/lib/python3.10/site-packages/airflow/example_dags/example_sensor_decorator.py
[2025-04-13T17:40:41.133+0300] {logging_mixin.py:190} INFO - [2025-04-13T17:40:41.133+0300] {dag.py:3239} INFO - Sync 1 DAGs
[2025-04-13T17:40:41.142+0300] {logging_mixin.py:190} INFO - [2025-04-13T17:40:41.142+0300] {dag.py:4180} INFO - Setting next_dagrun for example_sensor_decorator to None, run_after=None
[2025-04-13T17:40:41.162+0300] {processor.py:208} INFO - Processing /home/tasneemahmed24/.local/lib/python3.10/site-packages/airflow/example_dags/example_sensor_decorator.py took 0.056 seconds
[2025-04-13T17:41:35.052+0300] {processor.py:186} INFO - Started process (PID=41429) to work on /home/tasneemahmed24/.local/lib/python3.10/site-packages/airflow/example_dags/example_sensor_decorator.py
[2025-04-13T17:41:35.054+0300] {processor.py:914} INFO - Processing file /home/tasneemahmed24/.local/lib/python3.10/site-packages/airflow/example_dags/example_sensor_decorator.py for tasks to queue
[2025-04-13T17:41:35.056+0300] {logging_mixin.py:190} INFO - [2025-04-13T17:41:35.056+0300] {dagbag.py:588} INFO - Filling up the DagBag from /home/tasneemahmed24/.local/lib/python3.10/site-packages/airflow/example_dags/example_sensor_decorator.py
[2025-04-13T17:41:35.065+0300] {processor.py:925} INFO - DAG(s) 'example_sensor_decorator' retrieved from /home/tasneemahmed24/.local/lib/python3.10/site-packages/airflow/example_dags/example_sensor_decorator.py
[2025-04-13T17:41:35.081+0300] {logging_mixin.py:190} INFO - [2025-04-13T17:41:35.080+0300] {dag.py:3239} INFO - Sync 1 DAGs
[2025-04-13T17:41:35.091+0300] {logging_mixin.py:190} INFO - [2025-04-13T17:41:35.091+0300] {dag.py:4180} INFO - Setting next_dagrun for example_sensor_decorator to None, run_after=None
[2025-04-13T17:41:35.113+0300] {processor.py:208} INFO - Processing /home/tasneemahmed24/.local/lib/python3.10/site-packages/airflow/example_dags/example_sensor_decorator.py took 0.066 seconds
[2025-04-13T17:42:34.255+0300] {processor.py:186} INFO - Started process (PID=41754) to work on /home/tasneemahmed24/.local/lib/python3.10/site-packages/airflow/example_dags/example_sensor_decorator.py
[2025-04-13T17:42:34.258+0300] {processor.py:914} INFO - Processing file /home/tasneemahmed24/.local/lib/python3.10/site-packages/airflow/example_dags/example_sensor_decorator.py for tasks to queue
[2025-04-13T17:42:34.260+0300] {logging_mixin.py:190} INFO - [2025-04-13T17:42:34.260+0300] {dagbag.py:588} INFO - Filling up the DagBag from /home/tasneemahmed24/.local/lib/python3.10/site-packages/airflow/example_dags/example_sensor_decorator.py
[2025-04-13T17:42:34.267+0300] {processor.py:925} INFO - DAG(s) 'example_sensor_decorator' retrieved from /home/tasneemahmed24/.local/lib/python3.10/site-packages/airflow/example_dags/example_sensor_decorator.py
[2025-04-13T17:42:34.280+0300] {logging_mixin.py:190} INFO - [2025-04-13T17:42:34.280+0300] {dag.py:3239} INFO - Sync 1 DAGs
[2025-04-13T17:42:34.290+0300] {logging_mixin.py:190} INFO - [2025-04-13T17:42:34.290+0300] {dag.py:4180} INFO - Setting next_dagrun for example_sensor_decorator to None, run_after=None
[2025-04-13T17:42:34.309+0300] {processor.py:208} INFO - Processing /home/tasneemahmed24/.local/lib/python3.10/site-packages/airflow/example_dags/example_sensor_decorator.py took 0.059 seconds
[2025-04-13T17:43:31.623+0300] {processor.py:186} INFO - Started process (PID=42031) to work on /home/tasneemahmed24/.local/lib/python3.10/site-packages/airflow/example_dags/example_sensor_decorator.py
[2025-04-13T17:43:31.624+0300] {processor.py:914} INFO - Processing file /home/tasneemahmed24/.local/lib/python3.10/site-packages/airflow/example_dags/example_sensor_decorator.py for tasks to queue
[2025-04-13T17:43:31.626+0300] {logging_mixin.py:190} INFO - [2025-04-13T17:43:31.625+0300] {dagbag.py:588} INFO - Filling up the DagBag from /home/tasneemahmed24/.local/lib/python3.10/site-packages/airflow/example_dags/example_sensor_decorator.py
[2025-04-13T17:43:31.633+0300] {processor.py:925} INFO - DAG(s) 'example_sensor_decorator' retrieved from /home/tasneemahmed24/.local/lib/python3.10/site-packages/airflow/example_dags/example_sensor_decorator.py
[2025-04-13T17:43:31.644+0300] {logging_mixin.py:190} INFO - [2025-04-13T17:43:31.644+0300] {dag.py:3239} INFO - Sync 1 DAGs
[2025-04-13T17:43:31.653+0300] {logging_mixin.py:190} INFO - [2025-04-13T17:43:31.653+0300] {dag.py:4180} INFO - Setting next_dagrun for example_sensor_decorator to None, run_after=None
[2025-04-13T17:43:31.673+0300] {processor.py:208} INFO - Processing /home/tasneemahmed24/.local/lib/python3.10/site-packages/airflow/example_dags/example_sensor_decorator.py took 0.056 seconds
[2025-04-13T17:44:28.169+0300] {processor.py:186} INFO - Started process (PID=42303) to work on /home/tasneemahmed24/.local/lib/python3.10/site-packages/airflow/example_dags/example_sensor_decorator.py
[2025-04-13T17:44:28.192+0300] {processor.py:914} INFO - Processing file /home/tasneemahmed24/.local/lib/python3.10/site-packages/airflow/example_dags/example_sensor_decorator.py for tasks to queue
[2025-04-13T17:44:28.194+0300] {logging_mixin.py:190} INFO - [2025-04-13T17:44:28.193+0300] {dagbag.py:588} INFO - Filling up the DagBag from /home/tasneemahmed24/.local/lib/python3.10/site-packages/airflow/example_dags/example_sensor_decorator.py
[2025-04-13T17:44:28.200+0300] {processor.py:925} INFO - DAG(s) 'example_sensor_decorator' retrieved from /home/tasneemahmed24/.local/lib/python3.10/site-packages/airflow/example_dags/example_sensor_decorator.py
[2025-04-13T17:44:28.212+0300] {logging_mixin.py:190} INFO - [2025-04-13T17:44:28.211+0300] {dag.py:3239} INFO - Sync 1 DAGs
[2025-04-13T17:44:28.220+0300] {logging_mixin.py:190} INFO - [2025-04-13T17:44:28.220+0300] {dag.py:4180} INFO - Setting next_dagrun for example_sensor_decorator to None, run_after=None
[2025-04-13T17:44:28.238+0300] {processor.py:208} INFO - Processing /home/tasneemahmed24/.local/lib/python3.10/site-packages/airflow/example_dags/example_sensor_decorator.py took 0.075 seconds
[2025-04-13T17:45:25.050+0300] {processor.py:186} INFO - Started process (PID=42627) to work on /home/tasneemahmed24/.local/lib/python3.10/site-packages/airflow/example_dags/example_sensor_decorator.py
[2025-04-13T17:45:25.051+0300] {processor.py:914} INFO - Processing file /home/tasneemahmed24/.local/lib/python3.10/site-packages/airflow/example_dags/example_sensor_decorator.py for tasks to queue
[2025-04-13T17:45:25.054+0300] {logging_mixin.py:190} INFO - [2025-04-13T17:45:25.054+0300] {dagbag.py:588} INFO - Filling up the DagBag from /home/tasneemahmed24/.local/lib/python3.10/site-packages/airflow/example_dags/example_sensor_decorator.py
[2025-04-13T17:45:25.085+0300] {processor.py:925} INFO - DAG(s) 'example_sensor_decorator' retrieved from /home/tasneemahmed24/.local/lib/python3.10/site-packages/airflow/example_dags/example_sensor_decorator.py
[2025-04-13T17:45:25.115+0300] {logging_mixin.py:190} INFO - [2025-04-13T17:45:25.114+0300] {dag.py:3239} INFO - Sync 1 DAGs
[2025-04-13T17:45:25.154+0300] {logging_mixin.py:190} INFO - [2025-04-13T17:45:25.153+0300] {dag.py:4180} INFO - Setting next_dagrun for example_sensor_decorator to None, run_after=None
[2025-04-13T17:45:25.216+0300] {processor.py:208} INFO - Processing /home/tasneemahmed24/.local/lib/python3.10/site-packages/airflow/example_dags/example_sensor_decorator.py took 0.171 seconds
[2025-04-13T17:46:21.874+0300] {processor.py:186} INFO - Started process (PID=42950) to work on /home/tasneemahmed24/.local/lib/python3.10/site-packages/airflow/example_dags/example_sensor_decorator.py
[2025-04-13T17:46:21.875+0300] {processor.py:914} INFO - Processing file /home/tasneemahmed24/.local/lib/python3.10/site-packages/airflow/example_dags/example_sensor_decorator.py for tasks to queue
[2025-04-13T17:46:21.877+0300] {logging_mixin.py:190} INFO - [2025-04-13T17:46:21.876+0300] {dagbag.py:588} INFO - Filling up the DagBag from /home/tasneemahmed24/.local/lib/python3.10/site-packages/airflow/example_dags/example_sensor_decorator.py
[2025-04-13T17:46:21.885+0300] {processor.py:925} INFO - DAG(s) 'example_sensor_decorator' retrieved from /home/tasneemahmed24/.local/lib/python3.10/site-packages/airflow/example_dags/example_sensor_decorator.py
[2025-04-13T17:46:21.896+0300] {logging_mixin.py:190} INFO - [2025-04-13T17:46:21.896+0300] {dag.py:3239} INFO - Sync 1 DAGs
[2025-04-13T17:46:21.908+0300] {logging_mixin.py:190} INFO - [2025-04-13T17:46:21.908+0300] {dag.py:4180} INFO - Setting next_dagrun for example_sensor_decorator to None, run_after=None
[2025-04-13T17:46:21.928+0300] {processor.py:208} INFO - Processing /home/tasneemahmed24/.local/lib/python3.10/site-packages/airflow/example_dags/example_sensor_decorator.py took 0.060 seconds
[2025-04-13T17:47:41.936+0300] {processor.py:186} INFO - Started process (PID=43350) to work on /home/tasneemahmed24/.local/lib/python3.10/site-packages/airflow/example_dags/example_sensor_decorator.py
[2025-04-13T17:47:41.939+0300] {processor.py:914} INFO - Processing file /home/tasneemahmed24/.local/lib/python3.10/site-packages/airflow/example_dags/example_sensor_decorator.py for tasks to queue
[2025-04-13T17:47:41.942+0300] {logging_mixin.py:190} INFO - [2025-04-13T17:47:41.942+0300] {dagbag.py:588} INFO - Filling up the DagBag from /home/tasneemahmed24/.local/lib/python3.10/site-packages/airflow/example_dags/example_sensor_decorator.py
[2025-04-13T17:47:41.950+0300] {processor.py:925} INFO - DAG(s) 'example_sensor_decorator' retrieved from /home/tasneemahmed24/.local/lib/python3.10/site-packages/airflow/example_dags/example_sensor_decorator.py
[2025-04-13T17:47:41.965+0300] {logging_mixin.py:190} INFO - [2025-04-13T17:47:41.964+0300] {dag.py:3239} INFO - Sync 1 DAGs
[2025-04-13T17:47:41.978+0300] {logging_mixin.py:190} INFO - [2025-04-13T17:47:41.977+0300] {dag.py:4180} INFO - Setting next_dagrun for example_sensor_decorator to None, run_after=None
[2025-04-13T17:47:42.000+0300] {processor.py:208} INFO - Processing /home/tasneemahmed24/.local/lib/python3.10/site-packages/airflow/example_dags/example_sensor_decorator.py took 0.071 seconds
[2025-04-13T17:49:15.373+0300] {processor.py:186} INFO - Started process (PID=43749) to work on /home/tasneemahmed24/.local/lib/python3.10/site-packages/airflow/example_dags/example_sensor_decorator.py
[2025-04-13T17:49:15.383+0300] {processor.py:914} INFO - Processing file /home/tasneemahmed24/.local/lib/python3.10/site-packages/airflow/example_dags/example_sensor_decorator.py for tasks to queue
[2025-04-13T17:49:15.392+0300] {logging_mixin.py:190} INFO - [2025-04-13T17:49:15.390+0300] {dagbag.py:588} INFO - Filling up the DagBag from /home/tasneemahmed24/.local/lib/python3.10/site-packages/airflow/example_dags/example_sensor_decorator.py
[2025-04-13T17:49:15.450+0300] {processor.py:925} INFO - DAG(s) 'example_sensor_decorator' retrieved from /home/tasneemahmed24/.local/lib/python3.10/site-packages/airflow/example_dags/example_sensor_decorator.py
[2025-04-13T17:49:15.528+0300] {logging_mixin.py:190} INFO - [2025-04-13T17:49:15.528+0300] {dag.py:3239} INFO - Sync 1 DAGs
[2025-04-13T17:49:15.572+0300] {logging_mixin.py:190} INFO - [2025-04-13T17:49:15.570+0300] {dag.py:4180} INFO - Setting next_dagrun for example_sensor_decorator to None, run_after=None
[2025-04-13T17:49:15.654+0300] {processor.py:208} INFO - Processing /home/tasneemahmed24/.local/lib/python3.10/site-packages/airflow/example_dags/example_sensor_decorator.py took 0.309 seconds
[2025-04-13T17:50:23.072+0300] {processor.py:186} INFO - Started process (PID=44071) to work on /home/tasneemahmed24/.local/lib/python3.10/site-packages/airflow/example_dags/example_sensor_decorator.py
[2025-04-13T17:50:23.073+0300] {processor.py:914} INFO - Processing file /home/tasneemahmed24/.local/lib/python3.10/site-packages/airflow/example_dags/example_sensor_decorator.py for tasks to queue
[2025-04-13T17:50:23.075+0300] {logging_mixin.py:190} INFO - [2025-04-13T17:50:23.074+0300] {dagbag.py:588} INFO - Filling up the DagBag from /home/tasneemahmed24/.local/lib/python3.10/site-packages/airflow/example_dags/example_sensor_decorator.py
[2025-04-13T17:50:23.083+0300] {processor.py:925} INFO - DAG(s) 'example_sensor_decorator' retrieved from /home/tasneemahmed24/.local/lib/python3.10/site-packages/airflow/example_dags/example_sensor_decorator.py
[2025-04-13T17:50:23.101+0300] {logging_mixin.py:190} INFO - [2025-04-13T17:50:23.101+0300] {dag.py:3239} INFO - Sync 1 DAGs
[2025-04-13T17:50:23.114+0300] {logging_mixin.py:190} INFO - [2025-04-13T17:50:23.113+0300] {dag.py:4180} INFO - Setting next_dagrun for example_sensor_decorator to None, run_after=None
[2025-04-13T17:50:23.138+0300] {processor.py:208} INFO - Processing /home/tasneemahmed24/.local/lib/python3.10/site-packages/airflow/example_dags/example_sensor_decorator.py took 0.072 seconds
[2025-04-13T17:51:26.681+0300] {processor.py:186} INFO - Started process (PID=44369) to work on /home/tasneemahmed24/.local/lib/python3.10/site-packages/airflow/example_dags/example_sensor_decorator.py
[2025-04-13T17:51:26.684+0300] {processor.py:914} INFO - Processing file /home/tasneemahmed24/.local/lib/python3.10/site-packages/airflow/example_dags/example_sensor_decorator.py for tasks to queue
[2025-04-13T17:51:26.688+0300] {logging_mixin.py:190} INFO - [2025-04-13T17:51:26.687+0300] {dagbag.py:588} INFO - Filling up the DagBag from /home/tasneemahmed24/.local/lib/python3.10/site-packages/airflow/example_dags/example_sensor_decorator.py
[2025-04-13T17:51:26.700+0300] {processor.py:925} INFO - DAG(s) 'example_sensor_decorator' retrieved from /home/tasneemahmed24/.local/lib/python3.10/site-packages/airflow/example_dags/example_sensor_decorator.py
[2025-04-13T17:51:26.719+0300] {logging_mixin.py:190} INFO - [2025-04-13T17:51:26.719+0300] {dag.py:3239} INFO - Sync 1 DAGs
[2025-04-13T17:51:26.733+0300] {logging_mixin.py:190} INFO - [2025-04-13T17:51:26.733+0300] {dag.py:4180} INFO - Setting next_dagrun for example_sensor_decorator to None, run_after=None
[2025-04-13T17:51:26.764+0300] {processor.py:208} INFO - Processing /home/tasneemahmed24/.local/lib/python3.10/site-packages/airflow/example_dags/example_sensor_decorator.py took 0.089 seconds
[2025-04-13T17:52:30.725+0300] {processor.py:186} INFO - Started process (PID=44674) to work on /home/tasneemahmed24/.local/lib/python3.10/site-packages/airflow/example_dags/example_sensor_decorator.py
[2025-04-13T17:52:30.727+0300] {processor.py:914} INFO - Processing file /home/tasneemahmed24/.local/lib/python3.10/site-packages/airflow/example_dags/example_sensor_decorator.py for tasks to queue
[2025-04-13T17:52:30.730+0300] {logging_mixin.py:190} INFO - [2025-04-13T17:52:30.729+0300] {dagbag.py:588} INFO - Filling up the DagBag from /home/tasneemahmed24/.local/lib/python3.10/site-packages/airflow/example_dags/example_sensor_decorator.py
[2025-04-13T17:52:30.741+0300] {processor.py:925} INFO - DAG(s) 'example_sensor_decorator' retrieved from /home/tasneemahmed24/.local/lib/python3.10/site-packages/airflow/example_dags/example_sensor_decorator.py
[2025-04-13T17:52:30.757+0300] {logging_mixin.py:190} INFO - [2025-04-13T17:52:30.757+0300] {dag.py:3239} INFO - Sync 1 DAGs
[2025-04-13T17:52:30.771+0300] {logging_mixin.py:190} INFO - [2025-04-13T17:52:30.770+0300] {dag.py:4180} INFO - Setting next_dagrun for example_sensor_decorator to None, run_after=None
[2025-04-13T17:52:30.790+0300] {processor.py:208} INFO - Processing /home/tasneemahmed24/.local/lib/python3.10/site-packages/airflow/example_dags/example_sensor_decorator.py took 0.073 seconds
[2025-04-13T17:53:34.492+0300] {processor.py:186} INFO - Started process (PID=44973) to work on /home/tasneemahmed24/.local/lib/python3.10/site-packages/airflow/example_dags/example_sensor_decorator.py
[2025-04-13T17:53:34.495+0300] {processor.py:914} INFO - Processing file /home/tasneemahmed24/.local/lib/python3.10/site-packages/airflow/example_dags/example_sensor_decorator.py for tasks to queue
[2025-04-13T17:53:34.497+0300] {logging_mixin.py:190} INFO - [2025-04-13T17:53:34.497+0300] {dagbag.py:588} INFO - Filling up the DagBag from /home/tasneemahmed24/.local/lib/python3.10/site-packages/airflow/example_dags/example_sensor_decorator.py
[2025-04-13T17:53:34.506+0300] {processor.py:925} INFO - DAG(s) 'example_sensor_decorator' retrieved from /home/tasneemahmed24/.local/lib/python3.10/site-packages/airflow/example_dags/example_sensor_decorator.py
[2025-04-13T17:53:34.521+0300] {logging_mixin.py:190} INFO - [2025-04-13T17:53:34.521+0300] {dag.py:3239} INFO - Sync 1 DAGs
[2025-04-13T17:53:34.536+0300] {logging_mixin.py:190} INFO - [2025-04-13T17:53:34.536+0300] {dag.py:4180} INFO - Setting next_dagrun for example_sensor_decorator to None, run_after=None
[2025-04-13T17:53:34.559+0300] {processor.py:208} INFO - Processing /home/tasneemahmed24/.local/lib/python3.10/site-packages/airflow/example_dags/example_sensor_decorator.py took 0.075 seconds
[2025-04-13T17:54:31.711+0300] {processor.py:186} INFO - Started process (PID=45244) to work on /home/tasneemahmed24/.local/lib/python3.10/site-packages/airflow/example_dags/example_sensor_decorator.py
[2025-04-13T17:54:31.712+0300] {processor.py:914} INFO - Processing file /home/tasneemahmed24/.local/lib/python3.10/site-packages/airflow/example_dags/example_sensor_decorator.py for tasks to queue
[2025-04-13T17:54:31.715+0300] {logging_mixin.py:190} INFO - [2025-04-13T17:54:31.714+0300] {dagbag.py:588} INFO - Filling up the DagBag from /home/tasneemahmed24/.local/lib/python3.10/site-packages/airflow/example_dags/example_sensor_decorator.py
[2025-04-13T17:54:31.725+0300] {processor.py:925} INFO - DAG(s) 'example_sensor_decorator' retrieved from /home/tasneemahmed24/.local/lib/python3.10/site-packages/airflow/example_dags/example_sensor_decorator.py
[2025-04-13T17:54:31.739+0300] {logging_mixin.py:190} INFO - [2025-04-13T17:54:31.739+0300] {dag.py:3239} INFO - Sync 1 DAGs
[2025-04-13T17:54:31.750+0300] {logging_mixin.py:190} INFO - [2025-04-13T17:54:31.750+0300] {dag.py:4180} INFO - Setting next_dagrun for example_sensor_decorator to None, run_after=None
[2025-04-13T17:54:31.774+0300] {processor.py:208} INFO - Processing /home/tasneemahmed24/.local/lib/python3.10/site-packages/airflow/example_dags/example_sensor_decorator.py took 0.070 seconds
[2025-04-13T17:55:28.764+0300] {processor.py:186} INFO - Started process (PID=45512) to work on /home/tasneemahmed24/.local/lib/python3.10/site-packages/airflow/example_dags/example_sensor_decorator.py
[2025-04-13T17:55:28.772+0300] {processor.py:914} INFO - Processing file /home/tasneemahmed24/.local/lib/python3.10/site-packages/airflow/example_dags/example_sensor_decorator.py for tasks to queue
[2025-04-13T17:55:28.775+0300] {logging_mixin.py:190} INFO - [2025-04-13T17:55:28.774+0300] {dagbag.py:588} INFO - Filling up the DagBag from /home/tasneemahmed24/.local/lib/python3.10/site-packages/airflow/example_dags/example_sensor_decorator.py
[2025-04-13T17:55:28.785+0300] {processor.py:925} INFO - DAG(s) 'example_sensor_decorator' retrieved from /home/tasneemahmed24/.local/lib/python3.10/site-packages/airflow/example_dags/example_sensor_decorator.py
[2025-04-13T17:55:28.800+0300] {logging_mixin.py:190} INFO - [2025-04-13T17:55:28.800+0300] {dag.py:3239} INFO - Sync 1 DAGs
[2025-04-13T17:55:28.814+0300] {logging_mixin.py:190} INFO - [2025-04-13T17:55:28.813+0300] {dag.py:4180} INFO - Setting next_dagrun for example_sensor_decorator to None, run_after=None
[2025-04-13T17:55:28.837+0300] {processor.py:208} INFO - Processing /home/tasneemahmed24/.local/lib/python3.10/site-packages/airflow/example_dags/example_sensor_decorator.py took 0.081 seconds
[2025-04-13T17:56:30.912+0300] {processor.py:186} INFO - Started process (PID=45805) to work on /home/tasneemahmed24/.local/lib/python3.10/site-packages/airflow/example_dags/example_sensor_decorator.py
[2025-04-13T17:56:30.916+0300] {processor.py:914} INFO - Processing file /home/tasneemahmed24/.local/lib/python3.10/site-packages/airflow/example_dags/example_sensor_decorator.py for tasks to queue
[2025-04-13T17:56:30.919+0300] {logging_mixin.py:190} INFO - [2025-04-13T17:56:30.919+0300] {dagbag.py:588} INFO - Filling up the DagBag from /home/tasneemahmed24/.local/lib/python3.10/site-packages/airflow/example_dags/example_sensor_decorator.py
[2025-04-13T17:56:30.929+0300] {processor.py:925} INFO - DAG(s) 'example_sensor_decorator' retrieved from /home/tasneemahmed24/.local/lib/python3.10/site-packages/airflow/example_dags/example_sensor_decorator.py
[2025-04-13T17:56:30.945+0300] {logging_mixin.py:190} INFO - [2025-04-13T17:56:30.945+0300] {dag.py:3239} INFO - Sync 1 DAGs
[2025-04-13T17:56:30.958+0300] {logging_mixin.py:190} INFO - [2025-04-13T17:56:30.958+0300] {dag.py:4180} INFO - Setting next_dagrun for example_sensor_decorator to None, run_after=None
[2025-04-13T17:56:30.985+0300] {processor.py:208} INFO - Processing /home/tasneemahmed24/.local/lib/python3.10/site-packages/airflow/example_dags/example_sensor_decorator.py took 0.082 seconds
[2025-04-13T17:57:27.231+0300] {processor.py:186} INFO - Started process (PID=46071) to work on /home/tasneemahmed24/.local/lib/python3.10/site-packages/airflow/example_dags/example_sensor_decorator.py
[2025-04-13T17:57:27.234+0300] {processor.py:914} INFO - Processing file /home/tasneemahmed24/.local/lib/python3.10/site-packages/airflow/example_dags/example_sensor_decorator.py for tasks to queue
[2025-04-13T17:57:27.237+0300] {logging_mixin.py:190} INFO - [2025-04-13T17:57:27.236+0300] {dagbag.py:588} INFO - Filling up the DagBag from /home/tasneemahmed24/.local/lib/python3.10/site-packages/airflow/example_dags/example_sensor_decorator.py
[2025-04-13T17:57:27.245+0300] {processor.py:925} INFO - DAG(s) 'example_sensor_decorator' retrieved from /home/tasneemahmed24/.local/lib/python3.10/site-packages/airflow/example_dags/example_sensor_decorator.py
[2025-04-13T17:57:27.259+0300] {logging_mixin.py:190} INFO - [2025-04-13T17:57:27.259+0300] {dag.py:3239} INFO - Sync 1 DAGs
[2025-04-13T17:57:27.271+0300] {logging_mixin.py:190} INFO - [2025-04-13T17:57:27.271+0300] {dag.py:4180} INFO - Setting next_dagrun for example_sensor_decorator to None, run_after=None
[2025-04-13T17:57:27.291+0300] {processor.py:208} INFO - Processing /home/tasneemahmed24/.local/lib/python3.10/site-packages/airflow/example_dags/example_sensor_decorator.py took 0.069 seconds
[2025-04-13T17:58:25.919+0300] {processor.py:186} INFO - Started process (PID=46345) to work on /home/tasneemahmed24/.local/lib/python3.10/site-packages/airflow/example_dags/example_sensor_decorator.py
[2025-04-13T17:58:25.922+0300] {processor.py:914} INFO - Processing file /home/tasneemahmed24/.local/lib/python3.10/site-packages/airflow/example_dags/example_sensor_decorator.py for tasks to queue
[2025-04-13T17:58:25.924+0300] {logging_mixin.py:190} INFO - [2025-04-13T17:58:25.923+0300] {dagbag.py:588} INFO - Filling up the DagBag from /home/tasneemahmed24/.local/lib/python3.10/site-packages/airflow/example_dags/example_sensor_decorator.py
[2025-04-13T17:58:25.932+0300] {processor.py:925} INFO - DAG(s) 'example_sensor_decorator' retrieved from /home/tasneemahmed24/.local/lib/python3.10/site-packages/airflow/example_dags/example_sensor_decorator.py
[2025-04-13T17:58:25.946+0300] {logging_mixin.py:190} INFO - [2025-04-13T17:58:25.946+0300] {dag.py:3239} INFO - Sync 1 DAGs
[2025-04-13T17:58:25.958+0300] {logging_mixin.py:190} INFO - [2025-04-13T17:58:25.957+0300] {dag.py:4180} INFO - Setting next_dagrun for example_sensor_decorator to None, run_after=None
[2025-04-13T17:58:25.978+0300] {processor.py:208} INFO - Processing /home/tasneemahmed24/.local/lib/python3.10/site-packages/airflow/example_dags/example_sensor_decorator.py took 0.066 seconds
[2025-04-13T17:59:22.834+0300] {processor.py:186} INFO - Started process (PID=46614) to work on /home/tasneemahmed24/.local/lib/python3.10/site-packages/airflow/example_dags/example_sensor_decorator.py
[2025-04-13T17:59:22.843+0300] {processor.py:914} INFO - Processing file /home/tasneemahmed24/.local/lib/python3.10/site-packages/airflow/example_dags/example_sensor_decorator.py for tasks to queue
[2025-04-13T17:59:22.846+0300] {logging_mixin.py:190} INFO - [2025-04-13T17:59:22.846+0300] {dagbag.py:588} INFO - Filling up the DagBag from /home/tasneemahmed24/.local/lib/python3.10/site-packages/airflow/example_dags/example_sensor_decorator.py
[2025-04-13T17:59:22.860+0300] {processor.py:925} INFO - DAG(s) 'example_sensor_decorator' retrieved from /home/tasneemahmed24/.local/lib/python3.10/site-packages/airflow/example_dags/example_sensor_decorator.py
[2025-04-13T17:59:22.877+0300] {logging_mixin.py:190} INFO - [2025-04-13T17:59:22.876+0300] {dag.py:3239} INFO - Sync 1 DAGs
[2025-04-13T17:59:22.889+0300] {logging_mixin.py:190} INFO - [2025-04-13T17:59:22.889+0300] {dag.py:4180} INFO - Setting next_dagrun for example_sensor_decorator to None, run_after=None
[2025-04-13T17:59:22.914+0300] {processor.py:208} INFO - Processing /home/tasneemahmed24/.local/lib/python3.10/site-packages/airflow/example_dags/example_sensor_decorator.py took 0.088 seconds
[2025-04-13T18:00:16.488+0300] {processor.py:186} INFO - Started process (PID=46873) to work on /home/tasneemahmed24/.local/lib/python3.10/site-packages/airflow/example_dags/example_sensor_decorator.py
[2025-04-13T18:00:16.490+0300] {processor.py:914} INFO - Processing file /home/tasneemahmed24/.local/lib/python3.10/site-packages/airflow/example_dags/example_sensor_decorator.py for tasks to queue
[2025-04-13T18:00:16.492+0300] {logging_mixin.py:190} INFO - [2025-04-13T18:00:16.492+0300] {dagbag.py:588} INFO - Filling up the DagBag from /home/tasneemahmed24/.local/lib/python3.10/site-packages/airflow/example_dags/example_sensor_decorator.py
[2025-04-13T18:00:16.501+0300] {processor.py:925} INFO - DAG(s) 'example_sensor_decorator' retrieved from /home/tasneemahmed24/.local/lib/python3.10/site-packages/airflow/example_dags/example_sensor_decorator.py
[2025-04-13T18:00:16.516+0300] {logging_mixin.py:190} INFO - [2025-04-13T18:00:16.516+0300] {dag.py:3239} INFO - Sync 1 DAGs
[2025-04-13T18:00:16.528+0300] {logging_mixin.py:190} INFO - [2025-04-13T18:00:16.527+0300] {dag.py:4180} INFO - Setting next_dagrun for example_sensor_decorator to None, run_after=None
[2025-04-13T18:00:16.551+0300] {processor.py:208} INFO - Processing /home/tasneemahmed24/.local/lib/python3.10/site-packages/airflow/example_dags/example_sensor_decorator.py took 0.070 seconds
[2025-04-13T18:01:12.378+0300] {processor.py:186} INFO - Started process (PID=47140) to work on /home/tasneemahmed24/.local/lib/python3.10/site-packages/airflow/example_dags/example_sensor_decorator.py
[2025-04-13T18:01:12.387+0300] {processor.py:914} INFO - Processing file /home/tasneemahmed24/.local/lib/python3.10/site-packages/airflow/example_dags/example_sensor_decorator.py for tasks to queue
[2025-04-13T18:01:12.389+0300] {logging_mixin.py:190} INFO - [2025-04-13T18:01:12.389+0300] {dagbag.py:588} INFO - Filling up the DagBag from /home/tasneemahmed24/.local/lib/python3.10/site-packages/airflow/example_dags/example_sensor_decorator.py
[2025-04-13T18:01:12.398+0300] {processor.py:925} INFO - DAG(s) 'example_sensor_decorator' retrieved from /home/tasneemahmed24/.local/lib/python3.10/site-packages/airflow/example_dags/example_sensor_decorator.py
[2025-04-13T18:01:12.413+0300] {logging_mixin.py:190} INFO - [2025-04-13T18:01:12.413+0300] {dag.py:3239} INFO - Sync 1 DAGs
[2025-04-13T18:01:12.426+0300] {logging_mixin.py:190} INFO - [2025-04-13T18:01:12.426+0300] {dag.py:4180} INFO - Setting next_dagrun for example_sensor_decorator to None, run_after=None
[2025-04-13T18:01:12.449+0300] {processor.py:208} INFO - Processing /home/tasneemahmed24/.local/lib/python3.10/site-packages/airflow/example_dags/example_sensor_decorator.py took 0.079 seconds
[2025-04-13T18:02:09.673+0300] {processor.py:186} INFO - Started process (PID=47409) to work on /home/tasneemahmed24/.local/lib/python3.10/site-packages/airflow/example_dags/example_sensor_decorator.py
[2025-04-13T18:02:09.676+0300] {processor.py:914} INFO - Processing file /home/tasneemahmed24/.local/lib/python3.10/site-packages/airflow/example_dags/example_sensor_decorator.py for tasks to queue
[2025-04-13T18:02:09.678+0300] {logging_mixin.py:190} INFO - [2025-04-13T18:02:09.678+0300] {dagbag.py:588} INFO - Filling up the DagBag from /home/tasneemahmed24/.local/lib/python3.10/site-packages/airflow/example_dags/example_sensor_decorator.py
[2025-04-13T18:02:09.688+0300] {processor.py:925} INFO - DAG(s) 'example_sensor_decorator' retrieved from /home/tasneemahmed24/.local/lib/python3.10/site-packages/airflow/example_dags/example_sensor_decorator.py
[2025-04-13T18:02:09.705+0300] {logging_mixin.py:190} INFO - [2025-04-13T18:02:09.705+0300] {dag.py:3239} INFO - Sync 1 DAGs
[2025-04-13T18:02:09.720+0300] {logging_mixin.py:190} INFO - [2025-04-13T18:02:09.720+0300] {dag.py:4180} INFO - Setting next_dagrun for example_sensor_decorator to None, run_after=None
[2025-04-13T18:02:09.747+0300] {processor.py:208} INFO - Processing /home/tasneemahmed24/.local/lib/python3.10/site-packages/airflow/example_dags/example_sensor_decorator.py took 0.083 seconds
[2025-04-13T18:03:07.312+0300] {processor.py:186} INFO - Started process (PID=47683) to work on /home/tasneemahmed24/.local/lib/python3.10/site-packages/airflow/example_dags/example_sensor_decorator.py
[2025-04-13T18:03:07.315+0300] {processor.py:914} INFO - Processing file /home/tasneemahmed24/.local/lib/python3.10/site-packages/airflow/example_dags/example_sensor_decorator.py for tasks to queue
[2025-04-13T18:03:07.317+0300] {logging_mixin.py:190} INFO - [2025-04-13T18:03:07.316+0300] {dagbag.py:588} INFO - Filling up the DagBag from /home/tasneemahmed24/.local/lib/python3.10/site-packages/airflow/example_dags/example_sensor_decorator.py
[2025-04-13T18:03:07.326+0300] {processor.py:925} INFO - DAG(s) 'example_sensor_decorator' retrieved from /home/tasneemahmed24/.local/lib/python3.10/site-packages/airflow/example_dags/example_sensor_decorator.py
[2025-04-13T18:03:07.340+0300] {logging_mixin.py:190} INFO - [2025-04-13T18:03:07.339+0300] {dag.py:3239} INFO - Sync 1 DAGs
[2025-04-13T18:03:07.353+0300] {logging_mixin.py:190} INFO - [2025-04-13T18:03:07.353+0300] {dag.py:4180} INFO - Setting next_dagrun for example_sensor_decorator to None, run_after=None
[2025-04-13T18:03:07.390+0300] {processor.py:208} INFO - Processing /home/tasneemahmed24/.local/lib/python3.10/site-packages/airflow/example_dags/example_sensor_decorator.py took 0.084 seconds
[2025-04-13T18:04:05.365+0300] {processor.py:186} INFO - Started process (PID=47960) to work on /home/tasneemahmed24/.local/lib/python3.10/site-packages/airflow/example_dags/example_sensor_decorator.py
[2025-04-13T18:04:05.375+0300] {processor.py:914} INFO - Processing file /home/tasneemahmed24/.local/lib/python3.10/site-packages/airflow/example_dags/example_sensor_decorator.py for tasks to queue
[2025-04-13T18:04:05.377+0300] {logging_mixin.py:190} INFO - [2025-04-13T18:04:05.377+0300] {dagbag.py:588} INFO - Filling up the DagBag from /home/tasneemahmed24/.local/lib/python3.10/site-packages/airflow/example_dags/example_sensor_decorator.py
[2025-04-13T18:04:05.386+0300] {processor.py:925} INFO - DAG(s) 'example_sensor_decorator' retrieved from /home/tasneemahmed24/.local/lib/python3.10/site-packages/airflow/example_dags/example_sensor_decorator.py
[2025-04-13T18:04:05.399+0300] {logging_mixin.py:190} INFO - [2025-04-13T18:04:05.399+0300] {dag.py:3239} INFO - Sync 1 DAGs
[2025-04-13T18:04:05.411+0300] {logging_mixin.py:190} INFO - [2025-04-13T18:04:05.411+0300] {dag.py:4180} INFO - Setting next_dagrun for example_sensor_decorator to None, run_after=None
[2025-04-13T18:04:05.431+0300] {processor.py:208} INFO - Processing /home/tasneemahmed24/.local/lib/python3.10/site-packages/airflow/example_dags/example_sensor_decorator.py took 0.073 seconds
[2025-04-13T18:05:10.233+0300] {processor.py:186} INFO - Started process (PID=48266) to work on /home/tasneemahmed24/.local/lib/python3.10/site-packages/airflow/example_dags/example_sensor_decorator.py
[2025-04-13T18:05:10.235+0300] {processor.py:914} INFO - Processing file /home/tasneemahmed24/.local/lib/python3.10/site-packages/airflow/example_dags/example_sensor_decorator.py for tasks to queue
[2025-04-13T18:05:10.238+0300] {logging_mixin.py:190} INFO - [2025-04-13T18:05:10.237+0300] {dagbag.py:588} INFO - Filling up the DagBag from /home/tasneemahmed24/.local/lib/python3.10/site-packages/airflow/example_dags/example_sensor_decorator.py
[2025-04-13T18:05:10.255+0300] {processor.py:925} INFO - DAG(s) 'example_sensor_decorator' retrieved from /home/tasneemahmed24/.local/lib/python3.10/site-packages/airflow/example_dags/example_sensor_decorator.py
[2025-04-13T18:05:10.277+0300] {logging_mixin.py:190} INFO - [2025-04-13T18:05:10.276+0300] {dag.py:3239} INFO - Sync 1 DAGs
[2025-04-13T18:05:10.297+0300] {logging_mixin.py:190} INFO - [2025-04-13T18:05:10.296+0300] {dag.py:4180} INFO - Setting next_dagrun for example_sensor_decorator to None, run_after=None
[2025-04-13T18:05:10.326+0300] {processor.py:208} INFO - Processing /home/tasneemahmed24/.local/lib/python3.10/site-packages/airflow/example_dags/example_sensor_decorator.py took 0.107 seconds
[2025-04-13T18:06:06.836+0300] {processor.py:186} INFO - Started process (PID=48536) to work on /home/tasneemahmed24/.local/lib/python3.10/site-packages/airflow/example_dags/example_sensor_decorator.py
[2025-04-13T18:06:06.838+0300] {processor.py:914} INFO - Processing file /home/tasneemahmed24/.local/lib/python3.10/site-packages/airflow/example_dags/example_sensor_decorator.py for tasks to queue
[2025-04-13T18:06:06.840+0300] {logging_mixin.py:190} INFO - [2025-04-13T18:06:06.840+0300] {dagbag.py:588} INFO - Filling up the DagBag from /home/tasneemahmed24/.local/lib/python3.10/site-packages/airflow/example_dags/example_sensor_decorator.py
[2025-04-13T18:06:06.852+0300] {processor.py:925} INFO - DAG(s) 'example_sensor_decorator' retrieved from /home/tasneemahmed24/.local/lib/python3.10/site-packages/airflow/example_dags/example_sensor_decorator.py
[2025-04-13T18:06:06.869+0300] {logging_mixin.py:190} INFO - [2025-04-13T18:06:06.869+0300] {dag.py:3239} INFO - Sync 1 DAGs
[2025-04-13T18:06:06.890+0300] {logging_mixin.py:190} INFO - [2025-04-13T18:06:06.890+0300] {dag.py:4180} INFO - Setting next_dagrun for example_sensor_decorator to None, run_after=None
[2025-04-13T18:06:06.919+0300] {processor.py:208} INFO - Processing /home/tasneemahmed24/.local/lib/python3.10/site-packages/airflow/example_dags/example_sensor_decorator.py took 0.089 seconds
[2025-04-13T18:07:27.558+0300] {processor.py:186} INFO - Started process (PID=48921) to work on /home/tasneemahmed24/.local/lib/python3.10/site-packages/airflow/example_dags/example_sensor_decorator.py
[2025-04-13T18:07:27.559+0300] {processor.py:914} INFO - Processing file /home/tasneemahmed24/.local/lib/python3.10/site-packages/airflow/example_dags/example_sensor_decorator.py for tasks to queue
[2025-04-13T18:07:27.561+0300] {logging_mixin.py:190} INFO - [2025-04-13T18:07:27.561+0300] {dagbag.py:588} INFO - Filling up the DagBag from /home/tasneemahmed24/.local/lib/python3.10/site-packages/airflow/example_dags/example_sensor_decorator.py
[2025-04-13T18:07:27.572+0300] {processor.py:925} INFO - DAG(s) 'example_sensor_decorator' retrieved from /home/tasneemahmed24/.local/lib/python3.10/site-packages/airflow/example_dags/example_sensor_decorator.py
[2025-04-13T18:07:27.595+0300] {logging_mixin.py:190} INFO - [2025-04-13T18:07:27.594+0300] {dag.py:3239} INFO - Sync 1 DAGs
[2025-04-13T18:07:27.617+0300] {logging_mixin.py:190} INFO - [2025-04-13T18:07:27.616+0300] {dag.py:4180} INFO - Setting next_dagrun for example_sensor_decorator to None, run_after=None
[2025-04-13T18:07:27.668+0300] {processor.py:208} INFO - Processing /home/tasneemahmed24/.local/lib/python3.10/site-packages/airflow/example_dags/example_sensor_decorator.py took 0.117 seconds
[2025-04-13T18:08:22.376+0300] {processor.py:186} INFO - Started process (PID=49182) to work on /home/tasneemahmed24/.local/lib/python3.10/site-packages/airflow/example_dags/example_sensor_decorator.py
[2025-04-13T18:08:22.397+0300] {processor.py:914} INFO - Processing file /home/tasneemahmed24/.local/lib/python3.10/site-packages/airflow/example_dags/example_sensor_decorator.py for tasks to queue
[2025-04-13T18:08:22.401+0300] {logging_mixin.py:190} INFO - [2025-04-13T18:08:22.401+0300] {dagbag.py:588} INFO - Filling up the DagBag from /home/tasneemahmed24/.local/lib/python3.10/site-packages/airflow/example_dags/example_sensor_decorator.py
[2025-04-13T18:08:22.412+0300] {processor.py:925} INFO - DAG(s) 'example_sensor_decorator' retrieved from /home/tasneemahmed24/.local/lib/python3.10/site-packages/airflow/example_dags/example_sensor_decorator.py
[2025-04-13T18:08:22.428+0300] {logging_mixin.py:190} INFO - [2025-04-13T18:08:22.428+0300] {dag.py:3239} INFO - Sync 1 DAGs
[2025-04-13T18:08:22.443+0300] {logging_mixin.py:190} INFO - [2025-04-13T18:08:22.443+0300] {dag.py:4180} INFO - Setting next_dagrun for example_sensor_decorator to None, run_after=None
[2025-04-13T18:08:22.465+0300] {processor.py:208} INFO - Processing /home/tasneemahmed24/.local/lib/python3.10/site-packages/airflow/example_dags/example_sensor_decorator.py took 0.097 seconds
[2025-04-13T18:09:20.566+0300] {processor.py:186} INFO - Started process (PID=49477) to work on /home/tasneemahmed24/.local/lib/python3.10/site-packages/airflow/example_dags/example_sensor_decorator.py
[2025-04-13T18:09:20.575+0300] {processor.py:914} INFO - Processing file /home/tasneemahmed24/.local/lib/python3.10/site-packages/airflow/example_dags/example_sensor_decorator.py for tasks to queue
[2025-04-13T18:09:20.578+0300] {logging_mixin.py:190} INFO - [2025-04-13T18:09:20.577+0300] {dagbag.py:588} INFO - Filling up the DagBag from /home/tasneemahmed24/.local/lib/python3.10/site-packages/airflow/example_dags/example_sensor_decorator.py
[2025-04-13T18:09:20.586+0300] {processor.py:925} INFO - DAG(s) 'example_sensor_decorator' retrieved from /home/tasneemahmed24/.local/lib/python3.10/site-packages/airflow/example_dags/example_sensor_decorator.py
[2025-04-13T18:09:20.603+0300] {logging_mixin.py:190} INFO - [2025-04-13T18:09:20.602+0300] {dag.py:3239} INFO - Sync 1 DAGs
[2025-04-13T18:09:20.616+0300] {logging_mixin.py:190} INFO - [2025-04-13T18:09:20.615+0300] {dag.py:4180} INFO - Setting next_dagrun for example_sensor_decorator to None, run_after=None
[2025-04-13T18:09:20.637+0300] {processor.py:208} INFO - Processing /home/tasneemahmed24/.local/lib/python3.10/site-packages/airflow/example_dags/example_sensor_decorator.py took 0.080 seconds
[2025-04-13T18:10:24.719+0300] {processor.py:186} INFO - Started process (PID=49783) to work on /home/tasneemahmed24/.local/lib/python3.10/site-packages/airflow/example_dags/example_sensor_decorator.py
[2025-04-13T18:10:24.721+0300] {processor.py:914} INFO - Processing file /home/tasneemahmed24/.local/lib/python3.10/site-packages/airflow/example_dags/example_sensor_decorator.py for tasks to queue
[2025-04-13T18:10:24.723+0300] {logging_mixin.py:190} INFO - [2025-04-13T18:10:24.722+0300] {dagbag.py:588} INFO - Filling up the DagBag from /home/tasneemahmed24/.local/lib/python3.10/site-packages/airflow/example_dags/example_sensor_decorator.py
[2025-04-13T18:10:24.733+0300] {processor.py:925} INFO - DAG(s) 'example_sensor_decorator' retrieved from /home/tasneemahmed24/.local/lib/python3.10/site-packages/airflow/example_dags/example_sensor_decorator.py
[2025-04-13T18:10:24.747+0300] {logging_mixin.py:190} INFO - [2025-04-13T18:10:24.747+0300] {dag.py:3239} INFO - Sync 1 DAGs
[2025-04-13T18:10:24.761+0300] {logging_mixin.py:190} INFO - [2025-04-13T18:10:24.760+0300] {dag.py:4180} INFO - Setting next_dagrun for example_sensor_decorator to None, run_after=None
[2025-04-13T18:10:24.782+0300] {processor.py:208} INFO - Processing /home/tasneemahmed24/.local/lib/python3.10/site-packages/airflow/example_dags/example_sensor_decorator.py took 0.071 seconds
[2025-04-13T18:11:44.645+0300] {processor.py:186} INFO - Started process (PID=50173) to work on /home/tasneemahmed24/.local/lib/python3.10/site-packages/airflow/example_dags/example_sensor_decorator.py
[2025-04-13T18:11:44.647+0300] {processor.py:914} INFO - Processing file /home/tasneemahmed24/.local/lib/python3.10/site-packages/airflow/example_dags/example_sensor_decorator.py for tasks to queue
[2025-04-13T18:11:44.650+0300] {logging_mixin.py:190} INFO - [2025-04-13T18:11:44.649+0300] {dagbag.py:588} INFO - Filling up the DagBag from /home/tasneemahmed24/.local/lib/python3.10/site-packages/airflow/example_dags/example_sensor_decorator.py
[2025-04-13T18:11:44.660+0300] {processor.py:925} INFO - DAG(s) 'example_sensor_decorator' retrieved from /home/tasneemahmed24/.local/lib/python3.10/site-packages/airflow/example_dags/example_sensor_decorator.py
[2025-04-13T18:11:44.673+0300] {logging_mixin.py:190} INFO - [2025-04-13T18:11:44.673+0300] {dag.py:3239} INFO - Sync 1 DAGs
[2025-04-13T18:11:44.686+0300] {logging_mixin.py:190} INFO - [2025-04-13T18:11:44.686+0300] {dag.py:4180} INFO - Setting next_dagrun for example_sensor_decorator to None, run_after=None
[2025-04-13T18:11:44.710+0300] {processor.py:208} INFO - Processing /home/tasneemahmed24/.local/lib/python3.10/site-packages/airflow/example_dags/example_sensor_decorator.py took 0.072 seconds
[2025-04-13T18:12:42.186+0300] {processor.py:186} INFO - Started process (PID=50495) to work on /home/tasneemahmed24/.local/lib/python3.10/site-packages/airflow/example_dags/example_sensor_decorator.py
[2025-04-13T18:12:42.195+0300] {processor.py:914} INFO - Processing file /home/tasneemahmed24/.local/lib/python3.10/site-packages/airflow/example_dags/example_sensor_decorator.py for tasks to queue
[2025-04-13T18:12:42.198+0300] {logging_mixin.py:190} INFO - [2025-04-13T18:12:42.197+0300] {dagbag.py:588} INFO - Filling up the DagBag from /home/tasneemahmed24/.local/lib/python3.10/site-packages/airflow/example_dags/example_sensor_decorator.py
[2025-04-13T18:12:42.208+0300] {processor.py:925} INFO - DAG(s) 'example_sensor_decorator' retrieved from /home/tasneemahmed24/.local/lib/python3.10/site-packages/airflow/example_dags/example_sensor_decorator.py
[2025-04-13T18:12:42.228+0300] {logging_mixin.py:190} INFO - [2025-04-13T18:12:42.228+0300] {dag.py:3239} INFO - Sync 1 DAGs
[2025-04-13T18:12:42.245+0300] {logging_mixin.py:190} INFO - [2025-04-13T18:12:42.244+0300] {dag.py:4180} INFO - Setting next_dagrun for example_sensor_decorator to None, run_after=None
[2025-04-13T18:12:42.267+0300] {processor.py:208} INFO - Processing /home/tasneemahmed24/.local/lib/python3.10/site-packages/airflow/example_dags/example_sensor_decorator.py took 0.095 seconds
[2025-04-13T18:13:39.031+0300] {processor.py:186} INFO - Started process (PID=50772) to work on /home/tasneemahmed24/.local/lib/python3.10/site-packages/airflow/example_dags/example_sensor_decorator.py
[2025-04-13T18:13:39.032+0300] {processor.py:914} INFO - Processing file /home/tasneemahmed24/.local/lib/python3.10/site-packages/airflow/example_dags/example_sensor_decorator.py for tasks to queue
[2025-04-13T18:13:39.034+0300] {logging_mixin.py:190} INFO - [2025-04-13T18:13:39.034+0300] {dagbag.py:588} INFO - Filling up the DagBag from /home/tasneemahmed24/.local/lib/python3.10/site-packages/airflow/example_dags/example_sensor_decorator.py
[2025-04-13T18:13:39.047+0300] {processor.py:925} INFO - DAG(s) 'example_sensor_decorator' retrieved from /home/tasneemahmed24/.local/lib/python3.10/site-packages/airflow/example_dags/example_sensor_decorator.py
[2025-04-13T18:13:39.063+0300] {logging_mixin.py:190} INFO - [2025-04-13T18:13:39.063+0300] {dag.py:3239} INFO - Sync 1 DAGs
[2025-04-13T18:13:39.077+0300] {logging_mixin.py:190} INFO - [2025-04-13T18:13:39.076+0300] {dag.py:4180} INFO - Setting next_dagrun for example_sensor_decorator to None, run_after=None
[2025-04-13T18:13:39.102+0300] {processor.py:208} INFO - Processing /home/tasneemahmed24/.local/lib/python3.10/site-packages/airflow/example_dags/example_sensor_decorator.py took 0.082 seconds
[2025-04-13T18:14:35.379+0300] {processor.py:186} INFO - Started process (PID=51057) to work on /home/tasneemahmed24/.local/lib/python3.10/site-packages/airflow/example_dags/example_sensor_decorator.py
[2025-04-13T18:14:35.388+0300] {processor.py:914} INFO - Processing file /home/tasneemahmed24/.local/lib/python3.10/site-packages/airflow/example_dags/example_sensor_decorator.py for tasks to queue
[2025-04-13T18:14:35.391+0300] {logging_mixin.py:190} INFO - [2025-04-13T18:14:35.390+0300] {dagbag.py:588} INFO - Filling up the DagBag from /home/tasneemahmed24/.local/lib/python3.10/site-packages/airflow/example_dags/example_sensor_decorator.py
[2025-04-13T18:14:35.401+0300] {processor.py:925} INFO - DAG(s) 'example_sensor_decorator' retrieved from /home/tasneemahmed24/.local/lib/python3.10/site-packages/airflow/example_dags/example_sensor_decorator.py
[2025-04-13T18:14:35.417+0300] {logging_mixin.py:190} INFO - [2025-04-13T18:14:35.417+0300] {dag.py:3239} INFO - Sync 1 DAGs
[2025-04-13T18:14:35.433+0300] {logging_mixin.py:190} INFO - [2025-04-13T18:14:35.432+0300] {dag.py:4180} INFO - Setting next_dagrun for example_sensor_decorator to None, run_after=None
[2025-04-13T18:14:35.456+0300] {processor.py:208} INFO - Processing /home/tasneemahmed24/.local/lib/python3.10/site-packages/airflow/example_dags/example_sensor_decorator.py took 0.084 seconds
[2025-04-13T18:15:35.918+0300] {processor.py:186} INFO - Started process (PID=51350) to work on /home/tasneemahmed24/.local/lib/python3.10/site-packages/airflow/example_dags/example_sensor_decorator.py
[2025-04-13T18:15:35.926+0300] {processor.py:914} INFO - Processing file /home/tasneemahmed24/.local/lib/python3.10/site-packages/airflow/example_dags/example_sensor_decorator.py for tasks to queue
[2025-04-13T18:15:35.931+0300] {logging_mixin.py:190} INFO - [2025-04-13T18:15:35.930+0300] {dagbag.py:588} INFO - Filling up the DagBag from /home/tasneemahmed24/.local/lib/python3.10/site-packages/airflow/example_dags/example_sensor_decorator.py
[2025-04-13T18:15:35.941+0300] {processor.py:925} INFO - DAG(s) 'example_sensor_decorator' retrieved from /home/tasneemahmed24/.local/lib/python3.10/site-packages/airflow/example_dags/example_sensor_decorator.py
[2025-04-13T18:15:35.960+0300] {logging_mixin.py:190} INFO - [2025-04-13T18:15:35.959+0300] {dag.py:3239} INFO - Sync 1 DAGs
[2025-04-13T18:15:35.976+0300] {logging_mixin.py:190} INFO - [2025-04-13T18:15:35.976+0300] {dag.py:4180} INFO - Setting next_dagrun for example_sensor_decorator to None, run_after=None
[2025-04-13T18:15:35.998+0300] {processor.py:208} INFO - Processing /home/tasneemahmed24/.local/lib/python3.10/site-packages/airflow/example_dags/example_sensor_decorator.py took 0.088 seconds
[2025-04-13T18:16:39.488+0300] {processor.py:186} INFO - Started process (PID=51652) to work on /home/tasneemahmed24/.local/lib/python3.10/site-packages/airflow/example_dags/example_sensor_decorator.py
[2025-04-13T18:16:39.490+0300] {processor.py:914} INFO - Processing file /home/tasneemahmed24/.local/lib/python3.10/site-packages/airflow/example_dags/example_sensor_decorator.py for tasks to queue
[2025-04-13T18:16:39.493+0300] {logging_mixin.py:190} INFO - [2025-04-13T18:16:39.492+0300] {dagbag.py:588} INFO - Filling up the DagBag from /home/tasneemahmed24/.local/lib/python3.10/site-packages/airflow/example_dags/example_sensor_decorator.py
[2025-04-13T18:16:39.504+0300] {processor.py:925} INFO - DAG(s) 'example_sensor_decorator' retrieved from /home/tasneemahmed24/.local/lib/python3.10/site-packages/airflow/example_dags/example_sensor_decorator.py
[2025-04-13T18:16:39.522+0300] {logging_mixin.py:190} INFO - [2025-04-13T18:16:39.521+0300] {dag.py:3239} INFO - Sync 1 DAGs
[2025-04-13T18:16:39.536+0300] {logging_mixin.py:190} INFO - [2025-04-13T18:16:39.536+0300] {dag.py:4180} INFO - Setting next_dagrun for example_sensor_decorator to None, run_after=None
[2025-04-13T18:16:39.560+0300] {processor.py:208} INFO - Processing /home/tasneemahmed24/.local/lib/python3.10/site-packages/airflow/example_dags/example_sensor_decorator.py took 0.085 seconds
[2025-04-13T18:17:38.818+0300] {processor.py:186} INFO - Started process (PID=51933) to work on /home/tasneemahmed24/.local/lib/python3.10/site-packages/airflow/example_dags/example_sensor_decorator.py
[2025-04-13T18:17:38.820+0300] {processor.py:914} INFO - Processing file /home/tasneemahmed24/.local/lib/python3.10/site-packages/airflow/example_dags/example_sensor_decorator.py for tasks to queue
[2025-04-13T18:17:38.823+0300] {logging_mixin.py:190} INFO - [2025-04-13T18:17:38.822+0300] {dagbag.py:588} INFO - Filling up the DagBag from /home/tasneemahmed24/.local/lib/python3.10/site-packages/airflow/example_dags/example_sensor_decorator.py
[2025-04-13T18:17:38.834+0300] {processor.py:925} INFO - DAG(s) 'example_sensor_decorator' retrieved from /home/tasneemahmed24/.local/lib/python3.10/site-packages/airflow/example_dags/example_sensor_decorator.py
[2025-04-13T18:17:38.855+0300] {logging_mixin.py:190} INFO - [2025-04-13T18:17:38.854+0300] {dag.py:3239} INFO - Sync 1 DAGs
[2025-04-13T18:17:38.874+0300] {logging_mixin.py:190} INFO - [2025-04-13T18:17:38.874+0300] {dag.py:4180} INFO - Setting next_dagrun for example_sensor_decorator to None, run_after=None
[2025-04-13T18:17:38.906+0300] {processor.py:208} INFO - Processing /home/tasneemahmed24/.local/lib/python3.10/site-packages/airflow/example_dags/example_sensor_decorator.py took 0.098 seconds
[2025-04-13T18:18:37.535+0300] {processor.py:186} INFO - Started process (PID=52212) to work on /home/tasneemahmed24/.local/lib/python3.10/site-packages/airflow/example_dags/example_sensor_decorator.py
[2025-04-13T18:18:37.543+0300] {processor.py:914} INFO - Processing file /home/tasneemahmed24/.local/lib/python3.10/site-packages/airflow/example_dags/example_sensor_decorator.py for tasks to queue
[2025-04-13T18:18:37.545+0300] {logging_mixin.py:190} INFO - [2025-04-13T18:18:37.545+0300] {dagbag.py:588} INFO - Filling up the DagBag from /home/tasneemahmed24/.local/lib/python3.10/site-packages/airflow/example_dags/example_sensor_decorator.py
[2025-04-13T18:18:37.555+0300] {processor.py:925} INFO - DAG(s) 'example_sensor_decorator' retrieved from /home/tasneemahmed24/.local/lib/python3.10/site-packages/airflow/example_dags/example_sensor_decorator.py
[2025-04-13T18:18:37.573+0300] {logging_mixin.py:190} INFO - [2025-04-13T18:18:37.572+0300] {dag.py:3239} INFO - Sync 1 DAGs
[2025-04-13T18:18:37.591+0300] {logging_mixin.py:190} INFO - [2025-04-13T18:18:37.590+0300] {dag.py:4180} INFO - Setting next_dagrun for example_sensor_decorator to None, run_after=None
[2025-04-13T18:18:37.616+0300] {processor.py:208} INFO - Processing /home/tasneemahmed24/.local/lib/python3.10/site-packages/airflow/example_dags/example_sensor_decorator.py took 0.088 seconds
[2025-04-13T18:19:37.373+0300] {processor.py:186} INFO - Started process (PID=52493) to work on /home/tasneemahmed24/.local/lib/python3.10/site-packages/airflow/example_dags/example_sensor_decorator.py
[2025-04-13T18:19:37.380+0300] {processor.py:914} INFO - Processing file /home/tasneemahmed24/.local/lib/python3.10/site-packages/airflow/example_dags/example_sensor_decorator.py for tasks to queue
[2025-04-13T18:19:37.382+0300] {logging_mixin.py:190} INFO - [2025-04-13T18:19:37.381+0300] {dagbag.py:588} INFO - Filling up the DagBag from /home/tasneemahmed24/.local/lib/python3.10/site-packages/airflow/example_dags/example_sensor_decorator.py
[2025-04-13T18:19:37.392+0300] {processor.py:925} INFO - DAG(s) 'example_sensor_decorator' retrieved from /home/tasneemahmed24/.local/lib/python3.10/site-packages/airflow/example_dags/example_sensor_decorator.py
[2025-04-13T18:19:37.410+0300] {logging_mixin.py:190} INFO - [2025-04-13T18:19:37.410+0300] {dag.py:3239} INFO - Sync 1 DAGs
[2025-04-13T18:19:37.425+0300] {logging_mixin.py:190} INFO - [2025-04-13T18:19:37.425+0300] {dag.py:4180} INFO - Setting next_dagrun for example_sensor_decorator to None, run_after=None
[2025-04-13T18:19:37.453+0300] {processor.py:208} INFO - Processing /home/tasneemahmed24/.local/lib/python3.10/site-packages/airflow/example_dags/example_sensor_decorator.py took 0.089 seconds
[2025-04-13T18:20:37.328+0300] {processor.py:186} INFO - Started process (PID=52797) to work on /home/tasneemahmed24/.local/lib/python3.10/site-packages/airflow/example_dags/example_sensor_decorator.py
[2025-04-13T18:20:37.330+0300] {processor.py:914} INFO - Processing file /home/tasneemahmed24/.local/lib/python3.10/site-packages/airflow/example_dags/example_sensor_decorator.py for tasks to queue
[2025-04-13T18:20:37.334+0300] {logging_mixin.py:190} INFO - [2025-04-13T18:20:37.333+0300] {dagbag.py:588} INFO - Filling up the DagBag from /home/tasneemahmed24/.local/lib/python3.10/site-packages/airflow/example_dags/example_sensor_decorator.py
[2025-04-13T18:20:37.348+0300] {processor.py:925} INFO - DAG(s) 'example_sensor_decorator' retrieved from /home/tasneemahmed24/.local/lib/python3.10/site-packages/airflow/example_dags/example_sensor_decorator.py
[2025-04-13T18:20:37.368+0300] {logging_mixin.py:190} INFO - [2025-04-13T18:20:37.368+0300] {dag.py:3239} INFO - Sync 1 DAGs
[2025-04-13T18:20:37.385+0300] {logging_mixin.py:190} INFO - [2025-04-13T18:20:37.385+0300] {dag.py:4180} INFO - Setting next_dagrun for example_sensor_decorator to None, run_after=None
[2025-04-13T18:20:37.413+0300] {processor.py:208} INFO - Processing /home/tasneemahmed24/.local/lib/python3.10/site-packages/airflow/example_dags/example_sensor_decorator.py took 0.094 seconds
[2025-04-13T18:21:41.272+0300] {processor.py:186} INFO - Started process (PID=53114) to work on /home/tasneemahmed24/.local/lib/python3.10/site-packages/airflow/example_dags/example_sensor_decorator.py
[2025-04-13T18:21:41.275+0300] {processor.py:914} INFO - Processing file /home/tasneemahmed24/.local/lib/python3.10/site-packages/airflow/example_dags/example_sensor_decorator.py for tasks to queue
[2025-04-13T18:21:41.278+0300] {logging_mixin.py:190} INFO - [2025-04-13T18:21:41.278+0300] {dagbag.py:588} INFO - Filling up the DagBag from /home/tasneemahmed24/.local/lib/python3.10/site-packages/airflow/example_dags/example_sensor_decorator.py
[2025-04-13T18:21:41.290+0300] {processor.py:925} INFO - DAG(s) 'example_sensor_decorator' retrieved from /home/tasneemahmed24/.local/lib/python3.10/site-packages/airflow/example_dags/example_sensor_decorator.py
[2025-04-13T18:21:41.306+0300] {logging_mixin.py:190} INFO - [2025-04-13T18:21:41.305+0300] {dag.py:3239} INFO - Sync 1 DAGs
[2025-04-13T18:21:41.318+0300] {logging_mixin.py:190} INFO - [2025-04-13T18:21:41.318+0300] {dag.py:4180} INFO - Setting next_dagrun for example_sensor_decorator to None, run_after=None
[2025-04-13T18:21:41.344+0300] {processor.py:208} INFO - Processing /home/tasneemahmed24/.local/lib/python3.10/site-packages/airflow/example_dags/example_sensor_decorator.py took 0.078 seconds
[2025-04-13T18:22:41.026+0300] {processor.py:186} INFO - Started process (PID=53430) to work on /home/tasneemahmed24/.local/lib/python3.10/site-packages/airflow/example_dags/example_sensor_decorator.py
[2025-04-13T18:22:41.035+0300] {processor.py:914} INFO - Processing file /home/tasneemahmed24/.local/lib/python3.10/site-packages/airflow/example_dags/example_sensor_decorator.py for tasks to queue
[2025-04-13T18:22:41.037+0300] {logging_mixin.py:190} INFO - [2025-04-13T18:22:41.037+0300] {dagbag.py:588} INFO - Filling up the DagBag from /home/tasneemahmed24/.local/lib/python3.10/site-packages/airflow/example_dags/example_sensor_decorator.py
[2025-04-13T18:22:41.046+0300] {processor.py:925} INFO - DAG(s) 'example_sensor_decorator' retrieved from /home/tasneemahmed24/.local/lib/python3.10/site-packages/airflow/example_dags/example_sensor_decorator.py
[2025-04-13T18:22:41.066+0300] {logging_mixin.py:190} INFO - [2025-04-13T18:22:41.066+0300] {dag.py:3239} INFO - Sync 1 DAGs
[2025-04-13T18:22:41.082+0300] {logging_mixin.py:190} INFO - [2025-04-13T18:22:41.082+0300] {dag.py:4180} INFO - Setting next_dagrun for example_sensor_decorator to None, run_after=None
[2025-04-13T18:22:41.106+0300] {processor.py:208} INFO - Processing /home/tasneemahmed24/.local/lib/python3.10/site-packages/airflow/example_dags/example_sensor_decorator.py took 0.087 seconds
[2025-04-13T18:23:38.701+0300] {processor.py:186} INFO - Started process (PID=53706) to work on /home/tasneemahmed24/.local/lib/python3.10/site-packages/airflow/example_dags/example_sensor_decorator.py
[2025-04-13T18:23:38.703+0300] {processor.py:914} INFO - Processing file /home/tasneemahmed24/.local/lib/python3.10/site-packages/airflow/example_dags/example_sensor_decorator.py for tasks to queue
[2025-04-13T18:23:38.705+0300] {logging_mixin.py:190} INFO - [2025-04-13T18:23:38.705+0300] {dagbag.py:588} INFO - Filling up the DagBag from /home/tasneemahmed24/.local/lib/python3.10/site-packages/airflow/example_dags/example_sensor_decorator.py
[2025-04-13T18:23:38.715+0300] {processor.py:925} INFO - DAG(s) 'example_sensor_decorator' retrieved from /home/tasneemahmed24/.local/lib/python3.10/site-packages/airflow/example_dags/example_sensor_decorator.py
[2025-04-13T18:23:38.731+0300] {logging_mixin.py:190} INFO - [2025-04-13T18:23:38.731+0300] {dag.py:3239} INFO - Sync 1 DAGs
[2025-04-13T18:23:38.745+0300] {logging_mixin.py:190} INFO - [2025-04-13T18:23:38.745+0300] {dag.py:4180} INFO - Setting next_dagrun for example_sensor_decorator to None, run_after=None
[2025-04-13T18:23:38.764+0300] {processor.py:208} INFO - Processing /home/tasneemahmed24/.local/lib/python3.10/site-packages/airflow/example_dags/example_sensor_decorator.py took 0.070 seconds
[2025-04-13T18:24:48.858+0300] {processor.py:186} INFO - Started process (PID=54043) to work on /home/tasneemahmed24/.local/lib/python3.10/site-packages/airflow/example_dags/example_sensor_decorator.py
[2025-04-13T18:24:48.867+0300] {processor.py:914} INFO - Processing file /home/tasneemahmed24/.local/lib/python3.10/site-packages/airflow/example_dags/example_sensor_decorator.py for tasks to queue
[2025-04-13T18:24:48.870+0300] {logging_mixin.py:190} INFO - [2025-04-13T18:24:48.870+0300] {dagbag.py:588} INFO - Filling up the DagBag from /home/tasneemahmed24/.local/lib/python3.10/site-packages/airflow/example_dags/example_sensor_decorator.py
[2025-04-13T18:24:48.881+0300] {processor.py:925} INFO - DAG(s) 'example_sensor_decorator' retrieved from /home/tasneemahmed24/.local/lib/python3.10/site-packages/airflow/example_dags/example_sensor_decorator.py
[2025-04-13T18:24:48.899+0300] {logging_mixin.py:190} INFO - [2025-04-13T18:24:48.899+0300] {dag.py:3239} INFO - Sync 1 DAGs
[2025-04-13T18:24:48.919+0300] {logging_mixin.py:190} INFO - [2025-04-13T18:24:48.918+0300] {dag.py:4180} INFO - Setting next_dagrun for example_sensor_decorator to None, run_after=None
[2025-04-13T18:24:48.943+0300] {processor.py:208} INFO - Processing /home/tasneemahmed24/.local/lib/python3.10/site-packages/airflow/example_dags/example_sensor_decorator.py took 0.091 seconds
[2025-04-13T18:25:49.523+0300] {processor.py:186} INFO - Started process (PID=54340) to work on /home/tasneemahmed24/.local/lib/python3.10/site-packages/airflow/example_dags/example_sensor_decorator.py
[2025-04-13T18:25:49.526+0300] {processor.py:914} INFO - Processing file /home/tasneemahmed24/.local/lib/python3.10/site-packages/airflow/example_dags/example_sensor_decorator.py for tasks to queue
[2025-04-13T18:25:49.530+0300] {logging_mixin.py:190} INFO - [2025-04-13T18:25:49.529+0300] {dagbag.py:588} INFO - Filling up the DagBag from /home/tasneemahmed24/.local/lib/python3.10/site-packages/airflow/example_dags/example_sensor_decorator.py
[2025-04-13T18:25:49.541+0300] {processor.py:925} INFO - DAG(s) 'example_sensor_decorator' retrieved from /home/tasneemahmed24/.local/lib/python3.10/site-packages/airflow/example_dags/example_sensor_decorator.py
[2025-04-13T18:25:49.563+0300] {logging_mixin.py:190} INFO - [2025-04-13T18:25:49.563+0300] {dag.py:3239} INFO - Sync 1 DAGs
[2025-04-13T18:25:49.584+0300] {logging_mixin.py:190} INFO - [2025-04-13T18:25:49.583+0300] {dag.py:4180} INFO - Setting next_dagrun for example_sensor_decorator to None, run_after=None
[2025-04-13T18:25:49.627+0300] {processor.py:208} INFO - Processing /home/tasneemahmed24/.local/lib/python3.10/site-packages/airflow/example_dags/example_sensor_decorator.py took 0.114 seconds
[2025-04-13T18:26:50.293+0300] {processor.py:186} INFO - Started process (PID=54626) to work on /home/tasneemahmed24/.local/lib/python3.10/site-packages/airflow/example_dags/example_sensor_decorator.py
[2025-04-13T18:26:50.300+0300] {processor.py:914} INFO - Processing file /home/tasneemahmed24/.local/lib/python3.10/site-packages/airflow/example_dags/example_sensor_decorator.py for tasks to queue
[2025-04-13T18:26:50.301+0300] {logging_mixin.py:190} INFO - [2025-04-13T18:26:50.301+0300] {dagbag.py:588} INFO - Filling up the DagBag from /home/tasneemahmed24/.local/lib/python3.10/site-packages/airflow/example_dags/example_sensor_decorator.py
[2025-04-13T18:26:50.310+0300] {processor.py:925} INFO - DAG(s) 'example_sensor_decorator' retrieved from /home/tasneemahmed24/.local/lib/python3.10/site-packages/airflow/example_dags/example_sensor_decorator.py
[2025-04-13T18:26:50.324+0300] {logging_mixin.py:190} INFO - [2025-04-13T18:26:50.323+0300] {dag.py:3239} INFO - Sync 1 DAGs
[2025-04-13T18:26:50.336+0300] {logging_mixin.py:190} INFO - [2025-04-13T18:26:50.336+0300] {dag.py:4180} INFO - Setting next_dagrun for example_sensor_decorator to None, run_after=None
[2025-04-13T18:26:50.356+0300] {processor.py:208} INFO - Processing /home/tasneemahmed24/.local/lib/python3.10/site-packages/airflow/example_dags/example_sensor_decorator.py took 0.071 seconds
[2025-04-13T18:27:54.725+0300] {processor.py:186} INFO - Started process (PID=54930) to work on /home/tasneemahmed24/.local/lib/python3.10/site-packages/airflow/example_dags/example_sensor_decorator.py
[2025-04-13T18:27:54.734+0300] {processor.py:914} INFO - Processing file /home/tasneemahmed24/.local/lib/python3.10/site-packages/airflow/example_dags/example_sensor_decorator.py for tasks to queue
[2025-04-13T18:27:54.736+0300] {logging_mixin.py:190} INFO - [2025-04-13T18:27:54.736+0300] {dagbag.py:588} INFO - Filling up the DagBag from /home/tasneemahmed24/.local/lib/python3.10/site-packages/airflow/example_dags/example_sensor_decorator.py
[2025-04-13T18:27:54.744+0300] {processor.py:925} INFO - DAG(s) 'example_sensor_decorator' retrieved from /home/tasneemahmed24/.local/lib/python3.10/site-packages/airflow/example_dags/example_sensor_decorator.py
[2025-04-13T18:27:54.760+0300] {logging_mixin.py:190} INFO - [2025-04-13T18:27:54.760+0300] {dag.py:3239} INFO - Sync 1 DAGs
[2025-04-13T18:27:54.772+0300] {logging_mixin.py:190} INFO - [2025-04-13T18:27:54.772+0300] {dag.py:4180} INFO - Setting next_dagrun for example_sensor_decorator to None, run_after=None
[2025-04-13T18:27:54.793+0300] {processor.py:208} INFO - Processing /home/tasneemahmed24/.local/lib/python3.10/site-packages/airflow/example_dags/example_sensor_decorator.py took 0.074 seconds
[2025-04-13T18:28:58.170+0300] {processor.py:186} INFO - Started process (PID=55228) to work on /home/tasneemahmed24/.local/lib/python3.10/site-packages/airflow/example_dags/example_sensor_decorator.py
[2025-04-13T18:28:58.200+0300] {processor.py:914} INFO - Processing file /home/tasneemahmed24/.local/lib/python3.10/site-packages/airflow/example_dags/example_sensor_decorator.py for tasks to queue
[2025-04-13T18:28:58.213+0300] {logging_mixin.py:190} INFO - [2025-04-13T18:28:58.212+0300] {dagbag.py:588} INFO - Filling up the DagBag from /home/tasneemahmed24/.local/lib/python3.10/site-packages/airflow/example_dags/example_sensor_decorator.py
[2025-04-13T18:28:58.319+0300] {processor.py:925} INFO - DAG(s) 'example_sensor_decorator' retrieved from /home/tasneemahmed24/.local/lib/python3.10/site-packages/airflow/example_dags/example_sensor_decorator.py
[2025-04-13T18:28:58.373+0300] {logging_mixin.py:190} INFO - [2025-04-13T18:28:58.372+0300] {dag.py:3239} INFO - Sync 1 DAGs
[2025-04-13T18:28:58.656+0300] {logging_mixin.py:190} INFO - [2025-04-13T18:28:58.655+0300] {dag.py:4180} INFO - Setting next_dagrun for example_sensor_decorator to None, run_after=None
[2025-04-13T18:28:58.911+0300] {processor.py:208} INFO - Processing /home/tasneemahmed24/.local/lib/python3.10/site-packages/airflow/example_dags/example_sensor_decorator.py took 0.783 seconds
