[2025-04-13T17:18:18.365+0300] {processor.py:186} INFO - Started process (PID=34678) to work on /home/tasneemahmed24/.local/lib/python3.10/site-packages/airflow/example_dags/example_bash_operator.py
[2025-04-13T17:18:18.366+0300] {processor.py:914} INFO - Processing file /home/tasneemahmed24/.local/lib/python3.10/site-packages/airflow/example_dags/example_bash_operator.py for tasks to queue
[2025-04-13T17:18:18.368+0300] {logging_mixin.py:190} INFO - [2025-04-13T17:18:18.367+0300] {dagbag.py:588} INFO - Filling up the DagBag from /home/tasneemahmed24/.local/lib/python3.10/site-packages/airflow/example_dags/example_bash_operator.py
[2025-04-13T17:18:18.378+0300] {processor.py:925} INFO - DAG(s) 'example_bash_operator' retrieved from /home/tasneemahmed24/.local/lib/python3.10/site-packages/airflow/example_dags/example_bash_operator.py
[2025-04-13T17:18:18.452+0300] {logging_mixin.py:190} INFO - [2025-04-13T17:18:18.452+0300] {override.py:1901} INFO - Created Permission View: can read on DAG:example_bash_operator
[2025-04-13T17:18:18.462+0300] {logging_mixin.py:190} INFO - [2025-04-13T17:18:18.462+0300] {override.py:1901} INFO - Created Permission View: can edit on DAG:example_bash_operator
[2025-04-13T17:18:18.470+0300] {logging_mixin.py:190} INFO - [2025-04-13T17:18:18.470+0300] {override.py:1901} INFO - Created Permission View: can delete on DAG:example_bash_operator
[2025-04-13T17:18:18.483+0300] {logging_mixin.py:190} INFO - [2025-04-13T17:18:18.483+0300] {override.py:1901} INFO - Created Permission View: can read on DAG Run:example_bash_operator
[2025-04-13T17:18:18.491+0300] {logging_mixin.py:190} INFO - [2025-04-13T17:18:18.491+0300] {override.py:1901} INFO - Created Permission View: can create on DAG Run:example_bash_operator
[2025-04-13T17:18:18.499+0300] {logging_mixin.py:190} INFO - [2025-04-13T17:18:18.498+0300] {override.py:1901} INFO - Created Permission View: menu access on DAG Run:example_bash_operator
[2025-04-13T17:18:18.507+0300] {logging_mixin.py:190} INFO - [2025-04-13T17:18:18.507+0300] {override.py:1901} INFO - Created Permission View: can delete on DAG Run:example_bash_operator
[2025-04-13T17:18:18.507+0300] {logging_mixin.py:190} INFO - [2025-04-13T17:18:18.507+0300] {dag.py:3239} INFO - Sync 1 DAGs
[2025-04-13T17:18:18.515+0300] {logging_mixin.py:190} INFO - [2025-04-13T17:18:18.515+0300] {dag.py:3262} INFO - Creating ORM DAG for example_bash_operator
[2025-04-13T17:18:18.521+0300] {logging_mixin.py:190} INFO - [2025-04-13T17:18:18.521+0300] {dag.py:4180} INFO - Setting next_dagrun for example_bash_operator to 2025-04-12 00:00:00+00:00, run_after=2025-04-13 00:00:00+00:00
[2025-04-13T17:18:18.539+0300] {processor.py:208} INFO - Processing /home/tasneemahmed24/.local/lib/python3.10/site-packages/airflow/example_dags/example_bash_operator.py took 0.178 seconds
[2025-04-13T17:19:18.684+0300] {processor.py:186} INFO - Started process (PID=34964) to work on /home/tasneemahmed24/.local/lib/python3.10/site-packages/airflow/example_dags/example_bash_operator.py
[2025-04-13T17:19:18.687+0300] {processor.py:914} INFO - Processing file /home/tasneemahmed24/.local/lib/python3.10/site-packages/airflow/example_dags/example_bash_operator.py for tasks to queue
[2025-04-13T17:19:18.689+0300] {logging_mixin.py:190} INFO - [2025-04-13T17:19:18.688+0300] {dagbag.py:588} INFO - Filling up the DagBag from /home/tasneemahmed24/.local/lib/python3.10/site-packages/airflow/example_dags/example_bash_operator.py
[2025-04-13T17:19:18.702+0300] {processor.py:925} INFO - DAG(s) 'example_bash_operator' retrieved from /home/tasneemahmed24/.local/lib/python3.10/site-packages/airflow/example_dags/example_bash_operator.py
[2025-04-13T17:19:18.723+0300] {logging_mixin.py:190} INFO - [2025-04-13T17:19:18.723+0300] {dag.py:3239} INFO - Sync 1 DAGs
[2025-04-13T17:19:18.741+0300] {logging_mixin.py:190} INFO - [2025-04-13T17:19:18.741+0300] {dag.py:4180} INFO - Setting next_dagrun for example_bash_operator to 2025-04-12 00:00:00+00:00, run_after=2025-04-13 00:00:00+00:00
[2025-04-13T17:19:18.762+0300] {processor.py:208} INFO - Processing /home/tasneemahmed24/.local/lib/python3.10/site-packages/airflow/example_dags/example_bash_operator.py took 0.086 seconds
[2025-04-13T17:20:33.187+0300] {processor.py:186} INFO - Started process (PID=35316) to work on /home/tasneemahmed24/.local/lib/python3.10/site-packages/airflow/example_dags/example_bash_operator.py
[2025-04-13T17:20:33.190+0300] {processor.py:914} INFO - Processing file /home/tasneemahmed24/.local/lib/python3.10/site-packages/airflow/example_dags/example_bash_operator.py for tasks to queue
[2025-04-13T17:20:33.192+0300] {logging_mixin.py:190} INFO - [2025-04-13T17:20:33.191+0300] {dagbag.py:588} INFO - Filling up the DagBag from /home/tasneemahmed24/.local/lib/python3.10/site-packages/airflow/example_dags/example_bash_operator.py
[2025-04-13T17:20:33.202+0300] {processor.py:925} INFO - DAG(s) 'example_bash_operator' retrieved from /home/tasneemahmed24/.local/lib/python3.10/site-packages/airflow/example_dags/example_bash_operator.py
[2025-04-13T17:20:33.220+0300] {logging_mixin.py:190} INFO - [2025-04-13T17:20:33.220+0300] {dag.py:3239} INFO - Sync 1 DAGs
[2025-04-13T17:20:33.236+0300] {logging_mixin.py:190} INFO - [2025-04-13T17:20:33.236+0300] {dag.py:4180} INFO - Setting next_dagrun for example_bash_operator to 2025-04-12 00:00:00+00:00, run_after=2025-04-13 00:00:00+00:00
[2025-04-13T17:20:33.254+0300] {processor.py:208} INFO - Processing /home/tasneemahmed24/.local/lib/python3.10/site-packages/airflow/example_dags/example_bash_operator.py took 0.071 seconds
[2025-04-13T17:21:31.346+0300] {processor.py:186} INFO - Started process (PID=35587) to work on /home/tasneemahmed24/.local/lib/python3.10/site-packages/airflow/example_dags/example_bash_operator.py
[2025-04-13T17:21:31.349+0300] {processor.py:914} INFO - Processing file /home/tasneemahmed24/.local/lib/python3.10/site-packages/airflow/example_dags/example_bash_operator.py for tasks to queue
[2025-04-13T17:21:31.352+0300] {logging_mixin.py:190} INFO - [2025-04-13T17:21:31.351+0300] {dagbag.py:588} INFO - Filling up the DagBag from /home/tasneemahmed24/.local/lib/python3.10/site-packages/airflow/example_dags/example_bash_operator.py
[2025-04-13T17:21:31.367+0300] {processor.py:925} INFO - DAG(s) 'example_bash_operator' retrieved from /home/tasneemahmed24/.local/lib/python3.10/site-packages/airflow/example_dags/example_bash_operator.py
[2025-04-13T17:21:31.391+0300] {logging_mixin.py:190} INFO - [2025-04-13T17:21:31.390+0300] {dag.py:3239} INFO - Sync 1 DAGs
[2025-04-13T17:21:31.416+0300] {logging_mixin.py:190} INFO - [2025-04-13T17:21:31.416+0300] {dag.py:4180} INFO - Setting next_dagrun for example_bash_operator to 2025-04-12 00:00:00+00:00, run_after=2025-04-13 00:00:00+00:00
[2025-04-13T17:21:31.452+0300] {processor.py:208} INFO - Processing /home/tasneemahmed24/.local/lib/python3.10/site-packages/airflow/example_dags/example_bash_operator.py took 0.116 seconds
[2025-04-13T17:22:28.004+0300] {processor.py:186} INFO - Started process (PID=35855) to work on /home/tasneemahmed24/.local/lib/python3.10/site-packages/airflow/example_dags/example_bash_operator.py
[2025-04-13T17:22:28.005+0300] {processor.py:914} INFO - Processing file /home/tasneemahmed24/.local/lib/python3.10/site-packages/airflow/example_dags/example_bash_operator.py for tasks to queue
[2025-04-13T17:22:28.007+0300] {logging_mixin.py:190} INFO - [2025-04-13T17:22:28.006+0300] {dagbag.py:588} INFO - Filling up the DagBag from /home/tasneemahmed24/.local/lib/python3.10/site-packages/airflow/example_dags/example_bash_operator.py
[2025-04-13T17:22:28.018+0300] {processor.py:925} INFO - DAG(s) 'example_bash_operator' retrieved from /home/tasneemahmed24/.local/lib/python3.10/site-packages/airflow/example_dags/example_bash_operator.py
[2025-04-13T17:22:28.035+0300] {logging_mixin.py:190} INFO - [2025-04-13T17:22:28.035+0300] {dag.py:3239} INFO - Sync 1 DAGs
[2025-04-13T17:22:28.051+0300] {logging_mixin.py:190} INFO - [2025-04-13T17:22:28.051+0300] {dag.py:4180} INFO - Setting next_dagrun for example_bash_operator to 2025-04-12 00:00:00+00:00, run_after=2025-04-13 00:00:00+00:00
[2025-04-13T17:22:28.069+0300] {processor.py:208} INFO - Processing /home/tasneemahmed24/.local/lib/python3.10/site-packages/airflow/example_dags/example_bash_operator.py took 0.071 seconds
[2025-04-13T17:23:22.393+0300] {processor.py:186} INFO - Started process (PID=36110) to work on /home/tasneemahmed24/.local/lib/python3.10/site-packages/airflow/example_dags/example_bash_operator.py
[2025-04-13T17:23:22.396+0300] {processor.py:914} INFO - Processing file /home/tasneemahmed24/.local/lib/python3.10/site-packages/airflow/example_dags/example_bash_operator.py for tasks to queue
[2025-04-13T17:23:22.398+0300] {logging_mixin.py:190} INFO - [2025-04-13T17:23:22.397+0300] {dagbag.py:588} INFO - Filling up the DagBag from /home/tasneemahmed24/.local/lib/python3.10/site-packages/airflow/example_dags/example_bash_operator.py
[2025-04-13T17:23:22.407+0300] {processor.py:925} INFO - DAG(s) 'example_bash_operator' retrieved from /home/tasneemahmed24/.local/lib/python3.10/site-packages/airflow/example_dags/example_bash_operator.py
[2025-04-13T17:23:22.421+0300] {logging_mixin.py:190} INFO - [2025-04-13T17:23:22.421+0300] {dag.py:3239} INFO - Sync 1 DAGs
[2025-04-13T17:23:22.435+0300] {logging_mixin.py:190} INFO - [2025-04-13T17:23:22.435+0300] {dag.py:4180} INFO - Setting next_dagrun for example_bash_operator to 2025-04-12 00:00:00+00:00, run_after=2025-04-13 00:00:00+00:00
[2025-04-13T17:23:22.452+0300] {processor.py:208} INFO - Processing /home/tasneemahmed24/.local/lib/python3.10/site-packages/airflow/example_dags/example_bash_operator.py took 0.064 seconds
[2025-04-13T17:24:44.854+0300] {processor.py:186} INFO - Started process (PID=36502) to work on /home/tasneemahmed24/.local/lib/python3.10/site-packages/airflow/example_dags/example_bash_operator.py
[2025-04-13T17:24:44.855+0300] {processor.py:914} INFO - Processing file /home/tasneemahmed24/.local/lib/python3.10/site-packages/airflow/example_dags/example_bash_operator.py for tasks to queue
[2025-04-13T17:24:44.857+0300] {logging_mixin.py:190} INFO - [2025-04-13T17:24:44.857+0300] {dagbag.py:588} INFO - Filling up the DagBag from /home/tasneemahmed24/.local/lib/python3.10/site-packages/airflow/example_dags/example_bash_operator.py
[2025-04-13T17:24:44.867+0300] {processor.py:925} INFO - DAG(s) 'example_bash_operator' retrieved from /home/tasneemahmed24/.local/lib/python3.10/site-packages/airflow/example_dags/example_bash_operator.py
[2025-04-13T17:24:44.883+0300] {logging_mixin.py:190} INFO - [2025-04-13T17:24:44.882+0300] {dag.py:3239} INFO - Sync 1 DAGs
[2025-04-13T17:24:44.896+0300] {logging_mixin.py:190} INFO - [2025-04-13T17:24:44.896+0300] {dag.py:4180} INFO - Setting next_dagrun for example_bash_operator to 2025-04-12 00:00:00+00:00, run_after=2025-04-13 00:00:00+00:00
[2025-04-13T17:24:44.914+0300] {processor.py:208} INFO - Processing /home/tasneemahmed24/.local/lib/python3.10/site-packages/airflow/example_dags/example_bash_operator.py took 0.065 seconds
[2025-04-13T17:26:04.512+0300] {processor.py:186} INFO - Started process (PID=36887) to work on /home/tasneemahmed24/.local/lib/python3.10/site-packages/airflow/example_dags/example_bash_operator.py
[2025-04-13T17:26:04.515+0300] {processor.py:914} INFO - Processing file /home/tasneemahmed24/.local/lib/python3.10/site-packages/airflow/example_dags/example_bash_operator.py for tasks to queue
[2025-04-13T17:26:04.517+0300] {logging_mixin.py:190} INFO - [2025-04-13T17:26:04.516+0300] {dagbag.py:588} INFO - Filling up the DagBag from /home/tasneemahmed24/.local/lib/python3.10/site-packages/airflow/example_dags/example_bash_operator.py
[2025-04-13T17:26:04.527+0300] {processor.py:925} INFO - DAG(s) 'example_bash_operator' retrieved from /home/tasneemahmed24/.local/lib/python3.10/site-packages/airflow/example_dags/example_bash_operator.py
[2025-04-13T17:26:04.542+0300] {logging_mixin.py:190} INFO - [2025-04-13T17:26:04.542+0300] {dag.py:3239} INFO - Sync 1 DAGs
[2025-04-13T17:26:04.556+0300] {logging_mixin.py:190} INFO - [2025-04-13T17:26:04.555+0300] {dag.py:4180} INFO - Setting next_dagrun for example_bash_operator to 2025-04-12 00:00:00+00:00, run_after=2025-04-13 00:00:00+00:00
[2025-04-13T17:26:04.574+0300] {processor.py:208} INFO - Processing /home/tasneemahmed24/.local/lib/python3.10/site-packages/airflow/example_dags/example_bash_operator.py took 0.068 seconds
[2025-04-13T17:27:23.276+0300] {processor.py:186} INFO - Started process (PID=37265) to work on /home/tasneemahmed24/.local/lib/python3.10/site-packages/airflow/example_dags/example_bash_operator.py
[2025-04-13T17:27:23.278+0300] {processor.py:914} INFO - Processing file /home/tasneemahmed24/.local/lib/python3.10/site-packages/airflow/example_dags/example_bash_operator.py for tasks to queue
[2025-04-13T17:27:23.280+0300] {logging_mixin.py:190} INFO - [2025-04-13T17:27:23.280+0300] {dagbag.py:588} INFO - Filling up the DagBag from /home/tasneemahmed24/.local/lib/python3.10/site-packages/airflow/example_dags/example_bash_operator.py
[2025-04-13T17:27:23.290+0300] {processor.py:925} INFO - DAG(s) 'example_bash_operator' retrieved from /home/tasneemahmed24/.local/lib/python3.10/site-packages/airflow/example_dags/example_bash_operator.py
[2025-04-13T17:27:23.307+0300] {logging_mixin.py:190} INFO - [2025-04-13T17:27:23.307+0300] {dag.py:3239} INFO - Sync 1 DAGs
[2025-04-13T17:27:23.324+0300] {logging_mixin.py:190} INFO - [2025-04-13T17:27:23.324+0300] {dag.py:4180} INFO - Setting next_dagrun for example_bash_operator to 2025-04-12 00:00:00+00:00, run_after=2025-04-13 00:00:00+00:00
[2025-04-13T17:27:23.343+0300] {processor.py:208} INFO - Processing /home/tasneemahmed24/.local/lib/python3.10/site-packages/airflow/example_dags/example_bash_operator.py took 0.071 seconds
[2025-04-13T17:28:45.758+0300] {processor.py:186} INFO - Started process (PID=37656) to work on /home/tasneemahmed24/.local/lib/python3.10/site-packages/airflow/example_dags/example_bash_operator.py
[2025-04-13T17:28:45.776+0300] {processor.py:914} INFO - Processing file /home/tasneemahmed24/.local/lib/python3.10/site-packages/airflow/example_dags/example_bash_operator.py for tasks to queue
[2025-04-13T17:28:45.778+0300] {logging_mixin.py:190} INFO - [2025-04-13T17:28:45.778+0300] {dagbag.py:588} INFO - Filling up the DagBag from /home/tasneemahmed24/.local/lib/python3.10/site-packages/airflow/example_dags/example_bash_operator.py
[2025-04-13T17:28:45.788+0300] {processor.py:925} INFO - DAG(s) 'example_bash_operator' retrieved from /home/tasneemahmed24/.local/lib/python3.10/site-packages/airflow/example_dags/example_bash_operator.py
[2025-04-13T17:28:45.805+0300] {logging_mixin.py:190} INFO - [2025-04-13T17:28:45.805+0300] {dag.py:3239} INFO - Sync 1 DAGs
[2025-04-13T17:28:45.820+0300] {logging_mixin.py:190} INFO - [2025-04-13T17:28:45.820+0300] {dag.py:4180} INFO - Setting next_dagrun for example_bash_operator to 2025-04-12 00:00:00+00:00, run_after=2025-04-13 00:00:00+00:00
[2025-04-13T17:28:45.842+0300] {processor.py:208} INFO - Processing /home/tasneemahmed24/.local/lib/python3.10/site-packages/airflow/example_dags/example_bash_operator.py took 0.090 seconds
[2025-04-13T17:29:41.005+0300] {processor.py:186} INFO - Started process (PID=37918) to work on /home/tasneemahmed24/.local/lib/python3.10/site-packages/airflow/example_dags/example_bash_operator.py
[2025-04-13T17:29:41.008+0300] {processor.py:914} INFO - Processing file /home/tasneemahmed24/.local/lib/python3.10/site-packages/airflow/example_dags/example_bash_operator.py for tasks to queue
[2025-04-13T17:29:41.010+0300] {logging_mixin.py:190} INFO - [2025-04-13T17:29:41.009+0300] {dagbag.py:588} INFO - Filling up the DagBag from /home/tasneemahmed24/.local/lib/python3.10/site-packages/airflow/example_dags/example_bash_operator.py
[2025-04-13T17:29:41.020+0300] {processor.py:925} INFO - DAG(s) 'example_bash_operator' retrieved from /home/tasneemahmed24/.local/lib/python3.10/site-packages/airflow/example_dags/example_bash_operator.py
[2025-04-13T17:29:41.039+0300] {logging_mixin.py:190} INFO - [2025-04-13T17:29:41.039+0300] {dag.py:3239} INFO - Sync 1 DAGs
[2025-04-13T17:29:41.053+0300] {logging_mixin.py:190} INFO - [2025-04-13T17:29:41.053+0300] {dag.py:4180} INFO - Setting next_dagrun for example_bash_operator to 2025-04-12 00:00:00+00:00, run_after=2025-04-13 00:00:00+00:00
[2025-04-13T17:29:41.073+0300] {processor.py:208} INFO - Processing /home/tasneemahmed24/.local/lib/python3.10/site-packages/airflow/example_dags/example_bash_operator.py took 0.073 seconds
[2025-04-13T17:31:00.686+0300] {processor.py:186} INFO - Started process (PID=38295) to work on /home/tasneemahmed24/.local/lib/python3.10/site-packages/airflow/example_dags/example_bash_operator.py
[2025-04-13T17:31:00.689+0300] {processor.py:914} INFO - Processing file /home/tasneemahmed24/.local/lib/python3.10/site-packages/airflow/example_dags/example_bash_operator.py for tasks to queue
[2025-04-13T17:31:00.692+0300] {logging_mixin.py:190} INFO - [2025-04-13T17:31:00.692+0300] {dagbag.py:588} INFO - Filling up the DagBag from /home/tasneemahmed24/.local/lib/python3.10/site-packages/airflow/example_dags/example_bash_operator.py
[2025-04-13T17:31:00.716+0300] {processor.py:925} INFO - DAG(s) 'example_bash_operator' retrieved from /home/tasneemahmed24/.local/lib/python3.10/site-packages/airflow/example_dags/example_bash_operator.py
[2025-04-13T17:31:00.740+0300] {logging_mixin.py:190} INFO - [2025-04-13T17:31:00.740+0300] {dag.py:3239} INFO - Sync 1 DAGs
[2025-04-13T17:31:00.756+0300] {logging_mixin.py:190} INFO - [2025-04-13T17:31:00.756+0300] {dag.py:4180} INFO - Setting next_dagrun for example_bash_operator to 2025-04-12 00:00:00+00:00, run_after=2025-04-13 00:00:00+00:00
[2025-04-13T17:31:00.774+0300] {processor.py:208} INFO - Processing /home/tasneemahmed24/.local/lib/python3.10/site-packages/airflow/example_dags/example_bash_operator.py took 0.104 seconds
[2025-04-13T17:32:21.489+0300] {processor.py:186} INFO - Started process (PID=38681) to work on /home/tasneemahmed24/.local/lib/python3.10/site-packages/airflow/example_dags/example_bash_operator.py
[2025-04-13T17:32:21.491+0300] {processor.py:914} INFO - Processing file /home/tasneemahmed24/.local/lib/python3.10/site-packages/airflow/example_dags/example_bash_operator.py for tasks to queue
[2025-04-13T17:32:21.493+0300] {logging_mixin.py:190} INFO - [2025-04-13T17:32:21.493+0300] {dagbag.py:588} INFO - Filling up the DagBag from /home/tasneemahmed24/.local/lib/python3.10/site-packages/airflow/example_dags/example_bash_operator.py
[2025-04-13T17:32:21.505+0300] {processor.py:925} INFO - DAG(s) 'example_bash_operator' retrieved from /home/tasneemahmed24/.local/lib/python3.10/site-packages/airflow/example_dags/example_bash_operator.py
[2025-04-13T17:32:21.524+0300] {logging_mixin.py:190} INFO - [2025-04-13T17:32:21.524+0300] {dag.py:3239} INFO - Sync 1 DAGs
[2025-04-13T17:32:21.539+0300] {logging_mixin.py:190} INFO - [2025-04-13T17:32:21.539+0300] {dag.py:4180} INFO - Setting next_dagrun for example_bash_operator to 2025-04-12 00:00:00+00:00, run_after=2025-04-13 00:00:00+00:00
[2025-04-13T17:32:21.561+0300] {processor.py:208} INFO - Processing /home/tasneemahmed24/.local/lib/python3.10/site-packages/airflow/example_dags/example_bash_operator.py took 0.077 seconds
[2025-04-13T17:33:22.135+0300] {processor.py:186} INFO - Started process (PID=38983) to work on /home/tasneemahmed24/.local/lib/python3.10/site-packages/airflow/example_dags/example_bash_operator.py
[2025-04-13T17:33:22.136+0300] {processor.py:914} INFO - Processing file /home/tasneemahmed24/.local/lib/python3.10/site-packages/airflow/example_dags/example_bash_operator.py for tasks to queue
[2025-04-13T17:33:22.138+0300] {logging_mixin.py:190} INFO - [2025-04-13T17:33:22.137+0300] {dagbag.py:588} INFO - Filling up the DagBag from /home/tasneemahmed24/.local/lib/python3.10/site-packages/airflow/example_dags/example_bash_operator.py
[2025-04-13T17:33:22.148+0300] {processor.py:925} INFO - DAG(s) 'example_bash_operator' retrieved from /home/tasneemahmed24/.local/lib/python3.10/site-packages/airflow/example_dags/example_bash_operator.py
[2025-04-13T17:33:22.165+0300] {logging_mixin.py:190} INFO - [2025-04-13T17:33:22.165+0300] {dag.py:3239} INFO - Sync 1 DAGs
[2025-04-13T17:33:22.181+0300] {logging_mixin.py:190} INFO - [2025-04-13T17:33:22.181+0300] {dag.py:4180} INFO - Setting next_dagrun for example_bash_operator to 2025-04-12 00:00:00+00:00, run_after=2025-04-13 00:00:00+00:00
[2025-04-13T17:33:22.203+0300] {processor.py:208} INFO - Processing /home/tasneemahmed24/.local/lib/python3.10/site-packages/airflow/example_dags/example_bash_operator.py took 0.073 seconds
[2025-04-13T17:34:21.193+0300] {processor.py:186} INFO - Started process (PID=39277) to work on /home/tasneemahmed24/.local/lib/python3.10/site-packages/airflow/example_dags/example_bash_operator.py
[2025-04-13T17:34:21.195+0300] {processor.py:914} INFO - Processing file /home/tasneemahmed24/.local/lib/python3.10/site-packages/airflow/example_dags/example_bash_operator.py for tasks to queue
[2025-04-13T17:34:21.197+0300] {logging_mixin.py:190} INFO - [2025-04-13T17:34:21.197+0300] {dagbag.py:588} INFO - Filling up the DagBag from /home/tasneemahmed24/.local/lib/python3.10/site-packages/airflow/example_dags/example_bash_operator.py
[2025-04-13T17:34:21.243+0300] {processor.py:925} INFO - DAG(s) 'example_bash_operator' retrieved from /home/tasneemahmed24/.local/lib/python3.10/site-packages/airflow/example_dags/example_bash_operator.py
[2025-04-13T17:34:21.288+0300] {logging_mixin.py:190} INFO - [2025-04-13T17:34:21.288+0300] {dag.py:3239} INFO - Sync 1 DAGs
[2025-04-13T17:34:21.316+0300] {logging_mixin.py:190} INFO - [2025-04-13T17:34:21.315+0300] {dag.py:4180} INFO - Setting next_dagrun for example_bash_operator to 2025-04-12 00:00:00+00:00, run_after=2025-04-13 00:00:00+00:00
[2025-04-13T17:34:21.355+0300] {processor.py:208} INFO - Processing /home/tasneemahmed24/.local/lib/python3.10/site-packages/airflow/example_dags/example_bash_operator.py took 0.170 seconds
[2025-04-13T17:35:21.418+0300] {processor.py:186} INFO - Started process (PID=39576) to work on /home/tasneemahmed24/.local/lib/python3.10/site-packages/airflow/example_dags/example_bash_operator.py
[2025-04-13T17:35:21.424+0300] {processor.py:914} INFO - Processing file /home/tasneemahmed24/.local/lib/python3.10/site-packages/airflow/example_dags/example_bash_operator.py for tasks to queue
[2025-04-13T17:35:21.431+0300] {logging_mixin.py:190} INFO - [2025-04-13T17:35:21.430+0300] {dagbag.py:588} INFO - Filling up the DagBag from /home/tasneemahmed24/.local/lib/python3.10/site-packages/airflow/example_dags/example_bash_operator.py
[2025-04-13T17:35:21.529+0300] {processor.py:925} INFO - DAG(s) 'example_bash_operator' retrieved from /home/tasneemahmed24/.local/lib/python3.10/site-packages/airflow/example_dags/example_bash_operator.py
[2025-04-13T17:35:21.601+0300] {logging_mixin.py:190} INFO - [2025-04-13T17:35:21.601+0300] {dag.py:3239} INFO - Sync 1 DAGs
[2025-04-13T17:35:21.724+0300] {logging_mixin.py:190} INFO - [2025-04-13T17:35:21.723+0300] {dag.py:4180} INFO - Setting next_dagrun for example_bash_operator to 2025-04-12 00:00:00+00:00, run_after=2025-04-13 00:00:00+00:00
[2025-04-13T17:35:21.766+0300] {processor.py:208} INFO - Processing /home/tasneemahmed24/.local/lib/python3.10/site-packages/airflow/example_dags/example_bash_operator.py took 0.388 seconds
[2025-04-13T17:36:20.896+0300] {processor.py:186} INFO - Started process (PID=39877) to work on /home/tasneemahmed24/.local/lib/python3.10/site-packages/airflow/example_dags/example_bash_operator.py
[2025-04-13T17:36:20.898+0300] {processor.py:914} INFO - Processing file /home/tasneemahmed24/.local/lib/python3.10/site-packages/airflow/example_dags/example_bash_operator.py for tasks to queue
[2025-04-13T17:36:20.900+0300] {logging_mixin.py:190} INFO - [2025-04-13T17:36:20.899+0300] {dagbag.py:588} INFO - Filling up the DagBag from /home/tasneemahmed24/.local/lib/python3.10/site-packages/airflow/example_dags/example_bash_operator.py
[2025-04-13T17:36:20.913+0300] {processor.py:925} INFO - DAG(s) 'example_bash_operator' retrieved from /home/tasneemahmed24/.local/lib/python3.10/site-packages/airflow/example_dags/example_bash_operator.py
[2025-04-13T17:36:20.934+0300] {logging_mixin.py:190} INFO - [2025-04-13T17:36:20.934+0300] {dag.py:3239} INFO - Sync 1 DAGs
[2025-04-13T17:36:20.954+0300] {logging_mixin.py:190} INFO - [2025-04-13T17:36:20.954+0300] {dag.py:4180} INFO - Setting next_dagrun for example_bash_operator to 2025-04-12 00:00:00+00:00, run_after=2025-04-13 00:00:00+00:00
[2025-04-13T17:36:20.974+0300] {processor.py:208} INFO - Processing /home/tasneemahmed24/.local/lib/python3.10/site-packages/airflow/example_dags/example_bash_operator.py took 0.084 seconds
[2025-04-13T17:37:21.507+0300] {processor.py:186} INFO - Started process (PID=40179) to work on /home/tasneemahmed24/.local/lib/python3.10/site-packages/airflow/example_dags/example_bash_operator.py
[2025-04-13T17:37:21.508+0300] {processor.py:914} INFO - Processing file /home/tasneemahmed24/.local/lib/python3.10/site-packages/airflow/example_dags/example_bash_operator.py for tasks to queue
[2025-04-13T17:37:21.510+0300] {logging_mixin.py:190} INFO - [2025-04-13T17:37:21.509+0300] {dagbag.py:588} INFO - Filling up the DagBag from /home/tasneemahmed24/.local/lib/python3.10/site-packages/airflow/example_dags/example_bash_operator.py
[2025-04-13T17:37:21.523+0300] {processor.py:925} INFO - DAG(s) 'example_bash_operator' retrieved from /home/tasneemahmed24/.local/lib/python3.10/site-packages/airflow/example_dags/example_bash_operator.py
[2025-04-13T17:37:21.544+0300] {logging_mixin.py:190} INFO - [2025-04-13T17:37:21.544+0300] {dag.py:3239} INFO - Sync 1 DAGs
[2025-04-13T17:37:21.561+0300] {logging_mixin.py:190} INFO - [2025-04-13T17:37:21.561+0300] {dag.py:4180} INFO - Setting next_dagrun for example_bash_operator to 2025-04-12 00:00:00+00:00, run_after=2025-04-13 00:00:00+00:00
[2025-04-13T17:37:21.589+0300] {processor.py:208} INFO - Processing /home/tasneemahmed24/.local/lib/python3.10/site-packages/airflow/example_dags/example_bash_operator.py took 0.091 seconds
[2025-04-13T17:38:19.578+0300] {processor.py:186} INFO - Started process (PID=40471) to work on /home/tasneemahmed24/.local/lib/python3.10/site-packages/airflow/example_dags/example_bash_operator.py
[2025-04-13T17:38:19.579+0300] {processor.py:914} INFO - Processing file /home/tasneemahmed24/.local/lib/python3.10/site-packages/airflow/example_dags/example_bash_operator.py for tasks to queue
[2025-04-13T17:38:19.581+0300] {logging_mixin.py:190} INFO - [2025-04-13T17:38:19.581+0300] {dagbag.py:588} INFO - Filling up the DagBag from /home/tasneemahmed24/.local/lib/python3.10/site-packages/airflow/example_dags/example_bash_operator.py
[2025-04-13T17:38:19.594+0300] {processor.py:925} INFO - DAG(s) 'example_bash_operator' retrieved from /home/tasneemahmed24/.local/lib/python3.10/site-packages/airflow/example_dags/example_bash_operator.py
[2025-04-13T17:38:19.616+0300] {logging_mixin.py:190} INFO - [2025-04-13T17:38:19.616+0300] {dag.py:3239} INFO - Sync 1 DAGs
[2025-04-13T17:38:19.636+0300] {logging_mixin.py:190} INFO - [2025-04-13T17:38:19.636+0300] {dag.py:4180} INFO - Setting next_dagrun for example_bash_operator to 2025-04-12 00:00:00+00:00, run_after=2025-04-13 00:00:00+00:00
[2025-04-13T17:38:19.670+0300] {processor.py:208} INFO - Processing /home/tasneemahmed24/.local/lib/python3.10/site-packages/airflow/example_dags/example_bash_operator.py took 0.097 seconds
[2025-04-13T17:39:17.487+0300] {processor.py:186} INFO - Started process (PID=40752) to work on /home/tasneemahmed24/.local/lib/python3.10/site-packages/airflow/example_dags/example_bash_operator.py
[2025-04-13T17:39:17.491+0300] {processor.py:914} INFO - Processing file /home/tasneemahmed24/.local/lib/python3.10/site-packages/airflow/example_dags/example_bash_operator.py for tasks to queue
[2025-04-13T17:39:17.495+0300] {logging_mixin.py:190} INFO - [2025-04-13T17:39:17.494+0300] {dagbag.py:588} INFO - Filling up the DagBag from /home/tasneemahmed24/.local/lib/python3.10/site-packages/airflow/example_dags/example_bash_operator.py
[2025-04-13T17:39:17.507+0300] {processor.py:925} INFO - DAG(s) 'example_bash_operator' retrieved from /home/tasneemahmed24/.local/lib/python3.10/site-packages/airflow/example_dags/example_bash_operator.py
[2025-04-13T17:39:17.525+0300] {logging_mixin.py:190} INFO - [2025-04-13T17:39:17.525+0300] {dag.py:3239} INFO - Sync 1 DAGs
[2025-04-13T17:39:17.539+0300] {logging_mixin.py:190} INFO - [2025-04-13T17:39:17.539+0300] {dag.py:4180} INFO - Setting next_dagrun for example_bash_operator to 2025-04-12 00:00:00+00:00, run_after=2025-04-13 00:00:00+00:00
[2025-04-13T17:39:17.558+0300] {processor.py:208} INFO - Processing /home/tasneemahmed24/.local/lib/python3.10/site-packages/airflow/example_dags/example_bash_operator.py took 0.078 seconds
[2025-04-13T17:40:15.856+0300] {processor.py:186} INFO - Started process (PID=41030) to work on /home/tasneemahmed24/.local/lib/python3.10/site-packages/airflow/example_dags/example_bash_operator.py
[2025-04-13T17:40:15.859+0300] {processor.py:914} INFO - Processing file /home/tasneemahmed24/.local/lib/python3.10/site-packages/airflow/example_dags/example_bash_operator.py for tasks to queue
[2025-04-13T17:40:15.861+0300] {logging_mixin.py:190} INFO - [2025-04-13T17:40:15.860+0300] {dagbag.py:588} INFO - Filling up the DagBag from /home/tasneemahmed24/.local/lib/python3.10/site-packages/airflow/example_dags/example_bash_operator.py
[2025-04-13T17:40:15.872+0300] {processor.py:925} INFO - DAG(s) 'example_bash_operator' retrieved from /home/tasneemahmed24/.local/lib/python3.10/site-packages/airflow/example_dags/example_bash_operator.py
[2025-04-13T17:40:15.889+0300] {logging_mixin.py:190} INFO - [2025-04-13T17:40:15.889+0300] {dag.py:3239} INFO - Sync 1 DAGs
[2025-04-13T17:40:15.904+0300] {logging_mixin.py:190} INFO - [2025-04-13T17:40:15.903+0300] {dag.py:4180} INFO - Setting next_dagrun for example_bash_operator to 2025-04-12 00:00:00+00:00, run_after=2025-04-13 00:00:00+00:00
[2025-04-13T17:40:15.924+0300] {processor.py:208} INFO - Processing /home/tasneemahmed24/.local/lib/python3.10/site-packages/airflow/example_dags/example_bash_operator.py took 0.073 seconds
[2025-04-13T17:41:36.222+0300] {processor.py:186} INFO - Started process (PID=41434) to work on /home/tasneemahmed24/.local/lib/python3.10/site-packages/airflow/example_dags/example_bash_operator.py
[2025-04-13T17:41:36.223+0300] {processor.py:914} INFO - Processing file /home/tasneemahmed24/.local/lib/python3.10/site-packages/airflow/example_dags/example_bash_operator.py for tasks to queue
[2025-04-13T17:41:36.225+0300] {logging_mixin.py:190} INFO - [2025-04-13T17:41:36.224+0300] {dagbag.py:588} INFO - Filling up the DagBag from /home/tasneemahmed24/.local/lib/python3.10/site-packages/airflow/example_dags/example_bash_operator.py
[2025-04-13T17:41:36.236+0300] {processor.py:925} INFO - DAG(s) 'example_bash_operator' retrieved from /home/tasneemahmed24/.local/lib/python3.10/site-packages/airflow/example_dags/example_bash_operator.py
[2025-04-13T17:41:36.251+0300] {logging_mixin.py:190} INFO - [2025-04-13T17:41:36.251+0300] {dag.py:3239} INFO - Sync 1 DAGs
[2025-04-13T17:41:36.264+0300] {logging_mixin.py:190} INFO - [2025-04-13T17:41:36.264+0300] {dag.py:4180} INFO - Setting next_dagrun for example_bash_operator to 2025-04-12 00:00:00+00:00, run_after=2025-04-13 00:00:00+00:00
[2025-04-13T17:41:36.284+0300] {processor.py:208} INFO - Processing /home/tasneemahmed24/.local/lib/python3.10/site-packages/airflow/example_dags/example_bash_operator.py took 0.066 seconds
[2025-04-13T17:42:35.398+0300] {processor.py:186} INFO - Started process (PID=41759) to work on /home/tasneemahmed24/.local/lib/python3.10/site-packages/airflow/example_dags/example_bash_operator.py
[2025-04-13T17:42:35.413+0300] {processor.py:914} INFO - Processing file /home/tasneemahmed24/.local/lib/python3.10/site-packages/airflow/example_dags/example_bash_operator.py for tasks to queue
[2025-04-13T17:42:35.416+0300] {logging_mixin.py:190} INFO - [2025-04-13T17:42:35.415+0300] {dagbag.py:588} INFO - Filling up the DagBag from /home/tasneemahmed24/.local/lib/python3.10/site-packages/airflow/example_dags/example_bash_operator.py
[2025-04-13T17:42:35.426+0300] {processor.py:925} INFO - DAG(s) 'example_bash_operator' retrieved from /home/tasneemahmed24/.local/lib/python3.10/site-packages/airflow/example_dags/example_bash_operator.py
[2025-04-13T17:42:35.442+0300] {logging_mixin.py:190} INFO - [2025-04-13T17:42:35.442+0300] {dag.py:3239} INFO - Sync 1 DAGs
[2025-04-13T17:42:35.457+0300] {logging_mixin.py:190} INFO - [2025-04-13T17:42:35.456+0300] {dag.py:4180} INFO - Setting next_dagrun for example_bash_operator to 2025-04-12 00:00:00+00:00, run_after=2025-04-13 00:00:00+00:00
[2025-04-13T17:42:35.475+0300] {processor.py:208} INFO - Processing /home/tasneemahmed24/.local/lib/python3.10/site-packages/airflow/example_dags/example_bash_operator.py took 0.083 seconds
[2025-04-13T17:43:32.791+0300] {processor.py:186} INFO - Started process (PID=42036) to work on /home/tasneemahmed24/.local/lib/python3.10/site-packages/airflow/example_dags/example_bash_operator.py
[2025-04-13T17:43:32.794+0300] {processor.py:914} INFO - Processing file /home/tasneemahmed24/.local/lib/python3.10/site-packages/airflow/example_dags/example_bash_operator.py for tasks to queue
[2025-04-13T17:43:32.796+0300] {logging_mixin.py:190} INFO - [2025-04-13T17:43:32.796+0300] {dagbag.py:588} INFO - Filling up the DagBag from /home/tasneemahmed24/.local/lib/python3.10/site-packages/airflow/example_dags/example_bash_operator.py
[2025-04-13T17:43:32.806+0300] {processor.py:925} INFO - DAG(s) 'example_bash_operator' retrieved from /home/tasneemahmed24/.local/lib/python3.10/site-packages/airflow/example_dags/example_bash_operator.py
[2025-04-13T17:43:32.822+0300] {logging_mixin.py:190} INFO - [2025-04-13T17:43:32.822+0300] {dag.py:3239} INFO - Sync 1 DAGs
[2025-04-13T17:43:32.911+0300] {logging_mixin.py:190} INFO - [2025-04-13T17:43:32.910+0300] {dag.py:4180} INFO - Setting next_dagrun for example_bash_operator to 2025-04-12 00:00:00+00:00, run_after=2025-04-13 00:00:00+00:00
[2025-04-13T17:43:32.968+0300] {processor.py:208} INFO - Processing /home/tasneemahmed24/.local/lib/python3.10/site-packages/airflow/example_dags/example_bash_operator.py took 0.183 seconds
[2025-04-13T17:44:29.301+0300] {processor.py:186} INFO - Started process (PID=42309) to work on /home/tasneemahmed24/.local/lib/python3.10/site-packages/airflow/example_dags/example_bash_operator.py
[2025-04-13T17:44:29.303+0300] {processor.py:914} INFO - Processing file /home/tasneemahmed24/.local/lib/python3.10/site-packages/airflow/example_dags/example_bash_operator.py for tasks to queue
[2025-04-13T17:44:29.305+0300] {logging_mixin.py:190} INFO - [2025-04-13T17:44:29.304+0300] {dagbag.py:588} INFO - Filling up the DagBag from /home/tasneemahmed24/.local/lib/python3.10/site-packages/airflow/example_dags/example_bash_operator.py
[2025-04-13T17:44:29.315+0300] {processor.py:925} INFO - DAG(s) 'example_bash_operator' retrieved from /home/tasneemahmed24/.local/lib/python3.10/site-packages/airflow/example_dags/example_bash_operator.py
[2025-04-13T17:44:29.334+0300] {logging_mixin.py:190} INFO - [2025-04-13T17:44:29.333+0300] {dag.py:3239} INFO - Sync 1 DAGs
[2025-04-13T17:44:29.351+0300] {logging_mixin.py:190} INFO - [2025-04-13T17:44:29.351+0300] {dag.py:4180} INFO - Setting next_dagrun for example_bash_operator to 2025-04-12 00:00:00+00:00, run_after=2025-04-13 00:00:00+00:00
[2025-04-13T17:44:29.372+0300] {processor.py:208} INFO - Processing /home/tasneemahmed24/.local/lib/python3.10/site-packages/airflow/example_dags/example_bash_operator.py took 0.076 seconds
[2025-04-13T17:45:26.390+0300] {processor.py:186} INFO - Started process (PID=42634) to work on /home/tasneemahmed24/.local/lib/python3.10/site-packages/airflow/example_dags/example_bash_operator.py
[2025-04-13T17:45:26.407+0300] {processor.py:914} INFO - Processing file /home/tasneemahmed24/.local/lib/python3.10/site-packages/airflow/example_dags/example_bash_operator.py for tasks to queue
[2025-04-13T17:45:26.412+0300] {logging_mixin.py:190} INFO - [2025-04-13T17:45:26.411+0300] {dagbag.py:588} INFO - Filling up the DagBag from /home/tasneemahmed24/.local/lib/python3.10/site-packages/airflow/example_dags/example_bash_operator.py
[2025-04-13T17:45:26.463+0300] {processor.py:925} INFO - DAG(s) 'example_bash_operator' retrieved from /home/tasneemahmed24/.local/lib/python3.10/site-packages/airflow/example_dags/example_bash_operator.py
[2025-04-13T17:45:26.541+0300] {logging_mixin.py:190} INFO - [2025-04-13T17:45:26.541+0300] {dag.py:3239} INFO - Sync 1 DAGs
[2025-04-13T17:45:26.569+0300] {logging_mixin.py:190} INFO - [2025-04-13T17:45:26.568+0300] {dag.py:4180} INFO - Setting next_dagrun for example_bash_operator to 2025-04-12 00:00:00+00:00, run_after=2025-04-13 00:00:00+00:00
[2025-04-13T17:45:26.616+0300] {processor.py:208} INFO - Processing /home/tasneemahmed24/.local/lib/python3.10/site-packages/airflow/example_dags/example_bash_operator.py took 0.254 seconds
[2025-04-13T17:46:23.020+0300] {processor.py:186} INFO - Started process (PID=42958) to work on /home/tasneemahmed24/.local/lib/python3.10/site-packages/airflow/example_dags/example_bash_operator.py
[2025-04-13T17:46:23.022+0300] {processor.py:914} INFO - Processing file /home/tasneemahmed24/.local/lib/python3.10/site-packages/airflow/example_dags/example_bash_operator.py for tasks to queue
[2025-04-13T17:46:23.024+0300] {logging_mixin.py:190} INFO - [2025-04-13T17:46:23.024+0300] {dagbag.py:588} INFO - Filling up the DagBag from /home/tasneemahmed24/.local/lib/python3.10/site-packages/airflow/example_dags/example_bash_operator.py
[2025-04-13T17:46:23.040+0300] {processor.py:925} INFO - DAG(s) 'example_bash_operator' retrieved from /home/tasneemahmed24/.local/lib/python3.10/site-packages/airflow/example_dags/example_bash_operator.py
[2025-04-13T17:46:23.058+0300] {logging_mixin.py:190} INFO - [2025-04-13T17:46:23.058+0300] {dag.py:3239} INFO - Sync 1 DAGs
[2025-04-13T17:46:23.077+0300] {logging_mixin.py:190} INFO - [2025-04-13T17:46:23.077+0300] {dag.py:4180} INFO - Setting next_dagrun for example_bash_operator to 2025-04-12 00:00:00+00:00, run_after=2025-04-13 00:00:00+00:00
[2025-04-13T17:46:23.098+0300] {processor.py:208} INFO - Processing /home/tasneemahmed24/.local/lib/python3.10/site-packages/airflow/example_dags/example_bash_operator.py took 0.087 seconds
[2025-04-13T17:47:43.082+0300] {processor.py:186} INFO - Started process (PID=43355) to work on /home/tasneemahmed24/.local/lib/python3.10/site-packages/airflow/example_dags/example_bash_operator.py
[2025-04-13T17:47:43.085+0300] {processor.py:914} INFO - Processing file /home/tasneemahmed24/.local/lib/python3.10/site-packages/airflow/example_dags/example_bash_operator.py for tasks to queue
[2025-04-13T17:47:43.087+0300] {logging_mixin.py:190} INFO - [2025-04-13T17:47:43.086+0300] {dagbag.py:588} INFO - Filling up the DagBag from /home/tasneemahmed24/.local/lib/python3.10/site-packages/airflow/example_dags/example_bash_operator.py
[2025-04-13T17:47:43.101+0300] {processor.py:925} INFO - DAG(s) 'example_bash_operator' retrieved from /home/tasneemahmed24/.local/lib/python3.10/site-packages/airflow/example_dags/example_bash_operator.py
[2025-04-13T17:47:43.120+0300] {logging_mixin.py:190} INFO - [2025-04-13T17:47:43.120+0300] {dag.py:3239} INFO - Sync 1 DAGs
[2025-04-13T17:47:43.139+0300] {logging_mixin.py:190} INFO - [2025-04-13T17:47:43.139+0300] {dag.py:4180} INFO - Setting next_dagrun for example_bash_operator to 2025-04-12 00:00:00+00:00, run_after=2025-04-13 00:00:00+00:00
[2025-04-13T17:47:43.161+0300] {processor.py:208} INFO - Processing /home/tasneemahmed24/.local/lib/python3.10/site-packages/airflow/example_dags/example_bash_operator.py took 0.086 seconds
[2025-04-13T17:49:16.902+0300] {processor.py:186} INFO - Started process (PID=43756) to work on /home/tasneemahmed24/.local/lib/python3.10/site-packages/airflow/example_dags/example_bash_operator.py
[2025-04-13T17:49:16.905+0300] {processor.py:914} INFO - Processing file /home/tasneemahmed24/.local/lib/python3.10/site-packages/airflow/example_dags/example_bash_operator.py for tasks to queue
[2025-04-13T17:49:16.907+0300] {logging_mixin.py:190} INFO - [2025-04-13T17:49:16.907+0300] {dagbag.py:588} INFO - Filling up the DagBag from /home/tasneemahmed24/.local/lib/python3.10/site-packages/airflow/example_dags/example_bash_operator.py
[2025-04-13T17:49:16.925+0300] {processor.py:925} INFO - DAG(s) 'example_bash_operator' retrieved from /home/tasneemahmed24/.local/lib/python3.10/site-packages/airflow/example_dags/example_bash_operator.py
[2025-04-13T17:49:16.951+0300] {logging_mixin.py:190} INFO - [2025-04-13T17:49:16.951+0300] {dag.py:3239} INFO - Sync 1 DAGs
[2025-04-13T17:49:16.970+0300] {logging_mixin.py:190} INFO - [2025-04-13T17:49:16.970+0300] {dag.py:4180} INFO - Setting next_dagrun for example_bash_operator to 2025-04-12 00:00:00+00:00, run_after=2025-04-13 00:00:00+00:00
[2025-04-13T17:49:16.995+0300] {processor.py:208} INFO - Processing /home/tasneemahmed24/.local/lib/python3.10/site-packages/airflow/example_dags/example_bash_operator.py took 0.100 seconds
[2025-04-13T17:50:24.321+0300] {processor.py:186} INFO - Started process (PID=44077) to work on /home/tasneemahmed24/.local/lib/python3.10/site-packages/airflow/example_dags/example_bash_operator.py
[2025-04-13T17:50:24.323+0300] {processor.py:914} INFO - Processing file /home/tasneemahmed24/.local/lib/python3.10/site-packages/airflow/example_dags/example_bash_operator.py for tasks to queue
[2025-04-13T17:50:24.325+0300] {logging_mixin.py:190} INFO - [2025-04-13T17:50:24.325+0300] {dagbag.py:588} INFO - Filling up the DagBag from /home/tasneemahmed24/.local/lib/python3.10/site-packages/airflow/example_dags/example_bash_operator.py
[2025-04-13T17:50:24.338+0300] {processor.py:925} INFO - DAG(s) 'example_bash_operator' retrieved from /home/tasneemahmed24/.local/lib/python3.10/site-packages/airflow/example_dags/example_bash_operator.py
[2025-04-13T17:50:24.358+0300] {logging_mixin.py:190} INFO - [2025-04-13T17:50:24.358+0300] {dag.py:3239} INFO - Sync 1 DAGs
[2025-04-13T17:50:24.376+0300] {logging_mixin.py:190} INFO - [2025-04-13T17:50:24.376+0300] {dag.py:4180} INFO - Setting next_dagrun for example_bash_operator to 2025-04-12 00:00:00+00:00, run_after=2025-04-13 00:00:00+00:00
[2025-04-13T17:50:24.398+0300] {processor.py:208} INFO - Processing /home/tasneemahmed24/.local/lib/python3.10/site-packages/airflow/example_dags/example_bash_operator.py took 0.086 seconds
[2025-04-13T17:51:27.926+0300] {processor.py:186} INFO - Started process (PID=44375) to work on /home/tasneemahmed24/.local/lib/python3.10/site-packages/airflow/example_dags/example_bash_operator.py
[2025-04-13T17:51:27.935+0300] {processor.py:914} INFO - Processing file /home/tasneemahmed24/.local/lib/python3.10/site-packages/airflow/example_dags/example_bash_operator.py for tasks to queue
[2025-04-13T17:51:27.939+0300] {logging_mixin.py:190} INFO - [2025-04-13T17:51:27.938+0300] {dagbag.py:588} INFO - Filling up the DagBag from /home/tasneemahmed24/.local/lib/python3.10/site-packages/airflow/example_dags/example_bash_operator.py
[2025-04-13T17:51:27.956+0300] {processor.py:925} INFO - DAG(s) 'example_bash_operator' retrieved from /home/tasneemahmed24/.local/lib/python3.10/site-packages/airflow/example_dags/example_bash_operator.py
[2025-04-13T17:51:27.982+0300] {logging_mixin.py:190} INFO - [2025-04-13T17:51:27.982+0300] {dag.py:3239} INFO - Sync 1 DAGs
[2025-04-13T17:51:28.003+0300] {logging_mixin.py:190} INFO - [2025-04-13T17:51:28.003+0300] {dag.py:4180} INFO - Setting next_dagrun for example_bash_operator to 2025-04-12 00:00:00+00:00, run_after=2025-04-13 00:00:00+00:00
[2025-04-13T17:51:28.028+0300] {processor.py:208} INFO - Processing /home/tasneemahmed24/.local/lib/python3.10/site-packages/airflow/example_dags/example_bash_operator.py took 0.109 seconds
[2025-04-13T17:52:31.872+0300] {processor.py:186} INFO - Started process (PID=44679) to work on /home/tasneemahmed24/.local/lib/python3.10/site-packages/airflow/example_dags/example_bash_operator.py
[2025-04-13T17:52:31.881+0300] {processor.py:914} INFO - Processing file /home/tasneemahmed24/.local/lib/python3.10/site-packages/airflow/example_dags/example_bash_operator.py for tasks to queue
[2025-04-13T17:52:31.884+0300] {logging_mixin.py:190} INFO - [2025-04-13T17:52:31.883+0300] {dagbag.py:588} INFO - Filling up the DagBag from /home/tasneemahmed24/.local/lib/python3.10/site-packages/airflow/example_dags/example_bash_operator.py
[2025-04-13T17:52:31.900+0300] {processor.py:925} INFO - DAG(s) 'example_bash_operator' retrieved from /home/tasneemahmed24/.local/lib/python3.10/site-packages/airflow/example_dags/example_bash_operator.py
[2025-04-13T17:52:31.920+0300] {logging_mixin.py:190} INFO - [2025-04-13T17:52:31.920+0300] {dag.py:3239} INFO - Sync 1 DAGs
[2025-04-13T17:52:31.937+0300] {logging_mixin.py:190} INFO - [2025-04-13T17:52:31.937+0300] {dag.py:4180} INFO - Setting next_dagrun for example_bash_operator to 2025-04-12 00:00:00+00:00, run_after=2025-04-13 00:00:00+00:00
[2025-04-13T17:52:31.958+0300] {processor.py:208} INFO - Processing /home/tasneemahmed24/.local/lib/python3.10/site-packages/airflow/example_dags/example_bash_operator.py took 0.093 seconds
[2025-04-13T17:53:35.641+0300] {processor.py:186} INFO - Started process (PID=44978) to work on /home/tasneemahmed24/.local/lib/python3.10/site-packages/airflow/example_dags/example_bash_operator.py
[2025-04-13T17:53:35.644+0300] {processor.py:914} INFO - Processing file /home/tasneemahmed24/.local/lib/python3.10/site-packages/airflow/example_dags/example_bash_operator.py for tasks to queue
[2025-04-13T17:53:35.647+0300] {logging_mixin.py:190} INFO - [2025-04-13T17:53:35.646+0300] {dagbag.py:588} INFO - Filling up the DagBag from /home/tasneemahmed24/.local/lib/python3.10/site-packages/airflow/example_dags/example_bash_operator.py
[2025-04-13T17:53:35.665+0300] {processor.py:925} INFO - DAG(s) 'example_bash_operator' retrieved from /home/tasneemahmed24/.local/lib/python3.10/site-packages/airflow/example_dags/example_bash_operator.py
[2025-04-13T17:53:35.691+0300] {logging_mixin.py:190} INFO - [2025-04-13T17:53:35.691+0300] {dag.py:3239} INFO - Sync 1 DAGs
[2025-04-13T17:53:35.714+0300] {logging_mixin.py:190} INFO - [2025-04-13T17:53:35.714+0300] {dag.py:4180} INFO - Setting next_dagrun for example_bash_operator to 2025-04-12 00:00:00+00:00, run_after=2025-04-13 00:00:00+00:00
[2025-04-13T17:53:35.737+0300] {processor.py:208} INFO - Processing /home/tasneemahmed24/.local/lib/python3.10/site-packages/airflow/example_dags/example_bash_operator.py took 0.105 seconds
[2025-04-13T17:54:32.748+0300] {processor.py:186} INFO - Started process (PID=45249) to work on /home/tasneemahmed24/.local/lib/python3.10/site-packages/airflow/example_dags/example_bash_operator.py
[2025-04-13T17:54:32.750+0300] {processor.py:914} INFO - Processing file /home/tasneemahmed24/.local/lib/python3.10/site-packages/airflow/example_dags/example_bash_operator.py for tasks to queue
[2025-04-13T17:54:32.753+0300] {logging_mixin.py:190} INFO - [2025-04-13T17:54:32.752+0300] {dagbag.py:588} INFO - Filling up the DagBag from /home/tasneemahmed24/.local/lib/python3.10/site-packages/airflow/example_dags/example_bash_operator.py
[2025-04-13T17:54:32.770+0300] {processor.py:925} INFO - DAG(s) 'example_bash_operator' retrieved from /home/tasneemahmed24/.local/lib/python3.10/site-packages/airflow/example_dags/example_bash_operator.py
[2025-04-13T17:54:32.796+0300] {logging_mixin.py:190} INFO - [2025-04-13T17:54:32.796+0300] {dag.py:3239} INFO - Sync 1 DAGs
[2025-04-13T17:54:32.821+0300] {logging_mixin.py:190} INFO - [2025-04-13T17:54:32.820+0300] {dag.py:4180} INFO - Setting next_dagrun for example_bash_operator to 2025-04-12 00:00:00+00:00, run_after=2025-04-13 00:00:00+00:00
[2025-04-13T17:54:32.846+0300] {processor.py:208} INFO - Processing /home/tasneemahmed24/.local/lib/python3.10/site-packages/airflow/example_dags/example_bash_operator.py took 0.133 seconds
[2025-04-13T17:55:28.948+0300] {processor.py:186} INFO - Started process (PID=45513) to work on /home/tasneemahmed24/.local/lib/python3.10/site-packages/airflow/example_dags/example_bash_operator.py
[2025-04-13T17:55:28.950+0300] {processor.py:914} INFO - Processing file /home/tasneemahmed24/.local/lib/python3.10/site-packages/airflow/example_dags/example_bash_operator.py for tasks to queue
[2025-04-13T17:55:28.953+0300] {logging_mixin.py:190} INFO - [2025-04-13T17:55:28.952+0300] {dagbag.py:588} INFO - Filling up the DagBag from /home/tasneemahmed24/.local/lib/python3.10/site-packages/airflow/example_dags/example_bash_operator.py
[2025-04-13T17:55:28.966+0300] {processor.py:925} INFO - DAG(s) 'example_bash_operator' retrieved from /home/tasneemahmed24/.local/lib/python3.10/site-packages/airflow/example_dags/example_bash_operator.py
[2025-04-13T17:55:28.993+0300] {logging_mixin.py:190} INFO - [2025-04-13T17:55:28.993+0300] {dag.py:3239} INFO - Sync 1 DAGs
[2025-04-13T17:55:29.017+0300] {logging_mixin.py:190} INFO - [2025-04-13T17:55:29.016+0300] {dag.py:4180} INFO - Setting next_dagrun for example_bash_operator to 2025-04-12 00:00:00+00:00, run_after=2025-04-13 00:00:00+00:00
[2025-04-13T17:55:29.040+0300] {processor.py:208} INFO - Processing /home/tasneemahmed24/.local/lib/python3.10/site-packages/airflow/example_dags/example_bash_operator.py took 0.101 seconds
[2025-04-13T17:56:32.096+0300] {processor.py:186} INFO - Started process (PID=45810) to work on /home/tasneemahmed24/.local/lib/python3.10/site-packages/airflow/example_dags/example_bash_operator.py
[2025-04-13T17:56:32.099+0300] {processor.py:914} INFO - Processing file /home/tasneemahmed24/.local/lib/python3.10/site-packages/airflow/example_dags/example_bash_operator.py for tasks to queue
[2025-04-13T17:56:32.103+0300] {logging_mixin.py:190} INFO - [2025-04-13T17:56:32.102+0300] {dagbag.py:588} INFO - Filling up the DagBag from /home/tasneemahmed24/.local/lib/python3.10/site-packages/airflow/example_dags/example_bash_operator.py
[2025-04-13T17:56:32.120+0300] {processor.py:925} INFO - DAG(s) 'example_bash_operator' retrieved from /home/tasneemahmed24/.local/lib/python3.10/site-packages/airflow/example_dags/example_bash_operator.py
[2025-04-13T17:56:32.147+0300] {logging_mixin.py:190} INFO - [2025-04-13T17:56:32.147+0300] {dag.py:3239} INFO - Sync 1 DAGs
[2025-04-13T17:56:32.173+0300] {logging_mixin.py:190} INFO - [2025-04-13T17:56:32.172+0300] {dag.py:4180} INFO - Setting next_dagrun for example_bash_operator to 2025-04-12 00:00:00+00:00, run_after=2025-04-13 00:00:00+00:00
[2025-04-13T17:56:32.195+0300] {processor.py:208} INFO - Processing /home/tasneemahmed24/.local/lib/python3.10/site-packages/airflow/example_dags/example_bash_operator.py took 0.107 seconds
[2025-04-13T17:57:28.452+0300] {processor.py:186} INFO - Started process (PID=46077) to work on /home/tasneemahmed24/.local/lib/python3.10/site-packages/airflow/example_dags/example_bash_operator.py
[2025-04-13T17:57:28.454+0300] {processor.py:914} INFO - Processing file /home/tasneemahmed24/.local/lib/python3.10/site-packages/airflow/example_dags/example_bash_operator.py for tasks to queue
[2025-04-13T17:57:28.456+0300] {logging_mixin.py:190} INFO - [2025-04-13T17:57:28.456+0300] {dagbag.py:588} INFO - Filling up the DagBag from /home/tasneemahmed24/.local/lib/python3.10/site-packages/airflow/example_dags/example_bash_operator.py
[2025-04-13T17:57:28.472+0300] {processor.py:925} INFO - DAG(s) 'example_bash_operator' retrieved from /home/tasneemahmed24/.local/lib/python3.10/site-packages/airflow/example_dags/example_bash_operator.py
[2025-04-13T17:57:28.495+0300] {logging_mixin.py:190} INFO - [2025-04-13T17:57:28.495+0300] {dag.py:3239} INFO - Sync 1 DAGs
[2025-04-13T17:57:28.514+0300] {logging_mixin.py:190} INFO - [2025-04-13T17:57:28.514+0300] {dag.py:4180} INFO - Setting next_dagrun for example_bash_operator to 2025-04-12 00:00:00+00:00, run_after=2025-04-13 00:00:00+00:00
[2025-04-13T17:57:28.535+0300] {processor.py:208} INFO - Processing /home/tasneemahmed24/.local/lib/python3.10/site-packages/airflow/example_dags/example_bash_operator.py took 0.089 seconds
[2025-04-13T17:58:26.448+0300] {processor.py:186} INFO - Started process (PID=46348) to work on /home/tasneemahmed24/.local/lib/python3.10/site-packages/airflow/example_dags/example_bash_operator.py
[2025-04-13T17:58:26.451+0300] {processor.py:914} INFO - Processing file /home/tasneemahmed24/.local/lib/python3.10/site-packages/airflow/example_dags/example_bash_operator.py for tasks to queue
[2025-04-13T17:58:26.453+0300] {logging_mixin.py:190} INFO - [2025-04-13T17:58:26.453+0300] {dagbag.py:588} INFO - Filling up the DagBag from /home/tasneemahmed24/.local/lib/python3.10/site-packages/airflow/example_dags/example_bash_operator.py
[2025-04-13T17:58:26.466+0300] {processor.py:925} INFO - DAG(s) 'example_bash_operator' retrieved from /home/tasneemahmed24/.local/lib/python3.10/site-packages/airflow/example_dags/example_bash_operator.py
[2025-04-13T17:58:26.487+0300] {logging_mixin.py:190} INFO - [2025-04-13T17:58:26.487+0300] {dag.py:3239} INFO - Sync 1 DAGs
[2025-04-13T17:58:26.505+0300] {logging_mixin.py:190} INFO - [2025-04-13T17:58:26.505+0300] {dag.py:4180} INFO - Setting next_dagrun for example_bash_operator to 2025-04-12 00:00:00+00:00, run_after=2025-04-13 00:00:00+00:00
[2025-04-13T17:58:26.525+0300] {processor.py:208} INFO - Processing /home/tasneemahmed24/.local/lib/python3.10/site-packages/airflow/example_dags/example_bash_operator.py took 0.084 seconds
[2025-04-13T17:59:23.295+0300] {processor.py:186} INFO - Started process (PID=46617) to work on /home/tasneemahmed24/.local/lib/python3.10/site-packages/airflow/example_dags/example_bash_operator.py
[2025-04-13T17:59:23.303+0300] {processor.py:914} INFO - Processing file /home/tasneemahmed24/.local/lib/python3.10/site-packages/airflow/example_dags/example_bash_operator.py for tasks to queue
[2025-04-13T17:59:23.305+0300] {logging_mixin.py:190} INFO - [2025-04-13T17:59:23.305+0300] {dagbag.py:588} INFO - Filling up the DagBag from /home/tasneemahmed24/.local/lib/python3.10/site-packages/airflow/example_dags/example_bash_operator.py
[2025-04-13T17:59:23.319+0300] {processor.py:925} INFO - DAG(s) 'example_bash_operator' retrieved from /home/tasneemahmed24/.local/lib/python3.10/site-packages/airflow/example_dags/example_bash_operator.py
[2025-04-13T17:59:23.339+0300] {logging_mixin.py:190} INFO - [2025-04-13T17:59:23.338+0300] {dag.py:3239} INFO - Sync 1 DAGs
[2025-04-13T17:59:23.358+0300] {logging_mixin.py:190} INFO - [2025-04-13T17:59:23.358+0300] {dag.py:4180} INFO - Setting next_dagrun for example_bash_operator to 2025-04-12 00:00:00+00:00, run_after=2025-04-13 00:00:00+00:00
[2025-04-13T17:59:23.381+0300] {processor.py:208} INFO - Processing /home/tasneemahmed24/.local/lib/python3.10/site-packages/airflow/example_dags/example_bash_operator.py took 0.094 seconds
[2025-04-13T18:00:17.661+0300] {processor.py:186} INFO - Started process (PID=46878) to work on /home/tasneemahmed24/.local/lib/python3.10/site-packages/airflow/example_dags/example_bash_operator.py
[2025-04-13T18:00:17.670+0300] {processor.py:914} INFO - Processing file /home/tasneemahmed24/.local/lib/python3.10/site-packages/airflow/example_dags/example_bash_operator.py for tasks to queue
[2025-04-13T18:00:17.674+0300] {logging_mixin.py:190} INFO - [2025-04-13T18:00:17.673+0300] {dagbag.py:588} INFO - Filling up the DagBag from /home/tasneemahmed24/.local/lib/python3.10/site-packages/airflow/example_dags/example_bash_operator.py
[2025-04-13T18:00:17.692+0300] {processor.py:925} INFO - DAG(s) 'example_bash_operator' retrieved from /home/tasneemahmed24/.local/lib/python3.10/site-packages/airflow/example_dags/example_bash_operator.py
[2025-04-13T18:00:17.724+0300] {logging_mixin.py:190} INFO - [2025-04-13T18:00:17.724+0300] {dag.py:3239} INFO - Sync 1 DAGs
[2025-04-13T18:00:17.751+0300] {logging_mixin.py:190} INFO - [2025-04-13T18:00:17.751+0300] {dag.py:4180} INFO - Setting next_dagrun for example_bash_operator to 2025-04-12 00:00:00+00:00, run_after=2025-04-13 00:00:00+00:00
[2025-04-13T18:00:17.777+0300] {processor.py:208} INFO - Processing /home/tasneemahmed24/.local/lib/python3.10/site-packages/airflow/example_dags/example_bash_operator.py took 0.126 seconds
[2025-04-13T18:01:40.839+0300] {processor.py:186} INFO - Started process (PID=47274) to work on /home/tasneemahmed24/.local/lib/python3.10/site-packages/airflow/example_dags/example_bash_operator.py
[2025-04-13T18:01:40.842+0300] {processor.py:914} INFO - Processing file /home/tasneemahmed24/.local/lib/python3.10/site-packages/airflow/example_dags/example_bash_operator.py for tasks to queue
[2025-04-13T18:01:40.844+0300] {logging_mixin.py:190} INFO - [2025-04-13T18:01:40.844+0300] {dagbag.py:588} INFO - Filling up the DagBag from /home/tasneemahmed24/.local/lib/python3.10/site-packages/airflow/example_dags/example_bash_operator.py
[2025-04-13T18:01:40.858+0300] {processor.py:925} INFO - DAG(s) 'example_bash_operator' retrieved from /home/tasneemahmed24/.local/lib/python3.10/site-packages/airflow/example_dags/example_bash_operator.py
[2025-04-13T18:01:40.881+0300] {logging_mixin.py:190} INFO - [2025-04-13T18:01:40.881+0300] {dag.py:3239} INFO - Sync 1 DAGs
[2025-04-13T18:01:40.900+0300] {logging_mixin.py:190} INFO - [2025-04-13T18:01:40.899+0300] {dag.py:4180} INFO - Setting next_dagrun for example_bash_operator to 2025-04-12 00:00:00+00:00, run_after=2025-04-13 00:00:00+00:00
[2025-04-13T18:01:40.920+0300] {processor.py:208} INFO - Processing /home/tasneemahmed24/.local/lib/python3.10/site-packages/airflow/example_dags/example_bash_operator.py took 0.088 seconds
[2025-04-13T18:02:38.921+0300] {processor.py:186} INFO - Started process (PID=47546) to work on /home/tasneemahmed24/.local/lib/python3.10/site-packages/airflow/example_dags/example_bash_operator.py
[2025-04-13T18:02:38.929+0300] {processor.py:914} INFO - Processing file /home/tasneemahmed24/.local/lib/python3.10/site-packages/airflow/example_dags/example_bash_operator.py for tasks to queue
[2025-04-13T18:02:38.932+0300] {logging_mixin.py:190} INFO - [2025-04-13T18:02:38.931+0300] {dagbag.py:588} INFO - Filling up the DagBag from /home/tasneemahmed24/.local/lib/python3.10/site-packages/airflow/example_dags/example_bash_operator.py
[2025-04-13T18:02:38.946+0300] {processor.py:925} INFO - DAG(s) 'example_bash_operator' retrieved from /home/tasneemahmed24/.local/lib/python3.10/site-packages/airflow/example_dags/example_bash_operator.py
[2025-04-13T18:02:38.966+0300] {logging_mixin.py:190} INFO - [2025-04-13T18:02:38.966+0300] {dag.py:3239} INFO - Sync 1 DAGs
[2025-04-13T18:02:38.984+0300] {logging_mixin.py:190} INFO - [2025-04-13T18:02:38.984+0300] {dag.py:4180} INFO - Setting next_dagrun for example_bash_operator to 2025-04-12 00:00:00+00:00, run_after=2025-04-13 00:00:00+00:00
[2025-04-13T18:02:39.005+0300] {processor.py:208} INFO - Processing /home/tasneemahmed24/.local/lib/python3.10/site-packages/airflow/example_dags/example_bash_operator.py took 0.092 seconds
[2025-04-13T18:03:35.648+0300] {processor.py:186} INFO - Started process (PID=47818) to work on /home/tasneemahmed24/.local/lib/python3.10/site-packages/airflow/example_dags/example_bash_operator.py
[2025-04-13T18:03:35.650+0300] {processor.py:914} INFO - Processing file /home/tasneemahmed24/.local/lib/python3.10/site-packages/airflow/example_dags/example_bash_operator.py for tasks to queue
[2025-04-13T18:03:35.652+0300] {logging_mixin.py:190} INFO - [2025-04-13T18:03:35.651+0300] {dagbag.py:588} INFO - Filling up the DagBag from /home/tasneemahmed24/.local/lib/python3.10/site-packages/airflow/example_dags/example_bash_operator.py
[2025-04-13T18:03:35.669+0300] {processor.py:925} INFO - DAG(s) 'example_bash_operator' retrieved from /home/tasneemahmed24/.local/lib/python3.10/site-packages/airflow/example_dags/example_bash_operator.py
[2025-04-13T18:03:35.692+0300] {logging_mixin.py:190} INFO - [2025-04-13T18:03:35.692+0300] {dag.py:3239} INFO - Sync 1 DAGs
[2025-04-13T18:03:35.711+0300] {logging_mixin.py:190} INFO - [2025-04-13T18:03:35.710+0300] {dag.py:4180} INFO - Setting next_dagrun for example_bash_operator to 2025-04-12 00:00:00+00:00, run_after=2025-04-13 00:00:00+00:00
[2025-04-13T18:03:35.731+0300] {processor.py:208} INFO - Processing /home/tasneemahmed24/.local/lib/python3.10/site-packages/airflow/example_dags/example_bash_operator.py took 0.091 seconds
[2025-04-13T18:04:36.428+0300] {processor.py:186} INFO - Started process (PID=48106) to work on /home/tasneemahmed24/.local/lib/python3.10/site-packages/airflow/example_dags/example_bash_operator.py
[2025-04-13T18:04:36.431+0300] {processor.py:914} INFO - Processing file /home/tasneemahmed24/.local/lib/python3.10/site-packages/airflow/example_dags/example_bash_operator.py for tasks to queue
[2025-04-13T18:04:36.433+0300] {logging_mixin.py:190} INFO - [2025-04-13T18:04:36.433+0300] {dagbag.py:588} INFO - Filling up the DagBag from /home/tasneemahmed24/.local/lib/python3.10/site-packages/airflow/example_dags/example_bash_operator.py
[2025-04-13T18:04:36.453+0300] {processor.py:925} INFO - DAG(s) 'example_bash_operator' retrieved from /home/tasneemahmed24/.local/lib/python3.10/site-packages/airflow/example_dags/example_bash_operator.py
[2025-04-13T18:04:36.487+0300] {logging_mixin.py:190} INFO - [2025-04-13T18:04:36.487+0300] {dag.py:3239} INFO - Sync 1 DAGs
[2025-04-13T18:04:36.510+0300] {logging_mixin.py:190} INFO - [2025-04-13T18:04:36.510+0300] {dag.py:4180} INFO - Setting next_dagrun for example_bash_operator to 2025-04-12 00:00:00+00:00, run_after=2025-04-13 00:00:00+00:00
[2025-04-13T18:04:36.527+0300] {processor.py:208} INFO - Processing /home/tasneemahmed24/.local/lib/python3.10/site-packages/airflow/example_dags/example_bash_operator.py took 0.108 seconds
[2025-04-13T18:05:37.264+0300] {processor.py:186} INFO - Started process (PID=48395) to work on /home/tasneemahmed24/.local/lib/python3.10/site-packages/airflow/example_dags/example_bash_operator.py
[2025-04-13T18:05:37.272+0300] {processor.py:914} INFO - Processing file /home/tasneemahmed24/.local/lib/python3.10/site-packages/airflow/example_dags/example_bash_operator.py for tasks to queue
[2025-04-13T18:05:37.274+0300] {logging_mixin.py:190} INFO - [2025-04-13T18:05:37.274+0300] {dagbag.py:588} INFO - Filling up the DagBag from /home/tasneemahmed24/.local/lib/python3.10/site-packages/airflow/example_dags/example_bash_operator.py
[2025-04-13T18:05:37.288+0300] {processor.py:925} INFO - DAG(s) 'example_bash_operator' retrieved from /home/tasneemahmed24/.local/lib/python3.10/site-packages/airflow/example_dags/example_bash_operator.py
[2025-04-13T18:05:37.311+0300] {logging_mixin.py:190} INFO - [2025-04-13T18:05:37.310+0300] {dag.py:3239} INFO - Sync 1 DAGs
[2025-04-13T18:05:37.330+0300] {logging_mixin.py:190} INFO - [2025-04-13T18:05:37.330+0300] {dag.py:4180} INFO - Setting next_dagrun for example_bash_operator to 2025-04-12 00:00:00+00:00, run_after=2025-04-13 00:00:00+00:00
[2025-04-13T18:05:37.351+0300] {processor.py:208} INFO - Processing /home/tasneemahmed24/.local/lib/python3.10/site-packages/airflow/example_dags/example_bash_operator.py took 0.093 seconds
[2025-04-13T18:06:32.790+0300] {processor.py:186} INFO - Started process (PID=48659) to work on /home/tasneemahmed24/.local/lib/python3.10/site-packages/airflow/example_dags/example_bash_operator.py
[2025-04-13T18:06:32.792+0300] {processor.py:914} INFO - Processing file /home/tasneemahmed24/.local/lib/python3.10/site-packages/airflow/example_dags/example_bash_operator.py for tasks to queue
[2025-04-13T18:06:32.794+0300] {logging_mixin.py:190} INFO - [2025-04-13T18:06:32.793+0300] {dagbag.py:588} INFO - Filling up the DagBag from /home/tasneemahmed24/.local/lib/python3.10/site-packages/airflow/example_dags/example_bash_operator.py
[2025-04-13T18:06:32.808+0300] {processor.py:925} INFO - DAG(s) 'example_bash_operator' retrieved from /home/tasneemahmed24/.local/lib/python3.10/site-packages/airflow/example_dags/example_bash_operator.py
[2025-04-13T18:06:32.830+0300] {logging_mixin.py:190} INFO - [2025-04-13T18:06:32.830+0300] {dag.py:3239} INFO - Sync 1 DAGs
[2025-04-13T18:06:32.851+0300] {logging_mixin.py:190} INFO - [2025-04-13T18:06:32.851+0300] {dag.py:4180} INFO - Setting next_dagrun for example_bash_operator to 2025-04-12 00:00:00+00:00, run_after=2025-04-13 00:00:00+00:00
[2025-04-13T18:06:32.875+0300] {processor.py:208} INFO - Processing /home/tasneemahmed24/.local/lib/python3.10/site-packages/airflow/example_dags/example_bash_operator.py took 0.094 seconds
[2025-04-13T18:07:28.845+0300] {processor.py:186} INFO - Started process (PID=48927) to work on /home/tasneemahmed24/.local/lib/python3.10/site-packages/airflow/example_dags/example_bash_operator.py
[2025-04-13T18:07:28.848+0300] {processor.py:914} INFO - Processing file /home/tasneemahmed24/.local/lib/python3.10/site-packages/airflow/example_dags/example_bash_operator.py for tasks to queue
[2025-04-13T18:07:28.852+0300] {logging_mixin.py:190} INFO - [2025-04-13T18:07:28.851+0300] {dagbag.py:588} INFO - Filling up the DagBag from /home/tasneemahmed24/.local/lib/python3.10/site-packages/airflow/example_dags/example_bash_operator.py
[2025-04-13T18:07:28.866+0300] {processor.py:925} INFO - DAG(s) 'example_bash_operator' retrieved from /home/tasneemahmed24/.local/lib/python3.10/site-packages/airflow/example_dags/example_bash_operator.py
[2025-04-13T18:07:28.888+0300] {logging_mixin.py:190} INFO - [2025-04-13T18:07:28.888+0300] {dag.py:3239} INFO - Sync 1 DAGs
[2025-04-13T18:07:28.908+0300] {logging_mixin.py:190} INFO - [2025-04-13T18:07:28.908+0300] {dag.py:4180} INFO - Setting next_dagrun for example_bash_operator to 2025-04-12 00:00:00+00:00, run_after=2025-04-13 00:00:00+00:00
[2025-04-13T18:07:28.933+0300] {processor.py:208} INFO - Processing /home/tasneemahmed24/.local/lib/python3.10/site-packages/airflow/example_dags/example_bash_operator.py took 0.094 seconds
[2025-04-13T18:08:50.271+0300] {processor.py:186} INFO - Started process (PID=49333) to work on /home/tasneemahmed24/.local/lib/python3.10/site-packages/airflow/example_dags/example_bash_operator.py
[2025-04-13T18:08:50.273+0300] {processor.py:914} INFO - Processing file /home/tasneemahmed24/.local/lib/python3.10/site-packages/airflow/example_dags/example_bash_operator.py for tasks to queue
[2025-04-13T18:08:50.276+0300] {logging_mixin.py:190} INFO - [2025-04-13T18:08:50.275+0300] {dagbag.py:588} INFO - Filling up the DagBag from /home/tasneemahmed24/.local/lib/python3.10/site-packages/airflow/example_dags/example_bash_operator.py
[2025-04-13T18:08:50.327+0300] {processor.py:925} INFO - DAG(s) 'example_bash_operator' retrieved from /home/tasneemahmed24/.local/lib/python3.10/site-packages/airflow/example_dags/example_bash_operator.py
[2025-04-13T18:08:50.383+0300] {logging_mixin.py:190} INFO - [2025-04-13T18:08:50.383+0300] {dag.py:3239} INFO - Sync 1 DAGs
[2025-04-13T18:08:50.443+0300] {logging_mixin.py:190} INFO - [2025-04-13T18:08:50.442+0300] {dag.py:4180} INFO - Setting next_dagrun for example_bash_operator to 2025-04-12 00:00:00+00:00, run_after=2025-04-13 00:00:00+00:00
[2025-04-13T18:08:50.464+0300] {processor.py:208} INFO - Processing /home/tasneemahmed24/.local/lib/python3.10/site-packages/airflow/example_dags/example_bash_operator.py took 0.203 seconds
[2025-04-13T18:09:47.784+0300] {processor.py:186} INFO - Started process (PID=49606) to work on /home/tasneemahmed24/.local/lib/python3.10/site-packages/airflow/example_dags/example_bash_operator.py
[2025-04-13T18:09:47.787+0300] {processor.py:914} INFO - Processing file /home/tasneemahmed24/.local/lib/python3.10/site-packages/airflow/example_dags/example_bash_operator.py for tasks to queue
[2025-04-13T18:09:47.790+0300] {logging_mixin.py:190} INFO - [2025-04-13T18:09:47.789+0300] {dagbag.py:588} INFO - Filling up the DagBag from /home/tasneemahmed24/.local/lib/python3.10/site-packages/airflow/example_dags/example_bash_operator.py
[2025-04-13T18:09:47.806+0300] {processor.py:925} INFO - DAG(s) 'example_bash_operator' retrieved from /home/tasneemahmed24/.local/lib/python3.10/site-packages/airflow/example_dags/example_bash_operator.py
[2025-04-13T18:09:47.827+0300] {logging_mixin.py:190} INFO - [2025-04-13T18:09:47.827+0300] {dag.py:3239} INFO - Sync 1 DAGs
[2025-04-13T18:09:47.849+0300] {logging_mixin.py:190} INFO - [2025-04-13T18:09:47.849+0300] {dag.py:4180} INFO - Setting next_dagrun for example_bash_operator to 2025-04-12 00:00:00+00:00, run_after=2025-04-13 00:00:00+00:00
[2025-04-13T18:09:47.871+0300] {processor.py:208} INFO - Processing /home/tasneemahmed24/.local/lib/python3.10/site-packages/airflow/example_dags/example_bash_operator.py took 0.094 seconds
[2025-04-13T18:10:47.133+0300] {processor.py:186} INFO - Started process (PID=49891) to work on /home/tasneemahmed24/.local/lib/python3.10/site-packages/airflow/example_dags/example_bash_operator.py
[2025-04-13T18:10:47.135+0300] {processor.py:914} INFO - Processing file /home/tasneemahmed24/.local/lib/python3.10/site-packages/airflow/example_dags/example_bash_operator.py for tasks to queue
[2025-04-13T18:10:47.138+0300] {logging_mixin.py:190} INFO - [2025-04-13T18:10:47.138+0300] {dagbag.py:588} INFO - Filling up the DagBag from /home/tasneemahmed24/.local/lib/python3.10/site-packages/airflow/example_dags/example_bash_operator.py
[2025-04-13T18:10:47.152+0300] {processor.py:925} INFO - DAG(s) 'example_bash_operator' retrieved from /home/tasneemahmed24/.local/lib/python3.10/site-packages/airflow/example_dags/example_bash_operator.py
[2025-04-13T18:10:47.174+0300] {logging_mixin.py:190} INFO - [2025-04-13T18:10:47.174+0300] {dag.py:3239} INFO - Sync 1 DAGs
[2025-04-13T18:10:47.195+0300] {logging_mixin.py:190} INFO - [2025-04-13T18:10:47.195+0300] {dag.py:4180} INFO - Setting next_dagrun for example_bash_operator to 2025-04-12 00:00:00+00:00, run_after=2025-04-13 00:00:00+00:00
[2025-04-13T18:10:47.219+0300] {processor.py:208} INFO - Processing /home/tasneemahmed24/.local/lib/python3.10/site-packages/airflow/example_dags/example_bash_operator.py took 0.097 seconds
[2025-04-13T18:11:45.803+0300] {processor.py:186} INFO - Started process (PID=50178) to work on /home/tasneemahmed24/.local/lib/python3.10/site-packages/airflow/example_dags/example_bash_operator.py
[2025-04-13T18:11:45.805+0300] {processor.py:914} INFO - Processing file /home/tasneemahmed24/.local/lib/python3.10/site-packages/airflow/example_dags/example_bash_operator.py for tasks to queue
[2025-04-13T18:11:45.807+0300] {logging_mixin.py:190} INFO - [2025-04-13T18:11:45.807+0300] {dagbag.py:588} INFO - Filling up the DagBag from /home/tasneemahmed24/.local/lib/python3.10/site-packages/airflow/example_dags/example_bash_operator.py
[2025-04-13T18:11:45.821+0300] {processor.py:925} INFO - DAG(s) 'example_bash_operator' retrieved from /home/tasneemahmed24/.local/lib/python3.10/site-packages/airflow/example_dags/example_bash_operator.py
[2025-04-13T18:11:45.846+0300] {logging_mixin.py:190} INFO - [2025-04-13T18:11:45.845+0300] {dag.py:3239} INFO - Sync 1 DAGs
[2025-04-13T18:11:45.875+0300] {logging_mixin.py:190} INFO - [2025-04-13T18:11:45.874+0300] {dag.py:4180} INFO - Setting next_dagrun for example_bash_operator to 2025-04-12 00:00:00+00:00, run_after=2025-04-13 00:00:00+00:00
[2025-04-13T18:11:45.901+0300] {processor.py:208} INFO - Processing /home/tasneemahmed24/.local/lib/python3.10/site-packages/airflow/example_dags/example_bash_operator.py took 0.104 seconds
[2025-04-13T18:12:43.348+0300] {processor.py:186} INFO - Started process (PID=50500) to work on /home/tasneemahmed24/.local/lib/python3.10/site-packages/airflow/example_dags/example_bash_operator.py
[2025-04-13T18:12:43.350+0300] {processor.py:914} INFO - Processing file /home/tasneemahmed24/.local/lib/python3.10/site-packages/airflow/example_dags/example_bash_operator.py for tasks to queue
[2025-04-13T18:12:43.353+0300] {logging_mixin.py:190} INFO - [2025-04-13T18:12:43.353+0300] {dagbag.py:588} INFO - Filling up the DagBag from /home/tasneemahmed24/.local/lib/python3.10/site-packages/airflow/example_dags/example_bash_operator.py
[2025-04-13T18:12:43.375+0300] {processor.py:925} INFO - DAG(s) 'example_bash_operator' retrieved from /home/tasneemahmed24/.local/lib/python3.10/site-packages/airflow/example_dags/example_bash_operator.py
[2025-04-13T18:12:43.420+0300] {logging_mixin.py:190} INFO - [2025-04-13T18:12:43.420+0300] {dag.py:3239} INFO - Sync 1 DAGs
[2025-04-13T18:12:43.455+0300] {logging_mixin.py:190} INFO - [2025-04-13T18:12:43.455+0300] {dag.py:4180} INFO - Setting next_dagrun for example_bash_operator to 2025-04-12 00:00:00+00:00, run_after=2025-04-13 00:00:00+00:00
[2025-04-13T18:12:43.479+0300] {processor.py:208} INFO - Processing /home/tasneemahmed24/.local/lib/python3.10/site-packages/airflow/example_dags/example_bash_operator.py took 0.139 seconds
[2025-04-13T18:13:40.187+0300] {processor.py:186} INFO - Started process (PID=50777) to work on /home/tasneemahmed24/.local/lib/python3.10/site-packages/airflow/example_dags/example_bash_operator.py
[2025-04-13T18:13:40.189+0300] {processor.py:914} INFO - Processing file /home/tasneemahmed24/.local/lib/python3.10/site-packages/airflow/example_dags/example_bash_operator.py for tasks to queue
[2025-04-13T18:13:40.192+0300] {logging_mixin.py:190} INFO - [2025-04-13T18:13:40.191+0300] {dagbag.py:588} INFO - Filling up the DagBag from /home/tasneemahmed24/.local/lib/python3.10/site-packages/airflow/example_dags/example_bash_operator.py
[2025-04-13T18:13:40.205+0300] {processor.py:925} INFO - DAG(s) 'example_bash_operator' retrieved from /home/tasneemahmed24/.local/lib/python3.10/site-packages/airflow/example_dags/example_bash_operator.py
[2025-04-13T18:13:40.229+0300] {logging_mixin.py:190} INFO - [2025-04-13T18:13:40.229+0300] {dag.py:3239} INFO - Sync 1 DAGs
[2025-04-13T18:13:40.251+0300] {logging_mixin.py:190} INFO - [2025-04-13T18:13:40.251+0300] {dag.py:4180} INFO - Setting next_dagrun for example_bash_operator to 2025-04-12 00:00:00+00:00, run_after=2025-04-13 00:00:00+00:00
[2025-04-13T18:13:40.274+0300] {processor.py:208} INFO - Processing /home/tasneemahmed24/.local/lib/python3.10/site-packages/airflow/example_dags/example_bash_operator.py took 0.094 seconds
[2025-04-13T18:14:36.539+0300] {processor.py:186} INFO - Started process (PID=51062) to work on /home/tasneemahmed24/.local/lib/python3.10/site-packages/airflow/example_dags/example_bash_operator.py
[2025-04-13T18:14:36.542+0300] {processor.py:914} INFO - Processing file /home/tasneemahmed24/.local/lib/python3.10/site-packages/airflow/example_dags/example_bash_operator.py for tasks to queue
[2025-04-13T18:14:36.547+0300] {logging_mixin.py:190} INFO - [2025-04-13T18:14:36.546+0300] {dagbag.py:588} INFO - Filling up the DagBag from /home/tasneemahmed24/.local/lib/python3.10/site-packages/airflow/example_dags/example_bash_operator.py
[2025-04-13T18:14:36.563+0300] {processor.py:925} INFO - DAG(s) 'example_bash_operator' retrieved from /home/tasneemahmed24/.local/lib/python3.10/site-packages/airflow/example_dags/example_bash_operator.py
[2025-04-13T18:14:36.587+0300] {logging_mixin.py:190} INFO - [2025-04-13T18:14:36.587+0300] {dag.py:3239} INFO - Sync 1 DAGs
[2025-04-13T18:14:36.605+0300] {logging_mixin.py:190} INFO - [2025-04-13T18:14:36.605+0300] {dag.py:4180} INFO - Setting next_dagrun for example_bash_operator to 2025-04-12 00:00:00+00:00, run_after=2025-04-13 00:00:00+00:00
[2025-04-13T18:14:36.626+0300] {processor.py:208} INFO - Processing /home/tasneemahmed24/.local/lib/python3.10/site-packages/airflow/example_dags/example_bash_operator.py took 0.093 seconds
[2025-04-13T18:15:37.076+0300] {processor.py:186} INFO - Started process (PID=51355) to work on /home/tasneemahmed24/.local/lib/python3.10/site-packages/airflow/example_dags/example_bash_operator.py
[2025-04-13T18:15:37.087+0300] {processor.py:914} INFO - Processing file /home/tasneemahmed24/.local/lib/python3.10/site-packages/airflow/example_dags/example_bash_operator.py for tasks to queue
[2025-04-13T18:15:37.090+0300] {logging_mixin.py:190} INFO - [2025-04-13T18:15:37.090+0300] {dagbag.py:588} INFO - Filling up the DagBag from /home/tasneemahmed24/.local/lib/python3.10/site-packages/airflow/example_dags/example_bash_operator.py
[2025-04-13T18:15:37.111+0300] {processor.py:925} INFO - DAG(s) 'example_bash_operator' retrieved from /home/tasneemahmed24/.local/lib/python3.10/site-packages/airflow/example_dags/example_bash_operator.py
[2025-04-13T18:15:37.142+0300] {logging_mixin.py:190} INFO - [2025-04-13T18:15:37.142+0300] {dag.py:3239} INFO - Sync 1 DAGs
[2025-04-13T18:15:37.169+0300] {logging_mixin.py:190} INFO - [2025-04-13T18:15:37.169+0300] {dag.py:4180} INFO - Setting next_dagrun for example_bash_operator to 2025-04-12 00:00:00+00:00, run_after=2025-04-13 00:00:00+00:00
[2025-04-13T18:15:37.201+0300] {processor.py:208} INFO - Processing /home/tasneemahmed24/.local/lib/python3.10/site-packages/airflow/example_dags/example_bash_operator.py took 0.134 seconds
[2025-04-13T18:16:40.677+0300] {processor.py:186} INFO - Started process (PID=51657) to work on /home/tasneemahmed24/.local/lib/python3.10/site-packages/airflow/example_dags/example_bash_operator.py
[2025-04-13T18:16:40.685+0300] {processor.py:914} INFO - Processing file /home/tasneemahmed24/.local/lib/python3.10/site-packages/airflow/example_dags/example_bash_operator.py for tasks to queue
[2025-04-13T18:16:40.690+0300] {logging_mixin.py:190} INFO - [2025-04-13T18:16:40.689+0300] {dagbag.py:588} INFO - Filling up the DagBag from /home/tasneemahmed24/.local/lib/python3.10/site-packages/airflow/example_dags/example_bash_operator.py
[2025-04-13T18:16:40.708+0300] {processor.py:925} INFO - DAG(s) 'example_bash_operator' retrieved from /home/tasneemahmed24/.local/lib/python3.10/site-packages/airflow/example_dags/example_bash_operator.py
[2025-04-13T18:16:40.731+0300] {logging_mixin.py:190} INFO - [2025-04-13T18:16:40.730+0300] {dag.py:3239} INFO - Sync 1 DAGs
[2025-04-13T18:16:40.755+0300] {logging_mixin.py:190} INFO - [2025-04-13T18:16:40.754+0300] {dag.py:4180} INFO - Setting next_dagrun for example_bash_operator to 2025-04-12 00:00:00+00:00, run_after=2025-04-13 00:00:00+00:00
[2025-04-13T18:16:40.777+0300] {processor.py:208} INFO - Processing /home/tasneemahmed24/.local/lib/python3.10/site-packages/airflow/example_dags/example_bash_operator.py took 0.110 seconds
[2025-04-13T18:17:40.092+0300] {processor.py:186} INFO - Started process (PID=51939) to work on /home/tasneemahmed24/.local/lib/python3.10/site-packages/airflow/example_dags/example_bash_operator.py
[2025-04-13T18:17:40.094+0300] {processor.py:914} INFO - Processing file /home/tasneemahmed24/.local/lib/python3.10/site-packages/airflow/example_dags/example_bash_operator.py for tasks to queue
[2025-04-13T18:17:40.097+0300] {logging_mixin.py:190} INFO - [2025-04-13T18:17:40.096+0300] {dagbag.py:588} INFO - Filling up the DagBag from /home/tasneemahmed24/.local/lib/python3.10/site-packages/airflow/example_dags/example_bash_operator.py
[2025-04-13T18:17:40.114+0300] {processor.py:925} INFO - DAG(s) 'example_bash_operator' retrieved from /home/tasneemahmed24/.local/lib/python3.10/site-packages/airflow/example_dags/example_bash_operator.py
[2025-04-13T18:17:40.136+0300] {logging_mixin.py:190} INFO - [2025-04-13T18:17:40.136+0300] {dag.py:3239} INFO - Sync 1 DAGs
[2025-04-13T18:17:40.156+0300] {logging_mixin.py:190} INFO - [2025-04-13T18:17:40.156+0300] {dag.py:4180} INFO - Setting next_dagrun for example_bash_operator to 2025-04-12 00:00:00+00:00, run_after=2025-04-13 00:00:00+00:00
[2025-04-13T18:17:40.178+0300] {processor.py:208} INFO - Processing /home/tasneemahmed24/.local/lib/python3.10/site-packages/airflow/example_dags/example_bash_operator.py took 0.094 seconds
[2025-04-13T18:18:38.723+0300] {processor.py:186} INFO - Started process (PID=52218) to work on /home/tasneemahmed24/.local/lib/python3.10/site-packages/airflow/example_dags/example_bash_operator.py
[2025-04-13T18:18:38.724+0300] {processor.py:914} INFO - Processing file /home/tasneemahmed24/.local/lib/python3.10/site-packages/airflow/example_dags/example_bash_operator.py for tasks to queue
[2025-04-13T18:18:38.726+0300] {logging_mixin.py:190} INFO - [2025-04-13T18:18:38.726+0300] {dagbag.py:588} INFO - Filling up the DagBag from /home/tasneemahmed24/.local/lib/python3.10/site-packages/airflow/example_dags/example_bash_operator.py
[2025-04-13T18:18:38.739+0300] {processor.py:925} INFO - DAG(s) 'example_bash_operator' retrieved from /home/tasneemahmed24/.local/lib/python3.10/site-packages/airflow/example_dags/example_bash_operator.py
[2025-04-13T18:18:38.760+0300] {logging_mixin.py:190} INFO - [2025-04-13T18:18:38.760+0300] {dag.py:3239} INFO - Sync 1 DAGs
[2025-04-13T18:18:38.781+0300] {logging_mixin.py:190} INFO - [2025-04-13T18:18:38.781+0300] {dag.py:4180} INFO - Setting next_dagrun for example_bash_operator to 2025-04-12 00:00:00+00:00, run_after=2025-04-13 00:00:00+00:00
[2025-04-13T18:18:38.801+0300] {processor.py:208} INFO - Processing /home/tasneemahmed24/.local/lib/python3.10/site-packages/airflow/example_dags/example_bash_operator.py took 0.086 seconds
[2025-04-13T18:19:38.532+0300] {processor.py:186} INFO - Started process (PID=52499) to work on /home/tasneemahmed24/.local/lib/python3.10/site-packages/airflow/example_dags/example_bash_operator.py
[2025-04-13T18:19:38.541+0300] {processor.py:914} INFO - Processing file /home/tasneemahmed24/.local/lib/python3.10/site-packages/airflow/example_dags/example_bash_operator.py for tasks to queue
[2025-04-13T18:19:38.544+0300] {logging_mixin.py:190} INFO - [2025-04-13T18:19:38.543+0300] {dagbag.py:588} INFO - Filling up the DagBag from /home/tasneemahmed24/.local/lib/python3.10/site-packages/airflow/example_dags/example_bash_operator.py
[2025-04-13T18:19:38.564+0300] {processor.py:925} INFO - DAG(s) 'example_bash_operator' retrieved from /home/tasneemahmed24/.local/lib/python3.10/site-packages/airflow/example_dags/example_bash_operator.py
[2025-04-13T18:19:38.590+0300] {logging_mixin.py:190} INFO - [2025-04-13T18:19:38.589+0300] {dag.py:3239} INFO - Sync 1 DAGs
[2025-04-13T18:19:38.614+0300] {logging_mixin.py:190} INFO - [2025-04-13T18:19:38.613+0300] {dag.py:4180} INFO - Setting next_dagrun for example_bash_operator to 2025-04-12 00:00:00+00:00, run_after=2025-04-13 00:00:00+00:00
[2025-04-13T18:19:38.638+0300] {processor.py:208} INFO - Processing /home/tasneemahmed24/.local/lib/python3.10/site-packages/airflow/example_dags/example_bash_operator.py took 0.116 seconds
[2025-04-13T18:20:38.487+0300] {processor.py:186} INFO - Started process (PID=52802) to work on /home/tasneemahmed24/.local/lib/python3.10/site-packages/airflow/example_dags/example_bash_operator.py
[2025-04-13T18:20:38.490+0300] {processor.py:914} INFO - Processing file /home/tasneemahmed24/.local/lib/python3.10/site-packages/airflow/example_dags/example_bash_operator.py for tasks to queue
[2025-04-13T18:20:38.492+0300] {logging_mixin.py:190} INFO - [2025-04-13T18:20:38.491+0300] {dagbag.py:588} INFO - Filling up the DagBag from /home/tasneemahmed24/.local/lib/python3.10/site-packages/airflow/example_dags/example_bash_operator.py
[2025-04-13T18:20:38.510+0300] {processor.py:925} INFO - DAG(s) 'example_bash_operator' retrieved from /home/tasneemahmed24/.local/lib/python3.10/site-packages/airflow/example_dags/example_bash_operator.py
[2025-04-13T18:20:38.535+0300] {logging_mixin.py:190} INFO - [2025-04-13T18:20:38.535+0300] {dag.py:3239} INFO - Sync 1 DAGs
[2025-04-13T18:20:38.561+0300] {logging_mixin.py:190} INFO - [2025-04-13T18:20:38.561+0300] {dag.py:4180} INFO - Setting next_dagrun for example_bash_operator to 2025-04-12 00:00:00+00:00, run_after=2025-04-13 00:00:00+00:00
[2025-04-13T18:20:38.592+0300] {processor.py:208} INFO - Processing /home/tasneemahmed24/.local/lib/python3.10/site-packages/airflow/example_dags/example_bash_operator.py took 0.111 seconds
[2025-04-13T18:21:42.425+0300] {processor.py:186} INFO - Started process (PID=53119) to work on /home/tasneemahmed24/.local/lib/python3.10/site-packages/airflow/example_dags/example_bash_operator.py
[2025-04-13T18:21:42.426+0300] {processor.py:914} INFO - Processing file /home/tasneemahmed24/.local/lib/python3.10/site-packages/airflow/example_dags/example_bash_operator.py for tasks to queue
[2025-04-13T18:21:42.429+0300] {logging_mixin.py:190} INFO - [2025-04-13T18:21:42.428+0300] {dagbag.py:588} INFO - Filling up the DagBag from /home/tasneemahmed24/.local/lib/python3.10/site-packages/airflow/example_dags/example_bash_operator.py
[2025-04-13T18:21:42.445+0300] {processor.py:925} INFO - DAG(s) 'example_bash_operator' retrieved from /home/tasneemahmed24/.local/lib/python3.10/site-packages/airflow/example_dags/example_bash_operator.py
[2025-04-13T18:21:42.473+0300] {logging_mixin.py:190} INFO - [2025-04-13T18:21:42.472+0300] {dag.py:3239} INFO - Sync 1 DAGs
[2025-04-13T18:21:42.496+0300] {logging_mixin.py:190} INFO - [2025-04-13T18:21:42.496+0300] {dag.py:4180} INFO - Setting next_dagrun for example_bash_operator to 2025-04-12 00:00:00+00:00, run_after=2025-04-13 00:00:00+00:00
[2025-04-13T18:21:42.519+0300] {processor.py:208} INFO - Processing /home/tasneemahmed24/.local/lib/python3.10/site-packages/airflow/example_dags/example_bash_operator.py took 0.100 seconds
[2025-04-13T18:22:41.186+0300] {processor.py:186} INFO - Started process (PID=53432) to work on /home/tasneemahmed24/.local/lib/python3.10/site-packages/airflow/example_dags/example_bash_operator.py
[2025-04-13T18:22:41.188+0300] {processor.py:914} INFO - Processing file /home/tasneemahmed24/.local/lib/python3.10/site-packages/airflow/example_dags/example_bash_operator.py for tasks to queue
[2025-04-13T18:22:41.191+0300] {logging_mixin.py:190} INFO - [2025-04-13T18:22:41.190+0300] {dagbag.py:588} INFO - Filling up the DagBag from /home/tasneemahmed24/.local/lib/python3.10/site-packages/airflow/example_dags/example_bash_operator.py
[2025-04-13T18:22:41.204+0300] {processor.py:925} INFO - DAG(s) 'example_bash_operator' retrieved from /home/tasneemahmed24/.local/lib/python3.10/site-packages/airflow/example_dags/example_bash_operator.py
[2025-04-13T18:22:41.226+0300] {logging_mixin.py:190} INFO - [2025-04-13T18:22:41.226+0300] {dag.py:3239} INFO - Sync 1 DAGs
[2025-04-13T18:22:41.245+0300] {logging_mixin.py:190} INFO - [2025-04-13T18:22:41.245+0300] {dag.py:4180} INFO - Setting next_dagrun for example_bash_operator to 2025-04-12 00:00:00+00:00, run_after=2025-04-13 00:00:00+00:00
[2025-04-13T18:22:41.264+0300] {processor.py:208} INFO - Processing /home/tasneemahmed24/.local/lib/python3.10/site-packages/airflow/example_dags/example_bash_operator.py took 0.084 seconds
[2025-04-13T18:23:39.549+0300] {processor.py:186} INFO - Started process (PID=53710) to work on /home/tasneemahmed24/.local/lib/python3.10/site-packages/airflow/example_dags/example_bash_operator.py
[2025-04-13T18:23:39.558+0300] {processor.py:914} INFO - Processing file /home/tasneemahmed24/.local/lib/python3.10/site-packages/airflow/example_dags/example_bash_operator.py for tasks to queue
[2025-04-13T18:23:39.561+0300] {logging_mixin.py:190} INFO - [2025-04-13T18:23:39.560+0300] {dagbag.py:588} INFO - Filling up the DagBag from /home/tasneemahmed24/.local/lib/python3.10/site-packages/airflow/example_dags/example_bash_operator.py
[2025-04-13T18:23:39.581+0300] {processor.py:925} INFO - DAG(s) 'example_bash_operator' retrieved from /home/tasneemahmed24/.local/lib/python3.10/site-packages/airflow/example_dags/example_bash_operator.py
[2025-04-13T18:23:39.609+0300] {logging_mixin.py:190} INFO - [2025-04-13T18:23:39.608+0300] {dag.py:3239} INFO - Sync 1 DAGs
[2025-04-13T18:23:39.634+0300] {logging_mixin.py:190} INFO - [2025-04-13T18:23:39.633+0300] {dag.py:4180} INFO - Setting next_dagrun for example_bash_operator to 2025-04-12 00:00:00+00:00, run_after=2025-04-13 00:00:00+00:00
[2025-04-13T18:23:39.662+0300] {processor.py:208} INFO - Processing /home/tasneemahmed24/.local/lib/python3.10/site-packages/airflow/example_dags/example_bash_operator.py took 0.127 seconds
[2025-04-13T18:24:49.347+0300] {processor.py:186} INFO - Started process (PID=54046) to work on /home/tasneemahmed24/.local/lib/python3.10/site-packages/airflow/example_dags/example_bash_operator.py
[2025-04-13T18:24:49.356+0300] {processor.py:914} INFO - Processing file /home/tasneemahmed24/.local/lib/python3.10/site-packages/airflow/example_dags/example_bash_operator.py for tasks to queue
[2025-04-13T18:24:49.359+0300] {logging_mixin.py:190} INFO - [2025-04-13T18:24:49.358+0300] {dagbag.py:588} INFO - Filling up the DagBag from /home/tasneemahmed24/.local/lib/python3.10/site-packages/airflow/example_dags/example_bash_operator.py
[2025-04-13T18:24:49.379+0300] {processor.py:925} INFO - DAG(s) 'example_bash_operator' retrieved from /home/tasneemahmed24/.local/lib/python3.10/site-packages/airflow/example_dags/example_bash_operator.py
[2025-04-13T18:24:49.409+0300] {logging_mixin.py:190} INFO - [2025-04-13T18:24:49.408+0300] {dag.py:3239} INFO - Sync 1 DAGs
[2025-04-13T18:24:49.436+0300] {logging_mixin.py:190} INFO - [2025-04-13T18:24:49.436+0300] {dag.py:4180} INFO - Setting next_dagrun for example_bash_operator to 2025-04-12 00:00:00+00:00, run_after=2025-04-13 00:00:00+00:00
[2025-04-13T18:24:49.459+0300] {processor.py:208} INFO - Processing /home/tasneemahmed24/.local/lib/python3.10/site-packages/airflow/example_dags/example_bash_operator.py took 0.119 seconds
[2025-04-13T18:25:50.797+0300] {processor.py:186} INFO - Started process (PID=54346) to work on /home/tasneemahmed24/.local/lib/python3.10/site-packages/airflow/example_dags/example_bash_operator.py
[2025-04-13T18:25:50.806+0300] {processor.py:914} INFO - Processing file /home/tasneemahmed24/.local/lib/python3.10/site-packages/airflow/example_dags/example_bash_operator.py for tasks to queue
[2025-04-13T18:25:50.810+0300] {logging_mixin.py:190} INFO - [2025-04-13T18:25:50.809+0300] {dagbag.py:588} INFO - Filling up the DagBag from /home/tasneemahmed24/.local/lib/python3.10/site-packages/airflow/example_dags/example_bash_operator.py
[2025-04-13T18:25:50.837+0300] {processor.py:925} INFO - DAG(s) 'example_bash_operator' retrieved from /home/tasneemahmed24/.local/lib/python3.10/site-packages/airflow/example_dags/example_bash_operator.py
[2025-04-13T18:25:50.866+0300] {logging_mixin.py:190} INFO - [2025-04-13T18:25:50.866+0300] {dag.py:3239} INFO - Sync 1 DAGs
[2025-04-13T18:25:50.886+0300] {logging_mixin.py:190} INFO - [2025-04-13T18:25:50.886+0300] {dag.py:4180} INFO - Setting next_dagrun for example_bash_operator to 2025-04-12 00:00:00+00:00, run_after=2025-04-13 00:00:00+00:00
[2025-04-13T18:25:50.910+0300] {processor.py:208} INFO - Processing /home/tasneemahmed24/.local/lib/python3.10/site-packages/airflow/example_dags/example_bash_operator.py took 0.119 seconds
[2025-04-13T18:26:50.727+0300] {processor.py:186} INFO - Started process (PID=54629) to work on /home/tasneemahmed24/.local/lib/python3.10/site-packages/airflow/example_dags/example_bash_operator.py
[2025-04-13T18:26:50.729+0300] {processor.py:914} INFO - Processing file /home/tasneemahmed24/.local/lib/python3.10/site-packages/airflow/example_dags/example_bash_operator.py for tasks to queue
[2025-04-13T18:26:50.733+0300] {logging_mixin.py:190} INFO - [2025-04-13T18:26:50.732+0300] {dagbag.py:588} INFO - Filling up the DagBag from /home/tasneemahmed24/.local/lib/python3.10/site-packages/airflow/example_dags/example_bash_operator.py
[2025-04-13T18:26:50.753+0300] {processor.py:925} INFO - DAG(s) 'example_bash_operator' retrieved from /home/tasneemahmed24/.local/lib/python3.10/site-packages/airflow/example_dags/example_bash_operator.py
[2025-04-13T18:26:50.776+0300] {logging_mixin.py:190} INFO - [2025-04-13T18:26:50.776+0300] {dag.py:3239} INFO - Sync 1 DAGs
[2025-04-13T18:26:50.802+0300] {logging_mixin.py:190} INFO - [2025-04-13T18:26:50.802+0300] {dag.py:4180} INFO - Setting next_dagrun for example_bash_operator to 2025-04-12 00:00:00+00:00, run_after=2025-04-13 00:00:00+00:00
[2025-04-13T18:26:50.831+0300] {processor.py:208} INFO - Processing /home/tasneemahmed24/.local/lib/python3.10/site-packages/airflow/example_dags/example_bash_operator.py took 0.113 seconds
[2025-04-13T18:27:55.599+0300] {processor.py:186} INFO - Started process (PID=54935) to work on /home/tasneemahmed24/.local/lib/python3.10/site-packages/airflow/example_dags/example_bash_operator.py
[2025-04-13T18:27:55.604+0300] {processor.py:914} INFO - Processing file /home/tasneemahmed24/.local/lib/python3.10/site-packages/airflow/example_dags/example_bash_operator.py for tasks to queue
[2025-04-13T18:27:55.606+0300] {logging_mixin.py:190} INFO - [2025-04-13T18:27:55.605+0300] {dagbag.py:588} INFO - Filling up the DagBag from /home/tasneemahmed24/.local/lib/python3.10/site-packages/airflow/example_dags/example_bash_operator.py
[2025-04-13T18:27:55.620+0300] {processor.py:925} INFO - DAG(s) 'example_bash_operator' retrieved from /home/tasneemahmed24/.local/lib/python3.10/site-packages/airflow/example_dags/example_bash_operator.py
[2025-04-13T18:27:55.642+0300] {logging_mixin.py:190} INFO - [2025-04-13T18:27:55.642+0300] {dag.py:3239} INFO - Sync 1 DAGs
[2025-04-13T18:27:55.663+0300] {logging_mixin.py:190} INFO - [2025-04-13T18:27:55.662+0300] {dag.py:4180} INFO - Setting next_dagrun for example_bash_operator to 2025-04-12 00:00:00+00:00, run_after=2025-04-13 00:00:00+00:00
[2025-04-13T18:27:55.685+0300] {processor.py:208} INFO - Processing /home/tasneemahmed24/.local/lib/python3.10/site-packages/airflow/example_dags/example_bash_operator.py took 0.095 seconds
[2025-04-13T18:29:00.330+0300] {processor.py:186} INFO - Started process (PID=55235) to work on /home/tasneemahmed24/.local/lib/python3.10/site-packages/airflow/example_dags/example_bash_operator.py
[2025-04-13T18:29:00.346+0300] {processor.py:914} INFO - Processing file /home/tasneemahmed24/.local/lib/python3.10/site-packages/airflow/example_dags/example_bash_operator.py for tasks to queue
[2025-04-13T18:29:00.352+0300] {logging_mixin.py:190} INFO - [2025-04-13T18:29:00.351+0300] {dagbag.py:588} INFO - Filling up the DagBag from /home/tasneemahmed24/.local/lib/python3.10/site-packages/airflow/example_dags/example_bash_operator.py
[2025-04-13T18:29:00.519+0300] {processor.py:925} INFO - DAG(s) 'example_bash_operator' retrieved from /home/tasneemahmed24/.local/lib/python3.10/site-packages/airflow/example_dags/example_bash_operator.py
[2025-04-13T18:29:00.829+0300] {logging_mixin.py:190} INFO - [2025-04-13T18:29:00.828+0300] {dag.py:3239} INFO - Sync 1 DAGs
[2025-04-13T18:29:01.027+0300] {logging_mixin.py:190} INFO - [2025-04-13T18:29:01.027+0300] {dag.py:4180} INFO - Setting next_dagrun for example_bash_operator to 2025-04-12 00:00:00+00:00, run_after=2025-04-13 00:00:00+00:00
[2025-04-13T18:29:01.161+0300] {processor.py:208} INFO - Processing /home/tasneemahmed24/.local/lib/python3.10/site-packages/airflow/example_dags/example_bash_operator.py took 0.852 seconds
