[2025-04-13T17:18:12.600+0300] {processor.py:186} INFO - Started process (PID=34651) to work on /home/tasneemahmed24/.local/lib/python3.10/site-packages/airflow/example_dags/example_branch_labels.py
[2025-04-13T17:18:12.600+0300] {processor.py:914} INFO - Processing file /home/tasneemahmed24/.local/lib/python3.10/site-packages/airflow/example_dags/example_branch_labels.py for tasks to queue
[2025-04-13T17:18:12.602+0300] {logging_mixin.py:190} INFO - [2025-04-13T17:18:12.602+0300] {dagbag.py:588} INFO - Filling up the DagBag from /home/tasneemahmed24/.local/lib/python3.10/site-packages/airflow/example_dags/example_branch_labels.py
[2025-04-13T17:18:12.610+0300] {processor.py:925} INFO - DAG(s) 'example_branch_labels' retrieved from /home/tasneemahmed24/.local/lib/python3.10/site-packages/airflow/example_dags/example_branch_labels.py
[2025-04-13T17:18:12.682+0300] {logging_mixin.py:190} INFO - [2025-04-13T17:18:12.681+0300] {override.py:1901} INFO - Created Permission View: can read on DAG:example_branch_labels
[2025-04-13T17:18:12.695+0300] {logging_mixin.py:190} INFO - [2025-04-13T17:18:12.695+0300] {override.py:1901} INFO - Created Permission View: can edit on DAG:example_branch_labels
[2025-04-13T17:18:12.703+0300] {logging_mixin.py:190} INFO - [2025-04-13T17:18:12.703+0300] {override.py:1901} INFO - Created Permission View: can delete on DAG:example_branch_labels
[2025-04-13T17:18:12.719+0300] {logging_mixin.py:190} INFO - [2025-04-13T17:18:12.719+0300] {override.py:1901} INFO - Created Permission View: can read on DAG Run:example_branch_labels
[2025-04-13T17:18:12.728+0300] {logging_mixin.py:190} INFO - [2025-04-13T17:18:12.728+0300] {override.py:1901} INFO - Created Permission View: can create on DAG Run:example_branch_labels
[2025-04-13T17:18:12.736+0300] {logging_mixin.py:190} INFO - [2025-04-13T17:18:12.736+0300] {override.py:1901} INFO - Created Permission View: menu access on DAG Run:example_branch_labels
[2025-04-13T17:18:12.747+0300] {logging_mixin.py:190} INFO - [2025-04-13T17:18:12.746+0300] {override.py:1901} INFO - Created Permission View: can delete on DAG Run:example_branch_labels
[2025-04-13T17:18:12.747+0300] {logging_mixin.py:190} INFO - [2025-04-13T17:18:12.747+0300] {dag.py:3239} INFO - Sync 1 DAGs
[2025-04-13T17:18:12.756+0300] {logging_mixin.py:190} INFO - [2025-04-13T17:18:12.755+0300] {dag.py:3262} INFO - Creating ORM DAG for example_branch_labels
[2025-04-13T17:18:12.764+0300] {logging_mixin.py:190} INFO - [2025-04-13T17:18:12.764+0300] {dag.py:4180} INFO - Setting next_dagrun for example_branch_labels to 2025-04-12 00:00:00+00:00, run_after=2025-04-13 00:00:00+00:00
[2025-04-13T17:18:12.782+0300] {processor.py:208} INFO - Processing /home/tasneemahmed24/.local/lib/python3.10/site-packages/airflow/example_dags/example_branch_labels.py took 0.191 seconds
[2025-04-13T17:19:13.755+0300] {processor.py:186} INFO - Started process (PID=34938) to work on /home/tasneemahmed24/.local/lib/python3.10/site-packages/airflow/example_dags/example_branch_labels.py
[2025-04-13T17:19:13.758+0300] {processor.py:914} INFO - Processing file /home/tasneemahmed24/.local/lib/python3.10/site-packages/airflow/example_dags/example_branch_labels.py for tasks to queue
[2025-04-13T17:19:13.759+0300] {logging_mixin.py:190} INFO - [2025-04-13T17:19:13.759+0300] {dagbag.py:588} INFO - Filling up the DagBag from /home/tasneemahmed24/.local/lib/python3.10/site-packages/airflow/example_dags/example_branch_labels.py
[2025-04-13T17:19:13.768+0300] {processor.py:925} INFO - DAG(s) 'example_branch_labels' retrieved from /home/tasneemahmed24/.local/lib/python3.10/site-packages/airflow/example_dags/example_branch_labels.py
[2025-04-13T17:19:13.778+0300] {logging_mixin.py:190} INFO - [2025-04-13T17:19:13.778+0300] {dag.py:3239} INFO - Sync 1 DAGs
[2025-04-13T17:19:13.793+0300] {logging_mixin.py:190} INFO - [2025-04-13T17:19:13.793+0300] {dag.py:4180} INFO - Setting next_dagrun for example_branch_labels to 2025-04-12 00:00:00+00:00, run_after=2025-04-13 00:00:00+00:00
[2025-04-13T17:19:13.811+0300] {processor.py:208} INFO - Processing /home/tasneemahmed24/.local/lib/python3.10/site-packages/airflow/example_dags/example_branch_labels.py took 0.062 seconds
[2025-04-13T17:20:10.036+0300] {processor.py:186} INFO - Started process (PID=35207) to work on /home/tasneemahmed24/.local/lib/python3.10/site-packages/airflow/example_dags/example_branch_labels.py
[2025-04-13T17:20:10.038+0300] {processor.py:914} INFO - Processing file /home/tasneemahmed24/.local/lib/python3.10/site-packages/airflow/example_dags/example_branch_labels.py for tasks to queue
[2025-04-13T17:20:10.040+0300] {logging_mixin.py:190} INFO - [2025-04-13T17:20:10.039+0300] {dagbag.py:588} INFO - Filling up the DagBag from /home/tasneemahmed24/.local/lib/python3.10/site-packages/airflow/example_dags/example_branch_labels.py
[2025-04-13T17:20:10.052+0300] {processor.py:925} INFO - DAG(s) 'example_branch_labels' retrieved from /home/tasneemahmed24/.local/lib/python3.10/site-packages/airflow/example_dags/example_branch_labels.py
[2025-04-13T17:20:10.067+0300] {logging_mixin.py:190} INFO - [2025-04-13T17:20:10.066+0300] {dag.py:3239} INFO - Sync 1 DAGs
[2025-04-13T17:20:10.085+0300] {logging_mixin.py:190} INFO - [2025-04-13T17:20:10.084+0300] {dag.py:4180} INFO - Setting next_dagrun for example_branch_labels to 2025-04-12 00:00:00+00:00, run_after=2025-04-13 00:00:00+00:00
[2025-04-13T17:20:10.106+0300] {processor.py:208} INFO - Processing /home/tasneemahmed24/.local/lib/python3.10/site-packages/airflow/example_dags/example_branch_labels.py took 0.075 seconds
[2025-04-13T17:21:26.183+0300] {processor.py:186} INFO - Started process (PID=35563) to work on /home/tasneemahmed24/.local/lib/python3.10/site-packages/airflow/example_dags/example_branch_labels.py
[2025-04-13T17:21:26.186+0300] {processor.py:914} INFO - Processing file /home/tasneemahmed24/.local/lib/python3.10/site-packages/airflow/example_dags/example_branch_labels.py for tasks to queue
[2025-04-13T17:21:26.188+0300] {logging_mixin.py:190} INFO - [2025-04-13T17:21:26.187+0300] {dagbag.py:588} INFO - Filling up the DagBag from /home/tasneemahmed24/.local/lib/python3.10/site-packages/airflow/example_dags/example_branch_labels.py
[2025-04-13T17:21:26.198+0300] {processor.py:925} INFO - DAG(s) 'example_branch_labels' retrieved from /home/tasneemahmed24/.local/lib/python3.10/site-packages/airflow/example_dags/example_branch_labels.py
[2025-04-13T17:21:26.212+0300] {logging_mixin.py:190} INFO - [2025-04-13T17:21:26.212+0300] {dag.py:3239} INFO - Sync 1 DAGs
[2025-04-13T17:21:26.229+0300] {logging_mixin.py:190} INFO - [2025-04-13T17:21:26.228+0300] {dag.py:4180} INFO - Setting next_dagrun for example_branch_labels to 2025-04-12 00:00:00+00:00, run_after=2025-04-13 00:00:00+00:00
[2025-04-13T17:21:26.249+0300] {processor.py:208} INFO - Processing /home/tasneemahmed24/.local/lib/python3.10/site-packages/airflow/example_dags/example_branch_labels.py took 0.071 seconds
[2025-04-13T17:22:22.707+0300] {processor.py:186} INFO - Started process (PID=35830) to work on /home/tasneemahmed24/.local/lib/python3.10/site-packages/airflow/example_dags/example_branch_labels.py
[2025-04-13T17:22:22.709+0300] {processor.py:914} INFO - Processing file /home/tasneemahmed24/.local/lib/python3.10/site-packages/airflow/example_dags/example_branch_labels.py for tasks to queue
[2025-04-13T17:22:22.711+0300] {logging_mixin.py:190} INFO - [2025-04-13T17:22:22.711+0300] {dagbag.py:588} INFO - Filling up the DagBag from /home/tasneemahmed24/.local/lib/python3.10/site-packages/airflow/example_dags/example_branch_labels.py
[2025-04-13T17:22:22.720+0300] {processor.py:925} INFO - DAG(s) 'example_branch_labels' retrieved from /home/tasneemahmed24/.local/lib/python3.10/site-packages/airflow/example_dags/example_branch_labels.py
[2025-04-13T17:22:22.732+0300] {logging_mixin.py:190} INFO - [2025-04-13T17:22:22.732+0300] {dag.py:3239} INFO - Sync 1 DAGs
[2025-04-13T17:22:22.746+0300] {logging_mixin.py:190} INFO - [2025-04-13T17:22:22.746+0300] {dag.py:4180} INFO - Setting next_dagrun for example_branch_labels to 2025-04-12 00:00:00+00:00, run_after=2025-04-13 00:00:00+00:00
[2025-04-13T17:22:22.765+0300] {processor.py:208} INFO - Processing /home/tasneemahmed24/.local/lib/python3.10/site-packages/airflow/example_dags/example_branch_labels.py took 0.063 seconds
[2025-04-13T17:23:17.225+0300] {processor.py:186} INFO - Started process (PID=36086) to work on /home/tasneemahmed24/.local/lib/python3.10/site-packages/airflow/example_dags/example_branch_labels.py
[2025-04-13T17:23:17.228+0300] {processor.py:914} INFO - Processing file /home/tasneemahmed24/.local/lib/python3.10/site-packages/airflow/example_dags/example_branch_labels.py for tasks to queue
[2025-04-13T17:23:17.230+0300] {logging_mixin.py:190} INFO - [2025-04-13T17:23:17.230+0300] {dagbag.py:588} INFO - Filling up the DagBag from /home/tasneemahmed24/.local/lib/python3.10/site-packages/airflow/example_dags/example_branch_labels.py
[2025-04-13T17:23:17.239+0300] {processor.py:925} INFO - DAG(s) 'example_branch_labels' retrieved from /home/tasneemahmed24/.local/lib/python3.10/site-packages/airflow/example_dags/example_branch_labels.py
[2025-04-13T17:23:17.251+0300] {logging_mixin.py:190} INFO - [2025-04-13T17:23:17.251+0300] {dag.py:3239} INFO - Sync 1 DAGs
[2025-04-13T17:23:17.265+0300] {logging_mixin.py:190} INFO - [2025-04-13T17:23:17.265+0300] {dag.py:4180} INFO - Setting next_dagrun for example_branch_labels to 2025-04-12 00:00:00+00:00, run_after=2025-04-13 00:00:00+00:00
[2025-04-13T17:23:17.284+0300] {processor.py:208} INFO - Processing /home/tasneemahmed24/.local/lib/python3.10/site-packages/airflow/example_dags/example_branch_labels.py took 0.066 seconds
[2025-04-13T17:24:13.794+0300] {processor.py:186} INFO - Started process (PID=36355) to work on /home/tasneemahmed24/.local/lib/python3.10/site-packages/airflow/example_dags/example_branch_labels.py
[2025-04-13T17:24:13.796+0300] {processor.py:914} INFO - Processing file /home/tasneemahmed24/.local/lib/python3.10/site-packages/airflow/example_dags/example_branch_labels.py for tasks to queue
[2025-04-13T17:24:13.798+0300] {logging_mixin.py:190} INFO - [2025-04-13T17:24:13.798+0300] {dagbag.py:588} INFO - Filling up the DagBag from /home/tasneemahmed24/.local/lib/python3.10/site-packages/airflow/example_dags/example_branch_labels.py
[2025-04-13T17:24:13.805+0300] {processor.py:925} INFO - DAG(s) 'example_branch_labels' retrieved from /home/tasneemahmed24/.local/lib/python3.10/site-packages/airflow/example_dags/example_branch_labels.py
[2025-04-13T17:24:13.816+0300] {logging_mixin.py:190} INFO - [2025-04-13T17:24:13.816+0300] {dag.py:3239} INFO - Sync 1 DAGs
[2025-04-13T17:24:13.830+0300] {logging_mixin.py:190} INFO - [2025-04-13T17:24:13.830+0300] {dag.py:4180} INFO - Setting next_dagrun for example_branch_labels to 2025-04-12 00:00:00+00:00, run_after=2025-04-13 00:00:00+00:00
[2025-04-13T17:24:13.847+0300] {processor.py:208} INFO - Processing /home/tasneemahmed24/.local/lib/python3.10/site-packages/airflow/example_dags/example_branch_labels.py took 0.057 seconds
[2025-04-13T17:25:10.279+0300] {processor.py:186} INFO - Started process (PID=36623) to work on /home/tasneemahmed24/.local/lib/python3.10/site-packages/airflow/example_dags/example_branch_labels.py
[2025-04-13T17:25:10.281+0300] {processor.py:914} INFO - Processing file /home/tasneemahmed24/.local/lib/python3.10/site-packages/airflow/example_dags/example_branch_labels.py for tasks to queue
[2025-04-13T17:25:10.283+0300] {logging_mixin.py:190} INFO - [2025-04-13T17:25:10.282+0300] {dagbag.py:588} INFO - Filling up the DagBag from /home/tasneemahmed24/.local/lib/python3.10/site-packages/airflow/example_dags/example_branch_labels.py
[2025-04-13T17:25:10.291+0300] {processor.py:925} INFO - DAG(s) 'example_branch_labels' retrieved from /home/tasneemahmed24/.local/lib/python3.10/site-packages/airflow/example_dags/example_branch_labels.py
[2025-04-13T17:25:10.302+0300] {logging_mixin.py:190} INFO - [2025-04-13T17:25:10.302+0300] {dag.py:3239} INFO - Sync 1 DAGs
[2025-04-13T17:25:10.316+0300] {logging_mixin.py:190} INFO - [2025-04-13T17:25:10.316+0300] {dag.py:4180} INFO - Setting next_dagrun for example_branch_labels to 2025-04-12 00:00:00+00:00, run_after=2025-04-13 00:00:00+00:00
[2025-04-13T17:25:10.334+0300] {processor.py:208} INFO - Processing /home/tasneemahmed24/.local/lib/python3.10/site-packages/airflow/example_dags/example_branch_labels.py took 0.061 seconds
[2025-04-13T17:26:02.886+0300] {processor.py:186} INFO - Started process (PID=36879) to work on /home/tasneemahmed24/.local/lib/python3.10/site-packages/airflow/example_dags/example_branch_labels.py
[2025-04-13T17:26:02.890+0300] {processor.py:914} INFO - Processing file /home/tasneemahmed24/.local/lib/python3.10/site-packages/airflow/example_dags/example_branch_labels.py for tasks to queue
[2025-04-13T17:26:02.892+0300] {logging_mixin.py:190} INFO - [2025-04-13T17:26:02.891+0300] {dagbag.py:588} INFO - Filling up the DagBag from /home/tasneemahmed24/.local/lib/python3.10/site-packages/airflow/example_dags/example_branch_labels.py
[2025-04-13T17:26:02.900+0300] {processor.py:925} INFO - DAG(s) 'example_branch_labels' retrieved from /home/tasneemahmed24/.local/lib/python3.10/site-packages/airflow/example_dags/example_branch_labels.py
[2025-04-13T17:26:02.911+0300] {logging_mixin.py:190} INFO - [2025-04-13T17:26:02.910+0300] {dag.py:3239} INFO - Sync 1 DAGs
[2025-04-13T17:26:02.925+0300] {logging_mixin.py:190} INFO - [2025-04-13T17:26:02.924+0300] {dag.py:4180} INFO - Setting next_dagrun for example_branch_labels to 2025-04-12 00:00:00+00:00, run_after=2025-04-13 00:00:00+00:00
[2025-04-13T17:26:02.942+0300] {processor.py:208} INFO - Processing /home/tasneemahmed24/.local/lib/python3.10/site-packages/airflow/example_dags/example_branch_labels.py took 0.061 seconds
[2025-04-13T17:26:57.537+0300] {processor.py:186} INFO - Started process (PID=37140) to work on /home/tasneemahmed24/.local/lib/python3.10/site-packages/airflow/example_dags/example_branch_labels.py
[2025-04-13T17:26:57.541+0300] {processor.py:914} INFO - Processing file /home/tasneemahmed24/.local/lib/python3.10/site-packages/airflow/example_dags/example_branch_labels.py for tasks to queue
[2025-04-13T17:26:57.542+0300] {logging_mixin.py:190} INFO - [2025-04-13T17:26:57.542+0300] {dagbag.py:588} INFO - Filling up the DagBag from /home/tasneemahmed24/.local/lib/python3.10/site-packages/airflow/example_dags/example_branch_labels.py
[2025-04-13T17:26:57.550+0300] {processor.py:925} INFO - DAG(s) 'example_branch_labels' retrieved from /home/tasneemahmed24/.local/lib/python3.10/site-packages/airflow/example_dags/example_branch_labels.py
[2025-04-13T17:26:57.560+0300] {logging_mixin.py:190} INFO - [2025-04-13T17:26:57.560+0300] {dag.py:3239} INFO - Sync 1 DAGs
[2025-04-13T17:26:57.574+0300] {logging_mixin.py:190} INFO - [2025-04-13T17:26:57.574+0300] {dag.py:4180} INFO - Setting next_dagrun for example_branch_labels to 2025-04-12 00:00:00+00:00, run_after=2025-04-13 00:00:00+00:00
[2025-04-13T17:26:57.593+0300] {processor.py:208} INFO - Processing /home/tasneemahmed24/.local/lib/python3.10/site-packages/airflow/example_dags/example_branch_labels.py took 0.061 seconds
[2025-04-13T17:28:16.454+0300] {processor.py:186} INFO - Started process (PID=37518) to work on /home/tasneemahmed24/.local/lib/python3.10/site-packages/airflow/example_dags/example_branch_labels.py
[2025-04-13T17:28:16.456+0300] {processor.py:914} INFO - Processing file /home/tasneemahmed24/.local/lib/python3.10/site-packages/airflow/example_dags/example_branch_labels.py for tasks to queue
[2025-04-13T17:28:16.457+0300] {logging_mixin.py:190} INFO - [2025-04-13T17:28:16.457+0300] {dagbag.py:588} INFO - Filling up the DagBag from /home/tasneemahmed24/.local/lib/python3.10/site-packages/airflow/example_dags/example_branch_labels.py
[2025-04-13T17:28:16.466+0300] {processor.py:925} INFO - DAG(s) 'example_branch_labels' retrieved from /home/tasneemahmed24/.local/lib/python3.10/site-packages/airflow/example_dags/example_branch_labels.py
[2025-04-13T17:28:16.484+0300] {logging_mixin.py:190} INFO - [2025-04-13T17:28:16.483+0300] {dag.py:3239} INFO - Sync 1 DAGs
[2025-04-13T17:28:16.510+0300] {logging_mixin.py:190} INFO - [2025-04-13T17:28:16.510+0300] {dag.py:4180} INFO - Setting next_dagrun for example_branch_labels to 2025-04-12 00:00:00+00:00, run_after=2025-04-13 00:00:00+00:00
[2025-04-13T17:28:16.533+0300] {processor.py:208} INFO - Processing /home/tasneemahmed24/.local/lib/python3.10/site-packages/airflow/example_dags/example_branch_labels.py took 0.086 seconds
[2025-04-13T17:29:13.681+0300] {processor.py:186} INFO - Started process (PID=37788) to work on /home/tasneemahmed24/.local/lib/python3.10/site-packages/airflow/example_dags/example_branch_labels.py
[2025-04-13T17:29:13.683+0300] {processor.py:914} INFO - Processing file /home/tasneemahmed24/.local/lib/python3.10/site-packages/airflow/example_dags/example_branch_labels.py for tasks to queue
[2025-04-13T17:29:13.685+0300] {logging_mixin.py:190} INFO - [2025-04-13T17:29:13.684+0300] {dagbag.py:588} INFO - Filling up the DagBag from /home/tasneemahmed24/.local/lib/python3.10/site-packages/airflow/example_dags/example_branch_labels.py
[2025-04-13T17:29:13.693+0300] {processor.py:925} INFO - DAG(s) 'example_branch_labels' retrieved from /home/tasneemahmed24/.local/lib/python3.10/site-packages/airflow/example_dags/example_branch_labels.py
[2025-04-13T17:29:13.707+0300] {logging_mixin.py:190} INFO - [2025-04-13T17:29:13.707+0300] {dag.py:3239} INFO - Sync 1 DAGs
[2025-04-13T17:29:13.724+0300] {logging_mixin.py:190} INFO - [2025-04-13T17:29:13.724+0300] {dag.py:4180} INFO - Setting next_dagrun for example_branch_labels to 2025-04-12 00:00:00+00:00, run_after=2025-04-13 00:00:00+00:00
[2025-04-13T17:29:13.744+0300] {processor.py:208} INFO - Processing /home/tasneemahmed24/.local/lib/python3.10/site-packages/airflow/example_dags/example_branch_labels.py took 0.070 seconds
[2025-04-13T17:30:31.184+0300] {processor.py:186} INFO - Started process (PID=38155) to work on /home/tasneemahmed24/.local/lib/python3.10/site-packages/airflow/example_dags/example_branch_labels.py
[2025-04-13T17:30:31.187+0300] {processor.py:914} INFO - Processing file /home/tasneemahmed24/.local/lib/python3.10/site-packages/airflow/example_dags/example_branch_labels.py for tasks to queue
[2025-04-13T17:30:31.189+0300] {logging_mixin.py:190} INFO - [2025-04-13T17:30:31.188+0300] {dagbag.py:588} INFO - Filling up the DagBag from /home/tasneemahmed24/.local/lib/python3.10/site-packages/airflow/example_dags/example_branch_labels.py
[2025-04-13T17:30:31.197+0300] {processor.py:925} INFO - DAG(s) 'example_branch_labels' retrieved from /home/tasneemahmed24/.local/lib/python3.10/site-packages/airflow/example_dags/example_branch_labels.py
[2025-04-13T17:30:31.212+0300] {logging_mixin.py:190} INFO - [2025-04-13T17:30:31.212+0300] {dag.py:3239} INFO - Sync 1 DAGs
[2025-04-13T17:30:31.231+0300] {logging_mixin.py:190} INFO - [2025-04-13T17:30:31.231+0300] {dag.py:4180} INFO - Setting next_dagrun for example_branch_labels to 2025-04-12 00:00:00+00:00, run_after=2025-04-13 00:00:00+00:00
[2025-04-13T17:30:31.251+0300] {processor.py:208} INFO - Processing /home/tasneemahmed24/.local/lib/python3.10/site-packages/airflow/example_dags/example_branch_labels.py took 0.073 seconds
[2025-04-13T17:31:24.450+0300] {processor.py:186} INFO - Started process (PID=38409) to work on /home/tasneemahmed24/.local/lib/python3.10/site-packages/airflow/example_dags/example_branch_labels.py
[2025-04-13T17:31:24.464+0300] {processor.py:914} INFO - Processing file /home/tasneemahmed24/.local/lib/python3.10/site-packages/airflow/example_dags/example_branch_labels.py for tasks to queue
[2025-04-13T17:31:24.465+0300] {logging_mixin.py:190} INFO - [2025-04-13T17:31:24.465+0300] {dagbag.py:588} INFO - Filling up the DagBag from /home/tasneemahmed24/.local/lib/python3.10/site-packages/airflow/example_dags/example_branch_labels.py
[2025-04-13T17:31:24.473+0300] {processor.py:925} INFO - DAG(s) 'example_branch_labels' retrieved from /home/tasneemahmed24/.local/lib/python3.10/site-packages/airflow/example_dags/example_branch_labels.py
[2025-04-13T17:31:24.484+0300] {logging_mixin.py:190} INFO - [2025-04-13T17:31:24.484+0300] {dag.py:3239} INFO - Sync 1 DAGs
[2025-04-13T17:31:24.497+0300] {logging_mixin.py:190} INFO - [2025-04-13T17:31:24.497+0300] {dag.py:4180} INFO - Setting next_dagrun for example_branch_labels to 2025-04-12 00:00:00+00:00, run_after=2025-04-13 00:00:00+00:00
[2025-04-13T17:31:24.517+0300] {processor.py:208} INFO - Processing /home/tasneemahmed24/.local/lib/python3.10/site-packages/airflow/example_dags/example_branch_labels.py took 0.072 seconds
[2025-04-13T17:32:19.490+0300] {processor.py:186} INFO - Started process (PID=38671) to work on /home/tasneemahmed24/.local/lib/python3.10/site-packages/airflow/example_dags/example_branch_labels.py
[2025-04-13T17:32:19.492+0300] {processor.py:914} INFO - Processing file /home/tasneemahmed24/.local/lib/python3.10/site-packages/airflow/example_dags/example_branch_labels.py for tasks to queue
[2025-04-13T17:32:19.493+0300] {logging_mixin.py:190} INFO - [2025-04-13T17:32:19.493+0300] {dagbag.py:588} INFO - Filling up the DagBag from /home/tasneemahmed24/.local/lib/python3.10/site-packages/airflow/example_dags/example_branch_labels.py
[2025-04-13T17:32:19.503+0300] {processor.py:925} INFO - DAG(s) 'example_branch_labels' retrieved from /home/tasneemahmed24/.local/lib/python3.10/site-packages/airflow/example_dags/example_branch_labels.py
[2025-04-13T17:32:19.514+0300] {logging_mixin.py:190} INFO - [2025-04-13T17:32:19.514+0300] {dag.py:3239} INFO - Sync 1 DAGs
[2025-04-13T17:32:19.530+0300] {logging_mixin.py:190} INFO - [2025-04-13T17:32:19.529+0300] {dag.py:4180} INFO - Setting next_dagrun for example_branch_labels to 2025-04-12 00:00:00+00:00, run_after=2025-04-13 00:00:00+00:00
[2025-04-13T17:32:19.551+0300] {processor.py:208} INFO - Processing /home/tasneemahmed24/.local/lib/python3.10/site-packages/airflow/example_dags/example_branch_labels.py took 0.066 seconds
[2025-04-13T17:33:20.276+0300] {processor.py:186} INFO - Started process (PID=38974) to work on /home/tasneemahmed24/.local/lib/python3.10/site-packages/airflow/example_dags/example_branch_labels.py
[2025-04-13T17:33:20.278+0300] {processor.py:914} INFO - Processing file /home/tasneemahmed24/.local/lib/python3.10/site-packages/airflow/example_dags/example_branch_labels.py for tasks to queue
[2025-04-13T17:33:20.279+0300] {logging_mixin.py:190} INFO - [2025-04-13T17:33:20.279+0300] {dagbag.py:588} INFO - Filling up the DagBag from /home/tasneemahmed24/.local/lib/python3.10/site-packages/airflow/example_dags/example_branch_labels.py
[2025-04-13T17:33:20.288+0300] {processor.py:925} INFO - DAG(s) 'example_branch_labels' retrieved from /home/tasneemahmed24/.local/lib/python3.10/site-packages/airflow/example_dags/example_branch_labels.py
[2025-04-13T17:33:20.298+0300] {logging_mixin.py:190} INFO - [2025-04-13T17:33:20.298+0300] {dag.py:3239} INFO - Sync 1 DAGs
[2025-04-13T17:33:20.313+0300] {logging_mixin.py:190} INFO - [2025-04-13T17:33:20.313+0300] {dag.py:4180} INFO - Setting next_dagrun for example_branch_labels to 2025-04-12 00:00:00+00:00, run_after=2025-04-13 00:00:00+00:00
[2025-04-13T17:33:20.333+0300] {processor.py:208} INFO - Processing /home/tasneemahmed24/.local/lib/python3.10/site-packages/airflow/example_dags/example_branch_labels.py took 0.062 seconds
[2025-04-13T17:34:19.386+0300] {processor.py:186} INFO - Started process (PID=39268) to work on /home/tasneemahmed24/.local/lib/python3.10/site-packages/airflow/example_dags/example_branch_labels.py
[2025-04-13T17:34:19.388+0300] {processor.py:914} INFO - Processing file /home/tasneemahmed24/.local/lib/python3.10/site-packages/airflow/example_dags/example_branch_labels.py for tasks to queue
[2025-04-13T17:34:19.390+0300] {logging_mixin.py:190} INFO - [2025-04-13T17:34:19.389+0300] {dagbag.py:588} INFO - Filling up the DagBag from /home/tasneemahmed24/.local/lib/python3.10/site-packages/airflow/example_dags/example_branch_labels.py
[2025-04-13T17:34:19.399+0300] {processor.py:925} INFO - DAG(s) 'example_branch_labels' retrieved from /home/tasneemahmed24/.local/lib/python3.10/site-packages/airflow/example_dags/example_branch_labels.py
[2025-04-13T17:34:19.410+0300] {logging_mixin.py:190} INFO - [2025-04-13T17:34:19.410+0300] {dag.py:3239} INFO - Sync 1 DAGs
[2025-04-13T17:34:19.426+0300] {logging_mixin.py:190} INFO - [2025-04-13T17:34:19.426+0300] {dag.py:4180} INFO - Setting next_dagrun for example_branch_labels to 2025-04-12 00:00:00+00:00, run_after=2025-04-13 00:00:00+00:00
[2025-04-13T17:34:19.447+0300] {processor.py:208} INFO - Processing /home/tasneemahmed24/.local/lib/python3.10/site-packages/airflow/example_dags/example_branch_labels.py took 0.066 seconds
[2025-04-13T17:35:18.850+0300] {processor.py:186} INFO - Started process (PID=39563) to work on /home/tasneemahmed24/.local/lib/python3.10/site-packages/airflow/example_dags/example_branch_labels.py
[2025-04-13T17:35:18.853+0300] {processor.py:914} INFO - Processing file /home/tasneemahmed24/.local/lib/python3.10/site-packages/airflow/example_dags/example_branch_labels.py for tasks to queue
[2025-04-13T17:35:18.856+0300] {logging_mixin.py:190} INFO - [2025-04-13T17:35:18.856+0300] {dagbag.py:588} INFO - Filling up the DagBag from /home/tasneemahmed24/.local/lib/python3.10/site-packages/airflow/example_dags/example_branch_labels.py
[2025-04-13T17:35:18.866+0300] {processor.py:925} INFO - DAG(s) 'example_branch_labels' retrieved from /home/tasneemahmed24/.local/lib/python3.10/site-packages/airflow/example_dags/example_branch_labels.py
[2025-04-13T17:35:18.880+0300] {logging_mixin.py:190} INFO - [2025-04-13T17:35:18.880+0300] {dag.py:3239} INFO - Sync 1 DAGs
[2025-04-13T17:35:18.897+0300] {logging_mixin.py:190} INFO - [2025-04-13T17:35:18.897+0300] {dag.py:4180} INFO - Setting next_dagrun for example_branch_labels to 2025-04-12 00:00:00+00:00, run_after=2025-04-13 00:00:00+00:00
[2025-04-13T17:35:18.921+0300] {processor.py:208} INFO - Processing /home/tasneemahmed24/.local/lib/python3.10/site-packages/airflow/example_dags/example_branch_labels.py took 0.078 seconds
[2025-04-13T17:36:18.394+0300] {processor.py:186} INFO - Started process (PID=39866) to work on /home/tasneemahmed24/.local/lib/python3.10/site-packages/airflow/example_dags/example_branch_labels.py
[2025-04-13T17:36:18.396+0300] {processor.py:914} INFO - Processing file /home/tasneemahmed24/.local/lib/python3.10/site-packages/airflow/example_dags/example_branch_labels.py for tasks to queue
[2025-04-13T17:36:18.399+0300] {logging_mixin.py:190} INFO - [2025-04-13T17:36:18.398+0300] {dagbag.py:588} INFO - Filling up the DagBag from /home/tasneemahmed24/.local/lib/python3.10/site-packages/airflow/example_dags/example_branch_labels.py
[2025-04-13T17:36:18.409+0300] {processor.py:925} INFO - DAG(s) 'example_branch_labels' retrieved from /home/tasneemahmed24/.local/lib/python3.10/site-packages/airflow/example_dags/example_branch_labels.py
[2025-04-13T17:36:18.425+0300] {logging_mixin.py:190} INFO - [2025-04-13T17:36:18.425+0300] {dag.py:3239} INFO - Sync 1 DAGs
[2025-04-13T17:36:18.442+0300] {logging_mixin.py:190} INFO - [2025-04-13T17:36:18.441+0300] {dag.py:4180} INFO - Setting next_dagrun for example_branch_labels to 2025-04-12 00:00:00+00:00, run_after=2025-04-13 00:00:00+00:00
[2025-04-13T17:36:18.464+0300] {processor.py:208} INFO - Processing /home/tasneemahmed24/.local/lib/python3.10/site-packages/airflow/example_dags/example_branch_labels.py took 0.077 seconds
[2025-04-13T17:37:18.895+0300] {processor.py:186} INFO - Started process (PID=40167) to work on /home/tasneemahmed24/.local/lib/python3.10/site-packages/airflow/example_dags/example_branch_labels.py
[2025-04-13T17:37:18.898+0300] {processor.py:914} INFO - Processing file /home/tasneemahmed24/.local/lib/python3.10/site-packages/airflow/example_dags/example_branch_labels.py for tasks to queue
[2025-04-13T17:37:18.900+0300] {logging_mixin.py:190} INFO - [2025-04-13T17:37:18.900+0300] {dagbag.py:588} INFO - Filling up the DagBag from /home/tasneemahmed24/.local/lib/python3.10/site-packages/airflow/example_dags/example_branch_labels.py
[2025-04-13T17:37:18.916+0300] {processor.py:925} INFO - DAG(s) 'example_branch_labels' retrieved from /home/tasneemahmed24/.local/lib/python3.10/site-packages/airflow/example_dags/example_branch_labels.py
[2025-04-13T17:37:18.934+0300] {logging_mixin.py:190} INFO - [2025-04-13T17:37:18.934+0300] {dag.py:3239} INFO - Sync 1 DAGs
[2025-04-13T17:37:18.953+0300] {logging_mixin.py:190} INFO - [2025-04-13T17:37:18.953+0300] {dag.py:4180} INFO - Setting next_dagrun for example_branch_labels to 2025-04-12 00:00:00+00:00, run_after=2025-04-13 00:00:00+00:00
[2025-04-13T17:37:18.974+0300] {processor.py:208} INFO - Processing /home/tasneemahmed24/.local/lib/python3.10/site-packages/airflow/example_dags/example_branch_labels.py took 0.090 seconds
[2025-04-13T17:38:17.570+0300] {processor.py:186} INFO - Started process (PID=40462) to work on /home/tasneemahmed24/.local/lib/python3.10/site-packages/airflow/example_dags/example_branch_labels.py
[2025-04-13T17:38:17.571+0300] {processor.py:914} INFO - Processing file /home/tasneemahmed24/.local/lib/python3.10/site-packages/airflow/example_dags/example_branch_labels.py for tasks to queue
[2025-04-13T17:38:17.573+0300] {logging_mixin.py:190} INFO - [2025-04-13T17:38:17.572+0300] {dagbag.py:588} INFO - Filling up the DagBag from /home/tasneemahmed24/.local/lib/python3.10/site-packages/airflow/example_dags/example_branch_labels.py
[2025-04-13T17:38:17.580+0300] {processor.py:925} INFO - DAG(s) 'example_branch_labels' retrieved from /home/tasneemahmed24/.local/lib/python3.10/site-packages/airflow/example_dags/example_branch_labels.py
[2025-04-13T17:38:17.592+0300] {logging_mixin.py:190} INFO - [2025-04-13T17:38:17.592+0300] {dag.py:3239} INFO - Sync 1 DAGs
[2025-04-13T17:38:17.607+0300] {logging_mixin.py:190} INFO - [2025-04-13T17:38:17.607+0300] {dag.py:4180} INFO - Setting next_dagrun for example_branch_labels to 2025-04-12 00:00:00+00:00, run_after=2025-04-13 00:00:00+00:00
[2025-04-13T17:38:17.633+0300] {processor.py:208} INFO - Processing /home/tasneemahmed24/.local/lib/python3.10/site-packages/airflow/example_dags/example_branch_labels.py took 0.069 seconds
[2025-04-13T17:39:15.434+0300] {processor.py:186} INFO - Started process (PID=40742) to work on /home/tasneemahmed24/.local/lib/python3.10/site-packages/airflow/example_dags/example_branch_labels.py
[2025-04-13T17:39:15.435+0300] {processor.py:914} INFO - Processing file /home/tasneemahmed24/.local/lib/python3.10/site-packages/airflow/example_dags/example_branch_labels.py for tasks to queue
[2025-04-13T17:39:15.437+0300] {logging_mixin.py:190} INFO - [2025-04-13T17:39:15.437+0300] {dagbag.py:588} INFO - Filling up the DagBag from /home/tasneemahmed24/.local/lib/python3.10/site-packages/airflow/example_dags/example_branch_labels.py
[2025-04-13T17:39:15.445+0300] {processor.py:925} INFO - DAG(s) 'example_branch_labels' retrieved from /home/tasneemahmed24/.local/lib/python3.10/site-packages/airflow/example_dags/example_branch_labels.py
[2025-04-13T17:39:15.457+0300] {logging_mixin.py:190} INFO - [2025-04-13T17:39:15.457+0300] {dag.py:3239} INFO - Sync 1 DAGs
[2025-04-13T17:39:15.493+0300] {logging_mixin.py:190} INFO - [2025-04-13T17:39:15.492+0300] {dag.py:4180} INFO - Setting next_dagrun for example_branch_labels to 2025-04-12 00:00:00+00:00, run_after=2025-04-13 00:00:00+00:00
[2025-04-13T17:39:15.533+0300] {processor.py:208} INFO - Processing /home/tasneemahmed24/.local/lib/python3.10/site-packages/airflow/example_dags/example_branch_labels.py took 0.106 seconds
[2025-04-13T17:40:13.359+0300] {processor.py:186} INFO - Started process (PID=41018) to work on /home/tasneemahmed24/.local/lib/python3.10/site-packages/airflow/example_dags/example_branch_labels.py
[2025-04-13T17:40:13.361+0300] {processor.py:914} INFO - Processing file /home/tasneemahmed24/.local/lib/python3.10/site-packages/airflow/example_dags/example_branch_labels.py for tasks to queue
[2025-04-13T17:40:13.363+0300] {logging_mixin.py:190} INFO - [2025-04-13T17:40:13.363+0300] {dagbag.py:588} INFO - Filling up the DagBag from /home/tasneemahmed24/.local/lib/python3.10/site-packages/airflow/example_dags/example_branch_labels.py
[2025-04-13T17:40:13.371+0300] {processor.py:925} INFO - DAG(s) 'example_branch_labels' retrieved from /home/tasneemahmed24/.local/lib/python3.10/site-packages/airflow/example_dags/example_branch_labels.py
[2025-04-13T17:40:13.386+0300] {logging_mixin.py:190} INFO - [2025-04-13T17:40:13.386+0300] {dag.py:3239} INFO - Sync 1 DAGs
[2025-04-13T17:40:13.402+0300] {logging_mixin.py:190} INFO - [2025-04-13T17:40:13.402+0300] {dag.py:4180} INFO - Setting next_dagrun for example_branch_labels to 2025-04-12 00:00:00+00:00, run_after=2025-04-13 00:00:00+00:00
[2025-04-13T17:40:13.421+0300] {processor.py:208} INFO - Processing /home/tasneemahmed24/.local/lib/python3.10/site-packages/airflow/example_dags/example_branch_labels.py took 0.068 seconds
[2025-04-13T17:41:09.012+0300] {processor.py:186} INFO - Started process (PID=41304) to work on /home/tasneemahmed24/.local/lib/python3.10/site-packages/airflow/example_dags/example_branch_labels.py
[2025-04-13T17:41:09.014+0300] {processor.py:914} INFO - Processing file /home/tasneemahmed24/.local/lib/python3.10/site-packages/airflow/example_dags/example_branch_labels.py for tasks to queue
[2025-04-13T17:41:09.016+0300] {logging_mixin.py:190} INFO - [2025-04-13T17:41:09.016+0300] {dagbag.py:588} INFO - Filling up the DagBag from /home/tasneemahmed24/.local/lib/python3.10/site-packages/airflow/example_dags/example_branch_labels.py
[2025-04-13T17:41:09.032+0300] {processor.py:925} INFO - DAG(s) 'example_branch_labels' retrieved from /home/tasneemahmed24/.local/lib/python3.10/site-packages/airflow/example_dags/example_branch_labels.py
[2025-04-13T17:41:09.060+0300] {logging_mixin.py:190} INFO - [2025-04-13T17:41:09.058+0300] {dag.py:3239} INFO - Sync 1 DAGs
[2025-04-13T17:41:09.085+0300] {logging_mixin.py:190} INFO - [2025-04-13T17:41:09.084+0300] {dag.py:4180} INFO - Setting next_dagrun for example_branch_labels to 2025-04-12 00:00:00+00:00, run_after=2025-04-13 00:00:00+00:00
[2025-04-13T17:41:09.112+0300] {processor.py:208} INFO - Processing /home/tasneemahmed24/.local/lib/python3.10/site-packages/airflow/example_dags/example_branch_labels.py took 0.111 seconds
[2025-04-13T17:42:04.712+0300] {processor.py:186} INFO - Started process (PID=41584) to work on /home/tasneemahmed24/.local/lib/python3.10/site-packages/airflow/example_dags/example_branch_labels.py
[2025-04-13T17:42:04.713+0300] {processor.py:914} INFO - Processing file /home/tasneemahmed24/.local/lib/python3.10/site-packages/airflow/example_dags/example_branch_labels.py for tasks to queue
[2025-04-13T17:42:04.715+0300] {logging_mixin.py:190} INFO - [2025-04-13T17:42:04.714+0300] {dagbag.py:588} INFO - Filling up the DagBag from /home/tasneemahmed24/.local/lib/python3.10/site-packages/airflow/example_dags/example_branch_labels.py
[2025-04-13T17:42:04.725+0300] {processor.py:925} INFO - DAG(s) 'example_branch_labels' retrieved from /home/tasneemahmed24/.local/lib/python3.10/site-packages/airflow/example_dags/example_branch_labels.py
[2025-04-13T17:42:04.736+0300] {logging_mixin.py:190} INFO - [2025-04-13T17:42:04.736+0300] {dag.py:3239} INFO - Sync 1 DAGs
[2025-04-13T17:42:04.754+0300] {logging_mixin.py:190} INFO - [2025-04-13T17:42:04.753+0300] {dag.py:4180} INFO - Setting next_dagrun for example_branch_labels to 2025-04-12 00:00:00+00:00, run_after=2025-04-13 00:00:00+00:00
[2025-04-13T17:42:04.773+0300] {processor.py:208} INFO - Processing /home/tasneemahmed24/.local/lib/python3.10/site-packages/airflow/example_dags/example_branch_labels.py took 0.068 seconds
[2025-04-13T17:43:03.721+0300] {processor.py:186} INFO - Started process (PID=41898) to work on /home/tasneemahmed24/.local/lib/python3.10/site-packages/airflow/example_dags/example_branch_labels.py
[2025-04-13T17:43:03.723+0300] {processor.py:914} INFO - Processing file /home/tasneemahmed24/.local/lib/python3.10/site-packages/airflow/example_dags/example_branch_labels.py for tasks to queue
[2025-04-13T17:43:03.725+0300] {logging_mixin.py:190} INFO - [2025-04-13T17:43:03.725+0300] {dagbag.py:588} INFO - Filling up the DagBag from /home/tasneemahmed24/.local/lib/python3.10/site-packages/airflow/example_dags/example_branch_labels.py
[2025-04-13T17:43:03.733+0300] {processor.py:925} INFO - DAG(s) 'example_branch_labels' retrieved from /home/tasneemahmed24/.local/lib/python3.10/site-packages/airflow/example_dags/example_branch_labels.py
[2025-04-13T17:43:03.746+0300] {logging_mixin.py:190} INFO - [2025-04-13T17:43:03.746+0300] {dag.py:3239} INFO - Sync 1 DAGs
[2025-04-13T17:43:03.761+0300] {logging_mixin.py:190} INFO - [2025-04-13T17:43:03.761+0300] {dag.py:4180} INFO - Setting next_dagrun for example_branch_labels to 2025-04-12 00:00:00+00:00, run_after=2025-04-13 00:00:00+00:00
[2025-04-13T17:43:03.779+0300] {processor.py:208} INFO - Processing /home/tasneemahmed24/.local/lib/python3.10/site-packages/airflow/example_dags/example_branch_labels.py took 0.063 seconds
[2025-04-13T17:44:01.771+0300] {processor.py:186} INFO - Started process (PID=42170) to work on /home/tasneemahmed24/.local/lib/python3.10/site-packages/airflow/example_dags/example_branch_labels.py
[2025-04-13T17:44:01.772+0300] {processor.py:914} INFO - Processing file /home/tasneemahmed24/.local/lib/python3.10/site-packages/airflow/example_dags/example_branch_labels.py for tasks to queue
[2025-04-13T17:44:01.774+0300] {logging_mixin.py:190} INFO - [2025-04-13T17:44:01.773+0300] {dagbag.py:588} INFO - Filling up the DagBag from /home/tasneemahmed24/.local/lib/python3.10/site-packages/airflow/example_dags/example_branch_labels.py
[2025-04-13T17:44:01.782+0300] {processor.py:925} INFO - DAG(s) 'example_branch_labels' retrieved from /home/tasneemahmed24/.local/lib/python3.10/site-packages/airflow/example_dags/example_branch_labels.py
[2025-04-13T17:44:01.793+0300] {logging_mixin.py:190} INFO - [2025-04-13T17:44:01.793+0300] {dag.py:3239} INFO - Sync 1 DAGs
[2025-04-13T17:44:01.926+0300] {logging_mixin.py:190} INFO - [2025-04-13T17:44:01.925+0300] {dag.py:4180} INFO - Setting next_dagrun for example_branch_labels to 2025-04-12 00:00:00+00:00, run_after=2025-04-13 00:00:00+00:00
[2025-04-13T17:44:02.026+0300] {processor.py:208} INFO - Processing /home/tasneemahmed24/.local/lib/python3.10/site-packages/airflow/example_dags/example_branch_labels.py took 0.261 seconds
[2025-04-13T17:44:59.275+0300] {processor.py:186} INFO - Started process (PID=42449) to work on /home/tasneemahmed24/.local/lib/python3.10/site-packages/airflow/example_dags/example_branch_labels.py
[2025-04-13T17:44:59.310+0300] {processor.py:914} INFO - Processing file /home/tasneemahmed24/.local/lib/python3.10/site-packages/airflow/example_dags/example_branch_labels.py for tasks to queue
[2025-04-13T17:44:59.314+0300] {logging_mixin.py:190} INFO - [2025-04-13T17:44:59.313+0300] {dagbag.py:588} INFO - Filling up the DagBag from /home/tasneemahmed24/.local/lib/python3.10/site-packages/airflow/example_dags/example_branch_labels.py
[2025-04-13T17:44:59.323+0300] {processor.py:925} INFO - DAG(s) 'example_branch_labels' retrieved from /home/tasneemahmed24/.local/lib/python3.10/site-packages/airflow/example_dags/example_branch_labels.py
[2025-04-13T17:44:59.334+0300] {logging_mixin.py:190} INFO - [2025-04-13T17:44:59.334+0300] {dag.py:3239} INFO - Sync 1 DAGs
[2025-04-13T17:44:59.349+0300] {logging_mixin.py:190} INFO - [2025-04-13T17:44:59.349+0300] {dag.py:4180} INFO - Setting next_dagrun for example_branch_labels to 2025-04-12 00:00:00+00:00, run_after=2025-04-13 00:00:00+00:00
[2025-04-13T17:44:59.386+0300] {processor.py:208} INFO - Processing /home/tasneemahmed24/.local/lib/python3.10/site-packages/airflow/example_dags/example_branch_labels.py took 0.116 seconds
[2025-04-13T17:45:55.776+0300] {processor.py:186} INFO - Started process (PID=42807) to work on /home/tasneemahmed24/.local/lib/python3.10/site-packages/airflow/example_dags/example_branch_labels.py
[2025-04-13T17:45:55.778+0300] {processor.py:914} INFO - Processing file /home/tasneemahmed24/.local/lib/python3.10/site-packages/airflow/example_dags/example_branch_labels.py for tasks to queue
[2025-04-13T17:45:55.779+0300] {logging_mixin.py:190} INFO - [2025-04-13T17:45:55.779+0300] {dagbag.py:588} INFO - Filling up the DagBag from /home/tasneemahmed24/.local/lib/python3.10/site-packages/airflow/example_dags/example_branch_labels.py
[2025-04-13T17:45:55.787+0300] {processor.py:925} INFO - DAG(s) 'example_branch_labels' retrieved from /home/tasneemahmed24/.local/lib/python3.10/site-packages/airflow/example_dags/example_branch_labels.py
[2025-04-13T17:45:55.799+0300] {logging_mixin.py:190} INFO - [2025-04-13T17:45:55.799+0300] {dag.py:3239} INFO - Sync 1 DAGs
[2025-04-13T17:45:55.815+0300] {logging_mixin.py:190} INFO - [2025-04-13T17:45:55.815+0300] {dag.py:4180} INFO - Setting next_dagrun for example_branch_labels to 2025-04-12 00:00:00+00:00, run_after=2025-04-13 00:00:00+00:00
[2025-04-13T17:45:55.834+0300] {processor.py:208} INFO - Processing /home/tasneemahmed24/.local/lib/python3.10/site-packages/airflow/example_dags/example_branch_labels.py took 0.063 seconds
[2025-04-13T17:47:12.576+0300] {processor.py:186} INFO - Started process (PID=43213) to work on /home/tasneemahmed24/.local/lib/python3.10/site-packages/airflow/example_dags/example_branch_labels.py
[2025-04-13T17:47:12.578+0300] {processor.py:914} INFO - Processing file /home/tasneemahmed24/.local/lib/python3.10/site-packages/airflow/example_dags/example_branch_labels.py for tasks to queue
[2025-04-13T17:47:12.581+0300] {logging_mixin.py:190} INFO - [2025-04-13T17:47:12.580+0300] {dagbag.py:588} INFO - Filling up the DagBag from /home/tasneemahmed24/.local/lib/python3.10/site-packages/airflow/example_dags/example_branch_labels.py
[2025-04-13T17:47:12.590+0300] {processor.py:925} INFO - DAG(s) 'example_branch_labels' retrieved from /home/tasneemahmed24/.local/lib/python3.10/site-packages/airflow/example_dags/example_branch_labels.py
[2025-04-13T17:47:12.604+0300] {logging_mixin.py:190} INFO - [2025-04-13T17:47:12.604+0300] {dag.py:3239} INFO - Sync 1 DAGs
[2025-04-13T17:47:12.622+0300] {logging_mixin.py:190} INFO - [2025-04-13T17:47:12.622+0300] {dag.py:4180} INFO - Setting next_dagrun for example_branch_labels to 2025-04-12 00:00:00+00:00, run_after=2025-04-13 00:00:00+00:00
[2025-04-13T17:47:12.641+0300] {processor.py:208} INFO - Processing /home/tasneemahmed24/.local/lib/python3.10/site-packages/airflow/example_dags/example_branch_labels.py took 0.071 seconds
[2025-04-13T17:48:20.429+0300] {processor.py:186} INFO - Started process (PID=43501) to work on /home/tasneemahmed24/.local/lib/python3.10/site-packages/airflow/example_dags/example_branch_labels.py
[2025-04-13T17:48:20.436+0300] {processor.py:914} INFO - Processing file /home/tasneemahmed24/.local/lib/python3.10/site-packages/airflow/example_dags/example_branch_labels.py for tasks to queue
[2025-04-13T17:48:20.441+0300] {logging_mixin.py:190} INFO - [2025-04-13T17:48:20.440+0300] {dagbag.py:588} INFO - Filling up the DagBag from /home/tasneemahmed24/.local/lib/python3.10/site-packages/airflow/example_dags/example_branch_labels.py
[2025-04-13T17:48:20.529+0300] {processor.py:925} INFO - DAG(s) 'example_branch_labels' retrieved from /home/tasneemahmed24/.local/lib/python3.10/site-packages/airflow/example_dags/example_branch_labels.py
[2025-04-13T17:48:20.613+0300] {logging_mixin.py:190} INFO - [2025-04-13T17:48:20.612+0300] {dag.py:3239} INFO - Sync 1 DAGs
[2025-04-13T17:48:20.812+0300] {logging_mixin.py:190} INFO - [2025-04-13T17:48:20.811+0300] {dag.py:4180} INFO - Setting next_dagrun for example_branch_labels to 2025-04-12 00:00:00+00:00, run_after=2025-04-13 00:00:00+00:00
[2025-04-13T17:48:22.513+0300] {processor.py:208} INFO - Processing /home/tasneemahmed24/.local/lib/python3.10/site-packages/airflow/example_dags/example_branch_labels.py took 2.109 seconds
[2025-04-13T17:49:49.220+0300] {processor.py:186} INFO - Started process (PID=43910) to work on /home/tasneemahmed24/.local/lib/python3.10/site-packages/airflow/example_dags/example_branch_labels.py
[2025-04-13T17:49:49.223+0300] {processor.py:914} INFO - Processing file /home/tasneemahmed24/.local/lib/python3.10/site-packages/airflow/example_dags/example_branch_labels.py for tasks to queue
[2025-04-13T17:49:49.225+0300] {logging_mixin.py:190} INFO - [2025-04-13T17:49:49.224+0300] {dagbag.py:588} INFO - Filling up the DagBag from /home/tasneemahmed24/.local/lib/python3.10/site-packages/airflow/example_dags/example_branch_labels.py
[2025-04-13T17:49:49.235+0300] {processor.py:925} INFO - DAG(s) 'example_branch_labels' retrieved from /home/tasneemahmed24/.local/lib/python3.10/site-packages/airflow/example_dags/example_branch_labels.py
[2025-04-13T17:49:49.250+0300] {logging_mixin.py:190} INFO - [2025-04-13T17:49:49.250+0300] {dag.py:3239} INFO - Sync 1 DAGs
[2025-04-13T17:49:49.269+0300] {logging_mixin.py:190} INFO - [2025-04-13T17:49:49.269+0300] {dag.py:4180} INFO - Setting next_dagrun for example_branch_labels to 2025-04-12 00:00:00+00:00, run_after=2025-04-13 00:00:00+00:00
[2025-04-13T17:49:49.290+0300] {processor.py:208} INFO - Processing /home/tasneemahmed24/.local/lib/python3.10/site-packages/airflow/example_dags/example_branch_labels.py took 0.079 seconds
[2025-04-13T17:50:51.751+0300] {processor.py:186} INFO - Started process (PID=44206) to work on /home/tasneemahmed24/.local/lib/python3.10/site-packages/airflow/example_dags/example_branch_labels.py
[2025-04-13T17:50:51.753+0300] {processor.py:914} INFO - Processing file /home/tasneemahmed24/.local/lib/python3.10/site-packages/airflow/example_dags/example_branch_labels.py for tasks to queue
[2025-04-13T17:50:51.757+0300] {logging_mixin.py:190} INFO - [2025-04-13T17:50:51.757+0300] {dagbag.py:588} INFO - Filling up the DagBag from /home/tasneemahmed24/.local/lib/python3.10/site-packages/airflow/example_dags/example_branch_labels.py
[2025-04-13T17:50:51.770+0300] {processor.py:925} INFO - DAG(s) 'example_branch_labels' retrieved from /home/tasneemahmed24/.local/lib/python3.10/site-packages/airflow/example_dags/example_branch_labels.py
[2025-04-13T17:50:51.788+0300] {logging_mixin.py:190} INFO - [2025-04-13T17:50:51.787+0300] {dag.py:3239} INFO - Sync 1 DAGs
[2025-04-13T17:50:51.815+0300] {logging_mixin.py:190} INFO - [2025-04-13T17:50:51.814+0300] {dag.py:4180} INFO - Setting next_dagrun for example_branch_labels to 2025-04-12 00:00:00+00:00, run_after=2025-04-13 00:00:00+00:00
[2025-04-13T17:50:51.837+0300] {processor.py:208} INFO - Processing /home/tasneemahmed24/.local/lib/python3.10/site-packages/airflow/example_dags/example_branch_labels.py took 0.094 seconds
[2025-04-13T17:51:58.171+0300] {processor.py:186} INFO - Started process (PID=44517) to work on /home/tasneemahmed24/.local/lib/python3.10/site-packages/airflow/example_dags/example_branch_labels.py
[2025-04-13T17:51:58.173+0300] {processor.py:914} INFO - Processing file /home/tasneemahmed24/.local/lib/python3.10/site-packages/airflow/example_dags/example_branch_labels.py for tasks to queue
[2025-04-13T17:51:58.175+0300] {logging_mixin.py:190} INFO - [2025-04-13T17:51:58.175+0300] {dagbag.py:588} INFO - Filling up the DagBag from /home/tasneemahmed24/.local/lib/python3.10/site-packages/airflow/example_dags/example_branch_labels.py
[2025-04-13T17:51:58.185+0300] {processor.py:925} INFO - DAG(s) 'example_branch_labels' retrieved from /home/tasneemahmed24/.local/lib/python3.10/site-packages/airflow/example_dags/example_branch_labels.py
[2025-04-13T17:51:58.206+0300] {logging_mixin.py:190} INFO - [2025-04-13T17:51:58.206+0300] {dag.py:3239} INFO - Sync 1 DAGs
[2025-04-13T17:51:58.233+0300] {logging_mixin.py:190} INFO - [2025-04-13T17:51:58.232+0300] {dag.py:4180} INFO - Setting next_dagrun for example_branch_labels to 2025-04-12 00:00:00+00:00, run_after=2025-04-13 00:00:00+00:00
[2025-04-13T17:51:58.254+0300] {processor.py:208} INFO - Processing /home/tasneemahmed24/.local/lib/python3.10/site-packages/airflow/example_dags/example_branch_labels.py took 0.090 seconds
[2025-04-13T17:52:59.137+0300] {processor.py:186} INFO - Started process (PID=44808) to work on /home/tasneemahmed24/.local/lib/python3.10/site-packages/airflow/example_dags/example_branch_labels.py
[2025-04-13T17:52:59.139+0300] {processor.py:914} INFO - Processing file /home/tasneemahmed24/.local/lib/python3.10/site-packages/airflow/example_dags/example_branch_labels.py for tasks to queue
[2025-04-13T17:52:59.142+0300] {logging_mixin.py:190} INFO - [2025-04-13T17:52:59.141+0300] {dagbag.py:588} INFO - Filling up the DagBag from /home/tasneemahmed24/.local/lib/python3.10/site-packages/airflow/example_dags/example_branch_labels.py
[2025-04-13T17:52:59.154+0300] {processor.py:925} INFO - DAG(s) 'example_branch_labels' retrieved from /home/tasneemahmed24/.local/lib/python3.10/site-packages/airflow/example_dags/example_branch_labels.py
[2025-04-13T17:52:59.172+0300] {logging_mixin.py:190} INFO - [2025-04-13T17:52:59.171+0300] {dag.py:3239} INFO - Sync 1 DAGs
[2025-04-13T17:52:59.194+0300] {logging_mixin.py:190} INFO - [2025-04-13T17:52:59.194+0300] {dag.py:4180} INFO - Setting next_dagrun for example_branch_labels to 2025-04-12 00:00:00+00:00, run_after=2025-04-13 00:00:00+00:00
[2025-04-13T17:52:59.216+0300] {processor.py:208} INFO - Processing /home/tasneemahmed24/.local/lib/python3.10/site-packages/airflow/example_dags/example_branch_labels.py took 0.088 seconds
[2025-04-13T17:54:02.885+0300] {processor.py:186} INFO - Started process (PID=45108) to work on /home/tasneemahmed24/.local/lib/python3.10/site-packages/airflow/example_dags/example_branch_labels.py
[2025-04-13T17:54:02.887+0300] {processor.py:914} INFO - Processing file /home/tasneemahmed24/.local/lib/python3.10/site-packages/airflow/example_dags/example_branch_labels.py for tasks to queue
[2025-04-13T17:54:02.891+0300] {logging_mixin.py:190} INFO - [2025-04-13T17:54:02.890+0300] {dagbag.py:588} INFO - Filling up the DagBag from /home/tasneemahmed24/.local/lib/python3.10/site-packages/airflow/example_dags/example_branch_labels.py
[2025-04-13T17:54:02.904+0300] {processor.py:925} INFO - DAG(s) 'example_branch_labels' retrieved from /home/tasneemahmed24/.local/lib/python3.10/site-packages/airflow/example_dags/example_branch_labels.py
[2025-04-13T17:54:02.923+0300] {logging_mixin.py:190} INFO - [2025-04-13T17:54:02.922+0300] {dag.py:3239} INFO - Sync 1 DAGs
[2025-04-13T17:54:02.950+0300] {logging_mixin.py:190} INFO - [2025-04-13T17:54:02.950+0300] {dag.py:4180} INFO - Setting next_dagrun for example_branch_labels to 2025-04-12 00:00:00+00:00, run_after=2025-04-13 00:00:00+00:00
[2025-04-13T17:54:02.989+0300] {processor.py:208} INFO - Processing /home/tasneemahmed24/.local/lib/python3.10/site-packages/airflow/example_dags/example_branch_labels.py took 0.118 seconds
[2025-04-13T17:55:00.977+0300] {processor.py:186} INFO - Started process (PID=45382) to work on /home/tasneemahmed24/.local/lib/python3.10/site-packages/airflow/example_dags/example_branch_labels.py
[2025-04-13T17:55:00.980+0300] {processor.py:914} INFO - Processing file /home/tasneemahmed24/.local/lib/python3.10/site-packages/airflow/example_dags/example_branch_labels.py for tasks to queue
[2025-04-13T17:55:00.983+0300] {logging_mixin.py:190} INFO - [2025-04-13T17:55:00.982+0300] {dagbag.py:588} INFO - Filling up the DagBag from /home/tasneemahmed24/.local/lib/python3.10/site-packages/airflow/example_dags/example_branch_labels.py
[2025-04-13T17:55:00.992+0300] {processor.py:925} INFO - DAG(s) 'example_branch_labels' retrieved from /home/tasneemahmed24/.local/lib/python3.10/site-packages/airflow/example_dags/example_branch_labels.py
[2025-04-13T17:55:01.007+0300] {logging_mixin.py:190} INFO - [2025-04-13T17:55:01.007+0300] {dag.py:3239} INFO - Sync 1 DAGs
[2025-04-13T17:55:01.026+0300] {logging_mixin.py:190} INFO - [2025-04-13T17:55:01.026+0300] {dag.py:4180} INFO - Setting next_dagrun for example_branch_labels to 2025-04-12 00:00:00+00:00, run_after=2025-04-13 00:00:00+00:00
[2025-04-13T17:55:01.046+0300] {processor.py:208} INFO - Processing /home/tasneemahmed24/.local/lib/python3.10/site-packages/airflow/example_dags/example_branch_labels.py took 0.076 seconds
[2025-04-13T17:55:59.576+0300] {processor.py:186} INFO - Started process (PID=45659) to work on /home/tasneemahmed24/.local/lib/python3.10/site-packages/airflow/example_dags/example_branch_labels.py
[2025-04-13T17:55:59.584+0300] {processor.py:914} INFO - Processing file /home/tasneemahmed24/.local/lib/python3.10/site-packages/airflow/example_dags/example_branch_labels.py for tasks to queue
[2025-04-13T17:55:59.586+0300] {logging_mixin.py:190} INFO - [2025-04-13T17:55:59.586+0300] {dagbag.py:588} INFO - Filling up the DagBag from /home/tasneemahmed24/.local/lib/python3.10/site-packages/airflow/example_dags/example_branch_labels.py
[2025-04-13T17:55:59.598+0300] {processor.py:925} INFO - DAG(s) 'example_branch_labels' retrieved from /home/tasneemahmed24/.local/lib/python3.10/site-packages/airflow/example_dags/example_branch_labels.py
[2025-04-13T17:55:59.613+0300] {logging_mixin.py:190} INFO - [2025-04-13T17:55:59.613+0300] {dag.py:3239} INFO - Sync 1 DAGs
[2025-04-13T17:55:59.635+0300] {logging_mixin.py:190} INFO - [2025-04-13T17:55:59.635+0300] {dag.py:4180} INFO - Setting next_dagrun for example_branch_labels to 2025-04-12 00:00:00+00:00, run_after=2025-04-13 00:00:00+00:00
[2025-04-13T17:55:59.659+0300] {processor.py:208} INFO - Processing /home/tasneemahmed24/.local/lib/python3.10/site-packages/airflow/example_dags/example_branch_labels.py took 0.091 seconds
[2025-04-13T17:56:58.745+0300] {processor.py:186} INFO - Started process (PID=45937) to work on /home/tasneemahmed24/.local/lib/python3.10/site-packages/airflow/example_dags/example_branch_labels.py
[2025-04-13T17:56:58.753+0300] {processor.py:914} INFO - Processing file /home/tasneemahmed24/.local/lib/python3.10/site-packages/airflow/example_dags/example_branch_labels.py for tasks to queue
[2025-04-13T17:56:58.755+0300] {logging_mixin.py:190} INFO - [2025-04-13T17:56:58.755+0300] {dagbag.py:588} INFO - Filling up the DagBag from /home/tasneemahmed24/.local/lib/python3.10/site-packages/airflow/example_dags/example_branch_labels.py
[2025-04-13T17:56:58.767+0300] {processor.py:925} INFO - DAG(s) 'example_branch_labels' retrieved from /home/tasneemahmed24/.local/lib/python3.10/site-packages/airflow/example_dags/example_branch_labels.py
[2025-04-13T17:56:58.783+0300] {logging_mixin.py:190} INFO - [2025-04-13T17:56:58.783+0300] {dag.py:3239} INFO - Sync 1 DAGs
[2025-04-13T17:56:58.802+0300] {logging_mixin.py:190} INFO - [2025-04-13T17:56:58.802+0300] {dag.py:4180} INFO - Setting next_dagrun for example_branch_labels to 2025-04-12 00:00:00+00:00, run_after=2025-04-13 00:00:00+00:00
[2025-04-13T17:56:58.821+0300] {processor.py:208} INFO - Processing /home/tasneemahmed24/.local/lib/python3.10/site-packages/airflow/example_dags/example_branch_labels.py took 0.084 seconds
[2025-04-13T17:57:55.510+0300] {processor.py:186} INFO - Started process (PID=46203) to work on /home/tasneemahmed24/.local/lib/python3.10/site-packages/airflow/example_dags/example_branch_labels.py
[2025-04-13T17:57:55.514+0300] {processor.py:914} INFO - Processing file /home/tasneemahmed24/.local/lib/python3.10/site-packages/airflow/example_dags/example_branch_labels.py for tasks to queue
[2025-04-13T17:57:55.518+0300] {logging_mixin.py:190} INFO - [2025-04-13T17:57:55.517+0300] {dagbag.py:588} INFO - Filling up the DagBag from /home/tasneemahmed24/.local/lib/python3.10/site-packages/airflow/example_dags/example_branch_labels.py
[2025-04-13T17:57:55.533+0300] {processor.py:925} INFO - DAG(s) 'example_branch_labels' retrieved from /home/tasneemahmed24/.local/lib/python3.10/site-packages/airflow/example_dags/example_branch_labels.py
[2025-04-13T17:57:55.548+0300] {logging_mixin.py:190} INFO - [2025-04-13T17:57:55.548+0300] {dag.py:3239} INFO - Sync 1 DAGs
[2025-04-13T17:57:55.571+0300] {logging_mixin.py:190} INFO - [2025-04-13T17:57:55.571+0300] {dag.py:4180} INFO - Setting next_dagrun for example_branch_labels to 2025-04-12 00:00:00+00:00, run_after=2025-04-13 00:00:00+00:00
[2025-04-13T17:57:55.592+0300] {processor.py:208} INFO - Processing /home/tasneemahmed24/.local/lib/python3.10/site-packages/airflow/example_dags/example_branch_labels.py took 0.092 seconds
[2025-04-13T17:58:55.298+0300] {processor.py:186} INFO - Started process (PID=46484) to work on /home/tasneemahmed24/.local/lib/python3.10/site-packages/airflow/example_dags/example_branch_labels.py
[2025-04-13T17:58:55.300+0300] {processor.py:914} INFO - Processing file /home/tasneemahmed24/.local/lib/python3.10/site-packages/airflow/example_dags/example_branch_labels.py for tasks to queue
[2025-04-13T17:58:55.302+0300] {logging_mixin.py:190} INFO - [2025-04-13T17:58:55.301+0300] {dagbag.py:588} INFO - Filling up the DagBag from /home/tasneemahmed24/.local/lib/python3.10/site-packages/airflow/example_dags/example_branch_labels.py
[2025-04-13T17:58:55.313+0300] {processor.py:925} INFO - DAG(s) 'example_branch_labels' retrieved from /home/tasneemahmed24/.local/lib/python3.10/site-packages/airflow/example_dags/example_branch_labels.py
[2025-04-13T17:58:55.334+0300] {logging_mixin.py:190} INFO - [2025-04-13T17:58:55.334+0300] {dag.py:3239} INFO - Sync 1 DAGs
[2025-04-13T17:58:55.356+0300] {logging_mixin.py:190} INFO - [2025-04-13T17:58:55.355+0300] {dag.py:4180} INFO - Setting next_dagrun for example_branch_labels to 2025-04-12 00:00:00+00:00, run_after=2025-04-13 00:00:00+00:00
[2025-04-13T17:58:55.374+0300] {processor.py:208} INFO - Processing /home/tasneemahmed24/.local/lib/python3.10/site-packages/airflow/example_dags/example_branch_labels.py took 0.083 seconds
[2025-04-13T17:59:50.310+0300] {processor.py:186} INFO - Started process (PID=46748) to work on /home/tasneemahmed24/.local/lib/python3.10/site-packages/airflow/example_dags/example_branch_labels.py
[2025-04-13T17:59:50.319+0300] {processor.py:914} INFO - Processing file /home/tasneemahmed24/.local/lib/python3.10/site-packages/airflow/example_dags/example_branch_labels.py for tasks to queue
[2025-04-13T17:59:50.321+0300] {logging_mixin.py:190} INFO - [2025-04-13T17:59:50.321+0300] {dagbag.py:588} INFO - Filling up the DagBag from /home/tasneemahmed24/.local/lib/python3.10/site-packages/airflow/example_dags/example_branch_labels.py
[2025-04-13T17:59:50.334+0300] {processor.py:925} INFO - DAG(s) 'example_branch_labels' retrieved from /home/tasneemahmed24/.local/lib/python3.10/site-packages/airflow/example_dags/example_branch_labels.py
[2025-04-13T17:59:50.352+0300] {logging_mixin.py:190} INFO - [2025-04-13T17:59:50.352+0300] {dag.py:3239} INFO - Sync 1 DAGs
[2025-04-13T17:59:50.372+0300] {logging_mixin.py:190} INFO - [2025-04-13T17:59:50.372+0300] {dag.py:4180} INFO - Setting next_dagrun for example_branch_labels to 2025-04-12 00:00:00+00:00, run_after=2025-04-13 00:00:00+00:00
[2025-04-13T17:59:50.397+0300] {processor.py:208} INFO - Processing /home/tasneemahmed24/.local/lib/python3.10/site-packages/airflow/example_dags/example_branch_labels.py took 0.096 seconds
[2025-04-13T18:01:08.387+0300] {processor.py:186} INFO - Started process (PID=47121) to work on /home/tasneemahmed24/.local/lib/python3.10/site-packages/airflow/example_dags/example_branch_labels.py
[2025-04-13T18:01:08.397+0300] {processor.py:914} INFO - Processing file /home/tasneemahmed24/.local/lib/python3.10/site-packages/airflow/example_dags/example_branch_labels.py for tasks to queue
[2025-04-13T18:01:08.399+0300] {logging_mixin.py:190} INFO - [2025-04-13T18:01:08.399+0300] {dagbag.py:588} INFO - Filling up the DagBag from /home/tasneemahmed24/.local/lib/python3.10/site-packages/airflow/example_dags/example_branch_labels.py
[2025-04-13T18:01:08.414+0300] {processor.py:925} INFO - DAG(s) 'example_branch_labels' retrieved from /home/tasneemahmed24/.local/lib/python3.10/site-packages/airflow/example_dags/example_branch_labels.py
[2025-04-13T18:01:08.432+0300] {logging_mixin.py:190} INFO - [2025-04-13T18:01:08.431+0300] {dag.py:3239} INFO - Sync 1 DAGs
[2025-04-13T18:01:08.452+0300] {logging_mixin.py:190} INFO - [2025-04-13T18:01:08.452+0300] {dag.py:4180} INFO - Setting next_dagrun for example_branch_labels to 2025-04-12 00:00:00+00:00, run_after=2025-04-13 00:00:00+00:00
[2025-04-13T18:01:08.474+0300] {processor.py:208} INFO - Processing /home/tasneemahmed24/.local/lib/python3.10/site-packages/airflow/example_dags/example_branch_labels.py took 0.097 seconds
[2025-04-13T18:02:04.718+0300] {processor.py:186} INFO - Started process (PID=47386) to work on /home/tasneemahmed24/.local/lib/python3.10/site-packages/airflow/example_dags/example_branch_labels.py
[2025-04-13T18:02:04.727+0300] {processor.py:914} INFO - Processing file /home/tasneemahmed24/.local/lib/python3.10/site-packages/airflow/example_dags/example_branch_labels.py for tasks to queue
[2025-04-13T18:02:04.729+0300] {logging_mixin.py:190} INFO - [2025-04-13T18:02:04.729+0300] {dagbag.py:588} INFO - Filling up the DagBag from /home/tasneemahmed24/.local/lib/python3.10/site-packages/airflow/example_dags/example_branch_labels.py
[2025-04-13T18:02:04.739+0300] {processor.py:925} INFO - DAG(s) 'example_branch_labels' retrieved from /home/tasneemahmed24/.local/lib/python3.10/site-packages/airflow/example_dags/example_branch_labels.py
[2025-04-13T18:02:04.754+0300] {logging_mixin.py:190} INFO - [2025-04-13T18:02:04.754+0300] {dag.py:3239} INFO - Sync 1 DAGs
[2025-04-13T18:02:04.774+0300] {logging_mixin.py:190} INFO - [2025-04-13T18:02:04.774+0300] {dag.py:4180} INFO - Setting next_dagrun for example_branch_labels to 2025-04-12 00:00:00+00:00, run_after=2025-04-13 00:00:00+00:00
[2025-04-13T18:02:04.795+0300] {processor.py:208} INFO - Processing /home/tasneemahmed24/.local/lib/python3.10/site-packages/airflow/example_dags/example_branch_labels.py took 0.085 seconds
[2025-04-13T18:03:04.479+0300] {processor.py:186} INFO - Started process (PID=47669) to work on /home/tasneemahmed24/.local/lib/python3.10/site-packages/airflow/example_dags/example_branch_labels.py
[2025-04-13T18:03:04.489+0300] {processor.py:914} INFO - Processing file /home/tasneemahmed24/.local/lib/python3.10/site-packages/airflow/example_dags/example_branch_labels.py for tasks to queue
[2025-04-13T18:03:04.491+0300] {logging_mixin.py:190} INFO - [2025-04-13T18:03:04.490+0300] {dagbag.py:588} INFO - Filling up the DagBag from /home/tasneemahmed24/.local/lib/python3.10/site-packages/airflow/example_dags/example_branch_labels.py
[2025-04-13T18:03:04.502+0300] {processor.py:925} INFO - DAG(s) 'example_branch_labels' retrieved from /home/tasneemahmed24/.local/lib/python3.10/site-packages/airflow/example_dags/example_branch_labels.py
[2025-04-13T18:03:04.517+0300] {logging_mixin.py:190} INFO - [2025-04-13T18:03:04.516+0300] {dag.py:3239} INFO - Sync 1 DAGs
[2025-04-13T18:03:04.538+0300] {logging_mixin.py:190} INFO - [2025-04-13T18:03:04.538+0300] {dag.py:4180} INFO - Setting next_dagrun for example_branch_labels to 2025-04-12 00:00:00+00:00, run_after=2025-04-13 00:00:00+00:00
[2025-04-13T18:03:04.561+0300] {processor.py:208} INFO - Processing /home/tasneemahmed24/.local/lib/python3.10/site-packages/airflow/example_dags/example_branch_labels.py took 0.089 seconds
[2025-04-13T18:04:01.222+0300] {processor.py:186} INFO - Started process (PID=47940) to work on /home/tasneemahmed24/.local/lib/python3.10/site-packages/airflow/example_dags/example_branch_labels.py
[2025-04-13T18:04:01.231+0300] {processor.py:914} INFO - Processing file /home/tasneemahmed24/.local/lib/python3.10/site-packages/airflow/example_dags/example_branch_labels.py for tasks to queue
[2025-04-13T18:04:01.234+0300] {logging_mixin.py:190} INFO - [2025-04-13T18:04:01.233+0300] {dagbag.py:588} INFO - Filling up the DagBag from /home/tasneemahmed24/.local/lib/python3.10/site-packages/airflow/example_dags/example_branch_labels.py
[2025-04-13T18:04:01.243+0300] {processor.py:925} INFO - DAG(s) 'example_branch_labels' retrieved from /home/tasneemahmed24/.local/lib/python3.10/site-packages/airflow/example_dags/example_branch_labels.py
[2025-04-13T18:04:01.259+0300] {logging_mixin.py:190} INFO - [2025-04-13T18:04:01.259+0300] {dag.py:3239} INFO - Sync 1 DAGs
[2025-04-13T18:04:01.280+0300] {logging_mixin.py:190} INFO - [2025-04-13T18:04:01.280+0300] {dag.py:4180} INFO - Setting next_dagrun for example_branch_labels to 2025-04-12 00:00:00+00:00, run_after=2025-04-13 00:00:00+00:00
[2025-04-13T18:04:01.304+0300] {processor.py:208} INFO - Processing /home/tasneemahmed24/.local/lib/python3.10/site-packages/airflow/example_dags/example_branch_labels.py took 0.090 seconds
[2025-04-13T18:05:06.715+0300] {processor.py:186} INFO - Started process (PID=48248) to work on /home/tasneemahmed24/.local/lib/python3.10/site-packages/airflow/example_dags/example_branch_labels.py
[2025-04-13T18:05:06.717+0300] {processor.py:914} INFO - Processing file /home/tasneemahmed24/.local/lib/python3.10/site-packages/airflow/example_dags/example_branch_labels.py for tasks to queue
[2025-04-13T18:05:06.722+0300] {logging_mixin.py:190} INFO - [2025-04-13T18:05:06.721+0300] {dagbag.py:588} INFO - Filling up the DagBag from /home/tasneemahmed24/.local/lib/python3.10/site-packages/airflow/example_dags/example_branch_labels.py
[2025-04-13T18:05:06.733+0300] {processor.py:925} INFO - DAG(s) 'example_branch_labels' retrieved from /home/tasneemahmed24/.local/lib/python3.10/site-packages/airflow/example_dags/example_branch_labels.py
[2025-04-13T18:05:06.757+0300] {logging_mixin.py:190} INFO - [2025-04-13T18:05:06.756+0300] {dag.py:3239} INFO - Sync 1 DAGs
[2025-04-13T18:05:06.786+0300] {logging_mixin.py:190} INFO - [2025-04-13T18:05:06.786+0300] {dag.py:4180} INFO - Setting next_dagrun for example_branch_labels to 2025-04-12 00:00:00+00:00, run_after=2025-04-13 00:00:00+00:00
[2025-04-13T18:05:06.818+0300] {processor.py:208} INFO - Processing /home/tasneemahmed24/.local/lib/python3.10/site-packages/airflow/example_dags/example_branch_labels.py took 0.109 seconds
[2025-04-13T18:06:02.606+0300] {processor.py:186} INFO - Started process (PID=48516) to work on /home/tasneemahmed24/.local/lib/python3.10/site-packages/airflow/example_dags/example_branch_labels.py
[2025-04-13T18:06:02.615+0300] {processor.py:914} INFO - Processing file /home/tasneemahmed24/.local/lib/python3.10/site-packages/airflow/example_dags/example_branch_labels.py for tasks to queue
[2025-04-13T18:06:02.618+0300] {logging_mixin.py:190} INFO - [2025-04-13T18:06:02.618+0300] {dagbag.py:588} INFO - Filling up the DagBag from /home/tasneemahmed24/.local/lib/python3.10/site-packages/airflow/example_dags/example_branch_labels.py
[2025-04-13T18:06:02.629+0300] {processor.py:925} INFO - DAG(s) 'example_branch_labels' retrieved from /home/tasneemahmed24/.local/lib/python3.10/site-packages/airflow/example_dags/example_branch_labels.py
[2025-04-13T18:06:02.647+0300] {logging_mixin.py:190} INFO - [2025-04-13T18:06:02.647+0300] {dag.py:3239} INFO - Sync 1 DAGs
[2025-04-13T18:06:02.668+0300] {logging_mixin.py:190} INFO - [2025-04-13T18:06:02.668+0300] {dag.py:4180} INFO - Setting next_dagrun for example_branch_labels to 2025-04-12 00:00:00+00:00, run_after=2025-04-13 00:00:00+00:00
[2025-04-13T18:06:02.691+0300] {processor.py:208} INFO - Processing /home/tasneemahmed24/.local/lib/python3.10/site-packages/airflow/example_dags/example_branch_labels.py took 0.094 seconds
[2025-04-13T18:06:57.702+0300] {processor.py:186} INFO - Started process (PID=48779) to work on /home/tasneemahmed24/.local/lib/python3.10/site-packages/airflow/example_dags/example_branch_labels.py
[2025-04-13T18:06:57.703+0300] {processor.py:914} INFO - Processing file /home/tasneemahmed24/.local/lib/python3.10/site-packages/airflow/example_dags/example_branch_labels.py for tasks to queue
[2025-04-13T18:06:57.706+0300] {logging_mixin.py:190} INFO - [2025-04-13T18:06:57.705+0300] {dagbag.py:588} INFO - Filling up the DagBag from /home/tasneemahmed24/.local/lib/python3.10/site-packages/airflow/example_dags/example_branch_labels.py
[2025-04-13T18:06:57.718+0300] {processor.py:925} INFO - DAG(s) 'example_branch_labels' retrieved from /home/tasneemahmed24/.local/lib/python3.10/site-packages/airflow/example_dags/example_branch_labels.py
[2025-04-13T18:06:57.739+0300] {logging_mixin.py:190} INFO - [2025-04-13T18:06:57.739+0300] {dag.py:3239} INFO - Sync 1 DAGs
[2025-04-13T18:06:57.762+0300] {logging_mixin.py:190} INFO - [2025-04-13T18:06:57.762+0300] {dag.py:4180} INFO - Setting next_dagrun for example_branch_labels to 2025-04-12 00:00:00+00:00, run_after=2025-04-13 00:00:00+00:00
[2025-04-13T18:06:57.786+0300] {processor.py:208} INFO - Processing /home/tasneemahmed24/.local/lib/python3.10/site-packages/airflow/example_dags/example_branch_labels.py took 0.092 seconds
[2025-04-13T18:07:53.630+0300] {processor.py:186} INFO - Started process (PID=49044) to work on /home/tasneemahmed24/.local/lib/python3.10/site-packages/airflow/example_dags/example_branch_labels.py
[2025-04-13T18:07:53.633+0300] {processor.py:914} INFO - Processing file /home/tasneemahmed24/.local/lib/python3.10/site-packages/airflow/example_dags/example_branch_labels.py for tasks to queue
[2025-04-13T18:07:53.635+0300] {logging_mixin.py:190} INFO - [2025-04-13T18:07:53.635+0300] {dagbag.py:588} INFO - Filling up the DagBag from /home/tasneemahmed24/.local/lib/python3.10/site-packages/airflow/example_dags/example_branch_labels.py
[2025-04-13T18:07:53.648+0300] {processor.py:925} INFO - DAG(s) 'example_branch_labels' retrieved from /home/tasneemahmed24/.local/lib/python3.10/site-packages/airflow/example_dags/example_branch_labels.py
[2025-04-13T18:07:53.666+0300] {logging_mixin.py:190} INFO - [2025-04-13T18:07:53.666+0300] {dag.py:3239} INFO - Sync 1 DAGs
[2025-04-13T18:07:53.693+0300] {logging_mixin.py:190} INFO - [2025-04-13T18:07:53.692+0300] {dag.py:4180} INFO - Setting next_dagrun for example_branch_labels to 2025-04-12 00:00:00+00:00, run_after=2025-04-13 00:00:00+00:00
[2025-04-13T18:07:53.719+0300] {processor.py:208} INFO - Processing /home/tasneemahmed24/.local/lib/python3.10/site-packages/airflow/example_dags/example_branch_labels.py took 0.096 seconds
[2025-04-13T18:08:47.855+0300] {processor.py:186} INFO - Started process (PID=49322) to work on /home/tasneemahmed24/.local/lib/python3.10/site-packages/airflow/example_dags/example_branch_labels.py
[2025-04-13T18:08:47.856+0300] {processor.py:914} INFO - Processing file /home/tasneemahmed24/.local/lib/python3.10/site-packages/airflow/example_dags/example_branch_labels.py for tasks to queue
[2025-04-13T18:08:47.861+0300] {logging_mixin.py:190} INFO - [2025-04-13T18:08:47.860+0300] {dagbag.py:588} INFO - Filling up the DagBag from /home/tasneemahmed24/.local/lib/python3.10/site-packages/airflow/example_dags/example_branch_labels.py
[2025-04-13T18:08:47.876+0300] {processor.py:925} INFO - DAG(s) 'example_branch_labels' retrieved from /home/tasneemahmed24/.local/lib/python3.10/site-packages/airflow/example_dags/example_branch_labels.py
[2025-04-13T18:08:47.898+0300] {logging_mixin.py:190} INFO - [2025-04-13T18:08:47.897+0300] {dag.py:3239} INFO - Sync 1 DAGs
[2025-04-13T18:08:47.924+0300] {logging_mixin.py:190} INFO - [2025-04-13T18:08:47.924+0300] {dag.py:4180} INFO - Setting next_dagrun for example_branch_labels to 2025-04-12 00:00:00+00:00, run_after=2025-04-13 00:00:00+00:00
[2025-04-13T18:08:47.952+0300] {processor.py:208} INFO - Processing /home/tasneemahmed24/.local/lib/python3.10/site-packages/airflow/example_dags/example_branch_labels.py took 0.106 seconds
[2025-04-13T18:09:45.416+0300] {processor.py:186} INFO - Started process (PID=49595) to work on /home/tasneemahmed24/.local/lib/python3.10/site-packages/airflow/example_dags/example_branch_labels.py
[2025-04-13T18:09:45.425+0300] {processor.py:914} INFO - Processing file /home/tasneemahmed24/.local/lib/python3.10/site-packages/airflow/example_dags/example_branch_labels.py for tasks to queue
[2025-04-13T18:09:45.428+0300] {logging_mixin.py:190} INFO - [2025-04-13T18:09:45.427+0300] {dagbag.py:588} INFO - Filling up the DagBag from /home/tasneemahmed24/.local/lib/python3.10/site-packages/airflow/example_dags/example_branch_labels.py
[2025-04-13T18:09:45.440+0300] {processor.py:925} INFO - DAG(s) 'example_branch_labels' retrieved from /home/tasneemahmed24/.local/lib/python3.10/site-packages/airflow/example_dags/example_branch_labels.py
[2025-04-13T18:09:45.457+0300] {logging_mixin.py:190} INFO - [2025-04-13T18:09:45.457+0300] {dag.py:3239} INFO - Sync 1 DAGs
[2025-04-13T18:09:45.480+0300] {logging_mixin.py:190} INFO - [2025-04-13T18:09:45.480+0300] {dag.py:4180} INFO - Setting next_dagrun for example_branch_labels to 2025-04-12 00:00:00+00:00, run_after=2025-04-13 00:00:00+00:00
[2025-04-13T18:09:45.501+0300] {processor.py:208} INFO - Processing /home/tasneemahmed24/.local/lib/python3.10/site-packages/airflow/example_dags/example_branch_labels.py took 0.092 seconds
[2025-04-13T18:10:45.440+0300] {processor.py:186} INFO - Started process (PID=49883) to work on /home/tasneemahmed24/.local/lib/python3.10/site-packages/airflow/example_dags/example_branch_labels.py
[2025-04-13T18:10:45.460+0300] {processor.py:914} INFO - Processing file /home/tasneemahmed24/.local/lib/python3.10/site-packages/airflow/example_dags/example_branch_labels.py for tasks to queue
[2025-04-13T18:10:45.463+0300] {logging_mixin.py:190} INFO - [2025-04-13T18:10:45.463+0300] {dagbag.py:588} INFO - Filling up the DagBag from /home/tasneemahmed24/.local/lib/python3.10/site-packages/airflow/example_dags/example_branch_labels.py
[2025-04-13T18:10:45.478+0300] {processor.py:925} INFO - DAG(s) 'example_branch_labels' retrieved from /home/tasneemahmed24/.local/lib/python3.10/site-packages/airflow/example_dags/example_branch_labels.py
[2025-04-13T18:10:45.496+0300] {logging_mixin.py:190} INFO - [2025-04-13T18:10:45.496+0300] {dag.py:3239} INFO - Sync 1 DAGs
[2025-04-13T18:10:45.515+0300] {logging_mixin.py:190} INFO - [2025-04-13T18:10:45.515+0300] {dag.py:4180} INFO - Setting next_dagrun for example_branch_labels to 2025-04-12 00:00:00+00:00, run_after=2025-04-13 00:00:00+00:00
[2025-04-13T18:10:45.536+0300] {processor.py:208} INFO - Processing /home/tasneemahmed24/.local/lib/python3.10/site-packages/airflow/example_dags/example_branch_labels.py took 0.106 seconds
[2025-04-13T18:11:41.520+0300] {processor.py:186} INFO - Started process (PID=50158) to work on /home/tasneemahmed24/.local/lib/python3.10/site-packages/airflow/example_dags/example_branch_labels.py
[2025-04-13T18:11:41.521+0300] {processor.py:914} INFO - Processing file /home/tasneemahmed24/.local/lib/python3.10/site-packages/airflow/example_dags/example_branch_labels.py for tasks to queue
[2025-04-13T18:11:41.524+0300] {logging_mixin.py:190} INFO - [2025-04-13T18:11:41.523+0300] {dagbag.py:588} INFO - Filling up the DagBag from /home/tasneemahmed24/.local/lib/python3.10/site-packages/airflow/example_dags/example_branch_labels.py
[2025-04-13T18:11:41.535+0300] {processor.py:925} INFO - DAG(s) 'example_branch_labels' retrieved from /home/tasneemahmed24/.local/lib/python3.10/site-packages/airflow/example_dags/example_branch_labels.py
[2025-04-13T18:11:41.552+0300] {logging_mixin.py:190} INFO - [2025-04-13T18:11:41.552+0300] {dag.py:3239} INFO - Sync 1 DAGs
[2025-04-13T18:11:41.572+0300] {logging_mixin.py:190} INFO - [2025-04-13T18:11:41.572+0300] {dag.py:4180} INFO - Setting next_dagrun for example_branch_labels to 2025-04-12 00:00:00+00:00, run_after=2025-04-13 00:00:00+00:00
[2025-04-13T18:11:41.597+0300] {processor.py:208} INFO - Processing /home/tasneemahmed24/.local/lib/python3.10/site-packages/airflow/example_dags/example_branch_labels.py took 0.087 seconds
[2025-04-13T18:12:38.920+0300] {processor.py:186} INFO - Started process (PID=50479) to work on /home/tasneemahmed24/.local/lib/python3.10/site-packages/airflow/example_dags/example_branch_labels.py
[2025-04-13T18:12:38.930+0300] {processor.py:914} INFO - Processing file /home/tasneemahmed24/.local/lib/python3.10/site-packages/airflow/example_dags/example_branch_labels.py for tasks to queue
[2025-04-13T18:12:38.933+0300] {logging_mixin.py:190} INFO - [2025-04-13T18:12:38.933+0300] {dagbag.py:588} INFO - Filling up the DagBag from /home/tasneemahmed24/.local/lib/python3.10/site-packages/airflow/example_dags/example_branch_labels.py
[2025-04-13T18:12:38.945+0300] {processor.py:925} INFO - DAG(s) 'example_branch_labels' retrieved from /home/tasneemahmed24/.local/lib/python3.10/site-packages/airflow/example_dags/example_branch_labels.py
[2025-04-13T18:12:38.963+0300] {logging_mixin.py:190} INFO - [2025-04-13T18:12:38.962+0300] {dag.py:3239} INFO - Sync 1 DAGs
[2025-04-13T18:12:38.985+0300] {logging_mixin.py:190} INFO - [2025-04-13T18:12:38.985+0300] {dag.py:4180} INFO - Setting next_dagrun for example_branch_labels to 2025-04-12 00:00:00+00:00, run_after=2025-04-13 00:00:00+00:00
[2025-04-13T18:12:39.012+0300] {processor.py:208} INFO - Processing /home/tasneemahmed24/.local/lib/python3.10/site-packages/airflow/example_dags/example_branch_labels.py took 0.101 seconds
[2025-04-13T18:13:35.030+0300] {processor.py:186} INFO - Started process (PID=50752) to work on /home/tasneemahmed24/.local/lib/python3.10/site-packages/airflow/example_dags/example_branch_labels.py
[2025-04-13T18:13:35.032+0300] {processor.py:914} INFO - Processing file /home/tasneemahmed24/.local/lib/python3.10/site-packages/airflow/example_dags/example_branch_labels.py for tasks to queue
[2025-04-13T18:13:35.036+0300] {logging_mixin.py:190} INFO - [2025-04-13T18:13:35.035+0300] {dagbag.py:588} INFO - Filling up the DagBag from /home/tasneemahmed24/.local/lib/python3.10/site-packages/airflow/example_dags/example_branch_labels.py
[2025-04-13T18:13:35.049+0300] {processor.py:925} INFO - DAG(s) 'example_branch_labels' retrieved from /home/tasneemahmed24/.local/lib/python3.10/site-packages/airflow/example_dags/example_branch_labels.py
[2025-04-13T18:13:35.072+0300] {logging_mixin.py:190} INFO - [2025-04-13T18:13:35.071+0300] {dag.py:3239} INFO - Sync 1 DAGs
[2025-04-13T18:13:35.096+0300] {logging_mixin.py:190} INFO - [2025-04-13T18:13:35.095+0300] {dag.py:4180} INFO - Setting next_dagrun for example_branch_labels to 2025-04-12 00:00:00+00:00, run_after=2025-04-13 00:00:00+00:00
[2025-04-13T18:13:35.121+0300] {processor.py:208} INFO - Processing /home/tasneemahmed24/.local/lib/python3.10/site-packages/airflow/example_dags/example_branch_labels.py took 0.098 seconds
[2025-04-13T18:14:31.395+0300] {processor.py:186} INFO - Started process (PID=51024) to work on /home/tasneemahmed24/.local/lib/python3.10/site-packages/airflow/example_dags/example_branch_labels.py
[2025-04-13T18:14:31.405+0300] {processor.py:914} INFO - Processing file /home/tasneemahmed24/.local/lib/python3.10/site-packages/airflow/example_dags/example_branch_labels.py for tasks to queue
[2025-04-13T18:14:31.408+0300] {logging_mixin.py:190} INFO - [2025-04-13T18:14:31.408+0300] {dagbag.py:588} INFO - Filling up the DagBag from /home/tasneemahmed24/.local/lib/python3.10/site-packages/airflow/example_dags/example_branch_labels.py
[2025-04-13T18:14:31.425+0300] {processor.py:925} INFO - DAG(s) 'example_branch_labels' retrieved from /home/tasneemahmed24/.local/lib/python3.10/site-packages/airflow/example_dags/example_branch_labels.py
[2025-04-13T18:14:31.442+0300] {logging_mixin.py:190} INFO - [2025-04-13T18:14:31.442+0300] {dag.py:3239} INFO - Sync 1 DAGs
[2025-04-13T18:14:31.468+0300] {logging_mixin.py:190} INFO - [2025-04-13T18:14:31.467+0300] {dag.py:4180} INFO - Setting next_dagrun for example_branch_labels to 2025-04-12 00:00:00+00:00, run_after=2025-04-13 00:00:00+00:00
[2025-04-13T18:14:31.494+0300] {processor.py:208} INFO - Processing /home/tasneemahmed24/.local/lib/python3.10/site-packages/airflow/example_dags/example_branch_labels.py took 0.111 seconds
[2025-04-13T18:15:31.759+0300] {processor.py:186} INFO - Started process (PID=51330) to work on /home/tasneemahmed24/.local/lib/python3.10/site-packages/airflow/example_dags/example_branch_labels.py
[2025-04-13T18:15:31.768+0300] {processor.py:914} INFO - Processing file /home/tasneemahmed24/.local/lib/python3.10/site-packages/airflow/example_dags/example_branch_labels.py for tasks to queue
[2025-04-13T18:15:31.770+0300] {logging_mixin.py:190} INFO - [2025-04-13T18:15:31.770+0300] {dagbag.py:588} INFO - Filling up the DagBag from /home/tasneemahmed24/.local/lib/python3.10/site-packages/airflow/example_dags/example_branch_labels.py
[2025-04-13T18:15:31.781+0300] {processor.py:925} INFO - DAG(s) 'example_branch_labels' retrieved from /home/tasneemahmed24/.local/lib/python3.10/site-packages/airflow/example_dags/example_branch_labels.py
[2025-04-13T18:15:31.798+0300] {logging_mixin.py:190} INFO - [2025-04-13T18:15:31.798+0300] {dag.py:3239} INFO - Sync 1 DAGs
[2025-04-13T18:15:31.823+0300] {logging_mixin.py:190} INFO - [2025-04-13T18:15:31.822+0300] {dag.py:4180} INFO - Setting next_dagrun for example_branch_labels to 2025-04-12 00:00:00+00:00, run_after=2025-04-13 00:00:00+00:00
[2025-04-13T18:15:31.859+0300] {processor.py:208} INFO - Processing /home/tasneemahmed24/.local/lib/python3.10/site-packages/airflow/example_dags/example_branch_labels.py took 0.109 seconds
[2025-04-13T18:16:34.774+0300] {processor.py:186} INFO - Started process (PID=51629) to work on /home/tasneemahmed24/.local/lib/python3.10/site-packages/airflow/example_dags/example_branch_labels.py
[2025-04-13T18:16:34.776+0300] {processor.py:914} INFO - Processing file /home/tasneemahmed24/.local/lib/python3.10/site-packages/airflow/example_dags/example_branch_labels.py for tasks to queue
[2025-04-13T18:16:34.778+0300] {logging_mixin.py:190} INFO - [2025-04-13T18:16:34.778+0300] {dagbag.py:588} INFO - Filling up the DagBag from /home/tasneemahmed24/.local/lib/python3.10/site-packages/airflow/example_dags/example_branch_labels.py
[2025-04-13T18:16:34.789+0300] {processor.py:925} INFO - DAG(s) 'example_branch_labels' retrieved from /home/tasneemahmed24/.local/lib/python3.10/site-packages/airflow/example_dags/example_branch_labels.py
[2025-04-13T18:16:34.803+0300] {logging_mixin.py:190} INFO - [2025-04-13T18:16:34.803+0300] {dag.py:3239} INFO - Sync 1 DAGs
[2025-04-13T18:16:34.822+0300] {logging_mixin.py:190} INFO - [2025-04-13T18:16:34.822+0300] {dag.py:4180} INFO - Setting next_dagrun for example_branch_labels to 2025-04-12 00:00:00+00:00, run_after=2025-04-13 00:00:00+00:00
[2025-04-13T18:16:34.846+0300] {processor.py:208} INFO - Processing /home/tasneemahmed24/.local/lib/python3.10/site-packages/airflow/example_dags/example_branch_labels.py took 0.079 seconds
[2025-04-13T18:17:34.833+0300] {processor.py:186} INFO - Started process (PID=51915) to work on /home/tasneemahmed24/.local/lib/python3.10/site-packages/airflow/example_dags/example_branch_labels.py
[2025-04-13T18:17:34.843+0300] {processor.py:914} INFO - Processing file /home/tasneemahmed24/.local/lib/python3.10/site-packages/airflow/example_dags/example_branch_labels.py for tasks to queue
[2025-04-13T18:17:34.845+0300] {logging_mixin.py:190} INFO - [2025-04-13T18:17:34.844+0300] {dagbag.py:588} INFO - Filling up the DagBag from /home/tasneemahmed24/.local/lib/python3.10/site-packages/airflow/example_dags/example_branch_labels.py
[2025-04-13T18:17:34.860+0300] {processor.py:925} INFO - DAG(s) 'example_branch_labels' retrieved from /home/tasneemahmed24/.local/lib/python3.10/site-packages/airflow/example_dags/example_branch_labels.py
[2025-04-13T18:17:34.878+0300] {logging_mixin.py:190} INFO - [2025-04-13T18:17:34.878+0300] {dag.py:3239} INFO - Sync 1 DAGs
[2025-04-13T18:17:34.897+0300] {logging_mixin.py:190} INFO - [2025-04-13T18:17:34.897+0300] {dag.py:4180} INFO - Setting next_dagrun for example_branch_labels to 2025-04-12 00:00:00+00:00, run_after=2025-04-13 00:00:00+00:00
[2025-04-13T18:17:34.920+0300] {processor.py:208} INFO - Processing /home/tasneemahmed24/.local/lib/python3.10/site-packages/airflow/example_dags/example_branch_labels.py took 0.093 seconds
[2025-04-13T18:18:33.313+0300] {processor.py:186} INFO - Started process (PID=52192) to work on /home/tasneemahmed24/.local/lib/python3.10/site-packages/airflow/example_dags/example_branch_labels.py
[2025-04-13T18:18:33.322+0300] {processor.py:914} INFO - Processing file /home/tasneemahmed24/.local/lib/python3.10/site-packages/airflow/example_dags/example_branch_labels.py for tasks to queue
[2025-04-13T18:18:33.324+0300] {logging_mixin.py:190} INFO - [2025-04-13T18:18:33.324+0300] {dagbag.py:588} INFO - Filling up the DagBag from /home/tasneemahmed24/.local/lib/python3.10/site-packages/airflow/example_dags/example_branch_labels.py
[2025-04-13T18:18:33.335+0300] {processor.py:925} INFO - DAG(s) 'example_branch_labels' retrieved from /home/tasneemahmed24/.local/lib/python3.10/site-packages/airflow/example_dags/example_branch_labels.py
[2025-04-13T18:18:33.352+0300] {logging_mixin.py:190} INFO - [2025-04-13T18:18:33.352+0300] {dag.py:3239} INFO - Sync 1 DAGs
[2025-04-13T18:18:33.374+0300] {logging_mixin.py:190} INFO - [2025-04-13T18:18:33.374+0300] {dag.py:4180} INFO - Setting next_dagrun for example_branch_labels to 2025-04-12 00:00:00+00:00, run_after=2025-04-13 00:00:00+00:00
[2025-04-13T18:18:33.398+0300] {processor.py:208} INFO - Processing /home/tasneemahmed24/.local/lib/python3.10/site-packages/airflow/example_dags/example_branch_labels.py took 0.093 seconds
[2025-04-13T18:19:32.897+0300] {processor.py:186} INFO - Started process (PID=52472) to work on /home/tasneemahmed24/.local/lib/python3.10/site-packages/airflow/example_dags/example_branch_labels.py
[2025-04-13T18:19:32.900+0300] {processor.py:914} INFO - Processing file /home/tasneemahmed24/.local/lib/python3.10/site-packages/airflow/example_dags/example_branch_labels.py for tasks to queue
[2025-04-13T18:19:32.902+0300] {logging_mixin.py:190} INFO - [2025-04-13T18:19:32.902+0300] {dagbag.py:588} INFO - Filling up the DagBag from /home/tasneemahmed24/.local/lib/python3.10/site-packages/airflow/example_dags/example_branch_labels.py
[2025-04-13T18:19:32.915+0300] {processor.py:925} INFO - DAG(s) 'example_branch_labels' retrieved from /home/tasneemahmed24/.local/lib/python3.10/site-packages/airflow/example_dags/example_branch_labels.py
[2025-04-13T18:19:32.933+0300] {logging_mixin.py:190} INFO - [2025-04-13T18:19:32.932+0300] {dag.py:3239} INFO - Sync 1 DAGs
[2025-04-13T18:19:32.956+0300] {logging_mixin.py:190} INFO - [2025-04-13T18:19:32.956+0300] {dag.py:4180} INFO - Setting next_dagrun for example_branch_labels to 2025-04-12 00:00:00+00:00, run_after=2025-04-13 00:00:00+00:00
[2025-04-13T18:19:32.981+0300] {processor.py:208} INFO - Processing /home/tasneemahmed24/.local/lib/python3.10/site-packages/airflow/example_dags/example_branch_labels.py took 0.091 seconds
[2025-04-13T18:20:32.380+0300] {processor.py:186} INFO - Started process (PID=52767) to work on /home/tasneemahmed24/.local/lib/python3.10/site-packages/airflow/example_dags/example_branch_labels.py
[2025-04-13T18:20:32.382+0300] {processor.py:914} INFO - Processing file /home/tasneemahmed24/.local/lib/python3.10/site-packages/airflow/example_dags/example_branch_labels.py for tasks to queue
[2025-04-13T18:20:32.386+0300] {logging_mixin.py:190} INFO - [2025-04-13T18:20:32.386+0300] {dagbag.py:588} INFO - Filling up the DagBag from /home/tasneemahmed24/.local/lib/python3.10/site-packages/airflow/example_dags/example_branch_labels.py
[2025-04-13T18:20:32.411+0300] {processor.py:925} INFO - DAG(s) 'example_branch_labels' retrieved from /home/tasneemahmed24/.local/lib/python3.10/site-packages/airflow/example_dags/example_branch_labels.py
[2025-04-13T18:20:32.439+0300] {logging_mixin.py:190} INFO - [2025-04-13T18:20:32.438+0300] {dag.py:3239} INFO - Sync 1 DAGs
[2025-04-13T18:20:32.474+0300] {logging_mixin.py:190} INFO - [2025-04-13T18:20:32.473+0300] {dag.py:4180} INFO - Setting next_dagrun for example_branch_labels to 2025-04-12 00:00:00+00:00, run_after=2025-04-13 00:00:00+00:00
[2025-04-13T18:20:32.502+0300] {processor.py:208} INFO - Processing /home/tasneemahmed24/.local/lib/python3.10/site-packages/airflow/example_dags/example_branch_labels.py took 0.132 seconds
[2025-04-13T18:21:37.772+0300] {processor.py:186} INFO - Started process (PID=53097) to work on /home/tasneemahmed24/.local/lib/python3.10/site-packages/airflow/example_dags/example_branch_labels.py
[2025-04-13T18:21:37.773+0300] {processor.py:914} INFO - Processing file /home/tasneemahmed24/.local/lib/python3.10/site-packages/airflow/example_dags/example_branch_labels.py for tasks to queue
[2025-04-13T18:21:37.775+0300] {logging_mixin.py:190} INFO - [2025-04-13T18:21:37.775+0300] {dagbag.py:588} INFO - Filling up the DagBag from /home/tasneemahmed24/.local/lib/python3.10/site-packages/airflow/example_dags/example_branch_labels.py
[2025-04-13T18:21:37.788+0300] {processor.py:925} INFO - DAG(s) 'example_branch_labels' retrieved from /home/tasneemahmed24/.local/lib/python3.10/site-packages/airflow/example_dags/example_branch_labels.py
[2025-04-13T18:21:37.807+0300] {logging_mixin.py:190} INFO - [2025-04-13T18:21:37.807+0300] {dag.py:3239} INFO - Sync 1 DAGs
[2025-04-13T18:21:37.830+0300] {logging_mixin.py:190} INFO - [2025-04-13T18:21:37.830+0300] {dag.py:4180} INFO - Setting next_dagrun for example_branch_labels to 2025-04-12 00:00:00+00:00, run_after=2025-04-13 00:00:00+00:00
[2025-04-13T18:21:37.852+0300] {processor.py:208} INFO - Processing /home/tasneemahmed24/.local/lib/python3.10/site-packages/airflow/example_dags/example_branch_labels.py took 0.088 seconds
[2025-04-13T18:22:36.563+0300] {processor.py:186} INFO - Started process (PID=53409) to work on /home/tasneemahmed24/.local/lib/python3.10/site-packages/airflow/example_dags/example_branch_labels.py
[2025-04-13T18:22:36.566+0300] {processor.py:914} INFO - Processing file /home/tasneemahmed24/.local/lib/python3.10/site-packages/airflow/example_dags/example_branch_labels.py for tasks to queue
[2025-04-13T18:22:36.570+0300] {logging_mixin.py:190} INFO - [2025-04-13T18:22:36.569+0300] {dagbag.py:588} INFO - Filling up the DagBag from /home/tasneemahmed24/.local/lib/python3.10/site-packages/airflow/example_dags/example_branch_labels.py
[2025-04-13T18:22:36.582+0300] {processor.py:925} INFO - DAG(s) 'example_branch_labels' retrieved from /home/tasneemahmed24/.local/lib/python3.10/site-packages/airflow/example_dags/example_branch_labels.py
[2025-04-13T18:22:36.600+0300] {logging_mixin.py:190} INFO - [2025-04-13T18:22:36.600+0300] {dag.py:3239} INFO - Sync 1 DAGs
[2025-04-13T18:22:36.623+0300] {logging_mixin.py:190} INFO - [2025-04-13T18:22:36.623+0300] {dag.py:4180} INFO - Setting next_dagrun for example_branch_labels to 2025-04-12 00:00:00+00:00, run_after=2025-04-13 00:00:00+00:00
[2025-04-13T18:22:36.645+0300] {processor.py:208} INFO - Processing /home/tasneemahmed24/.local/lib/python3.10/site-packages/airflow/example_dags/example_branch_labels.py took 0.094 seconds
[2025-04-13T18:23:34.246+0300] {processor.py:186} INFO - Started process (PID=53685) to work on /home/tasneemahmed24/.local/lib/python3.10/site-packages/airflow/example_dags/example_branch_labels.py
[2025-04-13T18:23:34.249+0300] {processor.py:914} INFO - Processing file /home/tasneemahmed24/.local/lib/python3.10/site-packages/airflow/example_dags/example_branch_labels.py for tasks to queue
[2025-04-13T18:23:34.252+0300] {logging_mixin.py:190} INFO - [2025-04-13T18:23:34.251+0300] {dagbag.py:588} INFO - Filling up the DagBag from /home/tasneemahmed24/.local/lib/python3.10/site-packages/airflow/example_dags/example_branch_labels.py
[2025-04-13T18:23:34.266+0300] {processor.py:925} INFO - DAG(s) 'example_branch_labels' retrieved from /home/tasneemahmed24/.local/lib/python3.10/site-packages/airflow/example_dags/example_branch_labels.py
[2025-04-13T18:23:34.295+0300] {logging_mixin.py:190} INFO - [2025-04-13T18:23:34.294+0300] {dag.py:3239} INFO - Sync 1 DAGs
[2025-04-13T18:23:34.319+0300] {logging_mixin.py:190} INFO - [2025-04-13T18:23:34.318+0300] {dag.py:4180} INFO - Setting next_dagrun for example_branch_labels to 2025-04-12 00:00:00+00:00, run_after=2025-04-13 00:00:00+00:00
[2025-04-13T18:23:34.341+0300] {processor.py:208} INFO - Processing /home/tasneemahmed24/.local/lib/python3.10/site-packages/airflow/example_dags/example_branch_labels.py took 0.103 seconds
[2025-04-13T18:24:44.167+0300] {processor.py:186} INFO - Started process (PID=54021) to work on /home/tasneemahmed24/.local/lib/python3.10/site-packages/airflow/example_dags/example_branch_labels.py
[2025-04-13T18:24:44.170+0300] {processor.py:914} INFO - Processing file /home/tasneemahmed24/.local/lib/python3.10/site-packages/airflow/example_dags/example_branch_labels.py for tasks to queue
[2025-04-13T18:24:44.173+0300] {logging_mixin.py:190} INFO - [2025-04-13T18:24:44.172+0300] {dagbag.py:588} INFO - Filling up the DagBag from /home/tasneemahmed24/.local/lib/python3.10/site-packages/airflow/example_dags/example_branch_labels.py
[2025-04-13T18:24:44.186+0300] {processor.py:925} INFO - DAG(s) 'example_branch_labels' retrieved from /home/tasneemahmed24/.local/lib/python3.10/site-packages/airflow/example_dags/example_branch_labels.py
[2025-04-13T18:24:44.202+0300] {logging_mixin.py:190} INFO - [2025-04-13T18:24:44.201+0300] {dag.py:3239} INFO - Sync 1 DAGs
[2025-04-13T18:24:44.224+0300] {logging_mixin.py:190} INFO - [2025-04-13T18:24:44.223+0300] {dag.py:4180} INFO - Setting next_dagrun for example_branch_labels to 2025-04-12 00:00:00+00:00, run_after=2025-04-13 00:00:00+00:00
[2025-04-13T18:24:44.245+0300] {processor.py:208} INFO - Processing /home/tasneemahmed24/.local/lib/python3.10/site-packages/airflow/example_dags/example_branch_labels.py took 0.086 seconds
[2025-04-13T18:25:45.280+0300] {processor.py:186} INFO - Started process (PID=54320) to work on /home/tasneemahmed24/.local/lib/python3.10/site-packages/airflow/example_dags/example_branch_labels.py
[2025-04-13T18:25:45.284+0300] {processor.py:914} INFO - Processing file /home/tasneemahmed24/.local/lib/python3.10/site-packages/airflow/example_dags/example_branch_labels.py for tasks to queue
[2025-04-13T18:25:45.287+0300] {logging_mixin.py:190} INFO - [2025-04-13T18:25:45.286+0300] {dagbag.py:588} INFO - Filling up the DagBag from /home/tasneemahmed24/.local/lib/python3.10/site-packages/airflow/example_dags/example_branch_labels.py
[2025-04-13T18:25:45.302+0300] {processor.py:925} INFO - DAG(s) 'example_branch_labels' retrieved from /home/tasneemahmed24/.local/lib/python3.10/site-packages/airflow/example_dags/example_branch_labels.py
[2025-04-13T18:25:45.317+0300] {logging_mixin.py:190} INFO - [2025-04-13T18:25:45.317+0300] {dag.py:3239} INFO - Sync 1 DAGs
[2025-04-13T18:25:45.338+0300] {logging_mixin.py:190} INFO - [2025-04-13T18:25:45.337+0300] {dag.py:4180} INFO - Setting next_dagrun for example_branch_labels to 2025-04-12 00:00:00+00:00, run_after=2025-04-13 00:00:00+00:00
[2025-04-13T18:25:45.357+0300] {processor.py:208} INFO - Processing /home/tasneemahmed24/.local/lib/python3.10/site-packages/airflow/example_dags/example_branch_labels.py took 0.088 seconds
[2025-04-13T18:26:45.556+0300] {processor.py:186} INFO - Started process (PID=54604) to work on /home/tasneemahmed24/.local/lib/python3.10/site-packages/airflow/example_dags/example_branch_labels.py
[2025-04-13T18:26:45.564+0300] {processor.py:914} INFO - Processing file /home/tasneemahmed24/.local/lib/python3.10/site-packages/airflow/example_dags/example_branch_labels.py for tasks to queue
[2025-04-13T18:26:45.566+0300] {logging_mixin.py:190} INFO - [2025-04-13T18:26:45.566+0300] {dagbag.py:588} INFO - Filling up the DagBag from /home/tasneemahmed24/.local/lib/python3.10/site-packages/airflow/example_dags/example_branch_labels.py
[2025-04-13T18:26:45.577+0300] {processor.py:925} INFO - DAG(s) 'example_branch_labels' retrieved from /home/tasneemahmed24/.local/lib/python3.10/site-packages/airflow/example_dags/example_branch_labels.py
[2025-04-13T18:26:45.593+0300] {logging_mixin.py:190} INFO - [2025-04-13T18:26:45.593+0300] {dag.py:3239} INFO - Sync 1 DAGs
[2025-04-13T18:26:45.614+0300] {logging_mixin.py:190} INFO - [2025-04-13T18:26:45.613+0300] {dag.py:4180} INFO - Setting next_dagrun for example_branch_labels to 2025-04-12 00:00:00+00:00, run_after=2025-04-13 00:00:00+00:00
[2025-04-13T18:26:45.639+0300] {processor.py:208} INFO - Processing /home/tasneemahmed24/.local/lib/python3.10/site-packages/airflow/example_dags/example_branch_labels.py took 0.091 seconds
[2025-04-13T18:27:49.855+0300] {processor.py:186} INFO - Started process (PID=54908) to work on /home/tasneemahmed24/.local/lib/python3.10/site-packages/airflow/example_dags/example_branch_labels.py
[2025-04-13T18:27:49.857+0300] {processor.py:914} INFO - Processing file /home/tasneemahmed24/.local/lib/python3.10/site-packages/airflow/example_dags/example_branch_labels.py for tasks to queue
[2025-04-13T18:27:49.860+0300] {logging_mixin.py:190} INFO - [2025-04-13T18:27:49.859+0300] {dagbag.py:588} INFO - Filling up the DagBag from /home/tasneemahmed24/.local/lib/python3.10/site-packages/airflow/example_dags/example_branch_labels.py
[2025-04-13T18:27:49.870+0300] {processor.py:925} INFO - DAG(s) 'example_branch_labels' retrieved from /home/tasneemahmed24/.local/lib/python3.10/site-packages/airflow/example_dags/example_branch_labels.py
[2025-04-13T18:27:49.887+0300] {logging_mixin.py:190} INFO - [2025-04-13T18:27:49.887+0300] {dag.py:3239} INFO - Sync 1 DAGs
[2025-04-13T18:27:49.908+0300] {logging_mixin.py:190} INFO - [2025-04-13T18:27:49.907+0300] {dag.py:4180} INFO - Setting next_dagrun for example_branch_labels to 2025-04-12 00:00:00+00:00, run_after=2025-04-13 00:00:00+00:00
[2025-04-13T18:27:49.927+0300] {processor.py:208} INFO - Processing /home/tasneemahmed24/.local/lib/python3.10/site-packages/airflow/example_dags/example_branch_labels.py took 0.079 seconds
[2025-04-13T18:28:48.716+0300] {processor.py:186} INFO - Started process (PID=55192) to work on /home/tasneemahmed24/.local/lib/python3.10/site-packages/airflow/example_dags/example_branch_labels.py
[2025-04-13T18:28:48.720+0300] {processor.py:914} INFO - Processing file /home/tasneemahmed24/.local/lib/python3.10/site-packages/airflow/example_dags/example_branch_labels.py for tasks to queue
[2025-04-13T18:28:48.725+0300] {logging_mixin.py:190} INFO - [2025-04-13T18:28:48.724+0300] {dagbag.py:588} INFO - Filling up the DagBag from /home/tasneemahmed24/.local/lib/python3.10/site-packages/airflow/example_dags/example_branch_labels.py
[2025-04-13T18:28:48.759+0300] {processor.py:925} INFO - DAG(s) 'example_branch_labels' retrieved from /home/tasneemahmed24/.local/lib/python3.10/site-packages/airflow/example_dags/example_branch_labels.py
[2025-04-13T18:28:48.788+0300] {logging_mixin.py:190} INFO - [2025-04-13T18:28:48.788+0300] {dag.py:3239} INFO - Sync 1 DAGs
[2025-04-13T18:28:48.830+0300] {logging_mixin.py:190} INFO - [2025-04-13T18:28:48.829+0300] {dag.py:4180} INFO - Setting next_dagrun for example_branch_labels to 2025-04-12 00:00:00+00:00, run_after=2025-04-13 00:00:00+00:00
[2025-04-13T18:28:48.865+0300] {processor.py:208} INFO - Processing /home/tasneemahmed24/.local/lib/python3.10/site-packages/airflow/example_dags/example_branch_labels.py took 0.166 seconds
