[2025-04-13T17:18:03.016+0300] {processor.py:186} INFO - Started process (PID=34608) to work on /home/tasneemahmed24/.local/lib/python3.10/site-packages/airflow/example_dags/example_kubernetes_executor.py
[2025-04-13T17:18:03.016+0300] {processor.py:914} INFO - Processing file /home/tasneemahmed24/.local/lib/python3.10/site-packages/airflow/example_dags/example_kubernetes_executor.py for tasks to queue
[2025-04-13T17:18:03.018+0300] {logging_mixin.py:190} INFO - [2025-04-13T17:18:03.018+0300] {dagbag.py:588} INFO - Filling up the DagBag from /home/tasneemahmed24/.local/lib/python3.10/site-packages/airflow/example_dags/example_kubernetes_executor.py
[2025-04-13T17:18:03.021+0300] {logging_mixin.py:190} INFO - [2025-04-13T17:18:03.021+0300] {example_kubernetes_executor.py:39} WARNING - The example_kubernetes_executor example DAG requires the kubernetes provider. Please install it with: pip install apache-airflow[cncf.kubernetes]
[2025-04-13T17:18:03.021+0300] {processor.py:927} WARNING - No viable dags retrieved from /home/tasneemahmed24/.local/lib/python3.10/site-packages/airflow/example_dags/example_kubernetes_executor.py
[2025-04-13T17:18:03.109+0300] {processor.py:208} INFO - Processing /home/tasneemahmed24/.local/lib/python3.10/site-packages/airflow/example_dags/example_kubernetes_executor.py took 0.097 seconds
[2025-04-13T17:19:07.608+0300] {processor.py:186} INFO - Started process (PID=34908) to work on /home/tasneemahmed24/.local/lib/python3.10/site-packages/airflow/example_dags/example_kubernetes_executor.py
[2025-04-13T17:19:07.631+0300] {processor.py:914} INFO - Processing file /home/tasneemahmed24/.local/lib/python3.10/site-packages/airflow/example_dags/example_kubernetes_executor.py for tasks to queue
[2025-04-13T17:19:07.633+0300] {logging_mixin.py:190} INFO - [2025-04-13T17:19:07.633+0300] {dagbag.py:588} INFO - Filling up the DagBag from /home/tasneemahmed24/.local/lib/python3.10/site-packages/airflow/example_dags/example_kubernetes_executor.py
[2025-04-13T17:19:07.636+0300] {logging_mixin.py:190} INFO - [2025-04-13T17:19:07.636+0300] {example_kubernetes_executor.py:39} WARNING - The example_kubernetes_executor example DAG requires the kubernetes provider. Please install it with: pip install apache-airflow[cncf.kubernetes]
[2025-04-13T17:19:07.636+0300] {processor.py:927} WARNING - No viable dags retrieved from /home/tasneemahmed24/.local/lib/python3.10/site-packages/airflow/example_dags/example_kubernetes_executor.py
[2025-04-13T17:19:07.643+0300] {processor.py:208} INFO - Processing /home/tasneemahmed24/.local/lib/python3.10/site-packages/airflow/example_dags/example_kubernetes_executor.py took 0.040 seconds
[2025-04-13T17:20:01.064+0300] {processor.py:186} INFO - Started process (PID=35166) to work on /home/tasneemahmed24/.local/lib/python3.10/site-packages/airflow/example_dags/example_kubernetes_executor.py
[2025-04-13T17:20:01.065+0300] {processor.py:914} INFO - Processing file /home/tasneemahmed24/.local/lib/python3.10/site-packages/airflow/example_dags/example_kubernetes_executor.py for tasks to queue
[2025-04-13T17:20:01.066+0300] {logging_mixin.py:190} INFO - [2025-04-13T17:20:01.066+0300] {dagbag.py:588} INFO - Filling up the DagBag from /home/tasneemahmed24/.local/lib/python3.10/site-packages/airflow/example_dags/example_kubernetes_executor.py
[2025-04-13T17:20:01.069+0300] {logging_mixin.py:190} INFO - [2025-04-13T17:20:01.069+0300] {example_kubernetes_executor.py:39} WARNING - The example_kubernetes_executor example DAG requires the kubernetes provider. Please install it with: pip install apache-airflow[cncf.kubernetes]
[2025-04-13T17:20:01.070+0300] {processor.py:927} WARNING - No viable dags retrieved from /home/tasneemahmed24/.local/lib/python3.10/site-packages/airflow/example_dags/example_kubernetes_executor.py
[2025-04-13T17:20:01.081+0300] {processor.py:208} INFO - Processing /home/tasneemahmed24/.local/lib/python3.10/site-packages/airflow/example_dags/example_kubernetes_executor.py took 0.022 seconds
[2025-04-13T17:20:58.347+0300] {processor.py:186} INFO - Started process (PID=35433) to work on /home/tasneemahmed24/.local/lib/python3.10/site-packages/airflow/example_dags/example_kubernetes_executor.py
[2025-04-13T17:20:58.348+0300] {processor.py:914} INFO - Processing file /home/tasneemahmed24/.local/lib/python3.10/site-packages/airflow/example_dags/example_kubernetes_executor.py for tasks to queue
[2025-04-13T17:20:58.351+0300] {logging_mixin.py:190} INFO - [2025-04-13T17:20:58.351+0300] {dagbag.py:588} INFO - Filling up the DagBag from /home/tasneemahmed24/.local/lib/python3.10/site-packages/airflow/example_dags/example_kubernetes_executor.py
[2025-04-13T17:20:58.355+0300] {logging_mixin.py:190} INFO - [2025-04-13T17:20:58.354+0300] {example_kubernetes_executor.py:39} WARNING - The example_kubernetes_executor example DAG requires the kubernetes provider. Please install it with: pip install apache-airflow[cncf.kubernetes]
[2025-04-13T17:20:58.355+0300] {processor.py:927} WARNING - No viable dags retrieved from /home/tasneemahmed24/.local/lib/python3.10/site-packages/airflow/example_dags/example_kubernetes_executor.py
[2025-04-13T17:20:58.373+0300] {processor.py:208} INFO - Processing /home/tasneemahmed24/.local/lib/python3.10/site-packages/airflow/example_dags/example_kubernetes_executor.py took 0.038 seconds
[2025-04-13T17:21:53.923+0300] {processor.py:186} INFO - Started process (PID=35693) to work on /home/tasneemahmed24/.local/lib/python3.10/site-packages/airflow/example_dags/example_kubernetes_executor.py
[2025-04-13T17:21:53.924+0300] {processor.py:914} INFO - Processing file /home/tasneemahmed24/.local/lib/python3.10/site-packages/airflow/example_dags/example_kubernetes_executor.py for tasks to queue
[2025-04-13T17:21:53.925+0300] {logging_mixin.py:190} INFO - [2025-04-13T17:21:53.925+0300] {dagbag.py:588} INFO - Filling up the DagBag from /home/tasneemahmed24/.local/lib/python3.10/site-packages/airflow/example_dags/example_kubernetes_executor.py
[2025-04-13T17:21:53.928+0300] {logging_mixin.py:190} INFO - [2025-04-13T17:21:53.928+0300] {example_kubernetes_executor.py:39} WARNING - The example_kubernetes_executor example DAG requires the kubernetes provider. Please install it with: pip install apache-airflow[cncf.kubernetes]
[2025-04-13T17:21:53.928+0300] {processor.py:927} WARNING - No viable dags retrieved from /home/tasneemahmed24/.local/lib/python3.10/site-packages/airflow/example_dags/example_kubernetes_executor.py
[2025-04-13T17:21:53.937+0300] {processor.py:208} INFO - Processing /home/tasneemahmed24/.local/lib/python3.10/site-packages/airflow/example_dags/example_kubernetes_executor.py took 0.020 seconds
[2025-04-13T17:22:50.702+0300] {processor.py:186} INFO - Started process (PID=35960) to work on /home/tasneemahmed24/.local/lib/python3.10/site-packages/airflow/example_dags/example_kubernetes_executor.py
[2025-04-13T17:22:50.705+0300] {processor.py:914} INFO - Processing file /home/tasneemahmed24/.local/lib/python3.10/site-packages/airflow/example_dags/example_kubernetes_executor.py for tasks to queue
[2025-04-13T17:22:50.707+0300] {logging_mixin.py:190} INFO - [2025-04-13T17:22:50.707+0300] {dagbag.py:588} INFO - Filling up the DagBag from /home/tasneemahmed24/.local/lib/python3.10/site-packages/airflow/example_dags/example_kubernetes_executor.py
[2025-04-13T17:22:50.710+0300] {logging_mixin.py:190} INFO - [2025-04-13T17:22:50.710+0300] {example_kubernetes_executor.py:39} WARNING - The example_kubernetes_executor example DAG requires the kubernetes provider. Please install it with: pip install apache-airflow[cncf.kubernetes]
[2025-04-13T17:22:50.711+0300] {processor.py:927} WARNING - No viable dags retrieved from /home/tasneemahmed24/.local/lib/python3.10/site-packages/airflow/example_dags/example_kubernetes_executor.py
[2025-04-13T17:22:50.719+0300] {processor.py:208} INFO - Processing /home/tasneemahmed24/.local/lib/python3.10/site-packages/airflow/example_dags/example_kubernetes_executor.py took 0.023 seconds
[2025-04-13T17:23:45.265+0300] {processor.py:186} INFO - Started process (PID=36218) to work on /home/tasneemahmed24/.local/lib/python3.10/site-packages/airflow/example_dags/example_kubernetes_executor.py
[2025-04-13T17:23:45.268+0300] {processor.py:914} INFO - Processing file /home/tasneemahmed24/.local/lib/python3.10/site-packages/airflow/example_dags/example_kubernetes_executor.py for tasks to queue
[2025-04-13T17:23:45.269+0300] {logging_mixin.py:190} INFO - [2025-04-13T17:23:45.269+0300] {dagbag.py:588} INFO - Filling up the DagBag from /home/tasneemahmed24/.local/lib/python3.10/site-packages/airflow/example_dags/example_kubernetes_executor.py
[2025-04-13T17:23:45.272+0300] {logging_mixin.py:190} INFO - [2025-04-13T17:23:45.272+0300] {example_kubernetes_executor.py:39} WARNING - The example_kubernetes_executor example DAG requires the kubernetes provider. Please install it with: pip install apache-airflow[cncf.kubernetes]
[2025-04-13T17:23:45.272+0300] {processor.py:927} WARNING - No viable dags retrieved from /home/tasneemahmed24/.local/lib/python3.10/site-packages/airflow/example_dags/example_kubernetes_executor.py
[2025-04-13T17:23:45.279+0300] {processor.py:208} INFO - Processing /home/tasneemahmed24/.local/lib/python3.10/site-packages/airflow/example_dags/example_kubernetes_executor.py took 0.019 seconds
[2025-04-13T17:24:39.689+0300] {processor.py:186} INFO - Started process (PID=36477) to work on /home/tasneemahmed24/.local/lib/python3.10/site-packages/airflow/example_dags/example_kubernetes_executor.py
[2025-04-13T17:24:39.690+0300] {processor.py:914} INFO - Processing file /home/tasneemahmed24/.local/lib/python3.10/site-packages/airflow/example_dags/example_kubernetes_executor.py for tasks to queue
[2025-04-13T17:24:39.692+0300] {logging_mixin.py:190} INFO - [2025-04-13T17:24:39.691+0300] {dagbag.py:588} INFO - Filling up the DagBag from /home/tasneemahmed24/.local/lib/python3.10/site-packages/airflow/example_dags/example_kubernetes_executor.py
[2025-04-13T17:24:39.694+0300] {logging_mixin.py:190} INFO - [2025-04-13T17:24:39.694+0300] {example_kubernetes_executor.py:39} WARNING - The example_kubernetes_executor example DAG requires the kubernetes provider. Please install it with: pip install apache-airflow[cncf.kubernetes]
[2025-04-13T17:24:39.694+0300] {processor.py:927} WARNING - No viable dags retrieved from /home/tasneemahmed24/.local/lib/python3.10/site-packages/airflow/example_dags/example_kubernetes_executor.py
[2025-04-13T17:24:39.703+0300] {processor.py:208} INFO - Processing /home/tasneemahmed24/.local/lib/python3.10/site-packages/airflow/example_dags/example_kubernetes_executor.py took 0.018 seconds
[2025-04-13T17:25:33.023+0300] {processor.py:186} INFO - Started process (PID=36737) to work on /home/tasneemahmed24/.local/lib/python3.10/site-packages/airflow/example_dags/example_kubernetes_executor.py
[2025-04-13T17:25:33.026+0300] {processor.py:914} INFO - Processing file /home/tasneemahmed24/.local/lib/python3.10/site-packages/airflow/example_dags/example_kubernetes_executor.py for tasks to queue
[2025-04-13T17:25:33.028+0300] {logging_mixin.py:190} INFO - [2025-04-13T17:25:33.028+0300] {dagbag.py:588} INFO - Filling up the DagBag from /home/tasneemahmed24/.local/lib/python3.10/site-packages/airflow/example_dags/example_kubernetes_executor.py
[2025-04-13T17:25:33.030+0300] {logging_mixin.py:190} INFO - [2025-04-13T17:25:33.030+0300] {example_kubernetes_executor.py:39} WARNING - The example_kubernetes_executor example DAG requires the kubernetes provider. Please install it with: pip install apache-airflow[cncf.kubernetes]
[2025-04-13T17:25:33.031+0300] {processor.py:927} WARNING - No viable dags retrieved from /home/tasneemahmed24/.local/lib/python3.10/site-packages/airflow/example_dags/example_kubernetes_executor.py
[2025-04-13T17:25:33.039+0300] {processor.py:208} INFO - Processing /home/tasneemahmed24/.local/lib/python3.10/site-packages/airflow/example_dags/example_kubernetes_executor.py took 0.021 seconds
[2025-04-13T17:26:25.504+0300] {processor.py:186} INFO - Started process (PID=36989) to work on /home/tasneemahmed24/.local/lib/python3.10/site-packages/airflow/example_dags/example_kubernetes_executor.py
[2025-04-13T17:26:25.506+0300] {processor.py:914} INFO - Processing file /home/tasneemahmed24/.local/lib/python3.10/site-packages/airflow/example_dags/example_kubernetes_executor.py for tasks to queue
[2025-04-13T17:26:25.508+0300] {logging_mixin.py:190} INFO - [2025-04-13T17:26:25.508+0300] {dagbag.py:588} INFO - Filling up the DagBag from /home/tasneemahmed24/.local/lib/python3.10/site-packages/airflow/example_dags/example_kubernetes_executor.py
[2025-04-13T17:26:25.510+0300] {logging_mixin.py:190} INFO - [2025-04-13T17:26:25.510+0300] {example_kubernetes_executor.py:39} WARNING - The example_kubernetes_executor example DAG requires the kubernetes provider. Please install it with: pip install apache-airflow[cncf.kubernetes]
[2025-04-13T17:26:25.510+0300] {processor.py:927} WARNING - No viable dags retrieved from /home/tasneemahmed24/.local/lib/python3.10/site-packages/airflow/example_dags/example_kubernetes_executor.py
[2025-04-13T17:26:25.517+0300] {processor.py:208} INFO - Processing /home/tasneemahmed24/.local/lib/python3.10/site-packages/airflow/example_dags/example_kubernetes_executor.py took 0.019 seconds
[2025-04-13T17:27:16.980+0300] {processor.py:186} INFO - Started process (PID=37236) to work on /home/tasneemahmed24/.local/lib/python3.10/site-packages/airflow/example_dags/example_kubernetes_executor.py
[2025-04-13T17:27:16.982+0300] {processor.py:914} INFO - Processing file /home/tasneemahmed24/.local/lib/python3.10/site-packages/airflow/example_dags/example_kubernetes_executor.py for tasks to queue
[2025-04-13T17:27:16.984+0300] {logging_mixin.py:190} INFO - [2025-04-13T17:27:16.983+0300] {dagbag.py:588} INFO - Filling up the DagBag from /home/tasneemahmed24/.local/lib/python3.10/site-packages/airflow/example_dags/example_kubernetes_executor.py
[2025-04-13T17:27:16.986+0300] {logging_mixin.py:190} INFO - [2025-04-13T17:27:16.986+0300] {example_kubernetes_executor.py:39} WARNING - The example_kubernetes_executor example DAG requires the kubernetes provider. Please install it with: pip install apache-airflow[cncf.kubernetes]
[2025-04-13T17:27:16.986+0300] {processor.py:927} WARNING - No viable dags retrieved from /home/tasneemahmed24/.local/lib/python3.10/site-packages/airflow/example_dags/example_kubernetes_executor.py
[2025-04-13T17:27:16.993+0300] {processor.py:208} INFO - Processing /home/tasneemahmed24/.local/lib/python3.10/site-packages/airflow/example_dags/example_kubernetes_executor.py took 0.018 seconds
[2025-04-13T17:28:11.328+0300] {processor.py:186} INFO - Started process (PID=37494) to work on /home/tasneemahmed24/.local/lib/python3.10/site-packages/airflow/example_dags/example_kubernetes_executor.py
[2025-04-13T17:28:11.330+0300] {processor.py:914} INFO - Processing file /home/tasneemahmed24/.local/lib/python3.10/site-packages/airflow/example_dags/example_kubernetes_executor.py for tasks to queue
[2025-04-13T17:28:11.332+0300] {logging_mixin.py:190} INFO - [2025-04-13T17:28:11.332+0300] {dagbag.py:588} INFO - Filling up the DagBag from /home/tasneemahmed24/.local/lib/python3.10/site-packages/airflow/example_dags/example_kubernetes_executor.py
[2025-04-13T17:28:11.335+0300] {logging_mixin.py:190} INFO - [2025-04-13T17:28:11.334+0300] {example_kubernetes_executor.py:39} WARNING - The example_kubernetes_executor example DAG requires the kubernetes provider. Please install it with: pip install apache-airflow[cncf.kubernetes]
[2025-04-13T17:28:11.335+0300] {processor.py:927} WARNING - No viable dags retrieved from /home/tasneemahmed24/.local/lib/python3.10/site-packages/airflow/example_dags/example_kubernetes_executor.py
[2025-04-13T17:28:11.343+0300] {processor.py:208} INFO - Processing /home/tasneemahmed24/.local/lib/python3.10/site-packages/airflow/example_dags/example_kubernetes_executor.py took 0.021 seconds
[2025-04-13T17:29:08.729+0300] {processor.py:186} INFO - Started process (PID=37765) to work on /home/tasneemahmed24/.local/lib/python3.10/site-packages/airflow/example_dags/example_kubernetes_executor.py
[2025-04-13T17:29:08.730+0300] {processor.py:914} INFO - Processing file /home/tasneemahmed24/.local/lib/python3.10/site-packages/airflow/example_dags/example_kubernetes_executor.py for tasks to queue
[2025-04-13T17:29:08.732+0300] {logging_mixin.py:190} INFO - [2025-04-13T17:29:08.732+0300] {dagbag.py:588} INFO - Filling up the DagBag from /home/tasneemahmed24/.local/lib/python3.10/site-packages/airflow/example_dags/example_kubernetes_executor.py
[2025-04-13T17:29:08.737+0300] {logging_mixin.py:190} INFO - [2025-04-13T17:29:08.737+0300] {example_kubernetes_executor.py:39} WARNING - The example_kubernetes_executor example DAG requires the kubernetes provider. Please install it with: pip install apache-airflow[cncf.kubernetes]
[2025-04-13T17:29:08.737+0300] {processor.py:927} WARNING - No viable dags retrieved from /home/tasneemahmed24/.local/lib/python3.10/site-packages/airflow/example_dags/example_kubernetes_executor.py
[2025-04-13T17:29:08.749+0300] {processor.py:208} INFO - Processing /home/tasneemahmed24/.local/lib/python3.10/site-packages/airflow/example_dags/example_kubernetes_executor.py took 0.025 seconds
[2025-04-13T17:30:00.474+0300] {processor.py:186} INFO - Started process (PID=38010) to work on /home/tasneemahmed24/.local/lib/python3.10/site-packages/airflow/example_dags/example_kubernetes_executor.py
[2025-04-13T17:30:00.476+0300] {processor.py:914} INFO - Processing file /home/tasneemahmed24/.local/lib/python3.10/site-packages/airflow/example_dags/example_kubernetes_executor.py for tasks to queue
[2025-04-13T17:30:00.478+0300] {logging_mixin.py:190} INFO - [2025-04-13T17:30:00.478+0300] {dagbag.py:588} INFO - Filling up the DagBag from /home/tasneemahmed24/.local/lib/python3.10/site-packages/airflow/example_dags/example_kubernetes_executor.py
[2025-04-13T17:30:00.480+0300] {logging_mixin.py:190} INFO - [2025-04-13T17:30:00.480+0300] {example_kubernetes_executor.py:39} WARNING - The example_kubernetes_executor example DAG requires the kubernetes provider. Please install it with: pip install apache-airflow[cncf.kubernetes]
[2025-04-13T17:30:00.480+0300] {processor.py:927} WARNING - No viable dags retrieved from /home/tasneemahmed24/.local/lib/python3.10/site-packages/airflow/example_dags/example_kubernetes_executor.py
[2025-04-13T17:30:00.490+0300] {processor.py:208} INFO - Processing /home/tasneemahmed24/.local/lib/python3.10/site-packages/airflow/example_dags/example_kubernetes_executor.py took 0.023 seconds
[2025-04-13T17:30:54.379+0300] {processor.py:186} INFO - Started process (PID=38265) to work on /home/tasneemahmed24/.local/lib/python3.10/site-packages/airflow/example_dags/example_kubernetes_executor.py
[2025-04-13T17:30:54.381+0300] {processor.py:914} INFO - Processing file /home/tasneemahmed24/.local/lib/python3.10/site-packages/airflow/example_dags/example_kubernetes_executor.py for tasks to queue
[2025-04-13T17:30:54.383+0300] {logging_mixin.py:190} INFO - [2025-04-13T17:30:54.383+0300] {dagbag.py:588} INFO - Filling up the DagBag from /home/tasneemahmed24/.local/lib/python3.10/site-packages/airflow/example_dags/example_kubernetes_executor.py
[2025-04-13T17:30:54.386+0300] {logging_mixin.py:190} INFO - [2025-04-13T17:30:54.386+0300] {example_kubernetes_executor.py:39} WARNING - The example_kubernetes_executor example DAG requires the kubernetes provider. Please install it with: pip install apache-airflow[cncf.kubernetes]
[2025-04-13T17:30:54.386+0300] {processor.py:927} WARNING - No viable dags retrieved from /home/tasneemahmed24/.local/lib/python3.10/site-packages/airflow/example_dags/example_kubernetes_executor.py
[2025-04-13T17:30:54.395+0300] {processor.py:208} INFO - Processing /home/tasneemahmed24/.local/lib/python3.10/site-packages/airflow/example_dags/example_kubernetes_executor.py took 0.021 seconds
[2025-04-13T17:31:48.547+0300] {processor.py:186} INFO - Started process (PID=38524) to work on /home/tasneemahmed24/.local/lib/python3.10/site-packages/airflow/example_dags/example_kubernetes_executor.py
[2025-04-13T17:31:48.550+0300] {processor.py:914} INFO - Processing file /home/tasneemahmed24/.local/lib/python3.10/site-packages/airflow/example_dags/example_kubernetes_executor.py for tasks to queue
[2025-04-13T17:31:48.552+0300] {logging_mixin.py:190} INFO - [2025-04-13T17:31:48.551+0300] {dagbag.py:588} INFO - Filling up the DagBag from /home/tasneemahmed24/.local/lib/python3.10/site-packages/airflow/example_dags/example_kubernetes_executor.py
[2025-04-13T17:31:48.554+0300] {logging_mixin.py:190} INFO - [2025-04-13T17:31:48.554+0300] {example_kubernetes_executor.py:39} WARNING - The example_kubernetes_executor example DAG requires the kubernetes provider. Please install it with: pip install apache-airflow[cncf.kubernetes]
[2025-04-13T17:31:48.554+0300] {processor.py:927} WARNING - No viable dags retrieved from /home/tasneemahmed24/.local/lib/python3.10/site-packages/airflow/example_dags/example_kubernetes_executor.py
[2025-04-13T17:31:48.562+0300] {processor.py:208} INFO - Processing /home/tasneemahmed24/.local/lib/python3.10/site-packages/airflow/example_dags/example_kubernetes_executor.py took 0.019 seconds
[2025-04-13T17:32:44.910+0300] {processor.py:186} INFO - Started process (PID=38807) to work on /home/tasneemahmed24/.local/lib/python3.10/site-packages/airflow/example_dags/example_kubernetes_executor.py
[2025-04-13T17:32:44.912+0300] {processor.py:914} INFO - Processing file /home/tasneemahmed24/.local/lib/python3.10/site-packages/airflow/example_dags/example_kubernetes_executor.py for tasks to queue
[2025-04-13T17:32:44.913+0300] {logging_mixin.py:190} INFO - [2025-04-13T17:32:44.913+0300] {dagbag.py:588} INFO - Filling up the DagBag from /home/tasneemahmed24/.local/lib/python3.10/site-packages/airflow/example_dags/example_kubernetes_executor.py
[2025-04-13T17:32:44.918+0300] {logging_mixin.py:190} INFO - [2025-04-13T17:32:44.917+0300] {example_kubernetes_executor.py:39} WARNING - The example_kubernetes_executor example DAG requires the kubernetes provider. Please install it with: pip install apache-airflow[cncf.kubernetes]
[2025-04-13T17:32:44.918+0300] {processor.py:927} WARNING - No viable dags retrieved from /home/tasneemahmed24/.local/lib/python3.10/site-packages/airflow/example_dags/example_kubernetes_executor.py
[2025-04-13T17:32:44.932+0300] {processor.py:208} INFO - Processing /home/tasneemahmed24/.local/lib/python3.10/site-packages/airflow/example_dags/example_kubernetes_executor.py took 0.031 seconds
[2025-04-13T17:33:47.387+0300] {processor.py:186} INFO - Started process (PID=39114) to work on /home/tasneemahmed24/.local/lib/python3.10/site-packages/airflow/example_dags/example_kubernetes_executor.py
[2025-04-13T17:33:47.389+0300] {processor.py:914} INFO - Processing file /home/tasneemahmed24/.local/lib/python3.10/site-packages/airflow/example_dags/example_kubernetes_executor.py for tasks to queue
[2025-04-13T17:33:47.391+0300] {logging_mixin.py:190} INFO - [2025-04-13T17:33:47.390+0300] {dagbag.py:588} INFO - Filling up the DagBag from /home/tasneemahmed24/.local/lib/python3.10/site-packages/airflow/example_dags/example_kubernetes_executor.py
[2025-04-13T17:33:47.394+0300] {logging_mixin.py:190} INFO - [2025-04-13T17:33:47.394+0300] {example_kubernetes_executor.py:39} WARNING - The example_kubernetes_executor example DAG requires the kubernetes provider. Please install it with: pip install apache-airflow[cncf.kubernetes]
[2025-04-13T17:33:47.394+0300] {processor.py:927} WARNING - No viable dags retrieved from /home/tasneemahmed24/.local/lib/python3.10/site-packages/airflow/example_dags/example_kubernetes_executor.py
[2025-04-13T17:33:47.402+0300] {processor.py:208} INFO - Processing /home/tasneemahmed24/.local/lib/python3.10/site-packages/airflow/example_dags/example_kubernetes_executor.py took 0.022 seconds
[2025-04-13T17:34:44.305+0300] {processor.py:186} INFO - Started process (PID=39401) to work on /home/tasneemahmed24/.local/lib/python3.10/site-packages/airflow/example_dags/example_kubernetes_executor.py
[2025-04-13T17:34:44.308+0300] {processor.py:914} INFO - Processing file /home/tasneemahmed24/.local/lib/python3.10/site-packages/airflow/example_dags/example_kubernetes_executor.py for tasks to queue
[2025-04-13T17:34:44.314+0300] {logging_mixin.py:190} INFO - [2025-04-13T17:34:44.312+0300] {dagbag.py:588} INFO - Filling up the DagBag from /home/tasneemahmed24/.local/lib/python3.10/site-packages/airflow/example_dags/example_kubernetes_executor.py
[2025-04-13T17:34:44.322+0300] {logging_mixin.py:190} INFO - [2025-04-13T17:34:44.322+0300] {example_kubernetes_executor.py:39} WARNING - The example_kubernetes_executor example DAG requires the kubernetes provider. Please install it with: pip install apache-airflow[cncf.kubernetes]
[2025-04-13T17:34:44.323+0300] {processor.py:927} WARNING - No viable dags retrieved from /home/tasneemahmed24/.local/lib/python3.10/site-packages/airflow/example_dags/example_kubernetes_executor.py
[2025-04-13T17:34:44.397+0300] {processor.py:208} INFO - Processing /home/tasneemahmed24/.local/lib/python3.10/site-packages/airflow/example_dags/example_kubernetes_executor.py took 0.103 seconds
[2025-04-13T17:35:43.980+0300] {processor.py:186} INFO - Started process (PID=39704) to work on /home/tasneemahmed24/.local/lib/python3.10/site-packages/airflow/example_dags/example_kubernetes_executor.py
[2025-04-13T17:35:43.981+0300] {processor.py:914} INFO - Processing file /home/tasneemahmed24/.local/lib/python3.10/site-packages/airflow/example_dags/example_kubernetes_executor.py for tasks to queue
[2025-04-13T17:35:43.982+0300] {logging_mixin.py:190} INFO - [2025-04-13T17:35:43.982+0300] {dagbag.py:588} INFO - Filling up the DagBag from /home/tasneemahmed24/.local/lib/python3.10/site-packages/airflow/example_dags/example_kubernetes_executor.py
[2025-04-13T17:35:43.985+0300] {logging_mixin.py:190} INFO - [2025-04-13T17:35:43.984+0300] {example_kubernetes_executor.py:39} WARNING - The example_kubernetes_executor example DAG requires the kubernetes provider. Please install it with: pip install apache-airflow[cncf.kubernetes]
[2025-04-13T17:35:43.985+0300] {processor.py:927} WARNING - No viable dags retrieved from /home/tasneemahmed24/.local/lib/python3.10/site-packages/airflow/example_dags/example_kubernetes_executor.py
[2025-04-13T17:35:43.993+0300] {processor.py:208} INFO - Processing /home/tasneemahmed24/.local/lib/python3.10/site-packages/airflow/example_dags/example_kubernetes_executor.py took 0.018 seconds
[2025-04-13T17:36:44.271+0300] {processor.py:186} INFO - Started process (PID=39987) to work on /home/tasneemahmed24/.local/lib/python3.10/site-packages/airflow/example_dags/example_kubernetes_executor.py
[2025-04-13T17:36:44.272+0300] {processor.py:914} INFO - Processing file /home/tasneemahmed24/.local/lib/python3.10/site-packages/airflow/example_dags/example_kubernetes_executor.py for tasks to queue
[2025-04-13T17:36:44.274+0300] {logging_mixin.py:190} INFO - [2025-04-13T17:36:44.274+0300] {dagbag.py:588} INFO - Filling up the DagBag from /home/tasneemahmed24/.local/lib/python3.10/site-packages/airflow/example_dags/example_kubernetes_executor.py
[2025-04-13T17:36:44.277+0300] {logging_mixin.py:190} INFO - [2025-04-13T17:36:44.277+0300] {example_kubernetes_executor.py:39} WARNING - The example_kubernetes_executor example DAG requires the kubernetes provider. Please install it with: pip install apache-airflow[cncf.kubernetes]
[2025-04-13T17:36:44.277+0300] {processor.py:927} WARNING - No viable dags retrieved from /home/tasneemahmed24/.local/lib/python3.10/site-packages/airflow/example_dags/example_kubernetes_executor.py
[2025-04-13T17:36:44.286+0300] {processor.py:208} INFO - Processing /home/tasneemahmed24/.local/lib/python3.10/site-packages/airflow/example_dags/example_kubernetes_executor.py took 0.020 seconds
[2025-04-13T17:37:41.622+0300] {processor.py:186} INFO - Started process (PID=40277) to work on /home/tasneemahmed24/.local/lib/python3.10/site-packages/airflow/example_dags/example_kubernetes_executor.py
[2025-04-13T17:37:41.625+0300] {processor.py:914} INFO - Processing file /home/tasneemahmed24/.local/lib/python3.10/site-packages/airflow/example_dags/example_kubernetes_executor.py for tasks to queue
[2025-04-13T17:37:41.627+0300] {logging_mixin.py:190} INFO - [2025-04-13T17:37:41.627+0300] {dagbag.py:588} INFO - Filling up the DagBag from /home/tasneemahmed24/.local/lib/python3.10/site-packages/airflow/example_dags/example_kubernetes_executor.py
[2025-04-13T17:37:41.630+0300] {logging_mixin.py:190} INFO - [2025-04-13T17:37:41.630+0300] {example_kubernetes_executor.py:39} WARNING - The example_kubernetes_executor example DAG requires the kubernetes provider. Please install it with: pip install apache-airflow[cncf.kubernetes]
[2025-04-13T17:37:41.630+0300] {processor.py:927} WARNING - No viable dags retrieved from /home/tasneemahmed24/.local/lib/python3.10/site-packages/airflow/example_dags/example_kubernetes_executor.py
[2025-04-13T17:37:41.639+0300] {processor.py:208} INFO - Processing /home/tasneemahmed24/.local/lib/python3.10/site-packages/airflow/example_dags/example_kubernetes_executor.py took 0.022 seconds
[2025-04-13T17:38:37.957+0300] {processor.py:186} INFO - Started process (PID=40558) to work on /home/tasneemahmed24/.local/lib/python3.10/site-packages/airflow/example_dags/example_kubernetes_executor.py
[2025-04-13T17:38:37.960+0300] {processor.py:914} INFO - Processing file /home/tasneemahmed24/.local/lib/python3.10/site-packages/airflow/example_dags/example_kubernetes_executor.py for tasks to queue
[2025-04-13T17:38:37.962+0300] {logging_mixin.py:190} INFO - [2025-04-13T17:38:37.962+0300] {dagbag.py:588} INFO - Filling up the DagBag from /home/tasneemahmed24/.local/lib/python3.10/site-packages/airflow/example_dags/example_kubernetes_executor.py
[2025-04-13T17:38:37.965+0300] {logging_mixin.py:190} INFO - [2025-04-13T17:38:37.965+0300] {example_kubernetes_executor.py:39} WARNING - The example_kubernetes_executor example DAG requires the kubernetes provider. Please install it with: pip install apache-airflow[cncf.kubernetes]
[2025-04-13T17:38:37.965+0300] {processor.py:927} WARNING - No viable dags retrieved from /home/tasneemahmed24/.local/lib/python3.10/site-packages/airflow/example_dags/example_kubernetes_executor.py
[2025-04-13T17:38:37.974+0300] {processor.py:208} INFO - Processing /home/tasneemahmed24/.local/lib/python3.10/site-packages/airflow/example_dags/example_kubernetes_executor.py took 0.025 seconds
[2025-04-13T17:39:37.396+0300] {processor.py:186} INFO - Started process (PID=40847) to work on /home/tasneemahmed24/.local/lib/python3.10/site-packages/airflow/example_dags/example_kubernetes_executor.py
[2025-04-13T17:39:37.398+0300] {processor.py:914} INFO - Processing file /home/tasneemahmed24/.local/lib/python3.10/site-packages/airflow/example_dags/example_kubernetes_executor.py for tasks to queue
[2025-04-13T17:39:37.399+0300] {logging_mixin.py:190} INFO - [2025-04-13T17:39:37.399+0300] {dagbag.py:588} INFO - Filling up the DagBag from /home/tasneemahmed24/.local/lib/python3.10/site-packages/airflow/example_dags/example_kubernetes_executor.py
[2025-04-13T17:39:37.401+0300] {logging_mixin.py:190} INFO - [2025-04-13T17:39:37.401+0300] {example_kubernetes_executor.py:39} WARNING - The example_kubernetes_executor example DAG requires the kubernetes provider. Please install it with: pip install apache-airflow[cncf.kubernetes]
[2025-04-13T17:39:37.401+0300] {processor.py:927} WARNING - No viable dags retrieved from /home/tasneemahmed24/.local/lib/python3.10/site-packages/airflow/example_dags/example_kubernetes_executor.py
[2025-04-13T17:39:37.409+0300] {processor.py:208} INFO - Processing /home/tasneemahmed24/.local/lib/python3.10/site-packages/airflow/example_dags/example_kubernetes_executor.py took 0.018 seconds
[2025-04-13T17:40:35.540+0300] {processor.py:186} INFO - Started process (PID=41127) to work on /home/tasneemahmed24/.local/lib/python3.10/site-packages/airflow/example_dags/example_kubernetes_executor.py
[2025-04-13T17:40:35.559+0300] {processor.py:914} INFO - Processing file /home/tasneemahmed24/.local/lib/python3.10/site-packages/airflow/example_dags/example_kubernetes_executor.py for tasks to queue
[2025-04-13T17:40:35.561+0300] {logging_mixin.py:190} INFO - [2025-04-13T17:40:35.560+0300] {dagbag.py:588} INFO - Filling up the DagBag from /home/tasneemahmed24/.local/lib/python3.10/site-packages/airflow/example_dags/example_kubernetes_executor.py
[2025-04-13T17:40:35.564+0300] {logging_mixin.py:190} INFO - [2025-04-13T17:40:35.564+0300] {example_kubernetes_executor.py:39} WARNING - The example_kubernetes_executor example DAG requires the kubernetes provider. Please install it with: pip install apache-airflow[cncf.kubernetes]
[2025-04-13T17:40:35.564+0300] {processor.py:927} WARNING - No viable dags retrieved from /home/tasneemahmed24/.local/lib/python3.10/site-packages/airflow/example_dags/example_kubernetes_executor.py
[2025-04-13T17:40:35.572+0300] {processor.py:208} INFO - Processing /home/tasneemahmed24/.local/lib/python3.10/site-packages/airflow/example_dags/example_kubernetes_executor.py took 0.037 seconds
[2025-04-13T17:41:29.531+0300] {processor.py:186} INFO - Started process (PID=41402) to work on /home/tasneemahmed24/.local/lib/python3.10/site-packages/airflow/example_dags/example_kubernetes_executor.py
[2025-04-13T17:41:29.532+0300] {processor.py:914} INFO - Processing file /home/tasneemahmed24/.local/lib/python3.10/site-packages/airflow/example_dags/example_kubernetes_executor.py for tasks to queue
[2025-04-13T17:41:29.536+0300] {logging_mixin.py:190} INFO - [2025-04-13T17:41:29.535+0300] {dagbag.py:588} INFO - Filling up the DagBag from /home/tasneemahmed24/.local/lib/python3.10/site-packages/airflow/example_dags/example_kubernetes_executor.py
[2025-04-13T17:41:29.538+0300] {logging_mixin.py:190} INFO - [2025-04-13T17:41:29.538+0300] {example_kubernetes_executor.py:39} WARNING - The example_kubernetes_executor example DAG requires the kubernetes provider. Please install it with: pip install apache-airflow[cncf.kubernetes]
[2025-04-13T17:41:29.539+0300] {processor.py:927} WARNING - No viable dags retrieved from /home/tasneemahmed24/.local/lib/python3.10/site-packages/airflow/example_dags/example_kubernetes_executor.py
[2025-04-13T17:41:29.548+0300] {processor.py:208} INFO - Processing /home/tasneemahmed24/.local/lib/python3.10/site-packages/airflow/example_dags/example_kubernetes_executor.py took 0.024 seconds
[2025-04-13T17:42:26.594+0300] {processor.py:186} INFO - Started process (PID=41689) to work on /home/tasneemahmed24/.local/lib/python3.10/site-packages/airflow/example_dags/example_kubernetes_executor.py
[2025-04-13T17:42:26.595+0300] {processor.py:914} INFO - Processing file /home/tasneemahmed24/.local/lib/python3.10/site-packages/airflow/example_dags/example_kubernetes_executor.py for tasks to queue
[2025-04-13T17:42:26.597+0300] {logging_mixin.py:190} INFO - [2025-04-13T17:42:26.597+0300] {dagbag.py:588} INFO - Filling up the DagBag from /home/tasneemahmed24/.local/lib/python3.10/site-packages/airflow/example_dags/example_kubernetes_executor.py
[2025-04-13T17:42:26.601+0300] {logging_mixin.py:190} INFO - [2025-04-13T17:42:26.601+0300] {example_kubernetes_executor.py:39} WARNING - The example_kubernetes_executor example DAG requires the kubernetes provider. Please install it with: pip install apache-airflow[cncf.kubernetes]
[2025-04-13T17:42:26.602+0300] {processor.py:927} WARNING - No viable dags retrieved from /home/tasneemahmed24/.local/lib/python3.10/site-packages/airflow/example_dags/example_kubernetes_executor.py
[2025-04-13T17:42:26.614+0300] {processor.py:208} INFO - Processing /home/tasneemahmed24/.local/lib/python3.10/site-packages/airflow/example_dags/example_kubernetes_executor.py took 0.025 seconds
[2025-04-13T17:43:25.702+0300] {processor.py:186} INFO - Started process (PID=42002) to work on /home/tasneemahmed24/.local/lib/python3.10/site-packages/airflow/example_dags/example_kubernetes_executor.py
[2025-04-13T17:43:25.704+0300] {processor.py:914} INFO - Processing file /home/tasneemahmed24/.local/lib/python3.10/site-packages/airflow/example_dags/example_kubernetes_executor.py for tasks to queue
[2025-04-13T17:43:25.706+0300] {logging_mixin.py:190} INFO - [2025-04-13T17:43:25.706+0300] {dagbag.py:588} INFO - Filling up the DagBag from /home/tasneemahmed24/.local/lib/python3.10/site-packages/airflow/example_dags/example_kubernetes_executor.py
[2025-04-13T17:43:25.709+0300] {logging_mixin.py:190} INFO - [2025-04-13T17:43:25.709+0300] {example_kubernetes_executor.py:39} WARNING - The example_kubernetes_executor example DAG requires the kubernetes provider. Please install it with: pip install apache-airflow[cncf.kubernetes]
[2025-04-13T17:43:25.709+0300] {processor.py:927} WARNING - No viable dags retrieved from /home/tasneemahmed24/.local/lib/python3.10/site-packages/airflow/example_dags/example_kubernetes_executor.py
[2025-04-13T17:43:25.717+0300] {processor.py:208} INFO - Processing /home/tasneemahmed24/.local/lib/python3.10/site-packages/airflow/example_dags/example_kubernetes_executor.py took 0.021 seconds
[2025-04-13T17:44:20.588+0300] {processor.py:186} INFO - Started process (PID=42268) to work on /home/tasneemahmed24/.local/lib/python3.10/site-packages/airflow/example_dags/example_kubernetes_executor.py
[2025-04-13T17:44:20.589+0300] {processor.py:914} INFO - Processing file /home/tasneemahmed24/.local/lib/python3.10/site-packages/airflow/example_dags/example_kubernetes_executor.py for tasks to queue
[2025-04-13T17:44:20.591+0300] {logging_mixin.py:190} INFO - [2025-04-13T17:44:20.590+0300] {dagbag.py:588} INFO - Filling up the DagBag from /home/tasneemahmed24/.local/lib/python3.10/site-packages/airflow/example_dags/example_kubernetes_executor.py
[2025-04-13T17:44:20.593+0300] {logging_mixin.py:190} INFO - [2025-04-13T17:44:20.593+0300] {example_kubernetes_executor.py:39} WARNING - The example_kubernetes_executor example DAG requires the kubernetes provider. Please install it with: pip install apache-airflow[cncf.kubernetes]
[2025-04-13T17:44:20.593+0300] {processor.py:927} WARNING - No viable dags retrieved from /home/tasneemahmed24/.local/lib/python3.10/site-packages/airflow/example_dags/example_kubernetes_executor.py
[2025-04-13T17:44:20.602+0300] {processor.py:208} INFO - Processing /home/tasneemahmed24/.local/lib/python3.10/site-packages/airflow/example_dags/example_kubernetes_executor.py took 0.019 seconds
[2025-04-13T17:45:17.462+0300] {processor.py:186} INFO - Started process (PID=42574) to work on /home/tasneemahmed24/.local/lib/python3.10/site-packages/airflow/example_dags/example_kubernetes_executor.py
[2025-04-13T17:45:17.464+0300] {processor.py:914} INFO - Processing file /home/tasneemahmed24/.local/lib/python3.10/site-packages/airflow/example_dags/example_kubernetes_executor.py for tasks to queue
[2025-04-13T17:45:17.466+0300] {logging_mixin.py:190} INFO - [2025-04-13T17:45:17.466+0300] {dagbag.py:588} INFO - Filling up the DagBag from /home/tasneemahmed24/.local/lib/python3.10/site-packages/airflow/example_dags/example_kubernetes_executor.py
[2025-04-13T17:45:17.480+0300] {logging_mixin.py:190} INFO - [2025-04-13T17:45:17.479+0300] {example_kubernetes_executor.py:39} WARNING - The example_kubernetes_executor example DAG requires the kubernetes provider. Please install it with: pip install apache-airflow[cncf.kubernetes]
[2025-04-13T17:45:17.480+0300] {processor.py:927} WARNING - No viable dags retrieved from /home/tasneemahmed24/.local/lib/python3.10/site-packages/airflow/example_dags/example_kubernetes_executor.py
[2025-04-13T17:45:17.567+0300] {processor.py:208} INFO - Processing /home/tasneemahmed24/.local/lib/python3.10/site-packages/airflow/example_dags/example_kubernetes_executor.py took 0.125 seconds
[2025-04-13T17:46:15.329+0300] {processor.py:186} INFO - Started process (PID=42904) to work on /home/tasneemahmed24/.local/lib/python3.10/site-packages/airflow/example_dags/example_kubernetes_executor.py
[2025-04-13T17:46:15.331+0300] {processor.py:914} INFO - Processing file /home/tasneemahmed24/.local/lib/python3.10/site-packages/airflow/example_dags/example_kubernetes_executor.py for tasks to queue
[2025-04-13T17:46:15.333+0300] {logging_mixin.py:190} INFO - [2025-04-13T17:46:15.332+0300] {dagbag.py:588} INFO - Filling up the DagBag from /home/tasneemahmed24/.local/lib/python3.10/site-packages/airflow/example_dags/example_kubernetes_executor.py
[2025-04-13T17:46:15.336+0300] {logging_mixin.py:190} INFO - [2025-04-13T17:46:15.335+0300] {example_kubernetes_executor.py:39} WARNING - The example_kubernetes_executor example DAG requires the kubernetes provider. Please install it with: pip install apache-airflow[cncf.kubernetes]
[2025-04-13T17:46:15.336+0300] {processor.py:927} WARNING - No viable dags retrieved from /home/tasneemahmed24/.local/lib/python3.10/site-packages/airflow/example_dags/example_kubernetes_executor.py
[2025-04-13T17:46:15.346+0300] {processor.py:208} INFO - Processing /home/tasneemahmed24/.local/lib/python3.10/site-packages/airflow/example_dags/example_kubernetes_executor.py took 0.023 seconds
[2025-04-13T17:47:08.579+0300] {processor.py:186} INFO - Started process (PID=43194) to work on /home/tasneemahmed24/.local/lib/python3.10/site-packages/airflow/example_dags/example_kubernetes_executor.py
[2025-04-13T17:47:08.581+0300] {processor.py:914} INFO - Processing file /home/tasneemahmed24/.local/lib/python3.10/site-packages/airflow/example_dags/example_kubernetes_executor.py for tasks to queue
[2025-04-13T17:47:08.583+0300] {logging_mixin.py:190} INFO - [2025-04-13T17:47:08.583+0300] {dagbag.py:588} INFO - Filling up the DagBag from /home/tasneemahmed24/.local/lib/python3.10/site-packages/airflow/example_dags/example_kubernetes_executor.py
[2025-04-13T17:47:08.586+0300] {logging_mixin.py:190} INFO - [2025-04-13T17:47:08.586+0300] {example_kubernetes_executor.py:39} WARNING - The example_kubernetes_executor example DAG requires the kubernetes provider. Please install it with: pip install apache-airflow[cncf.kubernetes]
[2025-04-13T17:47:08.586+0300] {processor.py:927} WARNING - No viable dags retrieved from /home/tasneemahmed24/.local/lib/python3.10/site-packages/airflow/example_dags/example_kubernetes_executor.py
[2025-04-13T17:47:08.599+0300] {processor.py:208} INFO - Processing /home/tasneemahmed24/.local/lib/python3.10/site-packages/airflow/example_dags/example_kubernetes_executor.py took 0.029 seconds
[2025-04-13T17:48:11.123+0300] {processor.py:186} INFO - Started process (PID=43463) to work on /home/tasneemahmed24/.local/lib/python3.10/site-packages/airflow/example_dags/example_kubernetes_executor.py
[2025-04-13T17:48:11.143+0300] {processor.py:914} INFO - Processing file /home/tasneemahmed24/.local/lib/python3.10/site-packages/airflow/example_dags/example_kubernetes_executor.py for tasks to queue
[2025-04-13T17:48:11.149+0300] {logging_mixin.py:190} INFO - [2025-04-13T17:48:11.148+0300] {dagbag.py:588} INFO - Filling up the DagBag from /home/tasneemahmed24/.local/lib/python3.10/site-packages/airflow/example_dags/example_kubernetes_executor.py
[2025-04-13T17:48:11.419+0300] {logging_mixin.py:190} INFO - [2025-04-13T17:48:11.412+0300] {example_kubernetes_executor.py:39} WARNING - The example_kubernetes_executor example DAG requires the kubernetes provider. Please install it with: pip install apache-airflow[cncf.kubernetes]
[2025-04-13T17:48:11.420+0300] {processor.py:927} WARNING - No viable dags retrieved from /home/tasneemahmed24/.local/lib/python3.10/site-packages/airflow/example_dags/example_kubernetes_executor.py
[2025-04-13T17:48:11.471+0300] {processor.py:208} INFO - Processing /home/tasneemahmed24/.local/lib/python3.10/site-packages/airflow/example_dags/example_kubernetes_executor.py took 0.383 seconds
[2025-04-13T17:49:41.717+0300] {processor.py:186} INFO - Started process (PID=43875) to work on /home/tasneemahmed24/.local/lib/python3.10/site-packages/airflow/example_dags/example_kubernetes_executor.py
[2025-04-13T17:49:41.719+0300] {processor.py:914} INFO - Processing file /home/tasneemahmed24/.local/lib/python3.10/site-packages/airflow/example_dags/example_kubernetes_executor.py for tasks to queue
[2025-04-13T17:49:41.721+0300] {logging_mixin.py:190} INFO - [2025-04-13T17:49:41.720+0300] {dagbag.py:588} INFO - Filling up the DagBag from /home/tasneemahmed24/.local/lib/python3.10/site-packages/airflow/example_dags/example_kubernetes_executor.py
[2025-04-13T17:49:41.725+0300] {logging_mixin.py:190} INFO - [2025-04-13T17:49:41.725+0300] {example_kubernetes_executor.py:39} WARNING - The example_kubernetes_executor example DAG requires the kubernetes provider. Please install it with: pip install apache-airflow[cncf.kubernetes]
[2025-04-13T17:49:41.725+0300] {processor.py:927} WARNING - No viable dags retrieved from /home/tasneemahmed24/.local/lib/python3.10/site-packages/airflow/example_dags/example_kubernetes_executor.py
[2025-04-13T17:49:41.736+0300] {processor.py:208} INFO - Processing /home/tasneemahmed24/.local/lib/python3.10/site-packages/airflow/example_dags/example_kubernetes_executor.py took 0.027 seconds
[2025-04-13T17:50:43.976+0300] {processor.py:186} INFO - Started process (PID=44171) to work on /home/tasneemahmed24/.local/lib/python3.10/site-packages/airflow/example_dags/example_kubernetes_executor.py
[2025-04-13T17:50:43.978+0300] {processor.py:914} INFO - Processing file /home/tasneemahmed24/.local/lib/python3.10/site-packages/airflow/example_dags/example_kubernetes_executor.py for tasks to queue
[2025-04-13T17:50:43.980+0300] {logging_mixin.py:190} INFO - [2025-04-13T17:50:43.980+0300] {dagbag.py:588} INFO - Filling up the DagBag from /home/tasneemahmed24/.local/lib/python3.10/site-packages/airflow/example_dags/example_kubernetes_executor.py
[2025-04-13T17:50:43.984+0300] {logging_mixin.py:190} INFO - [2025-04-13T17:50:43.984+0300] {example_kubernetes_executor.py:39} WARNING - The example_kubernetes_executor example DAG requires the kubernetes provider. Please install it with: pip install apache-airflow[cncf.kubernetes]
[2025-04-13T17:50:43.984+0300] {processor.py:927} WARNING - No viable dags retrieved from /home/tasneemahmed24/.local/lib/python3.10/site-packages/airflow/example_dags/example_kubernetes_executor.py
[2025-04-13T17:50:43.994+0300] {processor.py:208} INFO - Processing /home/tasneemahmed24/.local/lib/python3.10/site-packages/airflow/example_dags/example_kubernetes_executor.py took 0.024 seconds
[2025-04-13T17:51:51.281+0300] {processor.py:186} INFO - Started process (PID=44485) to work on /home/tasneemahmed24/.local/lib/python3.10/site-packages/airflow/example_dags/example_kubernetes_executor.py
[2025-04-13T17:51:51.290+0300] {processor.py:914} INFO - Processing file /home/tasneemahmed24/.local/lib/python3.10/site-packages/airflow/example_dags/example_kubernetes_executor.py for tasks to queue
[2025-04-13T17:51:51.292+0300] {logging_mixin.py:190} INFO - [2025-04-13T17:51:51.292+0300] {dagbag.py:588} INFO - Filling up the DagBag from /home/tasneemahmed24/.local/lib/python3.10/site-packages/airflow/example_dags/example_kubernetes_executor.py
[2025-04-13T17:51:51.296+0300] {logging_mixin.py:190} INFO - [2025-04-13T17:51:51.296+0300] {example_kubernetes_executor.py:39} WARNING - The example_kubernetes_executor example DAG requires the kubernetes provider. Please install it with: pip install apache-airflow[cncf.kubernetes]
[2025-04-13T17:51:51.296+0300] {processor.py:927} WARNING - No viable dags retrieved from /home/tasneemahmed24/.local/lib/python3.10/site-packages/airflow/example_dags/example_kubernetes_executor.py
[2025-04-13T17:51:51.306+0300] {processor.py:208} INFO - Processing /home/tasneemahmed24/.local/lib/python3.10/site-packages/airflow/example_dags/example_kubernetes_executor.py took 0.033 seconds
[2025-04-13T17:52:52.536+0300] {processor.py:186} INFO - Started process (PID=44777) to work on /home/tasneemahmed24/.local/lib/python3.10/site-packages/airflow/example_dags/example_kubernetes_executor.py
[2025-04-13T17:52:52.540+0300] {processor.py:914} INFO - Processing file /home/tasneemahmed24/.local/lib/python3.10/site-packages/airflow/example_dags/example_kubernetes_executor.py for tasks to queue
[2025-04-13T17:52:52.542+0300] {logging_mixin.py:190} INFO - [2025-04-13T17:52:52.542+0300] {dagbag.py:588} INFO - Filling up the DagBag from /home/tasneemahmed24/.local/lib/python3.10/site-packages/airflow/example_dags/example_kubernetes_executor.py
[2025-04-13T17:52:52.547+0300] {logging_mixin.py:190} INFO - [2025-04-13T17:52:52.547+0300] {example_kubernetes_executor.py:39} WARNING - The example_kubernetes_executor example DAG requires the kubernetes provider. Please install it with: pip install apache-airflow[cncf.kubernetes]
[2025-04-13T17:52:52.547+0300] {processor.py:927} WARNING - No viable dags retrieved from /home/tasneemahmed24/.local/lib/python3.10/site-packages/airflow/example_dags/example_kubernetes_executor.py
[2025-04-13T17:52:52.558+0300] {processor.py:208} INFO - Processing /home/tasneemahmed24/.local/lib/python3.10/site-packages/airflow/example_dags/example_kubernetes_executor.py took 0.029 seconds
[2025-04-13T17:53:56.880+0300] {processor.py:186} INFO - Started process (PID=45080) to work on /home/tasneemahmed24/.local/lib/python3.10/site-packages/airflow/example_dags/example_kubernetes_executor.py
[2025-04-13T17:53:56.882+0300] {processor.py:914} INFO - Processing file /home/tasneemahmed24/.local/lib/python3.10/site-packages/airflow/example_dags/example_kubernetes_executor.py for tasks to queue
[2025-04-13T17:53:56.886+0300] {logging_mixin.py:190} INFO - [2025-04-13T17:53:56.886+0300] {dagbag.py:588} INFO - Filling up the DagBag from /home/tasneemahmed24/.local/lib/python3.10/site-packages/airflow/example_dags/example_kubernetes_executor.py
[2025-04-13T17:53:56.892+0300] {logging_mixin.py:190} INFO - [2025-04-13T17:53:56.892+0300] {example_kubernetes_executor.py:39} WARNING - The example_kubernetes_executor example DAG requires the kubernetes provider. Please install it with: pip install apache-airflow[cncf.kubernetes]
[2025-04-13T17:53:56.892+0300] {processor.py:927} WARNING - No viable dags retrieved from /home/tasneemahmed24/.local/lib/python3.10/site-packages/airflow/example_dags/example_kubernetes_executor.py
[2025-04-13T17:53:56.906+0300] {processor.py:208} INFO - Processing /home/tasneemahmed24/.local/lib/python3.10/site-packages/airflow/example_dags/example_kubernetes_executor.py took 0.036 seconds
[2025-04-13T17:54:54.912+0300] {processor.py:186} INFO - Started process (PID=45353) to work on /home/tasneemahmed24/.local/lib/python3.10/site-packages/airflow/example_dags/example_kubernetes_executor.py
[2025-04-13T17:54:54.922+0300] {processor.py:914} INFO - Processing file /home/tasneemahmed24/.local/lib/python3.10/site-packages/airflow/example_dags/example_kubernetes_executor.py for tasks to queue
[2025-04-13T17:54:54.925+0300] {logging_mixin.py:190} INFO - [2025-04-13T17:54:54.924+0300] {dagbag.py:588} INFO - Filling up the DagBag from /home/tasneemahmed24/.local/lib/python3.10/site-packages/airflow/example_dags/example_kubernetes_executor.py
[2025-04-13T17:54:54.929+0300] {logging_mixin.py:190} INFO - [2025-04-13T17:54:54.928+0300] {example_kubernetes_executor.py:39} WARNING - The example_kubernetes_executor example DAG requires the kubernetes provider. Please install it with: pip install apache-airflow[cncf.kubernetes]
[2025-04-13T17:54:54.929+0300] {processor.py:927} WARNING - No viable dags retrieved from /home/tasneemahmed24/.local/lib/python3.10/site-packages/airflow/example_dags/example_kubernetes_executor.py
[2025-04-13T17:54:54.943+0300] {processor.py:208} INFO - Processing /home/tasneemahmed24/.local/lib/python3.10/site-packages/airflow/example_dags/example_kubernetes_executor.py took 0.040 seconds
[2025-04-13T17:55:52.128+0300] {processor.py:186} INFO - Started process (PID=45625) to work on /home/tasneemahmed24/.local/lib/python3.10/site-packages/airflow/example_dags/example_kubernetes_executor.py
[2025-04-13T17:55:52.130+0300] {processor.py:914} INFO - Processing file /home/tasneemahmed24/.local/lib/python3.10/site-packages/airflow/example_dags/example_kubernetes_executor.py for tasks to queue
[2025-04-13T17:55:52.132+0300] {logging_mixin.py:190} INFO - [2025-04-13T17:55:52.131+0300] {dagbag.py:588} INFO - Filling up the DagBag from /home/tasneemahmed24/.local/lib/python3.10/site-packages/airflow/example_dags/example_kubernetes_executor.py
[2025-04-13T17:55:52.136+0300] {logging_mixin.py:190} INFO - [2025-04-13T17:55:52.136+0300] {example_kubernetes_executor.py:39} WARNING - The example_kubernetes_executor example DAG requires the kubernetes provider. Please install it with: pip install apache-airflow[cncf.kubernetes]
[2025-04-13T17:55:52.136+0300] {processor.py:927} WARNING - No viable dags retrieved from /home/tasneemahmed24/.local/lib/python3.10/site-packages/airflow/example_dags/example_kubernetes_executor.py
[2025-04-13T17:55:52.148+0300] {processor.py:208} INFO - Processing /home/tasneemahmed24/.local/lib/python3.10/site-packages/airflow/example_dags/example_kubernetes_executor.py took 0.028 seconds
[2025-04-13T17:56:53.134+0300] {processor.py:186} INFO - Started process (PID=45910) to work on /home/tasneemahmed24/.local/lib/python3.10/site-packages/airflow/example_dags/example_kubernetes_executor.py
[2025-04-13T17:56:53.142+0300] {processor.py:914} INFO - Processing file /home/tasneemahmed24/.local/lib/python3.10/site-packages/airflow/example_dags/example_kubernetes_executor.py for tasks to queue
[2025-04-13T17:56:53.144+0300] {logging_mixin.py:190} INFO - [2025-04-13T17:56:53.144+0300] {dagbag.py:588} INFO - Filling up the DagBag from /home/tasneemahmed24/.local/lib/python3.10/site-packages/airflow/example_dags/example_kubernetes_executor.py
[2025-04-13T17:56:53.148+0300] {logging_mixin.py:190} INFO - [2025-04-13T17:56:53.148+0300] {example_kubernetes_executor.py:39} WARNING - The example_kubernetes_executor example DAG requires the kubernetes provider. Please install it with: pip install apache-airflow[cncf.kubernetes]
[2025-04-13T17:56:53.149+0300] {processor.py:927} WARNING - No viable dags retrieved from /home/tasneemahmed24/.local/lib/python3.10/site-packages/airflow/example_dags/example_kubernetes_executor.py
[2025-04-13T17:56:53.163+0300] {processor.py:208} INFO - Processing /home/tasneemahmed24/.local/lib/python3.10/site-packages/airflow/example_dags/example_kubernetes_executor.py took 0.035 seconds
[2025-04-13T17:57:47.986+0300] {processor.py:186} INFO - Started process (PID=46169) to work on /home/tasneemahmed24/.local/lib/python3.10/site-packages/airflow/example_dags/example_kubernetes_executor.py
[2025-04-13T17:57:47.995+0300] {processor.py:914} INFO - Processing file /home/tasneemahmed24/.local/lib/python3.10/site-packages/airflow/example_dags/example_kubernetes_executor.py for tasks to queue
[2025-04-13T17:57:47.997+0300] {logging_mixin.py:190} INFO - [2025-04-13T17:57:47.996+0300] {dagbag.py:588} INFO - Filling up the DagBag from /home/tasneemahmed24/.local/lib/python3.10/site-packages/airflow/example_dags/example_kubernetes_executor.py
[2025-04-13T17:57:48.000+0300] {logging_mixin.py:190} INFO - [2025-04-13T17:57:48.000+0300] {example_kubernetes_executor.py:39} WARNING - The example_kubernetes_executor example DAG requires the kubernetes provider. Please install it with: pip install apache-airflow[cncf.kubernetes]
[2025-04-13T17:57:48.000+0300] {processor.py:927} WARNING - No viable dags retrieved from /home/tasneemahmed24/.local/lib/python3.10/site-packages/airflow/example_dags/example_kubernetes_executor.py
[2025-04-13T17:57:48.010+0300] {processor.py:208} INFO - Processing /home/tasneemahmed24/.local/lib/python3.10/site-packages/airflow/example_dags/example_kubernetes_executor.py took 0.030 seconds
[2025-04-13T17:58:48.585+0300] {processor.py:186} INFO - Started process (PID=46453) to work on /home/tasneemahmed24/.local/lib/python3.10/site-packages/airflow/example_dags/example_kubernetes_executor.py
[2025-04-13T17:58:48.588+0300] {processor.py:914} INFO - Processing file /home/tasneemahmed24/.local/lib/python3.10/site-packages/airflow/example_dags/example_kubernetes_executor.py for tasks to queue
[2025-04-13T17:58:48.590+0300] {logging_mixin.py:190} INFO - [2025-04-13T17:58:48.590+0300] {dagbag.py:588} INFO - Filling up the DagBag from /home/tasneemahmed24/.local/lib/python3.10/site-packages/airflow/example_dags/example_kubernetes_executor.py
[2025-04-13T17:58:48.593+0300] {logging_mixin.py:190} INFO - [2025-04-13T17:58:48.593+0300] {example_kubernetes_executor.py:39} WARNING - The example_kubernetes_executor example DAG requires the kubernetes provider. Please install it with: pip install apache-airflow[cncf.kubernetes]
[2025-04-13T17:58:48.594+0300] {processor.py:927} WARNING - No viable dags retrieved from /home/tasneemahmed24/.local/lib/python3.10/site-packages/airflow/example_dags/example_kubernetes_executor.py
[2025-04-13T17:58:48.603+0300] {processor.py:208} INFO - Processing /home/tasneemahmed24/.local/lib/python3.10/site-packages/airflow/example_dags/example_kubernetes_executor.py took 0.024 seconds
[2025-04-13T17:59:43.955+0300] {processor.py:186} INFO - Started process (PID=46718) to work on /home/tasneemahmed24/.local/lib/python3.10/site-packages/airflow/example_dags/example_kubernetes_executor.py
[2025-04-13T17:59:43.964+0300] {processor.py:914} INFO - Processing file /home/tasneemahmed24/.local/lib/python3.10/site-packages/airflow/example_dags/example_kubernetes_executor.py for tasks to queue
[2025-04-13T17:59:43.966+0300] {logging_mixin.py:190} INFO - [2025-04-13T17:59:43.965+0300] {dagbag.py:588} INFO - Filling up the DagBag from /home/tasneemahmed24/.local/lib/python3.10/site-packages/airflow/example_dags/example_kubernetes_executor.py
[2025-04-13T17:59:43.969+0300] {logging_mixin.py:190} INFO - [2025-04-13T17:59:43.969+0300] {example_kubernetes_executor.py:39} WARNING - The example_kubernetes_executor example DAG requires the kubernetes provider. Please install it with: pip install apache-airflow[cncf.kubernetes]
[2025-04-13T17:59:43.969+0300] {processor.py:927} WARNING - No viable dags retrieved from /home/tasneemahmed24/.local/lib/python3.10/site-packages/airflow/example_dags/example_kubernetes_executor.py
[2025-04-13T17:59:43.979+0300] {processor.py:208} INFO - Processing /home/tasneemahmed24/.local/lib/python3.10/site-packages/airflow/example_dags/example_kubernetes_executor.py took 0.031 seconds
[2025-04-13T18:00:39.556+0300] {processor.py:186} INFO - Started process (PID=46983) to work on /home/tasneemahmed24/.local/lib/python3.10/site-packages/airflow/example_dags/example_kubernetes_executor.py
[2025-04-13T18:00:39.564+0300] {processor.py:914} INFO - Processing file /home/tasneemahmed24/.local/lib/python3.10/site-packages/airflow/example_dags/example_kubernetes_executor.py for tasks to queue
[2025-04-13T18:00:39.567+0300] {logging_mixin.py:190} INFO - [2025-04-13T18:00:39.566+0300] {dagbag.py:588} INFO - Filling up the DagBag from /home/tasneemahmed24/.local/lib/python3.10/site-packages/airflow/example_dags/example_kubernetes_executor.py
[2025-04-13T18:00:39.570+0300] {logging_mixin.py:190} INFO - [2025-04-13T18:00:39.569+0300] {example_kubernetes_executor.py:39} WARNING - The example_kubernetes_executor example DAG requires the kubernetes provider. Please install it with: pip install apache-airflow[cncf.kubernetes]
[2025-04-13T18:00:39.570+0300] {processor.py:927} WARNING - No viable dags retrieved from /home/tasneemahmed24/.local/lib/python3.10/site-packages/airflow/example_dags/example_kubernetes_executor.py
[2025-04-13T18:00:39.580+0300] {processor.py:208} INFO - Processing /home/tasneemahmed24/.local/lib/python3.10/site-packages/airflow/example_dags/example_kubernetes_executor.py took 0.030 seconds
[2025-04-13T18:01:34.399+0300] {processor.py:186} INFO - Started process (PID=47243) to work on /home/tasneemahmed24/.local/lib/python3.10/site-packages/airflow/example_dags/example_kubernetes_executor.py
[2025-04-13T18:01:34.402+0300] {processor.py:914} INFO - Processing file /home/tasneemahmed24/.local/lib/python3.10/site-packages/airflow/example_dags/example_kubernetes_executor.py for tasks to queue
[2025-04-13T18:01:34.406+0300] {logging_mixin.py:190} INFO - [2025-04-13T18:01:34.405+0300] {dagbag.py:588} INFO - Filling up the DagBag from /home/tasneemahmed24/.local/lib/python3.10/site-packages/airflow/example_dags/example_kubernetes_executor.py
[2025-04-13T18:01:34.411+0300] {logging_mixin.py:190} INFO - [2025-04-13T18:01:34.411+0300] {example_kubernetes_executor.py:39} WARNING - The example_kubernetes_executor example DAG requires the kubernetes provider. Please install it with: pip install apache-airflow[cncf.kubernetes]
[2025-04-13T18:01:34.411+0300] {processor.py:927} WARNING - No viable dags retrieved from /home/tasneemahmed24/.local/lib/python3.10/site-packages/airflow/example_dags/example_kubernetes_executor.py
[2025-04-13T18:01:34.423+0300] {processor.py:208} INFO - Processing /home/tasneemahmed24/.local/lib/python3.10/site-packages/airflow/example_dags/example_kubernetes_executor.py took 0.034 seconds
[2025-04-13T18:02:32.973+0300] {processor.py:186} INFO - Started process (PID=47518) to work on /home/tasneemahmed24/.local/lib/python3.10/site-packages/airflow/example_dags/example_kubernetes_executor.py
[2025-04-13T18:02:32.982+0300] {processor.py:914} INFO - Processing file /home/tasneemahmed24/.local/lib/python3.10/site-packages/airflow/example_dags/example_kubernetes_executor.py for tasks to queue
[2025-04-13T18:02:32.985+0300] {logging_mixin.py:190} INFO - [2025-04-13T18:02:32.985+0300] {dagbag.py:588} INFO - Filling up the DagBag from /home/tasneemahmed24/.local/lib/python3.10/site-packages/airflow/example_dags/example_kubernetes_executor.py
[2025-04-13T18:02:32.990+0300] {logging_mixin.py:190} INFO - [2025-04-13T18:02:32.989+0300] {example_kubernetes_executor.py:39} WARNING - The example_kubernetes_executor example DAG requires the kubernetes provider. Please install it with: pip install apache-airflow[cncf.kubernetes]
[2025-04-13T18:02:32.990+0300] {processor.py:927} WARNING - No viable dags retrieved from /home/tasneemahmed24/.local/lib/python3.10/site-packages/airflow/example_dags/example_kubernetes_executor.py
[2025-04-13T18:02:33.002+0300] {processor.py:208} INFO - Processing /home/tasneemahmed24/.local/lib/python3.10/site-packages/airflow/example_dags/example_kubernetes_executor.py took 0.039 seconds
[2025-04-13T18:03:27.985+0300] {processor.py:186} INFO - Started process (PID=47783) to work on /home/tasneemahmed24/.local/lib/python3.10/site-packages/airflow/example_dags/example_kubernetes_executor.py
[2025-04-13T18:03:27.988+0300] {processor.py:914} INFO - Processing file /home/tasneemahmed24/.local/lib/python3.10/site-packages/airflow/example_dags/example_kubernetes_executor.py for tasks to queue
[2025-04-13T18:03:27.990+0300] {logging_mixin.py:190} INFO - [2025-04-13T18:03:27.990+0300] {dagbag.py:588} INFO - Filling up the DagBag from /home/tasneemahmed24/.local/lib/python3.10/site-packages/airflow/example_dags/example_kubernetes_executor.py
[2025-04-13T18:03:27.993+0300] {logging_mixin.py:190} INFO - [2025-04-13T18:03:27.993+0300] {example_kubernetes_executor.py:39} WARNING - The example_kubernetes_executor example DAG requires the kubernetes provider. Please install it with: pip install apache-airflow[cncf.kubernetes]
[2025-04-13T18:03:27.994+0300] {processor.py:927} WARNING - No viable dags retrieved from /home/tasneemahmed24/.local/lib/python3.10/site-packages/airflow/example_dags/example_kubernetes_executor.py
[2025-04-13T18:03:28.003+0300] {processor.py:208} INFO - Processing /home/tasneemahmed24/.local/lib/python3.10/site-packages/airflow/example_dags/example_kubernetes_executor.py took 0.023 seconds
[2025-04-13T18:04:29.351+0300] {processor.py:186} INFO - Started process (PID=48072) to work on /home/tasneemahmed24/.local/lib/python3.10/site-packages/airflow/example_dags/example_kubernetes_executor.py
[2025-04-13T18:04:29.353+0300] {processor.py:914} INFO - Processing file /home/tasneemahmed24/.local/lib/python3.10/site-packages/airflow/example_dags/example_kubernetes_executor.py for tasks to queue
[2025-04-13T18:04:29.355+0300] {logging_mixin.py:190} INFO - [2025-04-13T18:04:29.355+0300] {dagbag.py:588} INFO - Filling up the DagBag from /home/tasneemahmed24/.local/lib/python3.10/site-packages/airflow/example_dags/example_kubernetes_executor.py
[2025-04-13T18:04:29.358+0300] {logging_mixin.py:190} INFO - [2025-04-13T18:04:29.358+0300] {example_kubernetes_executor.py:39} WARNING - The example_kubernetes_executor example DAG requires the kubernetes provider. Please install it with: pip install apache-airflow[cncf.kubernetes]
[2025-04-13T18:04:29.358+0300] {processor.py:927} WARNING - No viable dags retrieved from /home/tasneemahmed24/.local/lib/python3.10/site-packages/airflow/example_dags/example_kubernetes_executor.py
[2025-04-13T18:04:29.369+0300] {processor.py:208} INFO - Processing /home/tasneemahmed24/.local/lib/python3.10/site-packages/airflow/example_dags/example_kubernetes_executor.py took 0.024 seconds
[2025-04-13T18:05:30.537+0300] {processor.py:186} INFO - Started process (PID=48364) to work on /home/tasneemahmed24/.local/lib/python3.10/site-packages/airflow/example_dags/example_kubernetes_executor.py
[2025-04-13T18:05:30.539+0300] {processor.py:914} INFO - Processing file /home/tasneemahmed24/.local/lib/python3.10/site-packages/airflow/example_dags/example_kubernetes_executor.py for tasks to queue
[2025-04-13T18:05:30.541+0300] {logging_mixin.py:190} INFO - [2025-04-13T18:05:30.541+0300] {dagbag.py:588} INFO - Filling up the DagBag from /home/tasneemahmed24/.local/lib/python3.10/site-packages/airflow/example_dags/example_kubernetes_executor.py
[2025-04-13T18:05:30.545+0300] {logging_mixin.py:190} INFO - [2025-04-13T18:05:30.545+0300] {example_kubernetes_executor.py:39} WARNING - The example_kubernetes_executor example DAG requires the kubernetes provider. Please install it with: pip install apache-airflow[cncf.kubernetes]
[2025-04-13T18:05:30.545+0300] {processor.py:927} WARNING - No viable dags retrieved from /home/tasneemahmed24/.local/lib/python3.10/site-packages/airflow/example_dags/example_kubernetes_executor.py
[2025-04-13T18:05:30.556+0300] {processor.py:208} INFO - Processing /home/tasneemahmed24/.local/lib/python3.10/site-packages/airflow/example_dags/example_kubernetes_executor.py took 0.029 seconds
[2025-04-13T18:06:26.337+0300] {processor.py:186} INFO - Started process (PID=48629) to work on /home/tasneemahmed24/.local/lib/python3.10/site-packages/airflow/example_dags/example_kubernetes_executor.py
[2025-04-13T18:06:26.341+0300] {processor.py:914} INFO - Processing file /home/tasneemahmed24/.local/lib/python3.10/site-packages/airflow/example_dags/example_kubernetes_executor.py for tasks to queue
[2025-04-13T18:06:26.343+0300] {logging_mixin.py:190} INFO - [2025-04-13T18:06:26.343+0300] {dagbag.py:588} INFO - Filling up the DagBag from /home/tasneemahmed24/.local/lib/python3.10/site-packages/airflow/example_dags/example_kubernetes_executor.py
[2025-04-13T18:06:26.347+0300] {logging_mixin.py:190} INFO - [2025-04-13T18:06:26.346+0300] {example_kubernetes_executor.py:39} WARNING - The example_kubernetes_executor example DAG requires the kubernetes provider. Please install it with: pip install apache-airflow[cncf.kubernetes]
[2025-04-13T18:06:26.347+0300] {processor.py:927} WARNING - No viable dags retrieved from /home/tasneemahmed24/.local/lib/python3.10/site-packages/airflow/example_dags/example_kubernetes_executor.py
[2025-04-13T18:06:26.357+0300] {processor.py:208} INFO - Processing /home/tasneemahmed24/.local/lib/python3.10/site-packages/airflow/example_dags/example_kubernetes_executor.py took 0.026 seconds
[2025-04-13T18:07:22.482+0300] {processor.py:186} INFO - Started process (PID=48896) to work on /home/tasneemahmed24/.local/lib/python3.10/site-packages/airflow/example_dags/example_kubernetes_executor.py
[2025-04-13T18:07:22.493+0300] {processor.py:914} INFO - Processing file /home/tasneemahmed24/.local/lib/python3.10/site-packages/airflow/example_dags/example_kubernetes_executor.py for tasks to queue
[2025-04-13T18:07:22.495+0300] {logging_mixin.py:190} INFO - [2025-04-13T18:07:22.495+0300] {dagbag.py:588} INFO - Filling up the DagBag from /home/tasneemahmed24/.local/lib/python3.10/site-packages/airflow/example_dags/example_kubernetes_executor.py
[2025-04-13T18:07:22.500+0300] {logging_mixin.py:190} INFO - [2025-04-13T18:07:22.500+0300] {example_kubernetes_executor.py:39} WARNING - The example_kubernetes_executor example DAG requires the kubernetes provider. Please install it with: pip install apache-airflow[cncf.kubernetes]
[2025-04-13T18:07:22.501+0300] {processor.py:927} WARNING - No viable dags retrieved from /home/tasneemahmed24/.local/lib/python3.10/site-packages/airflow/example_dags/example_kubernetes_executor.py
[2025-04-13T18:07:22.515+0300] {processor.py:208} INFO - Processing /home/tasneemahmed24/.local/lib/python3.10/site-packages/airflow/example_dags/example_kubernetes_executor.py took 0.041 seconds
[2025-04-13T18:08:16.833+0300] {processor.py:186} INFO - Started process (PID=49155) to work on /home/tasneemahmed24/.local/lib/python3.10/site-packages/airflow/example_dags/example_kubernetes_executor.py
[2025-04-13T18:08:16.842+0300] {processor.py:914} INFO - Processing file /home/tasneemahmed24/.local/lib/python3.10/site-packages/airflow/example_dags/example_kubernetes_executor.py for tasks to queue
[2025-04-13T18:08:16.845+0300] {logging_mixin.py:190} INFO - [2025-04-13T18:08:16.845+0300] {dagbag.py:588} INFO - Filling up the DagBag from /home/tasneemahmed24/.local/lib/python3.10/site-packages/airflow/example_dags/example_kubernetes_executor.py
[2025-04-13T18:08:16.850+0300] {logging_mixin.py:190} INFO - [2025-04-13T18:08:16.850+0300] {example_kubernetes_executor.py:39} WARNING - The example_kubernetes_executor example DAG requires the kubernetes provider. Please install it with: pip install apache-airflow[cncf.kubernetes]
[2025-04-13T18:08:16.851+0300] {processor.py:927} WARNING - No viable dags retrieved from /home/tasneemahmed24/.local/lib/python3.10/site-packages/airflow/example_dags/example_kubernetes_executor.py
[2025-04-13T18:08:16.864+0300] {processor.py:208} INFO - Processing /home/tasneemahmed24/.local/lib/python3.10/site-packages/airflow/example_dags/example_kubernetes_executor.py took 0.037 seconds
[2025-04-13T18:09:12.101+0300] {processor.py:186} INFO - Started process (PID=49437) to work on /home/tasneemahmed24/.local/lib/python3.10/site-packages/airflow/example_dags/example_kubernetes_executor.py
[2025-04-13T18:09:12.102+0300] {processor.py:914} INFO - Processing file /home/tasneemahmed24/.local/lib/python3.10/site-packages/airflow/example_dags/example_kubernetes_executor.py for tasks to queue
[2025-04-13T18:09:12.105+0300] {logging_mixin.py:190} INFO - [2025-04-13T18:09:12.104+0300] {dagbag.py:588} INFO - Filling up the DagBag from /home/tasneemahmed24/.local/lib/python3.10/site-packages/airflow/example_dags/example_kubernetes_executor.py
[2025-04-13T18:09:12.112+0300] {logging_mixin.py:190} INFO - [2025-04-13T18:09:12.111+0300] {example_kubernetes_executor.py:39} WARNING - The example_kubernetes_executor example DAG requires the kubernetes provider. Please install it with: pip install apache-airflow[cncf.kubernetes]
[2025-04-13T18:09:12.113+0300] {processor.py:927} WARNING - No viable dags retrieved from /home/tasneemahmed24/.local/lib/python3.10/site-packages/airflow/example_dags/example_kubernetes_executor.py
[2025-04-13T18:09:12.133+0300] {processor.py:208} INFO - Processing /home/tasneemahmed24/.local/lib/python3.10/site-packages/airflow/example_dags/example_kubernetes_executor.py took 0.041 seconds
[2025-04-13T18:10:15.019+0300] {processor.py:186} INFO - Started process (PID=49735) to work on /home/tasneemahmed24/.local/lib/python3.10/site-packages/airflow/example_dags/example_kubernetes_executor.py
[2025-04-13T18:10:15.020+0300] {processor.py:914} INFO - Processing file /home/tasneemahmed24/.local/lib/python3.10/site-packages/airflow/example_dags/example_kubernetes_executor.py for tasks to queue
[2025-04-13T18:10:15.024+0300] {logging_mixin.py:190} INFO - [2025-04-13T18:10:15.023+0300] {dagbag.py:588} INFO - Filling up the DagBag from /home/tasneemahmed24/.local/lib/python3.10/site-packages/airflow/example_dags/example_kubernetes_executor.py
[2025-04-13T18:10:15.027+0300] {logging_mixin.py:190} INFO - [2025-04-13T18:10:15.027+0300] {example_kubernetes_executor.py:39} WARNING - The example_kubernetes_executor example DAG requires the kubernetes provider. Please install it with: pip install apache-airflow[cncf.kubernetes]
[2025-04-13T18:10:15.028+0300] {processor.py:927} WARNING - No viable dags retrieved from /home/tasneemahmed24/.local/lib/python3.10/site-packages/airflow/example_dags/example_kubernetes_executor.py
[2025-04-13T18:10:15.040+0300] {processor.py:208} INFO - Processing /home/tasneemahmed24/.local/lib/python3.10/site-packages/airflow/example_dags/example_kubernetes_executor.py took 0.030 seconds
[2025-04-13T18:11:14.182+0300] {processor.py:186} INFO - Started process (PID=50018) to work on /home/tasneemahmed24/.local/lib/python3.10/site-packages/airflow/example_dags/example_kubernetes_executor.py
[2025-04-13T18:11:14.183+0300] {processor.py:914} INFO - Processing file /home/tasneemahmed24/.local/lib/python3.10/site-packages/airflow/example_dags/example_kubernetes_executor.py for tasks to queue
[2025-04-13T18:11:14.186+0300] {logging_mixin.py:190} INFO - [2025-04-13T18:11:14.185+0300] {dagbag.py:588} INFO - Filling up the DagBag from /home/tasneemahmed24/.local/lib/python3.10/site-packages/airflow/example_dags/example_kubernetes_executor.py
[2025-04-13T18:11:14.189+0300] {logging_mixin.py:190} INFO - [2025-04-13T18:11:14.189+0300] {example_kubernetes_executor.py:39} WARNING - The example_kubernetes_executor example DAG requires the kubernetes provider. Please install it with: pip install apache-airflow[cncf.kubernetes]
[2025-04-13T18:11:14.190+0300] {processor.py:927} WARNING - No viable dags retrieved from /home/tasneemahmed24/.local/lib/python3.10/site-packages/airflow/example_dags/example_kubernetes_executor.py
[2025-04-13T18:11:14.202+0300] {processor.py:208} INFO - Processing /home/tasneemahmed24/.local/lib/python3.10/site-packages/airflow/example_dags/example_kubernetes_executor.py took 0.029 seconds
[2025-04-13T18:12:11.227+0300] {processor.py:186} INFO - Started process (PID=50348) to work on /home/tasneemahmed24/.local/lib/python3.10/site-packages/airflow/example_dags/example_kubernetes_executor.py
[2025-04-13T18:12:11.236+0300] {processor.py:914} INFO - Processing file /home/tasneemahmed24/.local/lib/python3.10/site-packages/airflow/example_dags/example_kubernetes_executor.py for tasks to queue
[2025-04-13T18:12:11.238+0300] {logging_mixin.py:190} INFO - [2025-04-13T18:12:11.237+0300] {dagbag.py:588} INFO - Filling up the DagBag from /home/tasneemahmed24/.local/lib/python3.10/site-packages/airflow/example_dags/example_kubernetes_executor.py
[2025-04-13T18:12:11.242+0300] {logging_mixin.py:190} INFO - [2025-04-13T18:12:11.242+0300] {example_kubernetes_executor.py:39} WARNING - The example_kubernetes_executor example DAG requires the kubernetes provider. Please install it with: pip install apache-airflow[cncf.kubernetes]
[2025-04-13T18:12:11.242+0300] {processor.py:927} WARNING - No viable dags retrieved from /home/tasneemahmed24/.local/lib/python3.10/site-packages/airflow/example_dags/example_kubernetes_executor.py
[2025-04-13T18:12:11.257+0300] {processor.py:208} INFO - Processing /home/tasneemahmed24/.local/lib/python3.10/site-packages/airflow/example_dags/example_kubernetes_executor.py took 0.036 seconds
[2025-04-13T18:13:07.023+0300] {processor.py:186} INFO - Started process (PID=50612) to work on /home/tasneemahmed24/.local/lib/python3.10/site-packages/airflow/example_dags/example_kubernetes_executor.py
[2025-04-13T18:13:07.032+0300] {processor.py:914} INFO - Processing file /home/tasneemahmed24/.local/lib/python3.10/site-packages/airflow/example_dags/example_kubernetes_executor.py for tasks to queue
[2025-04-13T18:13:07.034+0300] {logging_mixin.py:190} INFO - [2025-04-13T18:13:07.034+0300] {dagbag.py:588} INFO - Filling up the DagBag from /home/tasneemahmed24/.local/lib/python3.10/site-packages/airflow/example_dags/example_kubernetes_executor.py
[2025-04-13T18:13:07.038+0300] {logging_mixin.py:190} INFO - [2025-04-13T18:13:07.038+0300] {example_kubernetes_executor.py:39} WARNING - The example_kubernetes_executor example DAG requires the kubernetes provider. Please install it with: pip install apache-airflow[cncf.kubernetes]
[2025-04-13T18:13:07.038+0300] {processor.py:927} WARNING - No viable dags retrieved from /home/tasneemahmed24/.local/lib/python3.10/site-packages/airflow/example_dags/example_kubernetes_executor.py
[2025-04-13T18:13:07.050+0300] {processor.py:208} INFO - Processing /home/tasneemahmed24/.local/lib/python3.10/site-packages/airflow/example_dags/example_kubernetes_executor.py took 0.034 seconds
[2025-04-13T18:14:02.124+0300] {processor.py:186} INFO - Started process (PID=50884) to work on /home/tasneemahmed24/.local/lib/python3.10/site-packages/airflow/example_dags/example_kubernetes_executor.py
[2025-04-13T18:14:02.140+0300] {processor.py:914} INFO - Processing file /home/tasneemahmed24/.local/lib/python3.10/site-packages/airflow/example_dags/example_kubernetes_executor.py for tasks to queue
[2025-04-13T18:14:02.143+0300] {logging_mixin.py:190} INFO - [2025-04-13T18:14:02.142+0300] {dagbag.py:588} INFO - Filling up the DagBag from /home/tasneemahmed24/.local/lib/python3.10/site-packages/airflow/example_dags/example_kubernetes_executor.py
[2025-04-13T18:14:02.146+0300] {logging_mixin.py:190} INFO - [2025-04-13T18:14:02.146+0300] {example_kubernetes_executor.py:39} WARNING - The example_kubernetes_executor example DAG requires the kubernetes provider. Please install it with: pip install apache-airflow[cncf.kubernetes]
[2025-04-13T18:14:02.147+0300] {processor.py:927} WARNING - No viable dags retrieved from /home/tasneemahmed24/.local/lib/python3.10/site-packages/airflow/example_dags/example_kubernetes_executor.py
[2025-04-13T18:14:02.157+0300] {processor.py:208} INFO - Processing /home/tasneemahmed24/.local/lib/python3.10/site-packages/airflow/example_dags/example_kubernetes_executor.py took 0.041 seconds
[2025-04-13T18:14:59.715+0300] {processor.py:186} INFO - Started process (PID=51174) to work on /home/tasneemahmed24/.local/lib/python3.10/site-packages/airflow/example_dags/example_kubernetes_executor.py
[2025-04-13T18:14:59.724+0300] {processor.py:914} INFO - Processing file /home/tasneemahmed24/.local/lib/python3.10/site-packages/airflow/example_dags/example_kubernetes_executor.py for tasks to queue
[2025-04-13T18:14:59.727+0300] {logging_mixin.py:190} INFO - [2025-04-13T18:14:59.726+0300] {dagbag.py:588} INFO - Filling up the DagBag from /home/tasneemahmed24/.local/lib/python3.10/site-packages/airflow/example_dags/example_kubernetes_executor.py
[2025-04-13T18:14:59.730+0300] {logging_mixin.py:190} INFO - [2025-04-13T18:14:59.730+0300] {example_kubernetes_executor.py:39} WARNING - The example_kubernetes_executor example DAG requires the kubernetes provider. Please install it with: pip install apache-airflow[cncf.kubernetes]
[2025-04-13T18:14:59.731+0300] {processor.py:927} WARNING - No viable dags retrieved from /home/tasneemahmed24/.local/lib/python3.10/site-packages/airflow/example_dags/example_kubernetes_executor.py
[2025-04-13T18:14:59.740+0300] {processor.py:208} INFO - Processing /home/tasneemahmed24/.local/lib/python3.10/site-packages/airflow/example_dags/example_kubernetes_executor.py took 0.035 seconds
[2025-04-13T18:16:03.153+0300] {processor.py:186} INFO - Started process (PID=51478) to work on /home/tasneemahmed24/.local/lib/python3.10/site-packages/airflow/example_dags/example_kubernetes_executor.py
[2025-04-13T18:16:03.161+0300] {processor.py:914} INFO - Processing file /home/tasneemahmed24/.local/lib/python3.10/site-packages/airflow/example_dags/example_kubernetes_executor.py for tasks to queue
[2025-04-13T18:16:03.164+0300] {logging_mixin.py:190} INFO - [2025-04-13T18:16:03.163+0300] {dagbag.py:588} INFO - Filling up the DagBag from /home/tasneemahmed24/.local/lib/python3.10/site-packages/airflow/example_dags/example_kubernetes_executor.py
[2025-04-13T18:16:03.167+0300] {logging_mixin.py:190} INFO - [2025-04-13T18:16:03.167+0300] {example_kubernetes_executor.py:39} WARNING - The example_kubernetes_executor example DAG requires the kubernetes provider. Please install it with: pip install apache-airflow[cncf.kubernetes]
[2025-04-13T18:16:03.167+0300] {processor.py:927} WARNING - No viable dags retrieved from /home/tasneemahmed24/.local/lib/python3.10/site-packages/airflow/example_dags/example_kubernetes_executor.py
[2025-04-13T18:16:03.178+0300] {processor.py:208} INFO - Processing /home/tasneemahmed24/.local/lib/python3.10/site-packages/airflow/example_dags/example_kubernetes_executor.py took 0.033 seconds
[2025-04-13T18:17:06.629+0300] {processor.py:186} INFO - Started process (PID=51782) to work on /home/tasneemahmed24/.local/lib/python3.10/site-packages/airflow/example_dags/example_kubernetes_executor.py
[2025-04-13T18:17:06.637+0300] {processor.py:914} INFO - Processing file /home/tasneemahmed24/.local/lib/python3.10/site-packages/airflow/example_dags/example_kubernetes_executor.py for tasks to queue
[2025-04-13T18:17:06.640+0300] {logging_mixin.py:190} INFO - [2025-04-13T18:17:06.639+0300] {dagbag.py:588} INFO - Filling up the DagBag from /home/tasneemahmed24/.local/lib/python3.10/site-packages/airflow/example_dags/example_kubernetes_executor.py
[2025-04-13T18:17:06.645+0300] {logging_mixin.py:190} INFO - [2025-04-13T18:17:06.644+0300] {example_kubernetes_executor.py:39} WARNING - The example_kubernetes_executor example DAG requires the kubernetes provider. Please install it with: pip install apache-airflow[cncf.kubernetes]
[2025-04-13T18:17:06.645+0300] {processor.py:927} WARNING - No viable dags retrieved from /home/tasneemahmed24/.local/lib/python3.10/site-packages/airflow/example_dags/example_kubernetes_executor.py
[2025-04-13T18:17:06.657+0300] {processor.py:208} INFO - Processing /home/tasneemahmed24/.local/lib/python3.10/site-packages/airflow/example_dags/example_kubernetes_executor.py took 0.036 seconds
[2025-04-13T18:18:04.877+0300] {processor.py:186} INFO - Started process (PID=52056) to work on /home/tasneemahmed24/.local/lib/python3.10/site-packages/airflow/example_dags/example_kubernetes_executor.py
[2025-04-13T18:18:04.878+0300] {processor.py:914} INFO - Processing file /home/tasneemahmed24/.local/lib/python3.10/site-packages/airflow/example_dags/example_kubernetes_executor.py for tasks to queue
[2025-04-13T18:18:04.880+0300] {logging_mixin.py:190} INFO - [2025-04-13T18:18:04.880+0300] {dagbag.py:588} INFO - Filling up the DagBag from /home/tasneemahmed24/.local/lib/python3.10/site-packages/airflow/example_dags/example_kubernetes_executor.py
[2025-04-13T18:18:04.884+0300] {logging_mixin.py:190} INFO - [2025-04-13T18:18:04.883+0300] {example_kubernetes_executor.py:39} WARNING - The example_kubernetes_executor example DAG requires the kubernetes provider. Please install it with: pip install apache-airflow[cncf.kubernetes]
[2025-04-13T18:18:04.884+0300] {processor.py:927} WARNING - No viable dags retrieved from /home/tasneemahmed24/.local/lib/python3.10/site-packages/airflow/example_dags/example_kubernetes_executor.py
[2025-04-13T18:18:04.896+0300] {processor.py:208} INFO - Processing /home/tasneemahmed24/.local/lib/python3.10/site-packages/airflow/example_dags/example_kubernetes_executor.py took 0.025 seconds
[2025-04-13T18:19:03.749+0300] {processor.py:186} INFO - Started process (PID=52336) to work on /home/tasneemahmed24/.local/lib/python3.10/site-packages/airflow/example_dags/example_kubernetes_executor.py
[2025-04-13T18:19:03.758+0300] {processor.py:914} INFO - Processing file /home/tasneemahmed24/.local/lib/python3.10/site-packages/airflow/example_dags/example_kubernetes_executor.py for tasks to queue
[2025-04-13T18:19:03.761+0300] {logging_mixin.py:190} INFO - [2025-04-13T18:19:03.761+0300] {dagbag.py:588} INFO - Filling up the DagBag from /home/tasneemahmed24/.local/lib/python3.10/site-packages/airflow/example_dags/example_kubernetes_executor.py
[2025-04-13T18:19:03.765+0300] {logging_mixin.py:190} INFO - [2025-04-13T18:19:03.765+0300] {example_kubernetes_executor.py:39} WARNING - The example_kubernetes_executor example DAG requires the kubernetes provider. Please install it with: pip install apache-airflow[cncf.kubernetes]
[2025-04-13T18:19:03.765+0300] {processor.py:927} WARNING - No viable dags retrieved from /home/tasneemahmed24/.local/lib/python3.10/site-packages/airflow/example_dags/example_kubernetes_executor.py
[2025-04-13T18:19:03.778+0300] {processor.py:208} INFO - Processing /home/tasneemahmed24/.local/lib/python3.10/site-packages/airflow/example_dags/example_kubernetes_executor.py took 0.037 seconds
[2025-04-13T18:20:02.049+0300] {processor.py:186} INFO - Started process (PID=52613) to work on /home/tasneemahmed24/.local/lib/python3.10/site-packages/airflow/example_dags/example_kubernetes_executor.py
[2025-04-13T18:20:02.057+0300] {processor.py:914} INFO - Processing file /home/tasneemahmed24/.local/lib/python3.10/site-packages/airflow/example_dags/example_kubernetes_executor.py for tasks to queue
[2025-04-13T18:20:02.060+0300] {logging_mixin.py:190} INFO - [2025-04-13T18:20:02.059+0300] {dagbag.py:588} INFO - Filling up the DagBag from /home/tasneemahmed24/.local/lib/python3.10/site-packages/airflow/example_dags/example_kubernetes_executor.py
[2025-04-13T18:20:02.064+0300] {logging_mixin.py:190} INFO - [2025-04-13T18:20:02.063+0300] {example_kubernetes_executor.py:39} WARNING - The example_kubernetes_executor example DAG requires the kubernetes provider. Please install it with: pip install apache-airflow[cncf.kubernetes]
[2025-04-13T18:20:02.064+0300] {processor.py:927} WARNING - No viable dags retrieved from /home/tasneemahmed24/.local/lib/python3.10/site-packages/airflow/example_dags/example_kubernetes_executor.py
[2025-04-13T18:20:02.074+0300] {processor.py:208} INFO - Processing /home/tasneemahmed24/.local/lib/python3.10/site-packages/airflow/example_dags/example_kubernetes_executor.py took 0.032 seconds
[2025-04-13T18:21:03.153+0300] {processor.py:186} INFO - Started process (PID=52926) to work on /home/tasneemahmed24/.local/lib/python3.10/site-packages/airflow/example_dags/example_kubernetes_executor.py
[2025-04-13T18:21:03.155+0300] {processor.py:914} INFO - Processing file /home/tasneemahmed24/.local/lib/python3.10/site-packages/airflow/example_dags/example_kubernetes_executor.py for tasks to queue
[2025-04-13T18:21:03.158+0300] {logging_mixin.py:190} INFO - [2025-04-13T18:21:03.157+0300] {dagbag.py:588} INFO - Filling up the DagBag from /home/tasneemahmed24/.local/lib/python3.10/site-packages/airflow/example_dags/example_kubernetes_executor.py
[2025-04-13T18:21:03.163+0300] {logging_mixin.py:190} INFO - [2025-04-13T18:21:03.162+0300] {example_kubernetes_executor.py:39} WARNING - The example_kubernetes_executor example DAG requires the kubernetes provider. Please install it with: pip install apache-airflow[cncf.kubernetes]
[2025-04-13T18:21:03.163+0300] {processor.py:927} WARNING - No viable dags retrieved from /home/tasneemahmed24/.local/lib/python3.10/site-packages/airflow/example_dags/example_kubernetes_executor.py
[2025-04-13T18:21:03.181+0300] {processor.py:208} INFO - Processing /home/tasneemahmed24/.local/lib/python3.10/site-packages/airflow/example_dags/example_kubernetes_executor.py took 0.037 seconds
[2025-04-13T18:22:07.037+0300] {processor.py:186} INFO - Started process (PID=53262) to work on /home/tasneemahmed24/.local/lib/python3.10/site-packages/airflow/example_dags/example_kubernetes_executor.py
[2025-04-13T18:22:07.038+0300] {processor.py:914} INFO - Processing file /home/tasneemahmed24/.local/lib/python3.10/site-packages/airflow/example_dags/example_kubernetes_executor.py for tasks to queue
[2025-04-13T18:22:07.041+0300] {logging_mixin.py:190} INFO - [2025-04-13T18:22:07.040+0300] {dagbag.py:588} INFO - Filling up the DagBag from /home/tasneemahmed24/.local/lib/python3.10/site-packages/airflow/example_dags/example_kubernetes_executor.py
[2025-04-13T18:22:07.045+0300] {logging_mixin.py:190} INFO - [2025-04-13T18:22:07.044+0300] {example_kubernetes_executor.py:39} WARNING - The example_kubernetes_executor example DAG requires the kubernetes provider. Please install it with: pip install apache-airflow[cncf.kubernetes]
[2025-04-13T18:22:07.045+0300] {processor.py:927} WARNING - No viable dags retrieved from /home/tasneemahmed24/.local/lib/python3.10/site-packages/airflow/example_dags/example_kubernetes_executor.py
[2025-04-13T18:22:07.054+0300] {processor.py:208} INFO - Processing /home/tasneemahmed24/.local/lib/python3.10/site-packages/airflow/example_dags/example_kubernetes_executor.py took 0.025 seconds
[2025-04-13T18:23:04.510+0300] {processor.py:186} INFO - Started process (PID=53543) to work on /home/tasneemahmed24/.local/lib/python3.10/site-packages/airflow/example_dags/example_kubernetes_executor.py
[2025-04-13T18:23:04.518+0300] {processor.py:914} INFO - Processing file /home/tasneemahmed24/.local/lib/python3.10/site-packages/airflow/example_dags/example_kubernetes_executor.py for tasks to queue
[2025-04-13T18:23:04.521+0300] {logging_mixin.py:190} INFO - [2025-04-13T18:23:04.520+0300] {dagbag.py:588} INFO - Filling up the DagBag from /home/tasneemahmed24/.local/lib/python3.10/site-packages/airflow/example_dags/example_kubernetes_executor.py
[2025-04-13T18:23:04.526+0300] {logging_mixin.py:190} INFO - [2025-04-13T18:23:04.525+0300] {example_kubernetes_executor.py:39} WARNING - The example_kubernetes_executor example DAG requires the kubernetes provider. Please install it with: pip install apache-airflow[cncf.kubernetes]
[2025-04-13T18:23:04.526+0300] {processor.py:927} WARNING - No viable dags retrieved from /home/tasneemahmed24/.local/lib/python3.10/site-packages/airflow/example_dags/example_kubernetes_executor.py
[2025-04-13T18:23:04.543+0300] {processor.py:208} INFO - Processing /home/tasneemahmed24/.local/lib/python3.10/site-packages/airflow/example_dags/example_kubernetes_executor.py took 0.041 seconds
[2025-04-13T18:24:09.962+0300] {processor.py:186} INFO - Started process (PID=53861) to work on /home/tasneemahmed24/.local/lib/python3.10/site-packages/airflow/example_dags/example_kubernetes_executor.py
[2025-04-13T18:24:09.964+0300] {processor.py:914} INFO - Processing file /home/tasneemahmed24/.local/lib/python3.10/site-packages/airflow/example_dags/example_kubernetes_executor.py for tasks to queue
[2025-04-13T18:24:09.966+0300] {logging_mixin.py:190} INFO - [2025-04-13T18:24:09.965+0300] {dagbag.py:588} INFO - Filling up the DagBag from /home/tasneemahmed24/.local/lib/python3.10/site-packages/airflow/example_dags/example_kubernetes_executor.py
[2025-04-13T18:24:09.969+0300] {logging_mixin.py:190} INFO - [2025-04-13T18:24:09.969+0300] {example_kubernetes_executor.py:39} WARNING - The example_kubernetes_executor example DAG requires the kubernetes provider. Please install it with: pip install apache-airflow[cncf.kubernetes]
[2025-04-13T18:24:09.969+0300] {processor.py:927} WARNING - No viable dags retrieved from /home/tasneemahmed24/.local/lib/python3.10/site-packages/airflow/example_dags/example_kubernetes_executor.py
[2025-04-13T18:24:09.982+0300] {processor.py:208} INFO - Processing /home/tasneemahmed24/.local/lib/python3.10/site-packages/airflow/example_dags/example_kubernetes_executor.py took 0.026 seconds
[2025-04-13T18:25:13.815+0300] {processor.py:186} INFO - Started process (PID=54164) to work on /home/tasneemahmed24/.local/lib/python3.10/site-packages/airflow/example_dags/example_kubernetes_executor.py
[2025-04-13T18:25:13.817+0300] {processor.py:914} INFO - Processing file /home/tasneemahmed24/.local/lib/python3.10/site-packages/airflow/example_dags/example_kubernetes_executor.py for tasks to queue
[2025-04-13T18:25:13.820+0300] {logging_mixin.py:190} INFO - [2025-04-13T18:25:13.819+0300] {dagbag.py:588} INFO - Filling up the DagBag from /home/tasneemahmed24/.local/lib/python3.10/site-packages/airflow/example_dags/example_kubernetes_executor.py
[2025-04-13T18:25:13.824+0300] {logging_mixin.py:190} INFO - [2025-04-13T18:25:13.824+0300] {example_kubernetes_executor.py:39} WARNING - The example_kubernetes_executor example DAG requires the kubernetes provider. Please install it with: pip install apache-airflow[cncf.kubernetes]
[2025-04-13T18:25:13.825+0300] {processor.py:927} WARNING - No viable dags retrieved from /home/tasneemahmed24/.local/lib/python3.10/site-packages/airflow/example_dags/example_kubernetes_executor.py
[2025-04-13T18:25:13.838+0300] {processor.py:208} INFO - Processing /home/tasneemahmed24/.local/lib/python3.10/site-packages/airflow/example_dags/example_kubernetes_executor.py took 0.031 seconds
[2025-04-13T18:26:14.409+0300] {processor.py:186} INFO - Started process (PID=54458) to work on /home/tasneemahmed24/.local/lib/python3.10/site-packages/airflow/example_dags/example_kubernetes_executor.py
[2025-04-13T18:26:14.411+0300] {processor.py:914} INFO - Processing file /home/tasneemahmed24/.local/lib/python3.10/site-packages/airflow/example_dags/example_kubernetes_executor.py for tasks to queue
[2025-04-13T18:26:14.413+0300] {logging_mixin.py:190} INFO - [2025-04-13T18:26:14.412+0300] {dagbag.py:588} INFO - Filling up the DagBag from /home/tasneemahmed24/.local/lib/python3.10/site-packages/airflow/example_dags/example_kubernetes_executor.py
[2025-04-13T18:26:14.418+0300] {logging_mixin.py:190} INFO - [2025-04-13T18:26:14.417+0300] {example_kubernetes_executor.py:39} WARNING - The example_kubernetes_executor example DAG requires the kubernetes provider. Please install it with: pip install apache-airflow[cncf.kubernetes]
[2025-04-13T18:26:14.418+0300] {processor.py:927} WARNING - No viable dags retrieved from /home/tasneemahmed24/.local/lib/python3.10/site-packages/airflow/example_dags/example_kubernetes_executor.py
[2025-04-13T18:26:14.433+0300] {processor.py:208} INFO - Processing /home/tasneemahmed24/.local/lib/python3.10/site-packages/airflow/example_dags/example_kubernetes_executor.py took 0.031 seconds
[2025-04-13T18:27:16.530+0300] {processor.py:186} INFO - Started process (PID=54749) to work on /home/tasneemahmed24/.local/lib/python3.10/site-packages/airflow/example_dags/example_kubernetes_executor.py
[2025-04-13T18:27:16.539+0300] {processor.py:914} INFO - Processing file /home/tasneemahmed24/.local/lib/python3.10/site-packages/airflow/example_dags/example_kubernetes_executor.py for tasks to queue
[2025-04-13T18:27:16.541+0300] {logging_mixin.py:190} INFO - [2025-04-13T18:27:16.540+0300] {dagbag.py:588} INFO - Filling up the DagBag from /home/tasneemahmed24/.local/lib/python3.10/site-packages/airflow/example_dags/example_kubernetes_executor.py
[2025-04-13T18:27:16.545+0300] {logging_mixin.py:190} INFO - [2025-04-13T18:27:16.544+0300] {example_kubernetes_executor.py:39} WARNING - The example_kubernetes_executor example DAG requires the kubernetes provider. Please install it with: pip install apache-airflow[cncf.kubernetes]
[2025-04-13T18:27:16.545+0300] {processor.py:927} WARNING - No viable dags retrieved from /home/tasneemahmed24/.local/lib/python3.10/site-packages/airflow/example_dags/example_kubernetes_executor.py
[2025-04-13T18:27:16.555+0300] {processor.py:208} INFO - Processing /home/tasneemahmed24/.local/lib/python3.10/site-packages/airflow/example_dags/example_kubernetes_executor.py took 0.032 seconds
[2025-04-13T18:28:19.037+0300] {processor.py:186} INFO - Started process (PID=55048) to work on /home/tasneemahmed24/.local/lib/python3.10/site-packages/airflow/example_dags/example_kubernetes_executor.py
[2025-04-13T18:28:19.039+0300] {processor.py:914} INFO - Processing file /home/tasneemahmed24/.local/lib/python3.10/site-packages/airflow/example_dags/example_kubernetes_executor.py for tasks to queue
[2025-04-13T18:28:19.041+0300] {logging_mixin.py:190} INFO - [2025-04-13T18:28:19.041+0300] {dagbag.py:588} INFO - Filling up the DagBag from /home/tasneemahmed24/.local/lib/python3.10/site-packages/airflow/example_dags/example_kubernetes_executor.py
[2025-04-13T18:28:19.045+0300] {logging_mixin.py:190} INFO - [2025-04-13T18:28:19.045+0300] {example_kubernetes_executor.py:39} WARNING - The example_kubernetes_executor example DAG requires the kubernetes provider. Please install it with: pip install apache-airflow[cncf.kubernetes]
[2025-04-13T18:28:19.045+0300] {processor.py:927} WARNING - No viable dags retrieved from /home/tasneemahmed24/.local/lib/python3.10/site-packages/airflow/example_dags/example_kubernetes_executor.py
[2025-04-13T18:28:19.056+0300] {processor.py:208} INFO - Processing /home/tasneemahmed24/.local/lib/python3.10/site-packages/airflow/example_dags/example_kubernetes_executor.py took 0.027 seconds
