[2025-04-13T17:18:11.936+0300] {processor.py:186} INFO - Started process (PID=34648) to work on /home/tasneemahmed24/.local/lib/python3.10/site-packages/airflow/example_dags/example_branch_operator.py
[2025-04-13T17:18:11.936+0300] {processor.py:914} INFO - Processing file /home/tasneemahmed24/.local/lib/python3.10/site-packages/airflow/example_dags/example_branch_operator.py for tasks to queue
[2025-04-13T17:18:11.938+0300] {logging_mixin.py:190} INFO - [2025-04-13T17:18:11.938+0300] {dagbag.py:588} INFO - Filling up the DagBag from /home/tasneemahmed24/.local/lib/python3.10/site-packages/airflow/example_dags/example_branch_operator.py
[2025-04-13T17:18:12.080+0300] {processor.py:927} WARNING - No viable dags retrieved from /home/tasneemahmed24/.local/lib/python3.10/site-packages/airflow/example_dags/example_branch_operator.py
[2025-04-13T17:18:12.087+0300] {processor.py:208} INFO - Processing /home/tasneemahmed24/.local/lib/python3.10/site-packages/airflow/example_dags/example_branch_operator.py took 0.156 seconds
[2025-04-13T17:19:13.338+0300] {processor.py:186} INFO - Started process (PID=34936) to work on /home/tasneemahmed24/.local/lib/python3.10/site-packages/airflow/example_dags/example_branch_operator.py
[2025-04-13T17:19:13.341+0300] {processor.py:914} INFO - Processing file /home/tasneemahmed24/.local/lib/python3.10/site-packages/airflow/example_dags/example_branch_operator.py for tasks to queue
[2025-04-13T17:19:13.343+0300] {logging_mixin.py:190} INFO - [2025-04-13T17:19:13.343+0300] {dagbag.py:588} INFO - Filling up the DagBag from /home/tasneemahmed24/.local/lib/python3.10/site-packages/airflow/example_dags/example_branch_operator.py
[2025-04-13T17:19:13.549+0300] {processor.py:927} WARNING - No viable dags retrieved from /home/tasneemahmed24/.local/lib/python3.10/site-packages/airflow/example_dags/example_branch_operator.py
[2025-04-13T17:19:13.559+0300] {processor.py:208} INFO - Processing /home/tasneemahmed24/.local/lib/python3.10/site-packages/airflow/example_dags/example_branch_operator.py took 0.230 seconds
[2025-04-13T17:20:08.756+0300] {processor.py:186} INFO - Started process (PID=35201) to work on /home/tasneemahmed24/.local/lib/python3.10/site-packages/airflow/example_dags/example_branch_operator.py
[2025-04-13T17:20:08.758+0300] {processor.py:914} INFO - Processing file /home/tasneemahmed24/.local/lib/python3.10/site-packages/airflow/example_dags/example_branch_operator.py for tasks to queue
[2025-04-13T17:20:08.760+0300] {logging_mixin.py:190} INFO - [2025-04-13T17:20:08.760+0300] {dagbag.py:588} INFO - Filling up the DagBag from /home/tasneemahmed24/.local/lib/python3.10/site-packages/airflow/example_dags/example_branch_operator.py
[2025-04-13T17:20:08.947+0300] {processor.py:927} WARNING - No viable dags retrieved from /home/tasneemahmed24/.local/lib/python3.10/site-packages/airflow/example_dags/example_branch_operator.py
[2025-04-13T17:20:08.955+0300] {processor.py:208} INFO - Processing /home/tasneemahmed24/.local/lib/python3.10/site-packages/airflow/example_dags/example_branch_operator.py took 0.205 seconds
[2025-04-13T17:21:05.747+0300] {processor.py:186} INFO - Started process (PID=35467) to work on /home/tasneemahmed24/.local/lib/python3.10/site-packages/airflow/example_dags/example_branch_operator.py
[2025-04-13T17:21:05.748+0300] {processor.py:914} INFO - Processing file /home/tasneemahmed24/.local/lib/python3.10/site-packages/airflow/example_dags/example_branch_operator.py for tasks to queue
[2025-04-13T17:21:05.749+0300] {logging_mixin.py:190} INFO - [2025-04-13T17:21:05.749+0300] {dagbag.py:588} INFO - Filling up the DagBag from /home/tasneemahmed24/.local/lib/python3.10/site-packages/airflow/example_dags/example_branch_operator.py
[2025-04-13T17:21:05.857+0300] {processor.py:927} WARNING - No viable dags retrieved from /home/tasneemahmed24/.local/lib/python3.10/site-packages/airflow/example_dags/example_branch_operator.py
[2025-04-13T17:21:05.865+0300] {processor.py:208} INFO - Processing /home/tasneemahmed24/.local/lib/python3.10/site-packages/airflow/example_dags/example_branch_operator.py took 0.124 seconds
[2025-04-13T17:22:21.451+0300] {processor.py:186} INFO - Started process (PID=35824) to work on /home/tasneemahmed24/.local/lib/python3.10/site-packages/airflow/example_dags/example_branch_operator.py
[2025-04-13T17:22:21.453+0300] {processor.py:914} INFO - Processing file /home/tasneemahmed24/.local/lib/python3.10/site-packages/airflow/example_dags/example_branch_operator.py for tasks to queue
[2025-04-13T17:22:21.456+0300] {logging_mixin.py:190} INFO - [2025-04-13T17:22:21.455+0300] {dagbag.py:588} INFO - Filling up the DagBag from /home/tasneemahmed24/.local/lib/python3.10/site-packages/airflow/example_dags/example_branch_operator.py
[2025-04-13T17:22:21.577+0300] {processor.py:927} WARNING - No viable dags retrieved from /home/tasneemahmed24/.local/lib/python3.10/site-packages/airflow/example_dags/example_branch_operator.py
[2025-04-13T17:22:21.585+0300] {processor.py:208} INFO - Processing /home/tasneemahmed24/.local/lib/python3.10/site-packages/airflow/example_dags/example_branch_operator.py took 0.143 seconds
[2025-04-13T17:23:16.237+0300] {processor.py:186} INFO - Started process (PID=36082) to work on /home/tasneemahmed24/.local/lib/python3.10/site-packages/airflow/example_dags/example_branch_operator.py
[2025-04-13T17:23:16.240+0300] {processor.py:914} INFO - Processing file /home/tasneemahmed24/.local/lib/python3.10/site-packages/airflow/example_dags/example_branch_operator.py for tasks to queue
[2025-04-13T17:23:16.241+0300] {logging_mixin.py:190} INFO - [2025-04-13T17:23:16.241+0300] {dagbag.py:588} INFO - Filling up the DagBag from /home/tasneemahmed24/.local/lib/python3.10/site-packages/airflow/example_dags/example_branch_operator.py
[2025-04-13T17:23:16.567+0300] {processor.py:927} WARNING - No viable dags retrieved from /home/tasneemahmed24/.local/lib/python3.10/site-packages/airflow/example_dags/example_branch_operator.py
[2025-04-13T17:23:16.576+0300] {processor.py:208} INFO - Processing /home/tasneemahmed24/.local/lib/python3.10/site-packages/airflow/example_dags/example_branch_operator.py took 0.344 seconds
[2025-04-13T17:24:13.460+0300] {processor.py:186} INFO - Started process (PID=36352) to work on /home/tasneemahmed24/.local/lib/python3.10/site-packages/airflow/example_dags/example_branch_operator.py
[2025-04-13T17:24:13.462+0300] {processor.py:914} INFO - Processing file /home/tasneemahmed24/.local/lib/python3.10/site-packages/airflow/example_dags/example_branch_operator.py for tasks to queue
[2025-04-13T17:24:13.464+0300] {logging_mixin.py:190} INFO - [2025-04-13T17:24:13.463+0300] {dagbag.py:588} INFO - Filling up the DagBag from /home/tasneemahmed24/.local/lib/python3.10/site-packages/airflow/example_dags/example_branch_operator.py
[2025-04-13T17:24:13.585+0300] {processor.py:927} WARNING - No viable dags retrieved from /home/tasneemahmed24/.local/lib/python3.10/site-packages/airflow/example_dags/example_branch_operator.py
[2025-04-13T17:24:13.595+0300] {processor.py:208} INFO - Processing /home/tasneemahmed24/.local/lib/python3.10/site-packages/airflow/example_dags/example_branch_operator.py took 0.140 seconds
[2025-04-13T17:25:09.026+0300] {processor.py:186} INFO - Started process (PID=36617) to work on /home/tasneemahmed24/.local/lib/python3.10/site-packages/airflow/example_dags/example_branch_operator.py
[2025-04-13T17:25:09.030+0300] {processor.py:914} INFO - Processing file /home/tasneemahmed24/.local/lib/python3.10/site-packages/airflow/example_dags/example_branch_operator.py for tasks to queue
[2025-04-13T17:25:09.031+0300] {logging_mixin.py:190} INFO - [2025-04-13T17:25:09.031+0300] {dagbag.py:588} INFO - Filling up the DagBag from /home/tasneemahmed24/.local/lib/python3.10/site-packages/airflow/example_dags/example_branch_operator.py
[2025-04-13T17:25:09.183+0300] {processor.py:927} WARNING - No viable dags retrieved from /home/tasneemahmed24/.local/lib/python3.10/site-packages/airflow/example_dags/example_branch_operator.py
[2025-04-13T17:25:09.190+0300] {processor.py:208} INFO - Processing /home/tasneemahmed24/.local/lib/python3.10/site-packages/airflow/example_dags/example_branch_operator.py took 0.170 seconds
[2025-04-13T17:26:01.997+0300] {processor.py:186} INFO - Started process (PID=36875) to work on /home/tasneemahmed24/.local/lib/python3.10/site-packages/airflow/example_dags/example_branch_operator.py
[2025-04-13T17:26:02.000+0300] {processor.py:914} INFO - Processing file /home/tasneemahmed24/.local/lib/python3.10/site-packages/airflow/example_dags/example_branch_operator.py for tasks to queue
[2025-04-13T17:26:02.002+0300] {logging_mixin.py:190} INFO - [2025-04-13T17:26:02.001+0300] {dagbag.py:588} INFO - Filling up the DagBag from /home/tasneemahmed24/.local/lib/python3.10/site-packages/airflow/example_dags/example_branch_operator.py
[2025-04-13T17:26:02.165+0300] {processor.py:927} WARNING - No viable dags retrieved from /home/tasneemahmed24/.local/lib/python3.10/site-packages/airflow/example_dags/example_branch_operator.py
[2025-04-13T17:26:02.172+0300] {processor.py:208} INFO - Processing /home/tasneemahmed24/.local/lib/python3.10/site-packages/airflow/example_dags/example_branch_operator.py took 0.181 seconds
[2025-04-13T17:26:56.289+0300] {processor.py:186} INFO - Started process (PID=37135) to work on /home/tasneemahmed24/.local/lib/python3.10/site-packages/airflow/example_dags/example_branch_operator.py
[2025-04-13T17:26:56.293+0300] {processor.py:914} INFO - Processing file /home/tasneemahmed24/.local/lib/python3.10/site-packages/airflow/example_dags/example_branch_operator.py for tasks to queue
[2025-04-13T17:26:56.294+0300] {logging_mixin.py:190} INFO - [2025-04-13T17:26:56.294+0300] {dagbag.py:588} INFO - Filling up the DagBag from /home/tasneemahmed24/.local/lib/python3.10/site-packages/airflow/example_dags/example_branch_operator.py
[2025-04-13T17:26:56.421+0300] {processor.py:927} WARNING - No viable dags retrieved from /home/tasneemahmed24/.local/lib/python3.10/site-packages/airflow/example_dags/example_branch_operator.py
[2025-04-13T17:26:56.429+0300] {processor.py:208} INFO - Processing /home/tasneemahmed24/.local/lib/python3.10/site-packages/airflow/example_dags/example_branch_operator.py took 0.145 seconds
[2025-04-13T17:28:15.073+0300] {processor.py:186} INFO - Started process (PID=37512) to work on /home/tasneemahmed24/.local/lib/python3.10/site-packages/airflow/example_dags/example_branch_operator.py
[2025-04-13T17:28:15.074+0300] {processor.py:914} INFO - Processing file /home/tasneemahmed24/.local/lib/python3.10/site-packages/airflow/example_dags/example_branch_operator.py for tasks to queue
[2025-04-13T17:28:15.076+0300] {logging_mixin.py:190} INFO - [2025-04-13T17:28:15.075+0300] {dagbag.py:588} INFO - Filling up the DagBag from /home/tasneemahmed24/.local/lib/python3.10/site-packages/airflow/example_dags/example_branch_operator.py
[2025-04-13T17:28:15.359+0300] {processor.py:927} WARNING - No viable dags retrieved from /home/tasneemahmed24/.local/lib/python3.10/site-packages/airflow/example_dags/example_branch_operator.py
[2025-04-13T17:28:15.373+0300] {processor.py:208} INFO - Processing /home/tasneemahmed24/.local/lib/python3.10/site-packages/airflow/example_dags/example_branch_operator.py took 0.305 seconds
[2025-04-13T17:29:13.302+0300] {processor.py:186} INFO - Started process (PID=37786) to work on /home/tasneemahmed24/.local/lib/python3.10/site-packages/airflow/example_dags/example_branch_operator.py
[2025-04-13T17:29:13.305+0300] {processor.py:914} INFO - Processing file /home/tasneemahmed24/.local/lib/python3.10/site-packages/airflow/example_dags/example_branch_operator.py for tasks to queue
[2025-04-13T17:29:13.307+0300] {logging_mixin.py:190} INFO - [2025-04-13T17:29:13.307+0300] {dagbag.py:588} INFO - Filling up the DagBag from /home/tasneemahmed24/.local/lib/python3.10/site-packages/airflow/example_dags/example_branch_operator.py
[2025-04-13T17:29:13.475+0300] {processor.py:927} WARNING - No viable dags retrieved from /home/tasneemahmed24/.local/lib/python3.10/site-packages/airflow/example_dags/example_branch_operator.py
[2025-04-13T17:29:13.483+0300] {processor.py:208} INFO - Processing /home/tasneemahmed24/.local/lib/python3.10/site-packages/airflow/example_dags/example_branch_operator.py took 0.185 seconds
[2025-04-13T17:30:29.825+0300] {processor.py:186} INFO - Started process (PID=38149) to work on /home/tasneemahmed24/.local/lib/python3.10/site-packages/airflow/example_dags/example_branch_operator.py
[2025-04-13T17:30:29.828+0300] {processor.py:914} INFO - Processing file /home/tasneemahmed24/.local/lib/python3.10/site-packages/airflow/example_dags/example_branch_operator.py for tasks to queue
[2025-04-13T17:30:29.830+0300] {logging_mixin.py:190} INFO - [2025-04-13T17:30:29.830+0300] {dagbag.py:588} INFO - Filling up the DagBag from /home/tasneemahmed24/.local/lib/python3.10/site-packages/airflow/example_dags/example_branch_operator.py
[2025-04-13T17:30:30.045+0300] {processor.py:927} WARNING - No viable dags retrieved from /home/tasneemahmed24/.local/lib/python3.10/site-packages/airflow/example_dags/example_branch_operator.py
[2025-04-13T17:30:30.055+0300] {processor.py:208} INFO - Processing /home/tasneemahmed24/.local/lib/python3.10/site-packages/airflow/example_dags/example_branch_operator.py took 0.236 seconds
[2025-04-13T17:31:23.189+0300] {processor.py:186} INFO - Started process (PID=38404) to work on /home/tasneemahmed24/.local/lib/python3.10/site-packages/airflow/example_dags/example_branch_operator.py
[2025-04-13T17:31:23.191+0300] {processor.py:914} INFO - Processing file /home/tasneemahmed24/.local/lib/python3.10/site-packages/airflow/example_dags/example_branch_operator.py for tasks to queue
[2025-04-13T17:31:23.193+0300] {logging_mixin.py:190} INFO - [2025-04-13T17:31:23.193+0300] {dagbag.py:588} INFO - Filling up the DagBag from /home/tasneemahmed24/.local/lib/python3.10/site-packages/airflow/example_dags/example_branch_operator.py
[2025-04-13T17:31:23.288+0300] {processor.py:927} WARNING - No viable dags retrieved from /home/tasneemahmed24/.local/lib/python3.10/site-packages/airflow/example_dags/example_branch_operator.py
[2025-04-13T17:31:23.297+0300] {processor.py:208} INFO - Processing /home/tasneemahmed24/.local/lib/python3.10/site-packages/airflow/example_dags/example_branch_operator.py took 0.113 seconds
[2025-04-13T17:32:18.745+0300] {processor.py:186} INFO - Started process (PID=38667) to work on /home/tasneemahmed24/.local/lib/python3.10/site-packages/airflow/example_dags/example_branch_operator.py
[2025-04-13T17:32:18.747+0300] {processor.py:914} INFO - Processing file /home/tasneemahmed24/.local/lib/python3.10/site-packages/airflow/example_dags/example_branch_operator.py for tasks to queue
[2025-04-13T17:32:18.749+0300] {logging_mixin.py:190} INFO - [2025-04-13T17:32:18.749+0300] {dagbag.py:588} INFO - Filling up the DagBag from /home/tasneemahmed24/.local/lib/python3.10/site-packages/airflow/example_dags/example_branch_operator.py
[2025-04-13T17:32:18.841+0300] {processor.py:927} WARNING - No viable dags retrieved from /home/tasneemahmed24/.local/lib/python3.10/site-packages/airflow/example_dags/example_branch_operator.py
[2025-04-13T17:32:18.849+0300] {processor.py:208} INFO - Processing /home/tasneemahmed24/.local/lib/python3.10/site-packages/airflow/example_dags/example_branch_operator.py took 0.110 seconds
[2025-04-13T17:33:18.899+0300] {processor.py:186} INFO - Started process (PID=38968) to work on /home/tasneemahmed24/.local/lib/python3.10/site-packages/airflow/example_dags/example_branch_operator.py
[2025-04-13T17:33:18.902+0300] {processor.py:914} INFO - Processing file /home/tasneemahmed24/.local/lib/python3.10/site-packages/airflow/example_dags/example_branch_operator.py for tasks to queue
[2025-04-13T17:33:18.903+0300] {logging_mixin.py:190} INFO - [2025-04-13T17:33:18.903+0300] {dagbag.py:588} INFO - Filling up the DagBag from /home/tasneemahmed24/.local/lib/python3.10/site-packages/airflow/example_dags/example_branch_operator.py
[2025-04-13T17:33:19.140+0300] {processor.py:927} WARNING - No viable dags retrieved from /home/tasneemahmed24/.local/lib/python3.10/site-packages/airflow/example_dags/example_branch_operator.py
[2025-04-13T17:33:19.152+0300] {processor.py:208} INFO - Processing /home/tasneemahmed24/.local/lib/python3.10/site-packages/airflow/example_dags/example_branch_operator.py took 0.258 seconds
[2025-04-13T17:34:17.868+0300] {processor.py:186} INFO - Started process (PID=39262) to work on /home/tasneemahmed24/.local/lib/python3.10/site-packages/airflow/example_dags/example_branch_operator.py
[2025-04-13T17:34:17.870+0300] {processor.py:914} INFO - Processing file /home/tasneemahmed24/.local/lib/python3.10/site-packages/airflow/example_dags/example_branch_operator.py for tasks to queue
[2025-04-13T17:34:17.871+0300] {logging_mixin.py:190} INFO - [2025-04-13T17:34:17.871+0300] {dagbag.py:588} INFO - Filling up the DagBag from /home/tasneemahmed24/.local/lib/python3.10/site-packages/airflow/example_dags/example_branch_operator.py
[2025-04-13T17:34:18.247+0300] {processor.py:927} WARNING - No viable dags retrieved from /home/tasneemahmed24/.local/lib/python3.10/site-packages/airflow/example_dags/example_branch_operator.py
[2025-04-13T17:34:18.255+0300] {processor.py:208} INFO - Processing /home/tasneemahmed24/.local/lib/python3.10/site-packages/airflow/example_dags/example_branch_operator.py took 0.392 seconds
[2025-04-13T17:35:17.465+0300] {processor.py:186} INFO - Started process (PID=39557) to work on /home/tasneemahmed24/.local/lib/python3.10/site-packages/airflow/example_dags/example_branch_operator.py
[2025-04-13T17:35:17.467+0300] {processor.py:914} INFO - Processing file /home/tasneemahmed24/.local/lib/python3.10/site-packages/airflow/example_dags/example_branch_operator.py for tasks to queue
[2025-04-13T17:35:17.469+0300] {logging_mixin.py:190} INFO - [2025-04-13T17:35:17.469+0300] {dagbag.py:588} INFO - Filling up the DagBag from /home/tasneemahmed24/.local/lib/python3.10/site-packages/airflow/example_dags/example_branch_operator.py
[2025-04-13T17:35:17.692+0300] {processor.py:927} WARNING - No viable dags retrieved from /home/tasneemahmed24/.local/lib/python3.10/site-packages/airflow/example_dags/example_branch_operator.py
[2025-04-13T17:35:17.702+0300] {processor.py:208} INFO - Processing /home/tasneemahmed24/.local/lib/python3.10/site-packages/airflow/example_dags/example_branch_operator.py took 0.242 seconds
[2025-04-13T17:36:17.037+0300] {processor.py:186} INFO - Started process (PID=39860) to work on /home/tasneemahmed24/.local/lib/python3.10/site-packages/airflow/example_dags/example_branch_operator.py
[2025-04-13T17:36:17.039+0300] {processor.py:914} INFO - Processing file /home/tasneemahmed24/.local/lib/python3.10/site-packages/airflow/example_dags/example_branch_operator.py for tasks to queue
[2025-04-13T17:36:17.042+0300] {logging_mixin.py:190} INFO - [2025-04-13T17:36:17.041+0300] {dagbag.py:588} INFO - Filling up the DagBag from /home/tasneemahmed24/.local/lib/python3.10/site-packages/airflow/example_dags/example_branch_operator.py
[2025-04-13T17:36:17.308+0300] {processor.py:927} WARNING - No viable dags retrieved from /home/tasneemahmed24/.local/lib/python3.10/site-packages/airflow/example_dags/example_branch_operator.py
[2025-04-13T17:36:17.319+0300] {processor.py:208} INFO - Processing /home/tasneemahmed24/.local/lib/python3.10/site-packages/airflow/example_dags/example_branch_operator.py took 0.289 seconds
[2025-04-13T17:37:17.517+0300] {processor.py:186} INFO - Started process (PID=40161) to work on /home/tasneemahmed24/.local/lib/python3.10/site-packages/airflow/example_dags/example_branch_operator.py
[2025-04-13T17:37:17.520+0300] {processor.py:914} INFO - Processing file /home/tasneemahmed24/.local/lib/python3.10/site-packages/airflow/example_dags/example_branch_operator.py for tasks to queue
[2025-04-13T17:37:17.521+0300] {logging_mixin.py:190} INFO - [2025-04-13T17:37:17.521+0300] {dagbag.py:588} INFO - Filling up the DagBag from /home/tasneemahmed24/.local/lib/python3.10/site-packages/airflow/example_dags/example_branch_operator.py
[2025-04-13T17:37:17.719+0300] {processor.py:927} WARNING - No viable dags retrieved from /home/tasneemahmed24/.local/lib/python3.10/site-packages/airflow/example_dags/example_branch_operator.py
[2025-04-13T17:37:17.728+0300] {processor.py:208} INFO - Processing /home/tasneemahmed24/.local/lib/python3.10/site-packages/airflow/example_dags/example_branch_operator.py took 0.217 seconds
[2025-04-13T17:38:16.213+0300] {processor.py:186} INFO - Started process (PID=40455) to work on /home/tasneemahmed24/.local/lib/python3.10/site-packages/airflow/example_dags/example_branch_operator.py
[2025-04-13T17:38:16.215+0300] {processor.py:914} INFO - Processing file /home/tasneemahmed24/.local/lib/python3.10/site-packages/airflow/example_dags/example_branch_operator.py for tasks to queue
[2025-04-13T17:38:16.217+0300] {logging_mixin.py:190} INFO - [2025-04-13T17:38:16.216+0300] {dagbag.py:588} INFO - Filling up the DagBag from /home/tasneemahmed24/.local/lib/python3.10/site-packages/airflow/example_dags/example_branch_operator.py
[2025-04-13T17:38:16.412+0300] {processor.py:927} WARNING - No viable dags retrieved from /home/tasneemahmed24/.local/lib/python3.10/site-packages/airflow/example_dags/example_branch_operator.py
[2025-04-13T17:38:16.422+0300] {processor.py:208} INFO - Processing /home/tasneemahmed24/.local/lib/python3.10/site-packages/airflow/example_dags/example_branch_operator.py took 0.213 seconds
[2025-04-13T17:39:14.469+0300] {processor.py:186} INFO - Started process (PID=40738) to work on /home/tasneemahmed24/.local/lib/python3.10/site-packages/airflow/example_dags/example_branch_operator.py
[2025-04-13T17:39:14.471+0300] {processor.py:914} INFO - Processing file /home/tasneemahmed24/.local/lib/python3.10/site-packages/airflow/example_dags/example_branch_operator.py for tasks to queue
[2025-04-13T17:39:14.472+0300] {logging_mixin.py:190} INFO - [2025-04-13T17:39:14.472+0300] {dagbag.py:588} INFO - Filling up the DagBag from /home/tasneemahmed24/.local/lib/python3.10/site-packages/airflow/example_dags/example_branch_operator.py
[2025-04-13T17:39:14.640+0300] {processor.py:927} WARNING - No viable dags retrieved from /home/tasneemahmed24/.local/lib/python3.10/site-packages/airflow/example_dags/example_branch_operator.py
[2025-04-13T17:39:14.648+0300] {processor.py:208} INFO - Processing /home/tasneemahmed24/.local/lib/python3.10/site-packages/airflow/example_dags/example_branch_operator.py took 0.184 seconds
[2025-04-13T17:40:12.639+0300] {processor.py:186} INFO - Started process (PID=41014) to work on /home/tasneemahmed24/.local/lib/python3.10/site-packages/airflow/example_dags/example_branch_operator.py
[2025-04-13T17:40:12.642+0300] {processor.py:914} INFO - Processing file /home/tasneemahmed24/.local/lib/python3.10/site-packages/airflow/example_dags/example_branch_operator.py for tasks to queue
[2025-04-13T17:40:12.643+0300] {logging_mixin.py:190} INFO - [2025-04-13T17:40:12.643+0300] {dagbag.py:588} INFO - Filling up the DagBag from /home/tasneemahmed24/.local/lib/python3.10/site-packages/airflow/example_dags/example_branch_operator.py
[2025-04-13T17:40:12.774+0300] {processor.py:927} WARNING - No viable dags retrieved from /home/tasneemahmed24/.local/lib/python3.10/site-packages/airflow/example_dags/example_branch_operator.py
[2025-04-13T17:40:12.784+0300] {processor.py:208} INFO - Processing /home/tasneemahmed24/.local/lib/python3.10/site-packages/airflow/example_dags/example_branch_operator.py took 0.150 seconds
[2025-04-13T17:41:07.746+0300] {processor.py:186} INFO - Started process (PID=41298) to work on /home/tasneemahmed24/.local/lib/python3.10/site-packages/airflow/example_dags/example_branch_operator.py
[2025-04-13T17:41:07.750+0300] {processor.py:914} INFO - Processing file /home/tasneemahmed24/.local/lib/python3.10/site-packages/airflow/example_dags/example_branch_operator.py for tasks to queue
[2025-04-13T17:41:07.753+0300] {logging_mixin.py:190} INFO - [2025-04-13T17:41:07.752+0300] {dagbag.py:588} INFO - Filling up the DagBag from /home/tasneemahmed24/.local/lib/python3.10/site-packages/airflow/example_dags/example_branch_operator.py
[2025-04-13T17:41:07.892+0300] {processor.py:927} WARNING - No viable dags retrieved from /home/tasneemahmed24/.local/lib/python3.10/site-packages/airflow/example_dags/example_branch_operator.py
[2025-04-13T17:41:07.903+0300] {processor.py:208} INFO - Processing /home/tasneemahmed24/.local/lib/python3.10/site-packages/airflow/example_dags/example_branch_operator.py took 0.162 seconds
[2025-04-13T17:42:03.350+0300] {processor.py:186} INFO - Started process (PID=41578) to work on /home/tasneemahmed24/.local/lib/python3.10/site-packages/airflow/example_dags/example_branch_operator.py
[2025-04-13T17:42:03.352+0300] {processor.py:914} INFO - Processing file /home/tasneemahmed24/.local/lib/python3.10/site-packages/airflow/example_dags/example_branch_operator.py for tasks to queue
[2025-04-13T17:42:03.353+0300] {logging_mixin.py:190} INFO - [2025-04-13T17:42:03.353+0300] {dagbag.py:588} INFO - Filling up the DagBag from /home/tasneemahmed24/.local/lib/python3.10/site-packages/airflow/example_dags/example_branch_operator.py
[2025-04-13T17:42:03.597+0300] {processor.py:927} WARNING - No viable dags retrieved from /home/tasneemahmed24/.local/lib/python3.10/site-packages/airflow/example_dags/example_branch_operator.py
[2025-04-13T17:42:03.612+0300] {processor.py:208} INFO - Processing /home/tasneemahmed24/.local/lib/python3.10/site-packages/airflow/example_dags/example_branch_operator.py took 0.266 seconds
[2025-04-13T17:43:02.363+0300] {processor.py:186} INFO - Started process (PID=41892) to work on /home/tasneemahmed24/.local/lib/python3.10/site-packages/airflow/example_dags/example_branch_operator.py
[2025-04-13T17:43:02.365+0300] {processor.py:914} INFO - Processing file /home/tasneemahmed24/.local/lib/python3.10/site-packages/airflow/example_dags/example_branch_operator.py for tasks to queue
[2025-04-13T17:43:02.367+0300] {logging_mixin.py:190} INFO - [2025-04-13T17:43:02.366+0300] {dagbag.py:588} INFO - Filling up the DagBag from /home/tasneemahmed24/.local/lib/python3.10/site-packages/airflow/example_dags/example_branch_operator.py
[2025-04-13T17:43:02.557+0300] {processor.py:927} WARNING - No viable dags retrieved from /home/tasneemahmed24/.local/lib/python3.10/site-packages/airflow/example_dags/example_branch_operator.py
[2025-04-13T17:43:02.568+0300] {processor.py:208} INFO - Processing /home/tasneemahmed24/.local/lib/python3.10/site-packages/airflow/example_dags/example_branch_operator.py took 0.210 seconds
[2025-04-13T17:44:00.534+0300] {processor.py:186} INFO - Started process (PID=42165) to work on /home/tasneemahmed24/.local/lib/python3.10/site-packages/airflow/example_dags/example_branch_operator.py
[2025-04-13T17:44:00.535+0300] {processor.py:914} INFO - Processing file /home/tasneemahmed24/.local/lib/python3.10/site-packages/airflow/example_dags/example_branch_operator.py for tasks to queue
[2025-04-13T17:44:00.536+0300] {logging_mixin.py:190} INFO - [2025-04-13T17:44:00.536+0300] {dagbag.py:588} INFO - Filling up the DagBag from /home/tasneemahmed24/.local/lib/python3.10/site-packages/airflow/example_dags/example_branch_operator.py
[2025-04-13T17:44:00.660+0300] {processor.py:927} WARNING - No viable dags retrieved from /home/tasneemahmed24/.local/lib/python3.10/site-packages/airflow/example_dags/example_branch_operator.py
[2025-04-13T17:44:00.669+0300] {processor.py:208} INFO - Processing /home/tasneemahmed24/.local/lib/python3.10/site-packages/airflow/example_dags/example_branch_operator.py took 0.140 seconds
[2025-04-13T17:44:58.033+0300] {processor.py:186} INFO - Started process (PID=42444) to work on /home/tasneemahmed24/.local/lib/python3.10/site-packages/airflow/example_dags/example_branch_operator.py
[2025-04-13T17:44:58.035+0300] {processor.py:914} INFO - Processing file /home/tasneemahmed24/.local/lib/python3.10/site-packages/airflow/example_dags/example_branch_operator.py for tasks to queue
[2025-04-13T17:44:58.037+0300] {logging_mixin.py:190} INFO - [2025-04-13T17:44:58.037+0300] {dagbag.py:588} INFO - Filling up the DagBag from /home/tasneemahmed24/.local/lib/python3.10/site-packages/airflow/example_dags/example_branch_operator.py
[2025-04-13T17:44:58.200+0300] {processor.py:927} WARNING - No viable dags retrieved from /home/tasneemahmed24/.local/lib/python3.10/site-packages/airflow/example_dags/example_branch_operator.py
[2025-04-13T17:44:58.209+0300] {processor.py:208} INFO - Processing /home/tasneemahmed24/.local/lib/python3.10/site-packages/airflow/example_dags/example_branch_operator.py took 0.182 seconds
[2025-04-13T17:45:54.404+0300] {processor.py:186} INFO - Started process (PID=42801) to work on /home/tasneemahmed24/.local/lib/python3.10/site-packages/airflow/example_dags/example_branch_operator.py
[2025-04-13T17:45:54.422+0300] {processor.py:914} INFO - Processing file /home/tasneemahmed24/.local/lib/python3.10/site-packages/airflow/example_dags/example_branch_operator.py for tasks to queue
[2025-04-13T17:45:54.424+0300] {logging_mixin.py:190} INFO - [2025-04-13T17:45:54.423+0300] {dagbag.py:588} INFO - Filling up the DagBag from /home/tasneemahmed24/.local/lib/python3.10/site-packages/airflow/example_dags/example_branch_operator.py
[2025-04-13T17:45:54.635+0300] {processor.py:927} WARNING - No viable dags retrieved from /home/tasneemahmed24/.local/lib/python3.10/site-packages/airflow/example_dags/example_branch_operator.py
[2025-04-13T17:45:54.643+0300] {processor.py:208} INFO - Processing /home/tasneemahmed24/.local/lib/python3.10/site-packages/airflow/example_dags/example_branch_operator.py took 0.244 seconds
[2025-04-13T17:46:48.121+0300] {processor.py:186} INFO - Started process (PID=43099) to work on /home/tasneemahmed24/.local/lib/python3.10/site-packages/airflow/example_dags/example_branch_operator.py
[2025-04-13T17:46:48.123+0300] {processor.py:914} INFO - Processing file /home/tasneemahmed24/.local/lib/python3.10/site-packages/airflow/example_dags/example_branch_operator.py for tasks to queue
[2025-04-13T17:46:48.125+0300] {logging_mixin.py:190} INFO - [2025-04-13T17:46:48.124+0300] {dagbag.py:588} INFO - Filling up the DagBag from /home/tasneemahmed24/.local/lib/python3.10/site-packages/airflow/example_dags/example_branch_operator.py
[2025-04-13T17:46:48.171+0300] {processor.py:927} WARNING - No viable dags retrieved from /home/tasneemahmed24/.local/lib/python3.10/site-packages/airflow/example_dags/example_branch_operator.py
[2025-04-13T17:46:48.179+0300] {processor.py:208} INFO - Processing /home/tasneemahmed24/.local/lib/python3.10/site-packages/airflow/example_dags/example_branch_operator.py took 0.064 seconds
[2025-04-13T17:48:19.617+0300] {processor.py:186} INFO - Started process (PID=43497) to work on /home/tasneemahmed24/.local/lib/python3.10/site-packages/airflow/example_dags/example_branch_operator.py
[2025-04-13T17:48:19.637+0300] {processor.py:914} INFO - Processing file /home/tasneemahmed24/.local/lib/python3.10/site-packages/airflow/example_dags/example_branch_operator.py for tasks to queue
[2025-04-13T17:48:19.643+0300] {logging_mixin.py:190} INFO - [2025-04-13T17:48:19.641+0300] {dagbag.py:588} INFO - Filling up the DagBag from /home/tasneemahmed24/.local/lib/python3.10/site-packages/airflow/example_dags/example_branch_operator.py
[2025-04-13T17:48:20.007+0300] {processor.py:927} WARNING - No viable dags retrieved from /home/tasneemahmed24/.local/lib/python3.10/site-packages/airflow/example_dags/example_branch_operator.py
[2025-04-13T17:48:20.043+0300] {processor.py:208} INFO - Processing /home/tasneemahmed24/.local/lib/python3.10/site-packages/airflow/example_dags/example_branch_operator.py took 0.455 seconds
[2025-04-13T17:49:47.930+0300] {processor.py:186} INFO - Started process (PID=43904) to work on /home/tasneemahmed24/.local/lib/python3.10/site-packages/airflow/example_dags/example_branch_operator.py
[2025-04-13T17:49:47.932+0300] {processor.py:914} INFO - Processing file /home/tasneemahmed24/.local/lib/python3.10/site-packages/airflow/example_dags/example_branch_operator.py for tasks to queue
[2025-04-13T17:49:47.935+0300] {logging_mixin.py:190} INFO - [2025-04-13T17:49:47.934+0300] {dagbag.py:588} INFO - Filling up the DagBag from /home/tasneemahmed24/.local/lib/python3.10/site-packages/airflow/example_dags/example_branch_operator.py
[2025-04-13T17:49:48.039+0300] {processor.py:927} WARNING - No viable dags retrieved from /home/tasneemahmed24/.local/lib/python3.10/site-packages/airflow/example_dags/example_branch_operator.py
[2025-04-13T17:49:48.049+0300] {processor.py:208} INFO - Processing /home/tasneemahmed24/.local/lib/python3.10/site-packages/airflow/example_dags/example_branch_operator.py took 0.126 seconds
[2025-04-13T17:50:50.318+0300] {processor.py:186} INFO - Started process (PID=44199) to work on /home/tasneemahmed24/.local/lib/python3.10/site-packages/airflow/example_dags/example_branch_operator.py
[2025-04-13T17:50:50.335+0300] {processor.py:914} INFO - Processing file /home/tasneemahmed24/.local/lib/python3.10/site-packages/airflow/example_dags/example_branch_operator.py for tasks to queue
[2025-04-13T17:50:50.337+0300] {logging_mixin.py:190} INFO - [2025-04-13T17:50:50.337+0300] {dagbag.py:588} INFO - Filling up the DagBag from /home/tasneemahmed24/.local/lib/python3.10/site-packages/airflow/example_dags/example_branch_operator.py
[2025-04-13T17:50:50.503+0300] {processor.py:927} WARNING - No viable dags retrieved from /home/tasneemahmed24/.local/lib/python3.10/site-packages/airflow/example_dags/example_branch_operator.py
[2025-04-13T17:50:50.516+0300] {processor.py:208} INFO - Processing /home/tasneemahmed24/.local/lib/python3.10/site-packages/airflow/example_dags/example_branch_operator.py took 0.204 seconds
[2025-04-13T17:51:56.826+0300] {processor.py:186} INFO - Started process (PID=44511) to work on /home/tasneemahmed24/.local/lib/python3.10/site-packages/airflow/example_dags/example_branch_operator.py
[2025-04-13T17:51:56.827+0300] {processor.py:914} INFO - Processing file /home/tasneemahmed24/.local/lib/python3.10/site-packages/airflow/example_dags/example_branch_operator.py for tasks to queue
[2025-04-13T17:51:56.830+0300] {logging_mixin.py:190} INFO - [2025-04-13T17:51:56.829+0300] {dagbag.py:588} INFO - Filling up the DagBag from /home/tasneemahmed24/.local/lib/python3.10/site-packages/airflow/example_dags/example_branch_operator.py
[2025-04-13T17:51:56.942+0300] {processor.py:927} WARNING - No viable dags retrieved from /home/tasneemahmed24/.local/lib/python3.10/site-packages/airflow/example_dags/example_branch_operator.py
[2025-04-13T17:51:56.956+0300] {processor.py:208} INFO - Processing /home/tasneemahmed24/.local/lib/python3.10/site-packages/airflow/example_dags/example_branch_operator.py took 0.137 seconds
[2025-04-13T17:52:57.818+0300] {processor.py:186} INFO - Started process (PID=44802) to work on /home/tasneemahmed24/.local/lib/python3.10/site-packages/airflow/example_dags/example_branch_operator.py
[2025-04-13T17:52:57.826+0300] {processor.py:914} INFO - Processing file /home/tasneemahmed24/.local/lib/python3.10/site-packages/airflow/example_dags/example_branch_operator.py for tasks to queue
[2025-04-13T17:52:57.830+0300] {logging_mixin.py:190} INFO - [2025-04-13T17:52:57.830+0300] {dagbag.py:588} INFO - Filling up the DagBag from /home/tasneemahmed24/.local/lib/python3.10/site-packages/airflow/example_dags/example_branch_operator.py
[2025-04-13T17:52:57.938+0300] {processor.py:927} WARNING - No viable dags retrieved from /home/tasneemahmed24/.local/lib/python3.10/site-packages/airflow/example_dags/example_branch_operator.py
[2025-04-13T17:52:57.950+0300] {processor.py:208} INFO - Processing /home/tasneemahmed24/.local/lib/python3.10/site-packages/airflow/example_dags/example_branch_operator.py took 0.142 seconds
[2025-04-13T17:54:01.584+0300] {processor.py:186} INFO - Started process (PID=45102) to work on /home/tasneemahmed24/.local/lib/python3.10/site-packages/airflow/example_dags/example_branch_operator.py
[2025-04-13T17:54:01.594+0300] {processor.py:914} INFO - Processing file /home/tasneemahmed24/.local/lib/python3.10/site-packages/airflow/example_dags/example_branch_operator.py for tasks to queue
[2025-04-13T17:54:01.597+0300] {logging_mixin.py:190} INFO - [2025-04-13T17:54:01.597+0300] {dagbag.py:588} INFO - Filling up the DagBag from /home/tasneemahmed24/.local/lib/python3.10/site-packages/airflow/example_dags/example_branch_operator.py
[2025-04-13T17:54:01.669+0300] {processor.py:927} WARNING - No viable dags retrieved from /home/tasneemahmed24/.local/lib/python3.10/site-packages/airflow/example_dags/example_branch_operator.py
[2025-04-13T17:54:01.681+0300] {processor.py:208} INFO - Processing /home/tasneemahmed24/.local/lib/python3.10/site-packages/airflow/example_dags/example_branch_operator.py took 0.105 seconds
[2025-04-13T17:54:59.545+0300] {processor.py:186} INFO - Started process (PID=45376) to work on /home/tasneemahmed24/.local/lib/python3.10/site-packages/airflow/example_dags/example_branch_operator.py
[2025-04-13T17:54:59.548+0300] {processor.py:914} INFO - Processing file /home/tasneemahmed24/.local/lib/python3.10/site-packages/airflow/example_dags/example_branch_operator.py for tasks to queue
[2025-04-13T17:54:59.552+0300] {logging_mixin.py:190} INFO - [2025-04-13T17:54:59.551+0300] {dagbag.py:588} INFO - Filling up the DagBag from /home/tasneemahmed24/.local/lib/python3.10/site-packages/airflow/example_dags/example_branch_operator.py
[2025-04-13T17:54:59.739+0300] {processor.py:927} WARNING - No viable dags retrieved from /home/tasneemahmed24/.local/lib/python3.10/site-packages/airflow/example_dags/example_branch_operator.py
[2025-04-13T17:54:59.754+0300] {processor.py:208} INFO - Processing /home/tasneemahmed24/.local/lib/python3.10/site-packages/airflow/example_dags/example_branch_operator.py took 0.219 seconds
[2025-04-13T17:55:58.447+0300] {processor.py:186} INFO - Started process (PID=45653) to work on /home/tasneemahmed24/.local/lib/python3.10/site-packages/airflow/example_dags/example_branch_operator.py
[2025-04-13T17:55:58.457+0300] {processor.py:914} INFO - Processing file /home/tasneemahmed24/.local/lib/python3.10/site-packages/airflow/example_dags/example_branch_operator.py for tasks to queue
[2025-04-13T17:55:58.459+0300] {logging_mixin.py:190} INFO - [2025-04-13T17:55:58.458+0300] {dagbag.py:588} INFO - Filling up the DagBag from /home/tasneemahmed24/.local/lib/python3.10/site-packages/airflow/example_dags/example_branch_operator.py
[2025-04-13T17:55:58.611+0300] {processor.py:927} WARNING - No viable dags retrieved from /home/tasneemahmed24/.local/lib/python3.10/site-packages/airflow/example_dags/example_branch_operator.py
[2025-04-13T17:55:58.629+0300] {processor.py:208} INFO - Processing /home/tasneemahmed24/.local/lib/python3.10/site-packages/airflow/example_dags/example_branch_operator.py took 0.189 seconds
[2025-04-13T17:56:58.450+0300] {processor.py:186} INFO - Started process (PID=45935) to work on /home/tasneemahmed24/.local/lib/python3.10/site-packages/airflow/example_dags/example_branch_operator.py
[2025-04-13T17:56:58.459+0300] {processor.py:914} INFO - Processing file /home/tasneemahmed24/.local/lib/python3.10/site-packages/airflow/example_dags/example_branch_operator.py for tasks to queue
[2025-04-13T17:56:58.463+0300] {logging_mixin.py:190} INFO - [2025-04-13T17:56:58.462+0300] {dagbag.py:588} INFO - Filling up the DagBag from /home/tasneemahmed24/.local/lib/python3.10/site-packages/airflow/example_dags/example_branch_operator.py
[2025-04-13T17:56:58.620+0300] {processor.py:927} WARNING - No viable dags retrieved from /home/tasneemahmed24/.local/lib/python3.10/site-packages/airflow/example_dags/example_branch_operator.py
[2025-04-13T17:56:58.632+0300] {processor.py:208} INFO - Processing /home/tasneemahmed24/.local/lib/python3.10/site-packages/airflow/example_dags/example_branch_operator.py took 0.191 seconds
[2025-04-13T17:57:54.238+0300] {processor.py:186} INFO - Started process (PID=46198) to work on /home/tasneemahmed24/.local/lib/python3.10/site-packages/airflow/example_dags/example_branch_operator.py
[2025-04-13T17:57:54.240+0300] {processor.py:914} INFO - Processing file /home/tasneemahmed24/.local/lib/python3.10/site-packages/airflow/example_dags/example_branch_operator.py for tasks to queue
[2025-04-13T17:57:54.243+0300] {logging_mixin.py:190} INFO - [2025-04-13T17:57:54.242+0300] {dagbag.py:588} INFO - Filling up the DagBag from /home/tasneemahmed24/.local/lib/python3.10/site-packages/airflow/example_dags/example_branch_operator.py
[2025-04-13T17:57:54.369+0300] {processor.py:927} WARNING - No viable dags retrieved from /home/tasneemahmed24/.local/lib/python3.10/site-packages/airflow/example_dags/example_branch_operator.py
[2025-04-13T17:57:54.383+0300] {processor.py:208} INFO - Processing /home/tasneemahmed24/.local/lib/python3.10/site-packages/airflow/example_dags/example_branch_operator.py took 0.153 seconds
[2025-04-13T17:58:54.037+0300] {processor.py:186} INFO - Started process (PID=46479) to work on /home/tasneemahmed24/.local/lib/python3.10/site-packages/airflow/example_dags/example_branch_operator.py
[2025-04-13T17:58:54.039+0300] {processor.py:914} INFO - Processing file /home/tasneemahmed24/.local/lib/python3.10/site-packages/airflow/example_dags/example_branch_operator.py for tasks to queue
[2025-04-13T17:58:54.041+0300] {logging_mixin.py:190} INFO - [2025-04-13T17:58:54.041+0300] {dagbag.py:588} INFO - Filling up the DagBag from /home/tasneemahmed24/.local/lib/python3.10/site-packages/airflow/example_dags/example_branch_operator.py
[2025-04-13T17:58:54.175+0300] {processor.py:927} WARNING - No viable dags retrieved from /home/tasneemahmed24/.local/lib/python3.10/site-packages/airflow/example_dags/example_branch_operator.py
[2025-04-13T17:58:54.187+0300] {processor.py:208} INFO - Processing /home/tasneemahmed24/.local/lib/python3.10/site-packages/airflow/example_dags/example_branch_operator.py took 0.157 seconds
[2025-04-13T17:59:49.141+0300] {processor.py:186} INFO - Started process (PID=46743) to work on /home/tasneemahmed24/.local/lib/python3.10/site-packages/airflow/example_dags/example_branch_operator.py
[2025-04-13T17:59:49.149+0300] {processor.py:914} INFO - Processing file /home/tasneemahmed24/.local/lib/python3.10/site-packages/airflow/example_dags/example_branch_operator.py for tasks to queue
[2025-04-13T17:59:49.151+0300] {logging_mixin.py:190} INFO - [2025-04-13T17:59:49.151+0300] {dagbag.py:588} INFO - Filling up the DagBag from /home/tasneemahmed24/.local/lib/python3.10/site-packages/airflow/example_dags/example_branch_operator.py
[2025-04-13T17:59:49.216+0300] {processor.py:927} WARNING - No viable dags retrieved from /home/tasneemahmed24/.local/lib/python3.10/site-packages/airflow/example_dags/example_branch_operator.py
[2025-04-13T17:59:49.229+0300] {processor.py:208} INFO - Processing /home/tasneemahmed24/.local/lib/python3.10/site-packages/airflow/example_dags/example_branch_operator.py took 0.095 seconds
[2025-04-13T18:00:44.551+0300] {processor.py:186} INFO - Started process (PID=47007) to work on /home/tasneemahmed24/.local/lib/python3.10/site-packages/airflow/example_dags/example_branch_operator.py
[2025-04-13T18:00:44.560+0300] {processor.py:914} INFO - Processing file /home/tasneemahmed24/.local/lib/python3.10/site-packages/airflow/example_dags/example_branch_operator.py for tasks to queue
[2025-04-13T18:00:44.562+0300] {logging_mixin.py:190} INFO - [2025-04-13T18:00:44.561+0300] {dagbag.py:588} INFO - Filling up the DagBag from /home/tasneemahmed24/.local/lib/python3.10/site-packages/airflow/example_dags/example_branch_operator.py
[2025-04-13T18:00:44.712+0300] {processor.py:927} WARNING - No viable dags retrieved from /home/tasneemahmed24/.local/lib/python3.10/site-packages/airflow/example_dags/example_branch_operator.py
[2025-04-13T18:00:44.723+0300] {processor.py:208} INFO - Processing /home/tasneemahmed24/.local/lib/python3.10/site-packages/airflow/example_dags/example_branch_operator.py took 0.178 seconds
[2025-04-13T18:01:39.572+0300] {processor.py:186} INFO - Started process (PID=47268) to work on /home/tasneemahmed24/.local/lib/python3.10/site-packages/airflow/example_dags/example_branch_operator.py
[2025-04-13T18:01:39.583+0300] {processor.py:914} INFO - Processing file /home/tasneemahmed24/.local/lib/python3.10/site-packages/airflow/example_dags/example_branch_operator.py for tasks to queue
[2025-04-13T18:01:39.585+0300] {logging_mixin.py:190} INFO - [2025-04-13T18:01:39.585+0300] {dagbag.py:588} INFO - Filling up the DagBag from /home/tasneemahmed24/.local/lib/python3.10/site-packages/airflow/example_dags/example_branch_operator.py
[2025-04-13T18:01:39.726+0300] {processor.py:927} WARNING - No viable dags retrieved from /home/tasneemahmed24/.local/lib/python3.10/site-packages/airflow/example_dags/example_branch_operator.py
[2025-04-13T18:01:39.738+0300] {processor.py:208} INFO - Processing /home/tasneemahmed24/.local/lib/python3.10/site-packages/airflow/example_dags/example_branch_operator.py took 0.174 seconds
[2025-04-13T18:02:37.697+0300] {processor.py:186} INFO - Started process (PID=47541) to work on /home/tasneemahmed24/.local/lib/python3.10/site-packages/airflow/example_dags/example_branch_operator.py
[2025-04-13T18:02:37.705+0300] {processor.py:914} INFO - Processing file /home/tasneemahmed24/.local/lib/python3.10/site-packages/airflow/example_dags/example_branch_operator.py for tasks to queue
[2025-04-13T18:02:37.707+0300] {logging_mixin.py:190} INFO - [2025-04-13T18:02:37.706+0300] {dagbag.py:588} INFO - Filling up the DagBag from /home/tasneemahmed24/.local/lib/python3.10/site-packages/airflow/example_dags/example_branch_operator.py
[2025-04-13T18:02:37.766+0300] {processor.py:927} WARNING - No viable dags retrieved from /home/tasneemahmed24/.local/lib/python3.10/site-packages/airflow/example_dags/example_branch_operator.py
[2025-04-13T18:02:37.778+0300] {processor.py:208} INFO - Processing /home/tasneemahmed24/.local/lib/python3.10/site-packages/airflow/example_dags/example_branch_operator.py took 0.089 seconds
[2025-04-13T18:03:34.308+0300] {processor.py:186} INFO - Started process (PID=47812) to work on /home/tasneemahmed24/.local/lib/python3.10/site-packages/airflow/example_dags/example_branch_operator.py
[2025-04-13T18:03:34.317+0300] {processor.py:914} INFO - Processing file /home/tasneemahmed24/.local/lib/python3.10/site-packages/airflow/example_dags/example_branch_operator.py for tasks to queue
[2025-04-13T18:03:34.319+0300] {logging_mixin.py:190} INFO - [2025-04-13T18:03:34.318+0300] {dagbag.py:588} INFO - Filling up the DagBag from /home/tasneemahmed24/.local/lib/python3.10/site-packages/airflow/example_dags/example_branch_operator.py
[2025-04-13T18:03:34.465+0300] {processor.py:927} WARNING - No viable dags retrieved from /home/tasneemahmed24/.local/lib/python3.10/site-packages/airflow/example_dags/example_branch_operator.py
[2025-04-13T18:03:34.475+0300] {processor.py:208} INFO - Processing /home/tasneemahmed24/.local/lib/python3.10/site-packages/airflow/example_dags/example_branch_operator.py took 0.173 seconds
[2025-04-13T18:04:35.287+0300] {processor.py:186} INFO - Started process (PID=48101) to work on /home/tasneemahmed24/.local/lib/python3.10/site-packages/airflow/example_dags/example_branch_operator.py
[2025-04-13T18:04:35.288+0300] {processor.py:914} INFO - Processing file /home/tasneemahmed24/.local/lib/python3.10/site-packages/airflow/example_dags/example_branch_operator.py for tasks to queue
[2025-04-13T18:04:35.290+0300] {logging_mixin.py:190} INFO - [2025-04-13T18:04:35.290+0300] {dagbag.py:588} INFO - Filling up the DagBag from /home/tasneemahmed24/.local/lib/python3.10/site-packages/airflow/example_dags/example_branch_operator.py
[2025-04-13T18:04:35.399+0300] {processor.py:927} WARNING - No viable dags retrieved from /home/tasneemahmed24/.local/lib/python3.10/site-packages/airflow/example_dags/example_branch_operator.py
[2025-04-13T18:04:35.408+0300] {processor.py:208} INFO - Processing /home/tasneemahmed24/.local/lib/python3.10/site-packages/airflow/example_dags/example_branch_operator.py took 0.129 seconds
[2025-04-13T18:05:36.521+0300] {processor.py:186} INFO - Started process (PID=48391) to work on /home/tasneemahmed24/.local/lib/python3.10/site-packages/airflow/example_dags/example_branch_operator.py
[2025-04-13T18:05:36.533+0300] {processor.py:914} INFO - Processing file /home/tasneemahmed24/.local/lib/python3.10/site-packages/airflow/example_dags/example_branch_operator.py for tasks to queue
[2025-04-13T18:05:36.537+0300] {logging_mixin.py:190} INFO - [2025-04-13T18:05:36.536+0300] {dagbag.py:588} INFO - Filling up the DagBag from /home/tasneemahmed24/.local/lib/python3.10/site-packages/airflow/example_dags/example_branch_operator.py
[2025-04-13T18:05:36.704+0300] {processor.py:927} WARNING - No viable dags retrieved from /home/tasneemahmed24/.local/lib/python3.10/site-packages/airflow/example_dags/example_branch_operator.py
[2025-04-13T18:05:36.714+0300] {processor.py:208} INFO - Processing /home/tasneemahmed24/.local/lib/python3.10/site-packages/airflow/example_dags/example_branch_operator.py took 0.200 seconds
[2025-04-13T18:06:31.520+0300] {processor.py:186} INFO - Started process (PID=48653) to work on /home/tasneemahmed24/.local/lib/python3.10/site-packages/airflow/example_dags/example_branch_operator.py
[2025-04-13T18:06:31.528+0300] {processor.py:914} INFO - Processing file /home/tasneemahmed24/.local/lib/python3.10/site-packages/airflow/example_dags/example_branch_operator.py for tasks to queue
[2025-04-13T18:06:31.530+0300] {logging_mixin.py:190} INFO - [2025-04-13T18:06:31.530+0300] {dagbag.py:588} INFO - Filling up the DagBag from /home/tasneemahmed24/.local/lib/python3.10/site-packages/airflow/example_dags/example_branch_operator.py
[2025-04-13T18:06:31.687+0300] {processor.py:927} WARNING - No viable dags retrieved from /home/tasneemahmed24/.local/lib/python3.10/site-packages/airflow/example_dags/example_branch_operator.py
[2025-04-13T18:06:31.697+0300] {processor.py:208} INFO - Processing /home/tasneemahmed24/.local/lib/python3.10/site-packages/airflow/example_dags/example_branch_operator.py took 0.183 seconds
[2025-04-13T18:07:26.299+0300] {processor.py:186} INFO - Started process (PID=48915) to work on /home/tasneemahmed24/.local/lib/python3.10/site-packages/airflow/example_dags/example_branch_operator.py
[2025-04-13T18:07:26.308+0300] {processor.py:914} INFO - Processing file /home/tasneemahmed24/.local/lib/python3.10/site-packages/airflow/example_dags/example_branch_operator.py for tasks to queue
[2025-04-13T18:07:26.310+0300] {logging_mixin.py:190} INFO - [2025-04-13T18:07:26.310+0300] {dagbag.py:588} INFO - Filling up the DagBag from /home/tasneemahmed24/.local/lib/python3.10/site-packages/airflow/example_dags/example_branch_operator.py
[2025-04-13T18:07:26.443+0300] {processor.py:927} WARNING - No viable dags retrieved from /home/tasneemahmed24/.local/lib/python3.10/site-packages/airflow/example_dags/example_branch_operator.py
[2025-04-13T18:07:26.459+0300] {processor.py:208} INFO - Processing /home/tasneemahmed24/.local/lib/python3.10/site-packages/airflow/example_dags/example_branch_operator.py took 0.169 seconds
[2025-04-13T18:08:22.005+0300] {processor.py:186} INFO - Started process (PID=49180) to work on /home/tasneemahmed24/.local/lib/python3.10/site-packages/airflow/example_dags/example_branch_operator.py
[2025-04-13T18:08:22.008+0300] {processor.py:914} INFO - Processing file /home/tasneemahmed24/.local/lib/python3.10/site-packages/airflow/example_dags/example_branch_operator.py for tasks to queue
[2025-04-13T18:08:22.010+0300] {logging_mixin.py:190} INFO - [2025-04-13T18:08:22.009+0300] {dagbag.py:588} INFO - Filling up the DagBag from /home/tasneemahmed24/.local/lib/python3.10/site-packages/airflow/example_dags/example_branch_operator.py
[2025-04-13T18:08:22.062+0300] {processor.py:927} WARNING - No viable dags retrieved from /home/tasneemahmed24/.local/lib/python3.10/site-packages/airflow/example_dags/example_branch_operator.py
[2025-04-13T18:08:22.072+0300] {processor.py:208} INFO - Processing /home/tasneemahmed24/.local/lib/python3.10/site-packages/airflow/example_dags/example_branch_operator.py took 0.073 seconds
[2025-04-13T18:09:17.361+0300] {processor.py:186} INFO - Started process (PID=49462) to work on /home/tasneemahmed24/.local/lib/python3.10/site-packages/airflow/example_dags/example_branch_operator.py
[2025-04-13T18:09:17.362+0300] {processor.py:914} INFO - Processing file /home/tasneemahmed24/.local/lib/python3.10/site-packages/airflow/example_dags/example_branch_operator.py for tasks to queue
[2025-04-13T18:09:17.365+0300] {logging_mixin.py:190} INFO - [2025-04-13T18:09:17.364+0300] {dagbag.py:588} INFO - Filling up the DagBag from /home/tasneemahmed24/.local/lib/python3.10/site-packages/airflow/example_dags/example_branch_operator.py
[2025-04-13T18:09:17.488+0300] {processor.py:927} WARNING - No viable dags retrieved from /home/tasneemahmed24/.local/lib/python3.10/site-packages/airflow/example_dags/example_branch_operator.py
[2025-04-13T18:09:17.511+0300] {processor.py:208} INFO - Processing /home/tasneemahmed24/.local/lib/python3.10/site-packages/airflow/example_dags/example_branch_operator.py took 0.158 seconds
[2025-04-13T18:10:21.279+0300] {processor.py:186} INFO - Started process (PID=49764) to work on /home/tasneemahmed24/.local/lib/python3.10/site-packages/airflow/example_dags/example_branch_operator.py
[2025-04-13T18:10:21.282+0300] {processor.py:914} INFO - Processing file /home/tasneemahmed24/.local/lib/python3.10/site-packages/airflow/example_dags/example_branch_operator.py for tasks to queue
[2025-04-13T18:10:21.284+0300] {logging_mixin.py:190} INFO - [2025-04-13T18:10:21.284+0300] {dagbag.py:588} INFO - Filling up the DagBag from /home/tasneemahmed24/.local/lib/python3.10/site-packages/airflow/example_dags/example_branch_operator.py
[2025-04-13T18:10:21.339+0300] {processor.py:927} WARNING - No viable dags retrieved from /home/tasneemahmed24/.local/lib/python3.10/site-packages/airflow/example_dags/example_branch_operator.py
[2025-04-13T18:10:21.349+0300] {processor.py:208} INFO - Processing /home/tasneemahmed24/.local/lib/python3.10/site-packages/airflow/example_dags/example_branch_operator.py took 0.077 seconds
[2025-04-13T18:11:18.773+0300] {processor.py:186} INFO - Started process (PID=50041) to work on /home/tasneemahmed24/.local/lib/python3.10/site-packages/airflow/example_dags/example_branch_operator.py
[2025-04-13T18:11:18.776+0300] {processor.py:914} INFO - Processing file /home/tasneemahmed24/.local/lib/python3.10/site-packages/airflow/example_dags/example_branch_operator.py for tasks to queue
[2025-04-13T18:11:18.779+0300] {logging_mixin.py:190} INFO - [2025-04-13T18:11:18.778+0300] {dagbag.py:588} INFO - Filling up the DagBag from /home/tasneemahmed24/.local/lib/python3.10/site-packages/airflow/example_dags/example_branch_operator.py
[2025-04-13T18:11:18.955+0300] {processor.py:927} WARNING - No viable dags retrieved from /home/tasneemahmed24/.local/lib/python3.10/site-packages/airflow/example_dags/example_branch_operator.py
[2025-04-13T18:11:18.972+0300] {processor.py:208} INFO - Processing /home/tasneemahmed24/.local/lib/python3.10/site-packages/airflow/example_dags/example_branch_operator.py took 0.205 seconds
[2025-04-13T18:12:15.244+0300] {processor.py:186} INFO - Started process (PID=50368) to work on /home/tasneemahmed24/.local/lib/python3.10/site-packages/airflow/example_dags/example_branch_operator.py
[2025-04-13T18:12:15.246+0300] {processor.py:914} INFO - Processing file /home/tasneemahmed24/.local/lib/python3.10/site-packages/airflow/example_dags/example_branch_operator.py for tasks to queue
[2025-04-13T18:12:15.249+0300] {logging_mixin.py:190} INFO - [2025-04-13T18:12:15.249+0300] {dagbag.py:588} INFO - Filling up the DagBag from /home/tasneemahmed24/.local/lib/python3.10/site-packages/airflow/example_dags/example_branch_operator.py
[2025-04-13T18:12:15.385+0300] {processor.py:927} WARNING - No viable dags retrieved from /home/tasneemahmed24/.local/lib/python3.10/site-packages/airflow/example_dags/example_branch_operator.py
[2025-04-13T18:12:15.405+0300] {processor.py:208} INFO - Processing /home/tasneemahmed24/.local/lib/python3.10/site-packages/airflow/example_dags/example_branch_operator.py took 0.168 seconds
[2025-04-13T18:13:12.362+0300] {processor.py:186} INFO - Started process (PID=50637) to work on /home/tasneemahmed24/.local/lib/python3.10/site-packages/airflow/example_dags/example_branch_operator.py
[2025-04-13T18:13:12.370+0300] {processor.py:914} INFO - Processing file /home/tasneemahmed24/.local/lib/python3.10/site-packages/airflow/example_dags/example_branch_operator.py for tasks to queue
[2025-04-13T18:13:12.373+0300] {logging_mixin.py:190} INFO - [2025-04-13T18:13:12.372+0300] {dagbag.py:588} INFO - Filling up the DagBag from /home/tasneemahmed24/.local/lib/python3.10/site-packages/airflow/example_dags/example_branch_operator.py
[2025-04-13T18:13:12.527+0300] {processor.py:927} WARNING - No viable dags retrieved from /home/tasneemahmed24/.local/lib/python3.10/site-packages/airflow/example_dags/example_branch_operator.py
[2025-04-13T18:13:12.537+0300] {processor.py:208} INFO - Processing /home/tasneemahmed24/.local/lib/python3.10/site-packages/airflow/example_dags/example_branch_operator.py took 0.183 seconds
[2025-04-13T18:14:07.389+0300] {processor.py:186} INFO - Started process (PID=50909) to work on /home/tasneemahmed24/.local/lib/python3.10/site-packages/airflow/example_dags/example_branch_operator.py
[2025-04-13T18:14:07.398+0300] {processor.py:914} INFO - Processing file /home/tasneemahmed24/.local/lib/python3.10/site-packages/airflow/example_dags/example_branch_operator.py for tasks to queue
[2025-04-13T18:14:07.401+0300] {logging_mixin.py:190} INFO - [2025-04-13T18:14:07.400+0300] {dagbag.py:588} INFO - Filling up the DagBag from /home/tasneemahmed24/.local/lib/python3.10/site-packages/airflow/example_dags/example_branch_operator.py
[2025-04-13T18:14:07.575+0300] {processor.py:927} WARNING - No viable dags retrieved from /home/tasneemahmed24/.local/lib/python3.10/site-packages/airflow/example_dags/example_branch_operator.py
[2025-04-13T18:14:07.586+0300] {processor.py:208} INFO - Processing /home/tasneemahmed24/.local/lib/python3.10/site-packages/airflow/example_dags/example_branch_operator.py took 0.204 seconds
[2025-04-13T18:15:05.601+0300] {processor.py:186} INFO - Started process (PID=51201) to work on /home/tasneemahmed24/.local/lib/python3.10/site-packages/airflow/example_dags/example_branch_operator.py
[2025-04-13T18:15:05.607+0300] {processor.py:914} INFO - Processing file /home/tasneemahmed24/.local/lib/python3.10/site-packages/airflow/example_dags/example_branch_operator.py for tasks to queue
[2025-04-13T18:15:05.610+0300] {logging_mixin.py:190} INFO - [2025-04-13T18:15:05.609+0300] {dagbag.py:588} INFO - Filling up the DagBag from /home/tasneemahmed24/.local/lib/python3.10/site-packages/airflow/example_dags/example_branch_operator.py
[2025-04-13T18:15:05.747+0300] {processor.py:927} WARNING - No viable dags retrieved from /home/tasneemahmed24/.local/lib/python3.10/site-packages/airflow/example_dags/example_branch_operator.py
[2025-04-13T18:15:05.758+0300] {processor.py:208} INFO - Processing /home/tasneemahmed24/.local/lib/python3.10/site-packages/airflow/example_dags/example_branch_operator.py took 0.170 seconds
[2025-04-13T18:16:09.386+0300] {processor.py:186} INFO - Started process (PID=51506) to work on /home/tasneemahmed24/.local/lib/python3.10/site-packages/airflow/example_dags/example_branch_operator.py
[2025-04-13T18:16:09.388+0300] {processor.py:914} INFO - Processing file /home/tasneemahmed24/.local/lib/python3.10/site-packages/airflow/example_dags/example_branch_operator.py for tasks to queue
[2025-04-13T18:16:09.391+0300] {logging_mixin.py:190} INFO - [2025-04-13T18:16:09.390+0300] {dagbag.py:588} INFO - Filling up the DagBag from /home/tasneemahmed24/.local/lib/python3.10/site-packages/airflow/example_dags/example_branch_operator.py
[2025-04-13T18:16:09.600+0300] {processor.py:927} WARNING - No viable dags retrieved from /home/tasneemahmed24/.local/lib/python3.10/site-packages/airflow/example_dags/example_branch_operator.py
[2025-04-13T18:16:09.612+0300] {processor.py:208} INFO - Processing /home/tasneemahmed24/.local/lib/python3.10/site-packages/airflow/example_dags/example_branch_operator.py took 0.234 seconds
[2025-04-13T18:17:12.732+0300] {processor.py:186} INFO - Started process (PID=51810) to work on /home/tasneemahmed24/.local/lib/python3.10/site-packages/airflow/example_dags/example_branch_operator.py
[2025-04-13T18:17:12.740+0300] {processor.py:914} INFO - Processing file /home/tasneemahmed24/.local/lib/python3.10/site-packages/airflow/example_dags/example_branch_operator.py for tasks to queue
[2025-04-13T18:17:12.743+0300] {logging_mixin.py:190} INFO - [2025-04-13T18:17:12.743+0300] {dagbag.py:588} INFO - Filling up the DagBag from /home/tasneemahmed24/.local/lib/python3.10/site-packages/airflow/example_dags/example_branch_operator.py
[2025-04-13T18:17:12.897+0300] {processor.py:927} WARNING - No viable dags retrieved from /home/tasneemahmed24/.local/lib/python3.10/site-packages/airflow/example_dags/example_branch_operator.py
[2025-04-13T18:17:12.912+0300] {processor.py:208} INFO - Processing /home/tasneemahmed24/.local/lib/python3.10/site-packages/airflow/example_dags/example_branch_operator.py took 0.191 seconds
[2025-04-13T18:18:10.055+0300] {processor.py:186} INFO - Started process (PID=52080) to work on /home/tasneemahmed24/.local/lib/python3.10/site-packages/airflow/example_dags/example_branch_operator.py
[2025-04-13T18:18:10.057+0300] {processor.py:914} INFO - Processing file /home/tasneemahmed24/.local/lib/python3.10/site-packages/airflow/example_dags/example_branch_operator.py for tasks to queue
[2025-04-13T18:18:10.061+0300] {logging_mixin.py:190} INFO - [2025-04-13T18:18:10.060+0300] {dagbag.py:588} INFO - Filling up the DagBag from /home/tasneemahmed24/.local/lib/python3.10/site-packages/airflow/example_dags/example_branch_operator.py
[2025-04-13T18:18:10.202+0300] {processor.py:927} WARNING - No viable dags retrieved from /home/tasneemahmed24/.local/lib/python3.10/site-packages/airflow/example_dags/example_branch_operator.py
[2025-04-13T18:18:10.216+0300] {processor.py:208} INFO - Processing /home/tasneemahmed24/.local/lib/python3.10/site-packages/airflow/example_dags/example_branch_operator.py took 0.170 seconds
[2025-04-13T18:19:08.948+0300] {processor.py:186} INFO - Started process (PID=52361) to work on /home/tasneemahmed24/.local/lib/python3.10/site-packages/airflow/example_dags/example_branch_operator.py
[2025-04-13T18:19:08.950+0300] {processor.py:914} INFO - Processing file /home/tasneemahmed24/.local/lib/python3.10/site-packages/airflow/example_dags/example_branch_operator.py for tasks to queue
[2025-04-13T18:19:08.953+0300] {logging_mixin.py:190} INFO - [2025-04-13T18:19:08.953+0300] {dagbag.py:588} INFO - Filling up the DagBag from /home/tasneemahmed24/.local/lib/python3.10/site-packages/airflow/example_dags/example_branch_operator.py
[2025-04-13T18:19:09.088+0300] {processor.py:927} WARNING - No viable dags retrieved from /home/tasneemahmed24/.local/lib/python3.10/site-packages/airflow/example_dags/example_branch_operator.py
[2025-04-13T18:19:09.100+0300] {processor.py:208} INFO - Processing /home/tasneemahmed24/.local/lib/python3.10/site-packages/airflow/example_dags/example_branch_operator.py took 0.158 seconds
[2025-04-13T18:20:07.482+0300] {processor.py:186} INFO - Started process (PID=52638) to work on /home/tasneemahmed24/.local/lib/python3.10/site-packages/airflow/example_dags/example_branch_operator.py
[2025-04-13T18:20:07.491+0300] {processor.py:914} INFO - Processing file /home/tasneemahmed24/.local/lib/python3.10/site-packages/airflow/example_dags/example_branch_operator.py for tasks to queue
[2025-04-13T18:20:07.494+0300] {logging_mixin.py:190} INFO - [2025-04-13T18:20:07.493+0300] {dagbag.py:588} INFO - Filling up the DagBag from /home/tasneemahmed24/.local/lib/python3.10/site-packages/airflow/example_dags/example_branch_operator.py
[2025-04-13T18:20:07.663+0300] {processor.py:927} WARNING - No viable dags retrieved from /home/tasneemahmed24/.local/lib/python3.10/site-packages/airflow/example_dags/example_branch_operator.py
[2025-04-13T18:20:07.677+0300] {processor.py:208} INFO - Processing /home/tasneemahmed24/.local/lib/python3.10/site-packages/airflow/example_dags/example_branch_operator.py took 0.202 seconds
[2025-04-13T18:21:09.326+0300] {processor.py:186} INFO - Started process (PID=52958) to work on /home/tasneemahmed24/.local/lib/python3.10/site-packages/airflow/example_dags/example_branch_operator.py
[2025-04-13T18:21:09.327+0300] {processor.py:914} INFO - Processing file /home/tasneemahmed24/.local/lib/python3.10/site-packages/airflow/example_dags/example_branch_operator.py for tasks to queue
[2025-04-13T18:21:09.331+0300] {logging_mixin.py:190} INFO - [2025-04-13T18:21:09.330+0300] {dagbag.py:588} INFO - Filling up the DagBag from /home/tasneemahmed24/.local/lib/python3.10/site-packages/airflow/example_dags/example_branch_operator.py
[2025-04-13T18:21:09.464+0300] {processor.py:927} WARNING - No viable dags retrieved from /home/tasneemahmed24/.local/lib/python3.10/site-packages/airflow/example_dags/example_branch_operator.py
[2025-04-13T18:21:09.476+0300] {processor.py:208} INFO - Processing /home/tasneemahmed24/.local/lib/python3.10/site-packages/airflow/example_dags/example_branch_operator.py took 0.162 seconds
[2025-04-13T18:22:12.165+0300] {processor.py:186} INFO - Started process (PID=53286) to work on /home/tasneemahmed24/.local/lib/python3.10/site-packages/airflow/example_dags/example_branch_operator.py
[2025-04-13T18:22:12.168+0300] {processor.py:914} INFO - Processing file /home/tasneemahmed24/.local/lib/python3.10/site-packages/airflow/example_dags/example_branch_operator.py for tasks to queue
[2025-04-13T18:22:12.170+0300] {logging_mixin.py:190} INFO - [2025-04-13T18:22:12.170+0300] {dagbag.py:588} INFO - Filling up the DagBag from /home/tasneemahmed24/.local/lib/python3.10/site-packages/airflow/example_dags/example_branch_operator.py
[2025-04-13T18:22:12.223+0300] {processor.py:927} WARNING - No viable dags retrieved from /home/tasneemahmed24/.local/lib/python3.10/site-packages/airflow/example_dags/example_branch_operator.py
[2025-04-13T18:22:12.233+0300] {processor.py:208} INFO - Processing /home/tasneemahmed24/.local/lib/python3.10/site-packages/airflow/example_dags/example_branch_operator.py took 0.078 seconds
[2025-04-13T18:23:10.555+0300] {processor.py:186} INFO - Started process (PID=53571) to work on /home/tasneemahmed24/.local/lib/python3.10/site-packages/airflow/example_dags/example_branch_operator.py
[2025-04-13T18:23:10.563+0300] {processor.py:914} INFO - Processing file /home/tasneemahmed24/.local/lib/python3.10/site-packages/airflow/example_dags/example_branch_operator.py for tasks to queue
[2025-04-13T18:23:10.565+0300] {logging_mixin.py:190} INFO - [2025-04-13T18:23:10.565+0300] {dagbag.py:588} INFO - Filling up the DagBag from /home/tasneemahmed24/.local/lib/python3.10/site-packages/airflow/example_dags/example_branch_operator.py
[2025-04-13T18:23:10.741+0300] {processor.py:927} WARNING - No viable dags retrieved from /home/tasneemahmed24/.local/lib/python3.10/site-packages/airflow/example_dags/example_branch_operator.py
[2025-04-13T18:23:10.752+0300] {processor.py:208} INFO - Processing /home/tasneemahmed24/.local/lib/python3.10/site-packages/airflow/example_dags/example_branch_operator.py took 0.204 seconds
[2025-04-13T18:24:14.434+0300] {processor.py:186} INFO - Started process (PID=53883) to work on /home/tasneemahmed24/.local/lib/python3.10/site-packages/airflow/example_dags/example_branch_operator.py
[2025-04-13T18:24:14.436+0300] {processor.py:914} INFO - Processing file /home/tasneemahmed24/.local/lib/python3.10/site-packages/airflow/example_dags/example_branch_operator.py for tasks to queue
[2025-04-13T18:24:14.440+0300] {logging_mixin.py:190} INFO - [2025-04-13T18:24:14.439+0300] {dagbag.py:588} INFO - Filling up the DagBag from /home/tasneemahmed24/.local/lib/python3.10/site-packages/airflow/example_dags/example_branch_operator.py
[2025-04-13T18:24:14.544+0300] {processor.py:927} WARNING - No viable dags retrieved from /home/tasneemahmed24/.local/lib/python3.10/site-packages/airflow/example_dags/example_branch_operator.py
[2025-04-13T18:24:14.554+0300] {processor.py:208} INFO - Processing /home/tasneemahmed24/.local/lib/python3.10/site-packages/airflow/example_dags/example_branch_operator.py took 0.127 seconds
[2025-04-13T18:25:18.732+0300] {processor.py:186} INFO - Started process (PID=54188) to work on /home/tasneemahmed24/.local/lib/python3.10/site-packages/airflow/example_dags/example_branch_operator.py
[2025-04-13T18:25:18.741+0300] {processor.py:914} INFO - Processing file /home/tasneemahmed24/.local/lib/python3.10/site-packages/airflow/example_dags/example_branch_operator.py for tasks to queue
[2025-04-13T18:25:18.744+0300] {logging_mixin.py:190} INFO - [2025-04-13T18:25:18.743+0300] {dagbag.py:588} INFO - Filling up the DagBag from /home/tasneemahmed24/.local/lib/python3.10/site-packages/airflow/example_dags/example_branch_operator.py
[2025-04-13T18:25:18.873+0300] {processor.py:927} WARNING - No viable dags retrieved from /home/tasneemahmed24/.local/lib/python3.10/site-packages/airflow/example_dags/example_branch_operator.py
[2025-04-13T18:25:18.887+0300] {processor.py:208} INFO - Processing /home/tasneemahmed24/.local/lib/python3.10/site-packages/airflow/example_dags/example_branch_operator.py took 0.165 seconds
[2025-04-13T18:26:19.586+0300] {processor.py:186} INFO - Started process (PID=54482) to work on /home/tasneemahmed24/.local/lib/python3.10/site-packages/airflow/example_dags/example_branch_operator.py
[2025-04-13T18:26:19.588+0300] {processor.py:914} INFO - Processing file /home/tasneemahmed24/.local/lib/python3.10/site-packages/airflow/example_dags/example_branch_operator.py for tasks to queue
[2025-04-13T18:26:19.590+0300] {logging_mixin.py:190} INFO - [2025-04-13T18:26:19.590+0300] {dagbag.py:588} INFO - Filling up the DagBag from /home/tasneemahmed24/.local/lib/python3.10/site-packages/airflow/example_dags/example_branch_operator.py
[2025-04-13T18:26:19.709+0300] {processor.py:927} WARNING - No viable dags retrieved from /home/tasneemahmed24/.local/lib/python3.10/site-packages/airflow/example_dags/example_branch_operator.py
[2025-04-13T18:26:19.719+0300] {processor.py:208} INFO - Processing /home/tasneemahmed24/.local/lib/python3.10/site-packages/airflow/example_dags/example_branch_operator.py took 0.139 seconds
[2025-04-13T18:27:21.404+0300] {processor.py:186} INFO - Started process (PID=54773) to work on /home/tasneemahmed24/.local/lib/python3.10/site-packages/airflow/example_dags/example_branch_operator.py
[2025-04-13T18:27:21.412+0300] {processor.py:914} INFO - Processing file /home/tasneemahmed24/.local/lib/python3.10/site-packages/airflow/example_dags/example_branch_operator.py for tasks to queue
[2025-04-13T18:27:21.415+0300] {logging_mixin.py:190} INFO - [2025-04-13T18:27:21.414+0300] {dagbag.py:588} INFO - Filling up the DagBag from /home/tasneemahmed24/.local/lib/python3.10/site-packages/airflow/example_dags/example_branch_operator.py
[2025-04-13T18:27:21.552+0300] {processor.py:927} WARNING - No viable dags retrieved from /home/tasneemahmed24/.local/lib/python3.10/site-packages/airflow/example_dags/example_branch_operator.py
[2025-04-13T18:27:21.567+0300] {processor.py:208} INFO - Processing /home/tasneemahmed24/.local/lib/python3.10/site-packages/airflow/example_dags/example_branch_operator.py took 0.169 seconds
[2025-04-13T18:28:24.242+0300] {processor.py:186} INFO - Started process (PID=55073) to work on /home/tasneemahmed24/.local/lib/python3.10/site-packages/airflow/example_dags/example_branch_operator.py
[2025-04-13T18:28:24.245+0300] {processor.py:914} INFO - Processing file /home/tasneemahmed24/.local/lib/python3.10/site-packages/airflow/example_dags/example_branch_operator.py for tasks to queue
[2025-04-13T18:28:24.247+0300] {logging_mixin.py:190} INFO - [2025-04-13T18:28:24.247+0300] {dagbag.py:588} INFO - Filling up the DagBag from /home/tasneemahmed24/.local/lib/python3.10/site-packages/airflow/example_dags/example_branch_operator.py
[2025-04-13T18:28:24.371+0300] {processor.py:927} WARNING - No viable dags retrieved from /home/tasneemahmed24/.local/lib/python3.10/site-packages/airflow/example_dags/example_branch_operator.py
[2025-04-13T18:28:24.381+0300] {processor.py:208} INFO - Processing /home/tasneemahmed24/.local/lib/python3.10/site-packages/airflow/example_dags/example_branch_operator.py took 0.144 seconds
