[2025-04-13T17:18:24.633+0300] {processor.py:186} INFO - Started process (PID=34705) to work on /home/tasneemahmed24/.local/lib/python3.10/site-packages/airflow/example_dags/example_branch_python_dop_operator_3.py
[2025-04-13T17:18:24.633+0300] {processor.py:914} INFO - Processing file /home/tasneemahmed24/.local/lib/python3.10/site-packages/airflow/example_dags/example_branch_python_dop_operator_3.py for tasks to queue
[2025-04-13T17:18:24.635+0300] {logging_mixin.py:190} INFO - [2025-04-13T17:18:24.635+0300] {dagbag.py:588} INFO - Filling up the DagBag from /home/tasneemahmed24/.local/lib/python3.10/site-packages/airflow/example_dags/example_branch_python_dop_operator_3.py
[2025-04-13T17:18:24.644+0300] {processor.py:925} INFO - DAG(s) 'example_branch_dop_operator_v3' retrieved from /home/tasneemahmed24/.local/lib/python3.10/site-packages/airflow/example_dags/example_branch_python_dop_operator_3.py
[2025-04-13T17:18:24.713+0300] {logging_mixin.py:190} INFO - [2025-04-13T17:18:24.713+0300] {override.py:1901} INFO - Created Permission View: can read on DAG:example_branch_dop_operator_v3
[2025-04-13T17:18:24.726+0300] {logging_mixin.py:190} INFO - [2025-04-13T17:18:24.726+0300] {override.py:1901} INFO - Created Permission View: can edit on DAG:example_branch_dop_operator_v3
[2025-04-13T17:18:24.736+0300] {logging_mixin.py:190} INFO - [2025-04-13T17:18:24.736+0300] {override.py:1901} INFO - Created Permission View: can delete on DAG:example_branch_dop_operator_v3
[2025-04-13T17:18:24.752+0300] {logging_mixin.py:190} INFO - [2025-04-13T17:18:24.752+0300] {override.py:1901} INFO - Created Permission View: can read on DAG Run:example_branch_dop_operator_v3
[2025-04-13T17:18:24.764+0300] {logging_mixin.py:190} INFO - [2025-04-13T17:18:24.764+0300] {override.py:1901} INFO - Created Permission View: can create on DAG Run:example_branch_dop_operator_v3
[2025-04-13T17:18:24.774+0300] {logging_mixin.py:190} INFO - [2025-04-13T17:18:24.774+0300] {override.py:1901} INFO - Created Permission View: menu access on DAG Run:example_branch_dop_operator_v3
[2025-04-13T17:18:24.783+0300] {logging_mixin.py:190} INFO - [2025-04-13T17:18:24.782+0300] {override.py:1901} INFO - Created Permission View: can delete on DAG Run:example_branch_dop_operator_v3
[2025-04-13T17:18:24.783+0300] {logging_mixin.py:190} INFO - [2025-04-13T17:18:24.783+0300] {dag.py:3239} INFO - Sync 1 DAGs
[2025-04-13T17:18:24.794+0300] {logging_mixin.py:190} INFO - [2025-04-13T17:18:24.793+0300] {dag.py:3262} INFO - Creating ORM DAG for example_branch_dop_operator_v3
[2025-04-13T17:18:24.801+0300] {logging_mixin.py:190} INFO - [2025-04-13T17:18:24.801+0300] {dag.py:4180} INFO - Setting next_dagrun for example_branch_dop_operator_v3 to 2025-04-13 14:17:00+00:00, run_after=2025-04-13 14:18:00+00:00
[2025-04-13T17:18:24.816+0300] {processor.py:208} INFO - Processing /home/tasneemahmed24/.local/lib/python3.10/site-packages/airflow/example_dags/example_branch_python_dop_operator_3.py took 0.188 seconds
[2025-04-13T17:19:23.842+0300] {processor.py:186} INFO - Started process (PID=34988) to work on /home/tasneemahmed24/.local/lib/python3.10/site-packages/airflow/example_dags/example_branch_python_dop_operator_3.py
[2025-04-13T17:19:23.844+0300] {processor.py:914} INFO - Processing file /home/tasneemahmed24/.local/lib/python3.10/site-packages/airflow/example_dags/example_branch_python_dop_operator_3.py for tasks to queue
[2025-04-13T17:19:23.846+0300] {logging_mixin.py:190} INFO - [2025-04-13T17:19:23.845+0300] {dagbag.py:588} INFO - Filling up the DagBag from /home/tasneemahmed24/.local/lib/python3.10/site-packages/airflow/example_dags/example_branch_python_dop_operator_3.py
[2025-04-13T17:19:23.855+0300] {processor.py:925} INFO - DAG(s) 'example_branch_dop_operator_v3' retrieved from /home/tasneemahmed24/.local/lib/python3.10/site-packages/airflow/example_dags/example_branch_python_dop_operator_3.py
[2025-04-13T17:19:23.870+0300] {logging_mixin.py:190} INFO - [2025-04-13T17:19:23.870+0300] {dag.py:3239} INFO - Sync 1 DAGs
[2025-04-13T17:19:23.892+0300] {logging_mixin.py:190} INFO - [2025-04-13T17:19:23.892+0300] {dag.py:4180} INFO - Setting next_dagrun for example_branch_dop_operator_v3 to 2025-04-13 14:18:00+00:00, run_after=2025-04-13 14:19:00+00:00
[2025-04-13T17:19:23.917+0300] {processor.py:208} INFO - Processing /home/tasneemahmed24/.local/lib/python3.10/site-packages/airflow/example_dags/example_branch_python_dop_operator_3.py took 0.082 seconds
[2025-04-13T17:20:38.051+0300] {processor.py:186} INFO - Started process (PID=35339) to work on /home/tasneemahmed24/.local/lib/python3.10/site-packages/airflow/example_dags/example_branch_python_dop_operator_3.py
[2025-04-13T17:20:38.052+0300] {processor.py:914} INFO - Processing file /home/tasneemahmed24/.local/lib/python3.10/site-packages/airflow/example_dags/example_branch_python_dop_operator_3.py for tasks to queue
[2025-04-13T17:20:38.054+0300] {logging_mixin.py:190} INFO - [2025-04-13T17:20:38.054+0300] {dagbag.py:588} INFO - Filling up the DagBag from /home/tasneemahmed24/.local/lib/python3.10/site-packages/airflow/example_dags/example_branch_python_dop_operator_3.py
[2025-04-13T17:20:38.063+0300] {processor.py:925} INFO - DAG(s) 'example_branch_dop_operator_v3' retrieved from /home/tasneemahmed24/.local/lib/python3.10/site-packages/airflow/example_dags/example_branch_python_dop_operator_3.py
[2025-04-13T17:20:38.074+0300] {logging_mixin.py:190} INFO - [2025-04-13T17:20:38.074+0300] {dag.py:3239} INFO - Sync 1 DAGs
[2025-04-13T17:20:38.092+0300] {logging_mixin.py:190} INFO - [2025-04-13T17:20:38.092+0300] {dag.py:4180} INFO - Setting next_dagrun for example_branch_dop_operator_v3 to 2025-04-13 14:19:00+00:00, run_after=2025-04-13 14:20:00+00:00
[2025-04-13T17:20:38.111+0300] {processor.py:208} INFO - Processing /home/tasneemahmed24/.local/lib/python3.10/site-packages/airflow/example_dags/example_branch_python_dop_operator_3.py took 0.067 seconds
[2025-04-13T17:22:02.864+0300] {processor.py:186} INFO - Started process (PID=35735) to work on /home/tasneemahmed24/.local/lib/python3.10/site-packages/airflow/example_dags/example_branch_python_dop_operator_3.py
[2025-04-13T17:22:02.866+0300] {processor.py:914} INFO - Processing file /home/tasneemahmed24/.local/lib/python3.10/site-packages/airflow/example_dags/example_branch_python_dop_operator_3.py for tasks to queue
[2025-04-13T17:22:02.868+0300] {logging_mixin.py:190} INFO - [2025-04-13T17:22:02.867+0300] {dagbag.py:588} INFO - Filling up the DagBag from /home/tasneemahmed24/.local/lib/python3.10/site-packages/airflow/example_dags/example_branch_python_dop_operator_3.py
[2025-04-13T17:22:02.880+0300] {processor.py:925} INFO - DAG(s) 'example_branch_dop_operator_v3' retrieved from /home/tasneemahmed24/.local/lib/python3.10/site-packages/airflow/example_dags/example_branch_python_dop_operator_3.py
[2025-04-13T17:22:02.894+0300] {logging_mixin.py:190} INFO - [2025-04-13T17:22:02.893+0300] {dag.py:3239} INFO - Sync 1 DAGs
[2025-04-13T17:22:02.912+0300] {logging_mixin.py:190} INFO - [2025-04-13T17:22:02.912+0300] {dag.py:4180} INFO - Setting next_dagrun for example_branch_dop_operator_v3 to 2025-04-13 14:21:00+00:00, run_after=2025-04-13 14:22:00+00:00
[2025-04-13T17:22:02.933+0300] {processor.py:208} INFO - Processing /home/tasneemahmed24/.local/lib/python3.10/site-packages/airflow/example_dags/example_branch_python_dop_operator_3.py took 0.073 seconds
[2025-04-13T17:23:24.718+0300] {processor.py:186} INFO - Started process (PID=36121) to work on /home/tasneemahmed24/.local/lib/python3.10/site-packages/airflow/example_dags/example_branch_python_dop_operator_3.py
[2025-04-13T17:23:24.720+0300] {processor.py:914} INFO - Processing file /home/tasneemahmed24/.local/lib/python3.10/site-packages/airflow/example_dags/example_branch_python_dop_operator_3.py for tasks to queue
[2025-04-13T17:23:24.722+0300] {logging_mixin.py:190} INFO - [2025-04-13T17:23:24.722+0300] {dagbag.py:588} INFO - Filling up the DagBag from /home/tasneemahmed24/.local/lib/python3.10/site-packages/airflow/example_dags/example_branch_python_dop_operator_3.py
[2025-04-13T17:23:24.730+0300] {processor.py:925} INFO - DAG(s) 'example_branch_dop_operator_v3' retrieved from /home/tasneemahmed24/.local/lib/python3.10/site-packages/airflow/example_dags/example_branch_python_dop_operator_3.py
[2025-04-13T17:23:24.741+0300] {logging_mixin.py:190} INFO - [2025-04-13T17:23:24.741+0300] {dag.py:3239} INFO - Sync 1 DAGs
[2025-04-13T17:23:24.757+0300] {logging_mixin.py:190} INFO - [2025-04-13T17:23:24.756+0300] {dag.py:4180} INFO - Setting next_dagrun for example_branch_dop_operator_v3 to 2025-04-13 14:22:00+00:00, run_after=2025-04-13 14:23:00+00:00
[2025-04-13T17:23:24.773+0300] {processor.py:208} INFO - Processing /home/tasneemahmed24/.local/lib/python3.10/site-packages/airflow/example_dags/example_branch_python_dop_operator_3.py took 0.061 seconds
[2025-04-13T17:24:47.162+0300] {processor.py:186} INFO - Started process (PID=36513) to work on /home/tasneemahmed24/.local/lib/python3.10/site-packages/airflow/example_dags/example_branch_python_dop_operator_3.py
[2025-04-13T17:24:47.166+0300] {processor.py:914} INFO - Processing file /home/tasneemahmed24/.local/lib/python3.10/site-packages/airflow/example_dags/example_branch_python_dop_operator_3.py for tasks to queue
[2025-04-13T17:24:47.167+0300] {logging_mixin.py:190} INFO - [2025-04-13T17:24:47.167+0300] {dagbag.py:588} INFO - Filling up the DagBag from /home/tasneemahmed24/.local/lib/python3.10/site-packages/airflow/example_dags/example_branch_python_dop_operator_3.py
[2025-04-13T17:24:47.176+0300] {processor.py:925} INFO - DAG(s) 'example_branch_dop_operator_v3' retrieved from /home/tasneemahmed24/.local/lib/python3.10/site-packages/airflow/example_dags/example_branch_python_dop_operator_3.py
[2025-04-13T17:24:47.186+0300] {logging_mixin.py:190} INFO - [2025-04-13T17:24:47.186+0300] {dag.py:3239} INFO - Sync 1 DAGs
[2025-04-13T17:24:47.202+0300] {logging_mixin.py:190} INFO - [2025-04-13T17:24:47.202+0300] {dag.py:4180} INFO - Setting next_dagrun for example_branch_dop_operator_v3 to 2025-04-13 14:23:00+00:00, run_after=2025-04-13 14:24:00+00:00
[2025-04-13T17:24:47.219+0300] {processor.py:208} INFO - Processing /home/tasneemahmed24/.local/lib/python3.10/site-packages/airflow/example_dags/example_branch_python_dop_operator_3.py took 0.062 seconds
[2025-04-13T17:26:06.797+0300] {processor.py:186} INFO - Started process (PID=36898) to work on /home/tasneemahmed24/.local/lib/python3.10/site-packages/airflow/example_dags/example_branch_python_dop_operator_3.py
[2025-04-13T17:26:06.799+0300] {processor.py:914} INFO - Processing file /home/tasneemahmed24/.local/lib/python3.10/site-packages/airflow/example_dags/example_branch_python_dop_operator_3.py for tasks to queue
[2025-04-13T17:26:06.801+0300] {logging_mixin.py:190} INFO - [2025-04-13T17:26:06.801+0300] {dagbag.py:588} INFO - Filling up the DagBag from /home/tasneemahmed24/.local/lib/python3.10/site-packages/airflow/example_dags/example_branch_python_dop_operator_3.py
[2025-04-13T17:26:06.809+0300] {processor.py:925} INFO - DAG(s) 'example_branch_dop_operator_v3' retrieved from /home/tasneemahmed24/.local/lib/python3.10/site-packages/airflow/example_dags/example_branch_python_dop_operator_3.py
[2025-04-13T17:26:06.820+0300] {logging_mixin.py:190} INFO - [2025-04-13T17:26:06.820+0300] {dag.py:3239} INFO - Sync 1 DAGs
[2025-04-13T17:26:06.835+0300] {logging_mixin.py:190} INFO - [2025-04-13T17:26:06.835+0300] {dag.py:4180} INFO - Setting next_dagrun for example_branch_dop_operator_v3 to 2025-04-13 14:25:00+00:00, run_after=2025-04-13 14:26:00+00:00
[2025-04-13T17:26:06.858+0300] {processor.py:208} INFO - Processing /home/tasneemahmed24/.local/lib/python3.10/site-packages/airflow/example_dags/example_branch_python_dop_operator_3.py took 0.067 seconds
[2025-04-13T17:27:25.031+0300] {processor.py:186} INFO - Started process (PID=37274) to work on /home/tasneemahmed24/.local/lib/python3.10/site-packages/airflow/example_dags/example_branch_python_dop_operator_3.py
[2025-04-13T17:27:25.033+0300] {processor.py:914} INFO - Processing file /home/tasneemahmed24/.local/lib/python3.10/site-packages/airflow/example_dags/example_branch_python_dop_operator_3.py for tasks to queue
[2025-04-13T17:27:25.035+0300] {logging_mixin.py:190} INFO - [2025-04-13T17:27:25.035+0300] {dagbag.py:588} INFO - Filling up the DagBag from /home/tasneemahmed24/.local/lib/python3.10/site-packages/airflow/example_dags/example_branch_python_dop_operator_3.py
[2025-04-13T17:27:25.043+0300] {processor.py:925} INFO - DAG(s) 'example_branch_dop_operator_v3' retrieved from /home/tasneemahmed24/.local/lib/python3.10/site-packages/airflow/example_dags/example_branch_python_dop_operator_3.py
[2025-04-13T17:27:25.054+0300] {logging_mixin.py:190} INFO - [2025-04-13T17:27:25.053+0300] {dag.py:3239} INFO - Sync 1 DAGs
[2025-04-13T17:27:25.070+0300] {logging_mixin.py:190} INFO - [2025-04-13T17:27:25.070+0300] {dag.py:4180} INFO - Setting next_dagrun for example_branch_dop_operator_v3 to 2025-04-13 14:26:00+00:00, run_after=2025-04-13 14:27:00+00:00
[2025-04-13T17:27:25.091+0300] {processor.py:208} INFO - Processing /home/tasneemahmed24/.local/lib/python3.10/site-packages/airflow/example_dags/example_branch_python_dop_operator_3.py took 0.065 seconds
[2025-04-13T17:28:49.977+0300] {processor.py:186} INFO - Started process (PID=37675) to work on /home/tasneemahmed24/.local/lib/python3.10/site-packages/airflow/example_dags/example_branch_python_dop_operator_3.py
[2025-04-13T17:28:49.980+0300] {processor.py:914} INFO - Processing file /home/tasneemahmed24/.local/lib/python3.10/site-packages/airflow/example_dags/example_branch_python_dop_operator_3.py for tasks to queue
[2025-04-13T17:28:49.982+0300] {logging_mixin.py:190} INFO - [2025-04-13T17:28:49.982+0300] {dagbag.py:588} INFO - Filling up the DagBag from /home/tasneemahmed24/.local/lib/python3.10/site-packages/airflow/example_dags/example_branch_python_dop_operator_3.py
[2025-04-13T17:28:49.991+0300] {processor.py:925} INFO - DAG(s) 'example_branch_dop_operator_v3' retrieved from /home/tasneemahmed24/.local/lib/python3.10/site-packages/airflow/example_dags/example_branch_python_dop_operator_3.py
[2025-04-13T17:28:50.002+0300] {logging_mixin.py:190} INFO - [2025-04-13T17:28:50.002+0300] {dag.py:3239} INFO - Sync 1 DAGs
[2025-04-13T17:28:50.023+0300] {logging_mixin.py:190} INFO - [2025-04-13T17:28:50.022+0300] {dag.py:4180} INFO - Setting next_dagrun for example_branch_dop_operator_v3 to 2025-04-13 14:27:00+00:00, run_after=2025-04-13 14:28:00+00:00
[2025-04-13T17:28:50.046+0300] {processor.py:208} INFO - Processing /home/tasneemahmed24/.local/lib/python3.10/site-packages/airflow/example_dags/example_branch_python_dop_operator_3.py took 0.074 seconds
[2025-04-13T17:30:06.799+0300] {processor.py:186} INFO - Started process (PID=38039) to work on /home/tasneemahmed24/.local/lib/python3.10/site-packages/airflow/example_dags/example_branch_python_dop_operator_3.py
[2025-04-13T17:30:06.801+0300] {processor.py:914} INFO - Processing file /home/tasneemahmed24/.local/lib/python3.10/site-packages/airflow/example_dags/example_branch_python_dop_operator_3.py for tasks to queue
[2025-04-13T17:30:06.803+0300] {logging_mixin.py:190} INFO - [2025-04-13T17:30:06.803+0300] {dagbag.py:588} INFO - Filling up the DagBag from /home/tasneemahmed24/.local/lib/python3.10/site-packages/airflow/example_dags/example_branch_python_dop_operator_3.py
[2025-04-13T17:30:06.812+0300] {processor.py:925} INFO - DAG(s) 'example_branch_dop_operator_v3' retrieved from /home/tasneemahmed24/.local/lib/python3.10/site-packages/airflow/example_dags/example_branch_python_dop_operator_3.py
[2025-04-13T17:30:06.823+0300] {logging_mixin.py:190} INFO - [2025-04-13T17:30:06.823+0300] {dag.py:3239} INFO - Sync 1 DAGs
[2025-04-13T17:30:06.841+0300] {logging_mixin.py:190} INFO - [2025-04-13T17:30:06.841+0300] {dag.py:4180} INFO - Setting next_dagrun for example_branch_dop_operator_v3 to 2025-04-13 14:29:00+00:00, run_after=2025-04-13 14:30:00+00:00
[2025-04-13T17:30:06.862+0300] {processor.py:208} INFO - Processing /home/tasneemahmed24/.local/lib/python3.10/site-packages/airflow/example_dags/example_branch_python_dop_operator_3.py took 0.069 seconds
[2025-04-13T17:31:28.479+0300] {processor.py:186} INFO - Started process (PID=38428) to work on /home/tasneemahmed24/.local/lib/python3.10/site-packages/airflow/example_dags/example_branch_python_dop_operator_3.py
[2025-04-13T17:31:28.481+0300] {processor.py:914} INFO - Processing file /home/tasneemahmed24/.local/lib/python3.10/site-packages/airflow/example_dags/example_branch_python_dop_operator_3.py for tasks to queue
[2025-04-13T17:31:28.482+0300] {logging_mixin.py:190} INFO - [2025-04-13T17:31:28.482+0300] {dagbag.py:588} INFO - Filling up the DagBag from /home/tasneemahmed24/.local/lib/python3.10/site-packages/airflow/example_dags/example_branch_python_dop_operator_3.py
[2025-04-13T17:31:28.490+0300] {processor.py:925} INFO - DAG(s) 'example_branch_dop_operator_v3' retrieved from /home/tasneemahmed24/.local/lib/python3.10/site-packages/airflow/example_dags/example_branch_python_dop_operator_3.py
[2025-04-13T17:31:28.501+0300] {logging_mixin.py:190} INFO - [2025-04-13T17:31:28.501+0300] {dag.py:3239} INFO - Sync 1 DAGs
[2025-04-13T17:31:28.517+0300] {logging_mixin.py:190} INFO - [2025-04-13T17:31:28.517+0300] {dag.py:4180} INFO - Setting next_dagrun for example_branch_dop_operator_v3 to 2025-04-13 14:30:00+00:00, run_after=2025-04-13 14:31:00+00:00
[2025-04-13T17:31:28.534+0300] {processor.py:208} INFO - Processing /home/tasneemahmed24/.local/lib/python3.10/site-packages/airflow/example_dags/example_branch_python_dop_operator_3.py took 0.061 seconds
[2025-04-13T17:32:53.482+0300] {processor.py:186} INFO - Started process (PID=38848) to work on /home/tasneemahmed24/.local/lib/python3.10/site-packages/airflow/example_dags/example_branch_python_dop_operator_3.py
[2025-04-13T17:32:53.484+0300] {processor.py:914} INFO - Processing file /home/tasneemahmed24/.local/lib/python3.10/site-packages/airflow/example_dags/example_branch_python_dop_operator_3.py for tasks to queue
[2025-04-13T17:32:53.485+0300] {logging_mixin.py:190} INFO - [2025-04-13T17:32:53.485+0300] {dagbag.py:588} INFO - Filling up the DagBag from /home/tasneemahmed24/.local/lib/python3.10/site-packages/airflow/example_dags/example_branch_python_dop_operator_3.py
[2025-04-13T17:32:53.494+0300] {processor.py:925} INFO - DAG(s) 'example_branch_dop_operator_v3' retrieved from /home/tasneemahmed24/.local/lib/python3.10/site-packages/airflow/example_dags/example_branch_python_dop_operator_3.py
[2025-04-13T17:32:53.506+0300] {logging_mixin.py:190} INFO - [2025-04-13T17:32:53.506+0300] {dag.py:3239} INFO - Sync 1 DAGs
[2025-04-13T17:32:53.524+0300] {logging_mixin.py:190} INFO - [2025-04-13T17:32:53.524+0300] {dag.py:4180} INFO - Setting next_dagrun for example_branch_dop_operator_v3 to 2025-04-13 14:31:00+00:00, run_after=2025-04-13 14:32:00+00:00
[2025-04-13T17:32:53.550+0300] {processor.py:208} INFO - Processing /home/tasneemahmed24/.local/lib/python3.10/site-packages/airflow/example_dags/example_branch_python_dop_operator_3.py took 0.072 seconds
[2025-04-13T17:33:55.238+0300] {processor.py:186} INFO - Started process (PID=39152) to work on /home/tasneemahmed24/.local/lib/python3.10/site-packages/airflow/example_dags/example_branch_python_dop_operator_3.py
[2025-04-13T17:33:55.241+0300] {processor.py:914} INFO - Processing file /home/tasneemahmed24/.local/lib/python3.10/site-packages/airflow/example_dags/example_branch_python_dop_operator_3.py for tasks to queue
[2025-04-13T17:33:55.243+0300] {logging_mixin.py:190} INFO - [2025-04-13T17:33:55.243+0300] {dagbag.py:588} INFO - Filling up the DagBag from /home/tasneemahmed24/.local/lib/python3.10/site-packages/airflow/example_dags/example_branch_python_dop_operator_3.py
[2025-04-13T17:33:55.252+0300] {processor.py:925} INFO - DAG(s) 'example_branch_dop_operator_v3' retrieved from /home/tasneemahmed24/.local/lib/python3.10/site-packages/airflow/example_dags/example_branch_python_dop_operator_3.py
[2025-04-13T17:33:55.266+0300] {logging_mixin.py:190} INFO - [2025-04-13T17:33:55.266+0300] {dag.py:3239} INFO - Sync 1 DAGs
[2025-04-13T17:33:55.285+0300] {logging_mixin.py:190} INFO - [2025-04-13T17:33:55.284+0300] {dag.py:4180} INFO - Setting next_dagrun for example_branch_dop_operator_v3 to 2025-04-13 14:32:00+00:00, run_after=2025-04-13 14:33:00+00:00
[2025-04-13T17:33:55.310+0300] {processor.py:208} INFO - Processing /home/tasneemahmed24/.local/lib/python3.10/site-packages/airflow/example_dags/example_branch_python_dop_operator_3.py took 0.077 seconds
[2025-04-13T17:35:23.684+0300] {processor.py:186} INFO - Started process (PID=39589) to work on /home/tasneemahmed24/.local/lib/python3.10/site-packages/airflow/example_dags/example_branch_python_dop_operator_3.py
[2025-04-13T17:35:23.685+0300] {processor.py:914} INFO - Processing file /home/tasneemahmed24/.local/lib/python3.10/site-packages/airflow/example_dags/example_branch_python_dop_operator_3.py for tasks to queue
[2025-04-13T17:35:23.687+0300] {logging_mixin.py:190} INFO - [2025-04-13T17:35:23.686+0300] {dagbag.py:588} INFO - Filling up the DagBag from /home/tasneemahmed24/.local/lib/python3.10/site-packages/airflow/example_dags/example_branch_python_dop_operator_3.py
[2025-04-13T17:35:23.697+0300] {processor.py:925} INFO - DAG(s) 'example_branch_dop_operator_v3' retrieved from /home/tasneemahmed24/.local/lib/python3.10/site-packages/airflow/example_dags/example_branch_python_dop_operator_3.py
[2025-04-13T17:35:23.710+0300] {logging_mixin.py:190} INFO - [2025-04-13T17:35:23.710+0300] {dag.py:3239} INFO - Sync 1 DAGs
[2025-04-13T17:35:23.727+0300] {logging_mixin.py:190} INFO - [2025-04-13T17:35:23.727+0300] {dag.py:4180} INFO - Setting next_dagrun for example_branch_dop_operator_v3 to 2025-04-13 14:34:00+00:00, run_after=2025-04-13 14:35:00+00:00
[2025-04-13T17:35:23.745+0300] {processor.py:208} INFO - Processing /home/tasneemahmed24/.local/lib/python3.10/site-packages/airflow/example_dags/example_branch_python_dop_operator_3.py took 0.066 seconds
[2025-04-13T17:36:23.496+0300] {processor.py:186} INFO - Started process (PID=39889) to work on /home/tasneemahmed24/.local/lib/python3.10/site-packages/airflow/example_dags/example_branch_python_dop_operator_3.py
[2025-04-13T17:36:23.498+0300] {processor.py:914} INFO - Processing file /home/tasneemahmed24/.local/lib/python3.10/site-packages/airflow/example_dags/example_branch_python_dop_operator_3.py for tasks to queue
[2025-04-13T17:36:23.500+0300] {logging_mixin.py:190} INFO - [2025-04-13T17:36:23.499+0300] {dagbag.py:588} INFO - Filling up the DagBag from /home/tasneemahmed24/.local/lib/python3.10/site-packages/airflow/example_dags/example_branch_python_dop_operator_3.py
[2025-04-13T17:36:23.510+0300] {processor.py:925} INFO - DAG(s) 'example_branch_dop_operator_v3' retrieved from /home/tasneemahmed24/.local/lib/python3.10/site-packages/airflow/example_dags/example_branch_python_dop_operator_3.py
[2025-04-13T17:36:23.522+0300] {logging_mixin.py:190} INFO - [2025-04-13T17:36:23.521+0300] {dag.py:3239} INFO - Sync 1 DAGs
[2025-04-13T17:36:23.542+0300] {logging_mixin.py:190} INFO - [2025-04-13T17:36:23.542+0300] {dag.py:4180} INFO - Setting next_dagrun for example_branch_dop_operator_v3 to 2025-04-13 14:35:00+00:00, run_after=2025-04-13 14:36:00+00:00
[2025-04-13T17:36:23.564+0300] {processor.py:208} INFO - Processing /home/tasneemahmed24/.local/lib/python3.10/site-packages/airflow/example_dags/example_branch_python_dop_operator_3.py took 0.074 seconds
[2025-04-13T17:37:23.918+0300] {processor.py:186} INFO - Started process (PID=40190) to work on /home/tasneemahmed24/.local/lib/python3.10/site-packages/airflow/example_dags/example_branch_python_dop_operator_3.py
[2025-04-13T17:37:23.921+0300] {processor.py:914} INFO - Processing file /home/tasneemahmed24/.local/lib/python3.10/site-packages/airflow/example_dags/example_branch_python_dop_operator_3.py for tasks to queue
[2025-04-13T17:37:23.924+0300] {logging_mixin.py:190} INFO - [2025-04-13T17:37:23.923+0300] {dagbag.py:588} INFO - Filling up the DagBag from /home/tasneemahmed24/.local/lib/python3.10/site-packages/airflow/example_dags/example_branch_python_dop_operator_3.py
[2025-04-13T17:37:23.939+0300] {processor.py:925} INFO - DAG(s) 'example_branch_dop_operator_v3' retrieved from /home/tasneemahmed24/.local/lib/python3.10/site-packages/airflow/example_dags/example_branch_python_dop_operator_3.py
[2025-04-13T17:37:23.958+0300] {logging_mixin.py:190} INFO - [2025-04-13T17:37:23.957+0300] {dag.py:3239} INFO - Sync 1 DAGs
[2025-04-13T17:37:23.985+0300] {logging_mixin.py:190} INFO - [2025-04-13T17:37:23.985+0300] {dag.py:4180} INFO - Setting next_dagrun for example_branch_dop_operator_v3 to 2025-04-13 14:36:00+00:00, run_after=2025-04-13 14:37:00+00:00
[2025-04-13T17:37:24.011+0300] {processor.py:208} INFO - Processing /home/tasneemahmed24/.local/lib/python3.10/site-packages/airflow/example_dags/example_branch_python_dop_operator_3.py took 0.099 seconds
[2025-04-13T17:38:49.635+0300] {processor.py:186} INFO - Started process (PID=40612) to work on /home/tasneemahmed24/.local/lib/python3.10/site-packages/airflow/example_dags/example_branch_python_dop_operator_3.py
[2025-04-13T17:38:49.637+0300] {processor.py:914} INFO - Processing file /home/tasneemahmed24/.local/lib/python3.10/site-packages/airflow/example_dags/example_branch_python_dop_operator_3.py for tasks to queue
[2025-04-13T17:38:49.639+0300] {logging_mixin.py:190} INFO - [2025-04-13T17:38:49.639+0300] {dagbag.py:588} INFO - Filling up the DagBag from /home/tasneemahmed24/.local/lib/python3.10/site-packages/airflow/example_dags/example_branch_python_dop_operator_3.py
[2025-04-13T17:38:49.668+0300] {processor.py:925} INFO - DAG(s) 'example_branch_dop_operator_v3' retrieved from /home/tasneemahmed24/.local/lib/python3.10/site-packages/airflow/example_dags/example_branch_python_dop_operator_3.py
[2025-04-13T17:38:49.686+0300] {logging_mixin.py:190} INFO - [2025-04-13T17:38:49.685+0300] {dag.py:3239} INFO - Sync 1 DAGs
[2025-04-13T17:38:49.717+0300] {logging_mixin.py:190} INFO - [2025-04-13T17:38:49.717+0300] {dag.py:4180} INFO - Setting next_dagrun for example_branch_dop_operator_v3 to 2025-04-13 14:37:00+00:00, run_after=2025-04-13 14:38:00+00:00
[2025-04-13T17:38:49.736+0300] {processor.py:208} INFO - Processing /home/tasneemahmed24/.local/lib/python3.10/site-packages/airflow/example_dags/example_branch_python_dop_operator_3.py took 0.179 seconds
[2025-04-13T17:39:47.972+0300] {processor.py:186} INFO - Started process (PID=40896) to work on /home/tasneemahmed24/.local/lib/python3.10/site-packages/airflow/example_dags/example_branch_python_dop_operator_3.py
[2025-04-13T17:39:48.001+0300] {processor.py:914} INFO - Processing file /home/tasneemahmed24/.local/lib/python3.10/site-packages/airflow/example_dags/example_branch_python_dop_operator_3.py for tasks to queue
[2025-04-13T17:39:48.004+0300] {logging_mixin.py:190} INFO - [2025-04-13T17:39:48.003+0300] {dagbag.py:588} INFO - Filling up the DagBag from /home/tasneemahmed24/.local/lib/python3.10/site-packages/airflow/example_dags/example_branch_python_dop_operator_3.py
[2025-04-13T17:39:48.030+0300] {processor.py:925} INFO - DAG(s) 'example_branch_dop_operator_v3' retrieved from /home/tasneemahmed24/.local/lib/python3.10/site-packages/airflow/example_dags/example_branch_python_dop_operator_3.py
[2025-04-13T17:39:48.047+0300] {logging_mixin.py:190} INFO - [2025-04-13T17:39:48.047+0300] {dag.py:3239} INFO - Sync 1 DAGs
[2025-04-13T17:39:48.068+0300] {logging_mixin.py:190} INFO - [2025-04-13T17:39:48.068+0300] {dag.py:4180} INFO - Setting next_dagrun for example_branch_dop_operator_v3 to 2025-04-13 14:38:00+00:00, run_after=2025-04-13 14:39:00+00:00
[2025-04-13T17:39:48.085+0300] {processor.py:208} INFO - Processing /home/tasneemahmed24/.local/lib/python3.10/site-packages/airflow/example_dags/example_branch_python_dop_operator_3.py took 0.118 seconds
[2025-04-13T17:41:11.661+0300] {processor.py:186} INFO - Started process (PID=41316) to work on /home/tasneemahmed24/.local/lib/python3.10/site-packages/airflow/example_dags/example_branch_python_dop_operator_3.py
[2025-04-13T17:41:11.662+0300] {processor.py:914} INFO - Processing file /home/tasneemahmed24/.local/lib/python3.10/site-packages/airflow/example_dags/example_branch_python_dop_operator_3.py for tasks to queue
[2025-04-13T17:41:11.664+0300] {logging_mixin.py:190} INFO - [2025-04-13T17:41:11.663+0300] {dagbag.py:588} INFO - Filling up the DagBag from /home/tasneemahmed24/.local/lib/python3.10/site-packages/airflow/example_dags/example_branch_python_dop_operator_3.py
[2025-04-13T17:41:11.674+0300] {processor.py:925} INFO - DAG(s) 'example_branch_dop_operator_v3' retrieved from /home/tasneemahmed24/.local/lib/python3.10/site-packages/airflow/example_dags/example_branch_python_dop_operator_3.py
[2025-04-13T17:41:11.686+0300] {logging_mixin.py:190} INFO - [2025-04-13T17:41:11.685+0300] {dag.py:3239} INFO - Sync 1 DAGs
[2025-04-13T17:41:11.704+0300] {logging_mixin.py:190} INFO - [2025-04-13T17:41:11.704+0300] {dag.py:4180} INFO - Setting next_dagrun for example_branch_dop_operator_v3 to 2025-04-13 14:40:00+00:00, run_after=2025-04-13 14:41:00+00:00
[2025-04-13T17:41:11.722+0300] {processor.py:208} INFO - Processing /home/tasneemahmed24/.local/lib/python3.10/site-packages/airflow/example_dags/example_branch_python_dop_operator_3.py took 0.068 seconds
[2025-04-13T17:42:37.906+0300] {processor.py:186} INFO - Started process (PID=41771) to work on /home/tasneemahmed24/.local/lib/python3.10/site-packages/airflow/example_dags/example_branch_python_dop_operator_3.py
[2025-04-13T17:42:37.930+0300] {processor.py:914} INFO - Processing file /home/tasneemahmed24/.local/lib/python3.10/site-packages/airflow/example_dags/example_branch_python_dop_operator_3.py for tasks to queue
[2025-04-13T17:42:37.932+0300] {logging_mixin.py:190} INFO - [2025-04-13T17:42:37.932+0300] {dagbag.py:588} INFO - Filling up the DagBag from /home/tasneemahmed24/.local/lib/python3.10/site-packages/airflow/example_dags/example_branch_python_dop_operator_3.py
[2025-04-13T17:42:37.942+0300] {processor.py:925} INFO - DAG(s) 'example_branch_dop_operator_v3' retrieved from /home/tasneemahmed24/.local/lib/python3.10/site-packages/airflow/example_dags/example_branch_python_dop_operator_3.py
[2025-04-13T17:42:37.953+0300] {logging_mixin.py:190} INFO - [2025-04-13T17:42:37.953+0300] {dag.py:3239} INFO - Sync 1 DAGs
[2025-04-13T17:42:37.970+0300] {logging_mixin.py:190} INFO - [2025-04-13T17:42:37.970+0300] {dag.py:4180} INFO - Setting next_dagrun for example_branch_dop_operator_v3 to 2025-04-13 14:41:00+00:00, run_after=2025-04-13 14:42:00+00:00
[2025-04-13T17:42:37.992+0300] {processor.py:208} INFO - Processing /home/tasneemahmed24/.local/lib/python3.10/site-packages/airflow/example_dags/example_branch_python_dop_operator_3.py took 0.093 seconds
[2025-04-13T17:44:03.429+0300] {processor.py:186} INFO - Started process (PID=42178) to work on /home/tasneemahmed24/.local/lib/python3.10/site-packages/airflow/example_dags/example_branch_python_dop_operator_3.py
[2025-04-13T17:44:03.431+0300] {processor.py:914} INFO - Processing file /home/tasneemahmed24/.local/lib/python3.10/site-packages/airflow/example_dags/example_branch_python_dop_operator_3.py for tasks to queue
[2025-04-13T17:44:03.433+0300] {logging_mixin.py:190} INFO - [2025-04-13T17:44:03.432+0300] {dagbag.py:588} INFO - Filling up the DagBag from /home/tasneemahmed24/.local/lib/python3.10/site-packages/airflow/example_dags/example_branch_python_dop_operator_3.py
[2025-04-13T17:44:03.442+0300] {processor.py:925} INFO - DAG(s) 'example_branch_dop_operator_v3' retrieved from /home/tasneemahmed24/.local/lib/python3.10/site-packages/airflow/example_dags/example_branch_python_dop_operator_3.py
[2025-04-13T17:44:03.453+0300] {logging_mixin.py:190} INFO - [2025-04-13T17:44:03.453+0300] {dag.py:3239} INFO - Sync 1 DAGs
[2025-04-13T17:44:03.470+0300] {logging_mixin.py:190} INFO - [2025-04-13T17:44:03.470+0300] {dag.py:4180} INFO - Setting next_dagrun for example_branch_dop_operator_v3 to 2025-04-13 14:43:00+00:00, run_after=2025-04-13 14:44:00+00:00
[2025-04-13T17:44:03.486+0300] {processor.py:208} INFO - Processing /home/tasneemahmed24/.local/lib/python3.10/site-packages/airflow/example_dags/example_branch_python_dop_operator_3.py took 0.061 seconds
[2025-04-13T17:45:29.922+0300] {processor.py:186} INFO - Started process (PID=42670) to work on /home/tasneemahmed24/.local/lib/python3.10/site-packages/airflow/example_dags/example_branch_python_dop_operator_3.py
[2025-04-13T17:45:29.924+0300] {processor.py:914} INFO - Processing file /home/tasneemahmed24/.local/lib/python3.10/site-packages/airflow/example_dags/example_branch_python_dop_operator_3.py for tasks to queue
[2025-04-13T17:45:29.925+0300] {logging_mixin.py:190} INFO - [2025-04-13T17:45:29.925+0300] {dagbag.py:588} INFO - Filling up the DagBag from /home/tasneemahmed24/.local/lib/python3.10/site-packages/airflow/example_dags/example_branch_python_dop_operator_3.py
[2025-04-13T17:45:29.934+0300] {processor.py:925} INFO - DAG(s) 'example_branch_dop_operator_v3' retrieved from /home/tasneemahmed24/.local/lib/python3.10/site-packages/airflow/example_dags/example_branch_python_dop_operator_3.py
[2025-04-13T17:45:29.947+0300] {logging_mixin.py:190} INFO - [2025-04-13T17:45:29.947+0300] {dag.py:3239} INFO - Sync 1 DAGs
[2025-04-13T17:45:29.969+0300] {logging_mixin.py:190} INFO - [2025-04-13T17:45:29.969+0300] {dag.py:4180} INFO - Setting next_dagrun for example_branch_dop_operator_v3 to 2025-04-13 14:44:00+00:00, run_after=2025-04-13 14:45:00+00:00
[2025-04-13T17:45:29.991+0300] {processor.py:208} INFO - Processing /home/tasneemahmed24/.local/lib/python3.10/site-packages/airflow/example_dags/example_branch_python_dop_operator_3.py took 0.073 seconds
[2025-04-13T17:46:49.272+0300] {processor.py:186} INFO - Started process (PID=43104) to work on /home/tasneemahmed24/.local/lib/python3.10/site-packages/airflow/example_dags/example_branch_python_dop_operator_3.py
[2025-04-13T17:46:49.274+0300] {processor.py:914} INFO - Processing file /home/tasneemahmed24/.local/lib/python3.10/site-packages/airflow/example_dags/example_branch_python_dop_operator_3.py for tasks to queue
[2025-04-13T17:46:49.275+0300] {logging_mixin.py:190} INFO - [2025-04-13T17:46:49.275+0300] {dagbag.py:588} INFO - Filling up the DagBag from /home/tasneemahmed24/.local/lib/python3.10/site-packages/airflow/example_dags/example_branch_python_dop_operator_3.py
[2025-04-13T17:46:49.284+0300] {processor.py:925} INFO - DAG(s) 'example_branch_dop_operator_v3' retrieved from /home/tasneemahmed24/.local/lib/python3.10/site-packages/airflow/example_dags/example_branch_python_dop_operator_3.py
[2025-04-13T17:46:49.295+0300] {logging_mixin.py:190} INFO - [2025-04-13T17:46:49.295+0300] {dag.py:3239} INFO - Sync 1 DAGs
[2025-04-13T17:46:49.312+0300] {logging_mixin.py:190} INFO - [2025-04-13T17:46:49.312+0300] {dag.py:4180} INFO - Setting next_dagrun for example_branch_dop_operator_v3 to 2025-04-13 14:45:00+00:00, run_after=2025-04-13 14:46:00+00:00
[2025-04-13T17:46:49.329+0300] {processor.py:208} INFO - Processing /home/tasneemahmed24/.local/lib/python3.10/site-packages/airflow/example_dags/example_branch_python_dop_operator_3.py took 0.062 seconds
[2025-04-13T17:48:30.305+0300] {processor.py:186} INFO - Started process (PID=43537) to work on /home/tasneemahmed24/.local/lib/python3.10/site-packages/airflow/example_dags/example_branch_python_dop_operator_3.py
[2025-04-13T17:48:30.308+0300] {processor.py:914} INFO - Processing file /home/tasneemahmed24/.local/lib/python3.10/site-packages/airflow/example_dags/example_branch_python_dop_operator_3.py for tasks to queue
[2025-04-13T17:48:30.312+0300] {logging_mixin.py:190} INFO - [2025-04-13T17:48:30.311+0300] {dagbag.py:588} INFO - Filling up the DagBag from /home/tasneemahmed24/.local/lib/python3.10/site-packages/airflow/example_dags/example_branch_python_dop_operator_3.py
[2025-04-13T17:48:30.335+0300] {processor.py:925} INFO - DAG(s) 'example_branch_dop_operator_v3' retrieved from /home/tasneemahmed24/.local/lib/python3.10/site-packages/airflow/example_dags/example_branch_python_dop_operator_3.py
[2025-04-13T17:48:30.363+0300] {logging_mixin.py:190} INFO - [2025-04-13T17:48:30.362+0300] {dag.py:3239} INFO - Sync 1 DAGs
[2025-04-13T17:48:30.404+0300] {logging_mixin.py:190} INFO - [2025-04-13T17:48:30.404+0300] {dag.py:4180} INFO - Setting next_dagrun for example_branch_dop_operator_v3 to 2025-04-13 14:47:00+00:00, run_after=2025-04-13 14:48:00+00:00
[2025-04-13T17:48:30.469+0300] {processor.py:208} INFO - Processing /home/tasneemahmed24/.local/lib/python3.10/site-packages/airflow/example_dags/example_branch_python_dop_operator_3.py took 0.176 seconds
[2025-04-13T17:49:54.510+0300] {processor.py:186} INFO - Started process (PID=43935) to work on /home/tasneemahmed24/.local/lib/python3.10/site-packages/airflow/example_dags/example_branch_python_dop_operator_3.py
[2025-04-13T17:49:54.521+0300] {processor.py:914} INFO - Processing file /home/tasneemahmed24/.local/lib/python3.10/site-packages/airflow/example_dags/example_branch_python_dop_operator_3.py for tasks to queue
[2025-04-13T17:49:54.523+0300] {logging_mixin.py:190} INFO - [2025-04-13T17:49:54.523+0300] {dagbag.py:588} INFO - Filling up the DagBag from /home/tasneemahmed24/.local/lib/python3.10/site-packages/airflow/example_dags/example_branch_python_dop_operator_3.py
[2025-04-13T17:49:54.534+0300] {processor.py:925} INFO - DAG(s) 'example_branch_dop_operator_v3' retrieved from /home/tasneemahmed24/.local/lib/python3.10/site-packages/airflow/example_dags/example_branch_python_dop_operator_3.py
[2025-04-13T17:49:54.548+0300] {logging_mixin.py:190} INFO - [2025-04-13T17:49:54.547+0300] {dag.py:3239} INFO - Sync 1 DAGs
[2025-04-13T17:49:54.585+0300] {logging_mixin.py:190} INFO - [2025-04-13T17:49:54.585+0300] {dag.py:4180} INFO - Setting next_dagrun for example_branch_dop_operator_v3 to 2025-04-13 14:48:00+00:00, run_after=2025-04-13 14:49:00+00:00
[2025-04-13T17:49:54.608+0300] {processor.py:208} INFO - Processing /home/tasneemahmed24/.local/lib/python3.10/site-packages/airflow/example_dags/example_branch_python_dop_operator_3.py took 0.104 seconds
[2025-04-13T17:50:56.398+0300] {processor.py:186} INFO - Started process (PID=44228) to work on /home/tasneemahmed24/.local/lib/python3.10/site-packages/airflow/example_dags/example_branch_python_dop_operator_3.py
[2025-04-13T17:50:56.412+0300] {processor.py:914} INFO - Processing file /home/tasneemahmed24/.local/lib/python3.10/site-packages/airflow/example_dags/example_branch_python_dop_operator_3.py for tasks to queue
[2025-04-13T17:50:56.417+0300] {logging_mixin.py:190} INFO - [2025-04-13T17:50:56.416+0300] {dagbag.py:588} INFO - Filling up the DagBag from /home/tasneemahmed24/.local/lib/python3.10/site-packages/airflow/example_dags/example_branch_python_dop_operator_3.py
[2025-04-13T17:50:56.432+0300] {processor.py:925} INFO - DAG(s) 'example_branch_dop_operator_v3' retrieved from /home/tasneemahmed24/.local/lib/python3.10/site-packages/airflow/example_dags/example_branch_python_dop_operator_3.py
[2025-04-13T17:50:56.448+0300] {logging_mixin.py:190} INFO - [2025-04-13T17:50:56.447+0300] {dag.py:3239} INFO - Sync 1 DAGs
[2025-04-13T17:50:56.474+0300] {logging_mixin.py:190} INFO - [2025-04-13T17:50:56.474+0300] {dag.py:4180} INFO - Setting next_dagrun for example_branch_dop_operator_v3 to 2025-04-13 14:49:00+00:00, run_after=2025-04-13 14:50:00+00:00
[2025-04-13T17:50:56.508+0300] {processor.py:208} INFO - Processing /home/tasneemahmed24/.local/lib/python3.10/site-packages/airflow/example_dags/example_branch_python_dop_operator_3.py took 0.117 seconds
[2025-04-13T17:52:03.290+0300] {processor.py:186} INFO - Started process (PID=44541) to work on /home/tasneemahmed24/.local/lib/python3.10/site-packages/airflow/example_dags/example_branch_python_dop_operator_3.py
[2025-04-13T17:52:03.308+0300] {processor.py:914} INFO - Processing file /home/tasneemahmed24/.local/lib/python3.10/site-packages/airflow/example_dags/example_branch_python_dop_operator_3.py for tasks to queue
[2025-04-13T17:52:03.311+0300] {logging_mixin.py:190} INFO - [2025-04-13T17:52:03.310+0300] {dagbag.py:588} INFO - Filling up the DagBag from /home/tasneemahmed24/.local/lib/python3.10/site-packages/airflow/example_dags/example_branch_python_dop_operator_3.py
[2025-04-13T17:52:03.329+0300] {processor.py:925} INFO - DAG(s) 'example_branch_dop_operator_v3' retrieved from /home/tasneemahmed24/.local/lib/python3.10/site-packages/airflow/example_dags/example_branch_python_dop_operator_3.py
[2025-04-13T17:52:03.344+0300] {logging_mixin.py:190} INFO - [2025-04-13T17:52:03.343+0300] {dag.py:3239} INFO - Sync 1 DAGs
[2025-04-13T17:52:03.365+0300] {logging_mixin.py:190} INFO - [2025-04-13T17:52:03.365+0300] {dag.py:4180} INFO - Setting next_dagrun for example_branch_dop_operator_v3 to 2025-04-13 14:51:00+00:00, run_after=2025-04-13 14:52:00+00:00
[2025-04-13T17:52:03.386+0300] {processor.py:208} INFO - Processing /home/tasneemahmed24/.local/lib/python3.10/site-packages/airflow/example_dags/example_branch_python_dop_operator_3.py took 0.103 seconds
[2025-04-13T17:53:04.515+0300] {processor.py:186} INFO - Started process (PID=44833) to work on /home/tasneemahmed24/.local/lib/python3.10/site-packages/airflow/example_dags/example_branch_python_dop_operator_3.py
[2025-04-13T17:53:04.518+0300] {processor.py:914} INFO - Processing file /home/tasneemahmed24/.local/lib/python3.10/site-packages/airflow/example_dags/example_branch_python_dop_operator_3.py for tasks to queue
[2025-04-13T17:53:04.520+0300] {logging_mixin.py:190} INFO - [2025-04-13T17:53:04.520+0300] {dagbag.py:588} INFO - Filling up the DagBag from /home/tasneemahmed24/.local/lib/python3.10/site-packages/airflow/example_dags/example_branch_python_dop_operator_3.py
[2025-04-13T17:53:04.535+0300] {processor.py:925} INFO - DAG(s) 'example_branch_dop_operator_v3' retrieved from /home/tasneemahmed24/.local/lib/python3.10/site-packages/airflow/example_dags/example_branch_python_dop_operator_3.py
[2025-04-13T17:53:04.553+0300] {logging_mixin.py:190} INFO - [2025-04-13T17:53:04.552+0300] {dag.py:3239} INFO - Sync 1 DAGs
[2025-04-13T17:53:04.579+0300] {logging_mixin.py:190} INFO - [2025-04-13T17:53:04.579+0300] {dag.py:4180} INFO - Setting next_dagrun for example_branch_dop_operator_v3 to 2025-04-13 14:52:00+00:00, run_after=2025-04-13 14:53:00+00:00
[2025-04-13T17:53:04.605+0300] {processor.py:208} INFO - Processing /home/tasneemahmed24/.local/lib/python3.10/site-packages/airflow/example_dags/example_branch_python_dop_operator_3.py took 0.100 seconds
[2025-04-13T17:54:07.039+0300] {processor.py:186} INFO - Started process (PID=45128) to work on /home/tasneemahmed24/.local/lib/python3.10/site-packages/airflow/example_dags/example_branch_python_dop_operator_3.py
[2025-04-13T17:54:07.041+0300] {processor.py:914} INFO - Processing file /home/tasneemahmed24/.local/lib/python3.10/site-packages/airflow/example_dags/example_branch_python_dop_operator_3.py for tasks to queue
[2025-04-13T17:54:07.044+0300] {logging_mixin.py:190} INFO - [2025-04-13T17:54:07.043+0300] {dagbag.py:588} INFO - Filling up the DagBag from /home/tasneemahmed24/.local/lib/python3.10/site-packages/airflow/example_dags/example_branch_python_dop_operator_3.py
[2025-04-13T17:54:07.056+0300] {processor.py:925} INFO - DAG(s) 'example_branch_dop_operator_v3' retrieved from /home/tasneemahmed24/.local/lib/python3.10/site-packages/airflow/example_dags/example_branch_python_dop_operator_3.py
[2025-04-13T17:54:07.073+0300] {logging_mixin.py:190} INFO - [2025-04-13T17:54:07.073+0300] {dag.py:3239} INFO - Sync 1 DAGs
[2025-04-13T17:54:07.099+0300] {logging_mixin.py:190} INFO - [2025-04-13T17:54:07.099+0300] {dag.py:4180} INFO - Setting next_dagrun for example_branch_dop_operator_v3 to 2025-04-13 14:53:00+00:00, run_after=2025-04-13 14:54:00+00:00
[2025-04-13T17:54:07.124+0300] {processor.py:208} INFO - Processing /home/tasneemahmed24/.local/lib/python3.10/site-packages/airflow/example_dags/example_branch_python_dop_operator_3.py took 0.094 seconds
[2025-04-13T17:55:32.627+0300] {processor.py:186} INFO - Started process (PID=45530) to work on /home/tasneemahmed24/.local/lib/python3.10/site-packages/airflow/example_dags/example_branch_python_dop_operator_3.py
[2025-04-13T17:55:32.629+0300] {processor.py:914} INFO - Processing file /home/tasneemahmed24/.local/lib/python3.10/site-packages/airflow/example_dags/example_branch_python_dop_operator_3.py for tasks to queue
[2025-04-13T17:55:32.631+0300] {logging_mixin.py:190} INFO - [2025-04-13T17:55:32.631+0300] {dagbag.py:588} INFO - Filling up the DagBag from /home/tasneemahmed24/.local/lib/python3.10/site-packages/airflow/example_dags/example_branch_python_dop_operator_3.py
[2025-04-13T17:55:32.645+0300] {processor.py:925} INFO - DAG(s) 'example_branch_dop_operator_v3' retrieved from /home/tasneemahmed24/.local/lib/python3.10/site-packages/airflow/example_dags/example_branch_python_dop_operator_3.py
[2025-04-13T17:55:32.661+0300] {logging_mixin.py:190} INFO - [2025-04-13T17:55:32.661+0300] {dag.py:3239} INFO - Sync 1 DAGs
[2025-04-13T17:55:32.687+0300] {logging_mixin.py:190} INFO - [2025-04-13T17:55:32.687+0300] {dag.py:4180} INFO - Setting next_dagrun for example_branch_dop_operator_v3 to 2025-04-13 14:54:00+00:00, run_after=2025-04-13 14:55:00+00:00
[2025-04-13T17:55:32.711+0300] {processor.py:208} INFO - Processing /home/tasneemahmed24/.local/lib/python3.10/site-packages/airflow/example_dags/example_branch_python_dop_operator_3.py took 0.093 seconds
[2025-04-13T17:56:35.037+0300] {processor.py:186} INFO - Started process (PID=45824) to work on /home/tasneemahmed24/.local/lib/python3.10/site-packages/airflow/example_dags/example_branch_python_dop_operator_3.py
[2025-04-13T17:56:35.045+0300] {processor.py:914} INFO - Processing file /home/tasneemahmed24/.local/lib/python3.10/site-packages/airflow/example_dags/example_branch_python_dop_operator_3.py for tasks to queue
[2025-04-13T17:56:35.049+0300] {logging_mixin.py:190} INFO - [2025-04-13T17:56:35.048+0300] {dagbag.py:588} INFO - Filling up the DagBag from /home/tasneemahmed24/.local/lib/python3.10/site-packages/airflow/example_dags/example_branch_python_dop_operator_3.py
[2025-04-13T17:56:35.064+0300] {processor.py:925} INFO - DAG(s) 'example_branch_dop_operator_v3' retrieved from /home/tasneemahmed24/.local/lib/python3.10/site-packages/airflow/example_dags/example_branch_python_dop_operator_3.py
[2025-04-13T17:56:35.079+0300] {logging_mixin.py:190} INFO - [2025-04-13T17:56:35.078+0300] {dag.py:3239} INFO - Sync 1 DAGs
[2025-04-13T17:56:35.100+0300] {logging_mixin.py:190} INFO - [2025-04-13T17:56:35.100+0300] {dag.py:4180} INFO - Setting next_dagrun for example_branch_dop_operator_v3 to 2025-04-13 14:55:00+00:00, run_after=2025-04-13 14:56:00+00:00
[2025-04-13T17:56:35.125+0300] {processor.py:208} INFO - Processing /home/tasneemahmed24/.local/lib/python3.10/site-packages/airflow/example_dags/example_branch_python_dop_operator_3.py took 0.097 seconds
[2025-04-13T17:57:59.127+0300] {processor.py:186} INFO - Started process (PID=46220) to work on /home/tasneemahmed24/.local/lib/python3.10/site-packages/airflow/example_dags/example_branch_python_dop_operator_3.py
[2025-04-13T17:57:59.129+0300] {processor.py:914} INFO - Processing file /home/tasneemahmed24/.local/lib/python3.10/site-packages/airflow/example_dags/example_branch_python_dop_operator_3.py for tasks to queue
[2025-04-13T17:57:59.131+0300] {logging_mixin.py:190} INFO - [2025-04-13T17:57:59.131+0300] {dagbag.py:588} INFO - Filling up the DagBag from /home/tasneemahmed24/.local/lib/python3.10/site-packages/airflow/example_dags/example_branch_python_dop_operator_3.py
[2025-04-13T17:57:59.145+0300] {processor.py:925} INFO - DAG(s) 'example_branch_dop_operator_v3' retrieved from /home/tasneemahmed24/.local/lib/python3.10/site-packages/airflow/example_dags/example_branch_python_dop_operator_3.py
[2025-04-13T17:57:59.160+0300] {logging_mixin.py:190} INFO - [2025-04-13T17:57:59.160+0300] {dag.py:3239} INFO - Sync 1 DAGs
[2025-04-13T17:57:59.182+0300] {logging_mixin.py:190} INFO - [2025-04-13T17:57:59.182+0300] {dag.py:4180} INFO - Setting next_dagrun for example_branch_dop_operator_v3 to 2025-04-13 14:56:00+00:00, run_after=2025-04-13 14:57:00+00:00
[2025-04-13T17:57:59.202+0300] {processor.py:208} INFO - Processing /home/tasneemahmed24/.local/lib/python3.10/site-packages/airflow/example_dags/example_branch_python_dop_operator_3.py took 0.082 seconds
[2025-04-13T17:58:58.503+0300] {processor.py:186} INFO - Started process (PID=46499) to work on /home/tasneemahmed24/.local/lib/python3.10/site-packages/airflow/example_dags/example_branch_python_dop_operator_3.py
[2025-04-13T17:58:58.512+0300] {processor.py:914} INFO - Processing file /home/tasneemahmed24/.local/lib/python3.10/site-packages/airflow/example_dags/example_branch_python_dop_operator_3.py for tasks to queue
[2025-04-13T17:58:58.514+0300] {logging_mixin.py:190} INFO - [2025-04-13T17:58:58.513+0300] {dagbag.py:588} INFO - Filling up the DagBag from /home/tasneemahmed24/.local/lib/python3.10/site-packages/airflow/example_dags/example_branch_python_dop_operator_3.py
[2025-04-13T17:58:58.525+0300] {processor.py:925} INFO - DAG(s) 'example_branch_dop_operator_v3' retrieved from /home/tasneemahmed24/.local/lib/python3.10/site-packages/airflow/example_dags/example_branch_python_dop_operator_3.py
[2025-04-13T17:58:58.541+0300] {logging_mixin.py:190} INFO - [2025-04-13T17:58:58.540+0300] {dag.py:3239} INFO - Sync 1 DAGs
[2025-04-13T17:58:58.563+0300] {logging_mixin.py:190} INFO - [2025-04-13T17:58:58.563+0300] {dag.py:4180} INFO - Setting next_dagrun for example_branch_dop_operator_v3 to 2025-04-13 14:57:00+00:00, run_after=2025-04-13 14:58:00+00:00
[2025-04-13T17:58:58.584+0300] {processor.py:208} INFO - Processing /home/tasneemahmed24/.local/lib/python3.10/site-packages/airflow/example_dags/example_branch_python_dop_operator_3.py took 0.088 seconds
[2025-04-13T18:00:19.730+0300] {processor.py:186} INFO - Started process (PID=46888) to work on /home/tasneemahmed24/.local/lib/python3.10/site-packages/airflow/example_dags/example_branch_python_dop_operator_3.py
[2025-04-13T18:00:19.733+0300] {processor.py:914} INFO - Processing file /home/tasneemahmed24/.local/lib/python3.10/site-packages/airflow/example_dags/example_branch_python_dop_operator_3.py for tasks to queue
[2025-04-13T18:00:19.735+0300] {logging_mixin.py:190} INFO - [2025-04-13T18:00:19.735+0300] {dagbag.py:588} INFO - Filling up the DagBag from /home/tasneemahmed24/.local/lib/python3.10/site-packages/airflow/example_dags/example_branch_python_dop_operator_3.py
[2025-04-13T18:00:19.745+0300] {processor.py:925} INFO - DAG(s) 'example_branch_dop_operator_v3' retrieved from /home/tasneemahmed24/.local/lib/python3.10/site-packages/airflow/example_dags/example_branch_python_dop_operator_3.py
[2025-04-13T18:00:19.761+0300] {logging_mixin.py:190} INFO - [2025-04-13T18:00:19.760+0300] {dag.py:3239} INFO - Sync 1 DAGs
[2025-04-13T18:00:19.786+0300] {logging_mixin.py:190} INFO - [2025-04-13T18:00:19.785+0300] {dag.py:4180} INFO - Setting next_dagrun for example_branch_dop_operator_v3 to 2025-04-13 14:59:00+00:00, run_after=2025-04-13 15:00:00+00:00
[2025-04-13T18:00:19.811+0300] {processor.py:208} INFO - Processing /home/tasneemahmed24/.local/lib/python3.10/site-packages/airflow/example_dags/example_branch_python_dop_operator_3.py took 0.089 seconds
[2025-04-13T18:01:43.138+0300] {processor.py:186} INFO - Started process (PID=47284) to work on /home/tasneemahmed24/.local/lib/python3.10/site-packages/airflow/example_dags/example_branch_python_dop_operator_3.py
[2025-04-13T18:01:43.148+0300] {processor.py:914} INFO - Processing file /home/tasneemahmed24/.local/lib/python3.10/site-packages/airflow/example_dags/example_branch_python_dop_operator_3.py for tasks to queue
[2025-04-13T18:01:43.151+0300] {logging_mixin.py:190} INFO - [2025-04-13T18:01:43.150+0300] {dagbag.py:588} INFO - Filling up the DagBag from /home/tasneemahmed24/.local/lib/python3.10/site-packages/airflow/example_dags/example_branch_python_dop_operator_3.py
[2025-04-13T18:01:43.166+0300] {processor.py:925} INFO - DAG(s) 'example_branch_dop_operator_v3' retrieved from /home/tasneemahmed24/.local/lib/python3.10/site-packages/airflow/example_dags/example_branch_python_dop_operator_3.py
[2025-04-13T18:01:43.179+0300] {logging_mixin.py:190} INFO - [2025-04-13T18:01:43.179+0300] {dag.py:3239} INFO - Sync 1 DAGs
[2025-04-13T18:01:43.201+0300] {logging_mixin.py:190} INFO - [2025-04-13T18:01:43.201+0300] {dag.py:4180} INFO - Setting next_dagrun for example_branch_dop_operator_v3 to 2025-04-13 15:00:00+00:00, run_after=2025-04-13 15:01:00+00:00
[2025-04-13T18:01:43.223+0300] {processor.py:208} INFO - Processing /home/tasneemahmed24/.local/lib/python3.10/site-packages/airflow/example_dags/example_branch_python_dop_operator_3.py took 0.094 seconds
[2025-04-13T18:02:42.554+0300] {processor.py:186} INFO - Started process (PID=47563) to work on /home/tasneemahmed24/.local/lib/python3.10/site-packages/airflow/example_dags/example_branch_python_dop_operator_3.py
[2025-04-13T18:02:42.563+0300] {processor.py:914} INFO - Processing file /home/tasneemahmed24/.local/lib/python3.10/site-packages/airflow/example_dags/example_branch_python_dop_operator_3.py for tasks to queue
[2025-04-13T18:02:42.566+0300] {logging_mixin.py:190} INFO - [2025-04-13T18:02:42.566+0300] {dagbag.py:588} INFO - Filling up the DagBag from /home/tasneemahmed24/.local/lib/python3.10/site-packages/airflow/example_dags/example_branch_python_dop_operator_3.py
[2025-04-13T18:02:42.584+0300] {processor.py:925} INFO - DAG(s) 'example_branch_dop_operator_v3' retrieved from /home/tasneemahmed24/.local/lib/python3.10/site-packages/airflow/example_dags/example_branch_python_dop_operator_3.py
[2025-04-13T18:02:42.600+0300] {logging_mixin.py:190} INFO - [2025-04-13T18:02:42.600+0300] {dag.py:3239} INFO - Sync 1 DAGs
[2025-04-13T18:02:42.621+0300] {logging_mixin.py:190} INFO - [2025-04-13T18:02:42.620+0300] {dag.py:4180} INFO - Setting next_dagrun for example_branch_dop_operator_v3 to 2025-04-13 15:01:00+00:00, run_after=2025-04-13 15:02:00+00:00
[2025-04-13T18:02:42.645+0300] {processor.py:208} INFO - Processing /home/tasneemahmed24/.local/lib/python3.10/site-packages/airflow/example_dags/example_branch_python_dop_operator_3.py took 0.098 seconds
[2025-04-13T18:04:07.271+0300] {processor.py:186} INFO - Started process (PID=47969) to work on /home/tasneemahmed24/.local/lib/python3.10/site-packages/airflow/example_dags/example_branch_python_dop_operator_3.py
[2025-04-13T18:04:07.279+0300] {processor.py:914} INFO - Processing file /home/tasneemahmed24/.local/lib/python3.10/site-packages/airflow/example_dags/example_branch_python_dop_operator_3.py for tasks to queue
[2025-04-13T18:04:07.281+0300] {logging_mixin.py:190} INFO - [2025-04-13T18:04:07.281+0300] {dagbag.py:588} INFO - Filling up the DagBag from /home/tasneemahmed24/.local/lib/python3.10/site-packages/airflow/example_dags/example_branch_python_dop_operator_3.py
[2025-04-13T18:04:07.292+0300] {processor.py:925} INFO - DAG(s) 'example_branch_dop_operator_v3' retrieved from /home/tasneemahmed24/.local/lib/python3.10/site-packages/airflow/example_dags/example_branch_python_dop_operator_3.py
[2025-04-13T18:04:07.306+0300] {logging_mixin.py:190} INFO - [2025-04-13T18:04:07.306+0300] {dag.py:3239} INFO - Sync 1 DAGs
[2025-04-13T18:04:07.328+0300] {logging_mixin.py:190} INFO - [2025-04-13T18:04:07.328+0300] {dag.py:4180} INFO - Setting next_dagrun for example_branch_dop_operator_v3 to 2025-04-13 15:03:00+00:00, run_after=2025-04-13 15:04:00+00:00
[2025-04-13T18:04:07.350+0300] {processor.py:208} INFO - Processing /home/tasneemahmed24/.local/lib/python3.10/site-packages/airflow/example_dags/example_branch_python_dop_operator_3.py took 0.087 seconds
[2025-04-13T18:05:12.762+0300] {processor.py:186} INFO - Started process (PID=48277) to work on /home/tasneemahmed24/.local/lib/python3.10/site-packages/airflow/example_dags/example_branch_python_dop_operator_3.py
[2025-04-13T18:05:12.763+0300] {processor.py:914} INFO - Processing file /home/tasneemahmed24/.local/lib/python3.10/site-packages/airflow/example_dags/example_branch_python_dop_operator_3.py for tasks to queue
[2025-04-13T18:05:12.767+0300] {logging_mixin.py:190} INFO - [2025-04-13T18:05:12.766+0300] {dagbag.py:588} INFO - Filling up the DagBag from /home/tasneemahmed24/.local/lib/python3.10/site-packages/airflow/example_dags/example_branch_python_dop_operator_3.py
[2025-04-13T18:05:12.783+0300] {processor.py:925} INFO - DAG(s) 'example_branch_dop_operator_v3' retrieved from /home/tasneemahmed24/.local/lib/python3.10/site-packages/airflow/example_dags/example_branch_python_dop_operator_3.py
[2025-04-13T18:05:12.803+0300] {logging_mixin.py:190} INFO - [2025-04-13T18:05:12.802+0300] {dag.py:3239} INFO - Sync 1 DAGs
[2025-04-13T18:05:12.831+0300] {logging_mixin.py:190} INFO - [2025-04-13T18:05:12.831+0300] {dag.py:4180} INFO - Setting next_dagrun for example_branch_dop_operator_v3 to 2025-04-13 15:04:00+00:00, run_after=2025-04-13 15:05:00+00:00
[2025-04-13T18:05:12.861+0300] {processor.py:208} INFO - Processing /home/tasneemahmed24/.local/lib/python3.10/site-packages/airflow/example_dags/example_branch_python_dop_operator_3.py took 0.109 seconds
[2025-04-13T18:06:35.211+0300] {processor.py:186} INFO - Started process (PID=48670) to work on /home/tasneemahmed24/.local/lib/python3.10/site-packages/airflow/example_dags/example_branch_python_dop_operator_3.py
[2025-04-13T18:06:35.220+0300] {processor.py:914} INFO - Processing file /home/tasneemahmed24/.local/lib/python3.10/site-packages/airflow/example_dags/example_branch_python_dop_operator_3.py for tasks to queue
[2025-04-13T18:06:35.222+0300] {logging_mixin.py:190} INFO - [2025-04-13T18:06:35.222+0300] {dagbag.py:588} INFO - Filling up the DagBag from /home/tasneemahmed24/.local/lib/python3.10/site-packages/airflow/example_dags/example_branch_python_dop_operator_3.py
[2025-04-13T18:06:35.237+0300] {processor.py:925} INFO - DAG(s) 'example_branch_dop_operator_v3' retrieved from /home/tasneemahmed24/.local/lib/python3.10/site-packages/airflow/example_dags/example_branch_python_dop_operator_3.py
[2025-04-13T18:06:35.259+0300] {logging_mixin.py:190} INFO - [2025-04-13T18:06:35.258+0300] {dag.py:3239} INFO - Sync 1 DAGs
[2025-04-13T18:06:35.290+0300] {logging_mixin.py:190} INFO - [2025-04-13T18:06:35.290+0300] {dag.py:4180} INFO - Setting next_dagrun for example_branch_dop_operator_v3 to 2025-04-13 15:05:00+00:00, run_after=2025-04-13 15:06:00+00:00
[2025-04-13T18:06:35.312+0300] {processor.py:208} INFO - Processing /home/tasneemahmed24/.local/lib/python3.10/site-packages/airflow/example_dags/example_branch_python_dop_operator_3.py took 0.109 seconds
[2025-04-13T18:07:57.703+0300] {processor.py:186} INFO - Started process (PID=49063) to work on /home/tasneemahmed24/.local/lib/python3.10/site-packages/airflow/example_dags/example_branch_python_dop_operator_3.py
[2025-04-13T18:07:57.713+0300] {processor.py:914} INFO - Processing file /home/tasneemahmed24/.local/lib/python3.10/site-packages/airflow/example_dags/example_branch_python_dop_operator_3.py for tasks to queue
[2025-04-13T18:07:57.717+0300] {logging_mixin.py:190} INFO - [2025-04-13T18:07:57.716+0300] {dagbag.py:588} INFO - Filling up the DagBag from /home/tasneemahmed24/.local/lib/python3.10/site-packages/airflow/example_dags/example_branch_python_dop_operator_3.py
[2025-04-13T18:07:57.733+0300] {processor.py:925} INFO - DAG(s) 'example_branch_dop_operator_v3' retrieved from /home/tasneemahmed24/.local/lib/python3.10/site-packages/airflow/example_dags/example_branch_python_dop_operator_3.py
[2025-04-13T18:07:57.754+0300] {logging_mixin.py:190} INFO - [2025-04-13T18:07:57.753+0300] {dag.py:3239} INFO - Sync 1 DAGs
[2025-04-13T18:07:57.782+0300] {logging_mixin.py:190} INFO - [2025-04-13T18:07:57.782+0300] {dag.py:4180} INFO - Setting next_dagrun for example_branch_dop_operator_v3 to 2025-04-13 15:06:00+00:00, run_after=2025-04-13 15:07:00+00:00
[2025-04-13T18:07:57.805+0300] {processor.py:208} INFO - Processing /home/tasneemahmed24/.local/lib/python3.10/site-packages/airflow/example_dags/example_branch_python_dop_operator_3.py took 0.113 seconds
[2025-04-13T18:09:21.798+0300] {processor.py:186} INFO - Started process (PID=49483) to work on /home/tasneemahmed24/.local/lib/python3.10/site-packages/airflow/example_dags/example_branch_python_dop_operator_3.py
[2025-04-13T18:09:21.806+0300] {processor.py:914} INFO - Processing file /home/tasneemahmed24/.local/lib/python3.10/site-packages/airflow/example_dags/example_branch_python_dop_operator_3.py for tasks to queue
[2025-04-13T18:09:21.809+0300] {logging_mixin.py:190} INFO - [2025-04-13T18:09:21.808+0300] {dagbag.py:588} INFO - Filling up the DagBag from /home/tasneemahmed24/.local/lib/python3.10/site-packages/airflow/example_dags/example_branch_python_dop_operator_3.py
[2025-04-13T18:09:21.822+0300] {processor.py:925} INFO - DAG(s) 'example_branch_dop_operator_v3' retrieved from /home/tasneemahmed24/.local/lib/python3.10/site-packages/airflow/example_dags/example_branch_python_dop_operator_3.py
[2025-04-13T18:09:21.836+0300] {logging_mixin.py:190} INFO - [2025-04-13T18:09:21.836+0300] {dag.py:3239} INFO - Sync 1 DAGs
[2025-04-13T18:09:21.859+0300] {logging_mixin.py:190} INFO - [2025-04-13T18:09:21.859+0300] {dag.py:4180} INFO - Setting next_dagrun for example_branch_dop_operator_v3 to 2025-04-13 15:08:00+00:00, run_after=2025-04-13 15:09:00+00:00
[2025-04-13T18:09:21.883+0300] {processor.py:208} INFO - Processing /home/tasneemahmed24/.local/lib/python3.10/site-packages/airflow/example_dags/example_branch_python_dop_operator_3.py took 0.094 seconds
[2025-04-13T18:10:25.024+0300] {processor.py:186} INFO - Started process (PID=49785) to work on /home/tasneemahmed24/.local/lib/python3.10/site-packages/airflow/example_dags/example_branch_python_dop_operator_3.py
[2025-04-13T18:10:25.026+0300] {processor.py:914} INFO - Processing file /home/tasneemahmed24/.local/lib/python3.10/site-packages/airflow/example_dags/example_branch_python_dop_operator_3.py for tasks to queue
[2025-04-13T18:10:25.028+0300] {logging_mixin.py:190} INFO - [2025-04-13T18:10:25.027+0300] {dagbag.py:588} INFO - Filling up the DagBag from /home/tasneemahmed24/.local/lib/python3.10/site-packages/airflow/example_dags/example_branch_python_dop_operator_3.py
[2025-04-13T18:10:25.039+0300] {processor.py:925} INFO - DAG(s) 'example_branch_dop_operator_v3' retrieved from /home/tasneemahmed24/.local/lib/python3.10/site-packages/airflow/example_dags/example_branch_python_dop_operator_3.py
[2025-04-13T18:10:25.052+0300] {logging_mixin.py:190} INFO - [2025-04-13T18:10:25.052+0300] {dag.py:3239} INFO - Sync 1 DAGs
[2025-04-13T18:10:25.075+0300] {logging_mixin.py:190} INFO - [2025-04-13T18:10:25.074+0300] {dag.py:4180} INFO - Setting next_dagrun for example_branch_dop_operator_v3 to 2025-04-13 15:09:00+00:00, run_after=2025-04-13 15:10:00+00:00
[2025-04-13T18:10:25.096+0300] {processor.py:208} INFO - Processing /home/tasneemahmed24/.local/lib/python3.10/site-packages/airflow/example_dags/example_branch_python_dop_operator_3.py took 0.078 seconds
[2025-04-13T18:11:49.959+0300] {processor.py:186} INFO - Started process (PID=50198) to work on /home/tasneemahmed24/.local/lib/python3.10/site-packages/airflow/example_dags/example_branch_python_dop_operator_3.py
[2025-04-13T18:11:49.963+0300] {processor.py:914} INFO - Processing file /home/tasneemahmed24/.local/lib/python3.10/site-packages/airflow/example_dags/example_branch_python_dop_operator_3.py for tasks to queue
[2025-04-13T18:11:49.968+0300] {logging_mixin.py:190} INFO - [2025-04-13T18:11:49.967+0300] {dagbag.py:588} INFO - Filling up the DagBag from /home/tasneemahmed24/.local/lib/python3.10/site-packages/airflow/example_dags/example_branch_python_dop_operator_3.py
[2025-04-13T18:11:49.979+0300] {processor.py:925} INFO - DAG(s) 'example_branch_dop_operator_v3' retrieved from /home/tasneemahmed24/.local/lib/python3.10/site-packages/airflow/example_dags/example_branch_python_dop_operator_3.py
[2025-04-13T18:11:49.995+0300] {logging_mixin.py:190} INFO - [2025-04-13T18:11:49.995+0300] {dag.py:3239} INFO - Sync 1 DAGs
[2025-04-13T18:11:50.018+0300] {logging_mixin.py:190} INFO - [2025-04-13T18:11:50.017+0300] {dag.py:4180} INFO - Setting next_dagrun for example_branch_dop_operator_v3 to 2025-04-13 15:10:00+00:00, run_after=2025-04-13 15:11:00+00:00
[2025-04-13T18:11:50.043+0300] {processor.py:208} INFO - Processing /home/tasneemahmed24/.local/lib/python3.10/site-packages/airflow/example_dags/example_branch_python_dop_operator_3.py took 0.094 seconds
[2025-04-13T18:13:13.969+0300] {processor.py:186} INFO - Started process (PID=50645) to work on /home/tasneemahmed24/.local/lib/python3.10/site-packages/airflow/example_dags/example_branch_python_dop_operator_3.py
[2025-04-13T18:13:13.977+0300] {processor.py:914} INFO - Processing file /home/tasneemahmed24/.local/lib/python3.10/site-packages/airflow/example_dags/example_branch_python_dop_operator_3.py for tasks to queue
[2025-04-13T18:13:13.980+0300] {logging_mixin.py:190} INFO - [2025-04-13T18:13:13.979+0300] {dagbag.py:588} INFO - Filling up the DagBag from /home/tasneemahmed24/.local/lib/python3.10/site-packages/airflow/example_dags/example_branch_python_dop_operator_3.py
[2025-04-13T18:13:13.995+0300] {processor.py:925} INFO - DAG(s) 'example_branch_dop_operator_v3' retrieved from /home/tasneemahmed24/.local/lib/python3.10/site-packages/airflow/example_dags/example_branch_python_dop_operator_3.py
[2025-04-13T18:13:14.011+0300] {logging_mixin.py:190} INFO - [2025-04-13T18:13:14.011+0300] {dag.py:3239} INFO - Sync 1 DAGs
[2025-04-13T18:13:14.043+0300] {logging_mixin.py:190} INFO - [2025-04-13T18:13:14.042+0300] {dag.py:4180} INFO - Setting next_dagrun for example_branch_dop_operator_v3 to 2025-04-13 15:12:00+00:00, run_after=2025-04-13 15:13:00+00:00
[2025-04-13T18:13:14.071+0300] {processor.py:208} INFO - Processing /home/tasneemahmed24/.local/lib/python3.10/site-packages/airflow/example_dags/example_branch_python_dop_operator_3.py took 0.109 seconds
[2025-04-13T18:14:38.268+0300] {processor.py:186} INFO - Started process (PID=51071) to work on /home/tasneemahmed24/.local/lib/python3.10/site-packages/airflow/example_dags/example_branch_python_dop_operator_3.py
[2025-04-13T18:14:38.270+0300] {processor.py:914} INFO - Processing file /home/tasneemahmed24/.local/lib/python3.10/site-packages/airflow/example_dags/example_branch_python_dop_operator_3.py for tasks to queue
[2025-04-13T18:14:38.273+0300] {logging_mixin.py:190} INFO - [2025-04-13T18:14:38.272+0300] {dagbag.py:588} INFO - Filling up the DagBag from /home/tasneemahmed24/.local/lib/python3.10/site-packages/airflow/example_dags/example_branch_python_dop_operator_3.py
[2025-04-13T18:14:38.283+0300] {processor.py:925} INFO - DAG(s) 'example_branch_dop_operator_v3' retrieved from /home/tasneemahmed24/.local/lib/python3.10/site-packages/airflow/example_dags/example_branch_python_dop_operator_3.py
[2025-04-13T18:14:38.298+0300] {logging_mixin.py:190} INFO - [2025-04-13T18:14:38.297+0300] {dag.py:3239} INFO - Sync 1 DAGs
[2025-04-13T18:14:38.319+0300] {logging_mixin.py:190} INFO - [2025-04-13T18:14:38.319+0300] {dag.py:4180} INFO - Setting next_dagrun for example_branch_dop_operator_v3 to 2025-04-13 15:13:00+00:00, run_after=2025-04-13 15:14:00+00:00
[2025-04-13T18:14:38.339+0300] {processor.py:208} INFO - Processing /home/tasneemahmed24/.local/lib/python3.10/site-packages/airflow/example_dags/example_branch_python_dop_operator_3.py took 0.078 seconds
[2025-04-13T18:15:41.211+0300] {processor.py:186} INFO - Started process (PID=51374) to work on /home/tasneemahmed24/.local/lib/python3.10/site-packages/airflow/example_dags/example_branch_python_dop_operator_3.py
[2025-04-13T18:15:41.213+0300] {processor.py:914} INFO - Processing file /home/tasneemahmed24/.local/lib/python3.10/site-packages/airflow/example_dags/example_branch_python_dop_operator_3.py for tasks to queue
[2025-04-13T18:15:41.216+0300] {logging_mixin.py:190} INFO - [2025-04-13T18:15:41.216+0300] {dagbag.py:588} INFO - Filling up the DagBag from /home/tasneemahmed24/.local/lib/python3.10/site-packages/airflow/example_dags/example_branch_python_dop_operator_3.py
[2025-04-13T18:15:41.230+0300] {processor.py:925} INFO - DAG(s) 'example_branch_dop_operator_v3' retrieved from /home/tasneemahmed24/.local/lib/python3.10/site-packages/airflow/example_dags/example_branch_python_dop_operator_3.py
[2025-04-13T18:15:41.249+0300] {logging_mixin.py:190} INFO - [2025-04-13T18:15:41.249+0300] {dag.py:3239} INFO - Sync 1 DAGs
[2025-04-13T18:15:41.273+0300] {logging_mixin.py:190} INFO - [2025-04-13T18:15:41.273+0300] {dag.py:4180} INFO - Setting next_dagrun for example_branch_dop_operator_v3 to 2025-04-13 15:14:00+00:00, run_after=2025-04-13 15:15:00+00:00
[2025-04-13T18:15:41.296+0300] {processor.py:208} INFO - Processing /home/tasneemahmed24/.local/lib/python3.10/site-packages/airflow/example_dags/example_branch_python_dop_operator_3.py took 0.091 seconds
[2025-04-13T18:16:43.782+0300] {processor.py:186} INFO - Started process (PID=51672) to work on /home/tasneemahmed24/.local/lib/python3.10/site-packages/airflow/example_dags/example_branch_python_dop_operator_3.py
[2025-04-13T18:16:43.784+0300] {processor.py:914} INFO - Processing file /home/tasneemahmed24/.local/lib/python3.10/site-packages/airflow/example_dags/example_branch_python_dop_operator_3.py for tasks to queue
[2025-04-13T18:16:43.786+0300] {logging_mixin.py:190} INFO - [2025-04-13T18:16:43.786+0300] {dagbag.py:588} INFO - Filling up the DagBag from /home/tasneemahmed24/.local/lib/python3.10/site-packages/airflow/example_dags/example_branch_python_dop_operator_3.py
[2025-04-13T18:16:43.797+0300] {processor.py:925} INFO - DAG(s) 'example_branch_dop_operator_v3' retrieved from /home/tasneemahmed24/.local/lib/python3.10/site-packages/airflow/example_dags/example_branch_python_dop_operator_3.py
[2025-04-13T18:16:43.811+0300] {logging_mixin.py:190} INFO - [2025-04-13T18:16:43.811+0300] {dag.py:3239} INFO - Sync 1 DAGs
[2025-04-13T18:16:43.834+0300] {logging_mixin.py:190} INFO - [2025-04-13T18:16:43.833+0300] {dag.py:4180} INFO - Setting next_dagrun for example_branch_dop_operator_v3 to 2025-04-13 15:15:00+00:00, run_after=2025-04-13 15:16:00+00:00
[2025-04-13T18:16:43.866+0300] {processor.py:208} INFO - Processing /home/tasneemahmed24/.local/lib/python3.10/site-packages/airflow/example_dags/example_branch_python_dop_operator_3.py took 0.093 seconds
[2025-04-13T18:17:44.071+0300] {processor.py:186} INFO - Started process (PID=51957) to work on /home/tasneemahmed24/.local/lib/python3.10/site-packages/airflow/example_dags/example_branch_python_dop_operator_3.py
[2025-04-13T18:17:44.081+0300] {processor.py:914} INFO - Processing file /home/tasneemahmed24/.local/lib/python3.10/site-packages/airflow/example_dags/example_branch_python_dop_operator_3.py for tasks to queue
[2025-04-13T18:17:44.085+0300] {logging_mixin.py:190} INFO - [2025-04-13T18:17:44.085+0300] {dagbag.py:588} INFO - Filling up the DagBag from /home/tasneemahmed24/.local/lib/python3.10/site-packages/airflow/example_dags/example_branch_python_dop_operator_3.py
[2025-04-13T18:17:44.097+0300] {processor.py:925} INFO - DAG(s) 'example_branch_dop_operator_v3' retrieved from /home/tasneemahmed24/.local/lib/python3.10/site-packages/airflow/example_dags/example_branch_python_dop_operator_3.py
[2025-04-13T18:17:44.114+0300] {logging_mixin.py:190} INFO - [2025-04-13T18:17:44.113+0300] {dag.py:3239} INFO - Sync 1 DAGs
[2025-04-13T18:17:44.138+0300] {logging_mixin.py:190} INFO - [2025-04-13T18:17:44.138+0300] {dag.py:4180} INFO - Setting next_dagrun for example_branch_dop_operator_v3 to 2025-04-13 15:16:00+00:00, run_after=2025-04-13 15:17:00+00:00
[2025-04-13T18:17:44.161+0300] {processor.py:208} INFO - Processing /home/tasneemahmed24/.local/lib/python3.10/site-packages/airflow/example_dags/example_branch_python_dop_operator_3.py took 0.100 seconds
[2025-04-13T18:19:11.565+0300] {processor.py:186} INFO - Started process (PID=52372) to work on /home/tasneemahmed24/.local/lib/python3.10/site-packages/airflow/example_dags/example_branch_python_dop_operator_3.py
[2025-04-13T18:19:11.573+0300] {processor.py:914} INFO - Processing file /home/tasneemahmed24/.local/lib/python3.10/site-packages/airflow/example_dags/example_branch_python_dop_operator_3.py for tasks to queue
[2025-04-13T18:19:11.575+0300] {logging_mixin.py:190} INFO - [2025-04-13T18:19:11.575+0300] {dagbag.py:588} INFO - Filling up the DagBag from /home/tasneemahmed24/.local/lib/python3.10/site-packages/airflow/example_dags/example_branch_python_dop_operator_3.py
[2025-04-13T18:19:11.589+0300] {processor.py:925} INFO - DAG(s) 'example_branch_dop_operator_v3' retrieved from /home/tasneemahmed24/.local/lib/python3.10/site-packages/airflow/example_dags/example_branch_python_dop_operator_3.py
[2025-04-13T18:19:11.603+0300] {logging_mixin.py:190} INFO - [2025-04-13T18:19:11.603+0300] {dag.py:3239} INFO - Sync 1 DAGs
[2025-04-13T18:19:11.628+0300] {logging_mixin.py:190} INFO - [2025-04-13T18:19:11.628+0300] {dag.py:4180} INFO - Setting next_dagrun for example_branch_dop_operator_v3 to 2025-04-13 15:18:00+00:00, run_after=2025-04-13 15:19:00+00:00
[2025-04-13T18:19:11.653+0300] {processor.py:208} INFO - Processing /home/tasneemahmed24/.local/lib/python3.10/site-packages/airflow/example_dags/example_branch_python_dop_operator_3.py took 0.097 seconds
[2025-04-13T18:20:09.202+0300] {processor.py:186} INFO - Started process (PID=52646) to work on /home/tasneemahmed24/.local/lib/python3.10/site-packages/airflow/example_dags/example_branch_python_dop_operator_3.py
[2025-04-13T18:20:09.204+0300] {processor.py:914} INFO - Processing file /home/tasneemahmed24/.local/lib/python3.10/site-packages/airflow/example_dags/example_branch_python_dop_operator_3.py for tasks to queue
[2025-04-13T18:20:09.206+0300] {logging_mixin.py:190} INFO - [2025-04-13T18:20:09.205+0300] {dagbag.py:588} INFO - Filling up the DagBag from /home/tasneemahmed24/.local/lib/python3.10/site-packages/airflow/example_dags/example_branch_python_dop_operator_3.py
[2025-04-13T18:20:09.221+0300] {processor.py:925} INFO - DAG(s) 'example_branch_dop_operator_v3' retrieved from /home/tasneemahmed24/.local/lib/python3.10/site-packages/airflow/example_dags/example_branch_python_dop_operator_3.py
[2025-04-13T18:20:09.239+0300] {logging_mixin.py:190} INFO - [2025-04-13T18:20:09.238+0300] {dag.py:3239} INFO - Sync 1 DAGs
[2025-04-13T18:20:09.259+0300] {logging_mixin.py:190} INFO - [2025-04-13T18:20:09.259+0300] {dag.py:4180} INFO - Setting next_dagrun for example_branch_dop_operator_v3 to 2025-04-13 15:19:00+00:00, run_after=2025-04-13 15:20:00+00:00
[2025-04-13T18:20:09.279+0300] {processor.py:208} INFO - Processing /home/tasneemahmed24/.local/lib/python3.10/site-packages/airflow/example_dags/example_branch_python_dop_operator_3.py took 0.084 seconds
[2025-04-13T18:21:13.226+0300] {processor.py:186} INFO - Started process (PID=52975) to work on /home/tasneemahmed24/.local/lib/python3.10/site-packages/airflow/example_dags/example_branch_python_dop_operator_3.py
[2025-04-13T18:21:13.235+0300] {processor.py:914} INFO - Processing file /home/tasneemahmed24/.local/lib/python3.10/site-packages/airflow/example_dags/example_branch_python_dop_operator_3.py for tasks to queue
[2025-04-13T18:21:13.238+0300] {logging_mixin.py:190} INFO - [2025-04-13T18:21:13.238+0300] {dagbag.py:588} INFO - Filling up the DagBag from /home/tasneemahmed24/.local/lib/python3.10/site-packages/airflow/example_dags/example_branch_python_dop_operator_3.py
[2025-04-13T18:21:13.249+0300] {processor.py:925} INFO - DAG(s) 'example_branch_dop_operator_v3' retrieved from /home/tasneemahmed24/.local/lib/python3.10/site-packages/airflow/example_dags/example_branch_python_dop_operator_3.py
[2025-04-13T18:21:13.270+0300] {logging_mixin.py:190} INFO - [2025-04-13T18:21:13.269+0300] {dag.py:3239} INFO - Sync 1 DAGs
[2025-04-13T18:21:13.294+0300] {logging_mixin.py:190} INFO - [2025-04-13T18:21:13.293+0300] {dag.py:4180} INFO - Setting next_dagrun for example_branch_dop_operator_v3 to 2025-04-13 15:20:00+00:00, run_after=2025-04-13 15:21:00+00:00
[2025-04-13T18:21:13.318+0300] {processor.py:208} INFO - Processing /home/tasneemahmed24/.local/lib/python3.10/site-packages/airflow/example_dags/example_branch_python_dop_operator_3.py took 0.100 seconds
[2025-04-13T18:22:15.117+0300] {processor.py:186} INFO - Started process (PID=53301) to work on /home/tasneemahmed24/.local/lib/python3.10/site-packages/airflow/example_dags/example_branch_python_dop_operator_3.py
[2025-04-13T18:22:15.118+0300] {processor.py:914} INFO - Processing file /home/tasneemahmed24/.local/lib/python3.10/site-packages/airflow/example_dags/example_branch_python_dop_operator_3.py for tasks to queue
[2025-04-13T18:22:15.121+0300] {logging_mixin.py:190} INFO - [2025-04-13T18:22:15.120+0300] {dagbag.py:588} INFO - Filling up the DagBag from /home/tasneemahmed24/.local/lib/python3.10/site-packages/airflow/example_dags/example_branch_python_dop_operator_3.py
[2025-04-13T18:22:15.134+0300] {processor.py:925} INFO - DAG(s) 'example_branch_dop_operator_v3' retrieved from /home/tasneemahmed24/.local/lib/python3.10/site-packages/airflow/example_dags/example_branch_python_dop_operator_3.py
[2025-04-13T18:22:15.149+0300] {logging_mixin.py:190} INFO - [2025-04-13T18:22:15.148+0300] {dag.py:3239} INFO - Sync 1 DAGs
[2025-04-13T18:22:15.170+0300] {logging_mixin.py:190} INFO - [2025-04-13T18:22:15.170+0300] {dag.py:4180} INFO - Setting next_dagrun for example_branch_dop_operator_v3 to 2025-04-13 15:21:00+00:00, run_after=2025-04-13 15:22:00+00:00
[2025-04-13T18:22:15.191+0300] {processor.py:208} INFO - Processing /home/tasneemahmed24/.local/lib/python3.10/site-packages/airflow/example_dags/example_branch_python_dop_operator_3.py took 0.082 seconds
[2025-04-13T18:23:42.009+0300] {processor.py:186} INFO - Started process (PID=53721) to work on /home/tasneemahmed24/.local/lib/python3.10/site-packages/airflow/example_dags/example_branch_python_dop_operator_3.py
[2025-04-13T18:23:42.018+0300] {processor.py:914} INFO - Processing file /home/tasneemahmed24/.local/lib/python3.10/site-packages/airflow/example_dags/example_branch_python_dop_operator_3.py for tasks to queue
[2025-04-13T18:23:42.021+0300] {logging_mixin.py:190} INFO - [2025-04-13T18:23:42.020+0300] {dagbag.py:588} INFO - Filling up the DagBag from /home/tasneemahmed24/.local/lib/python3.10/site-packages/airflow/example_dags/example_branch_python_dop_operator_3.py
[2025-04-13T18:23:42.036+0300] {processor.py:925} INFO - DAG(s) 'example_branch_dop_operator_v3' retrieved from /home/tasneemahmed24/.local/lib/python3.10/site-packages/airflow/example_dags/example_branch_python_dop_operator_3.py
[2025-04-13T18:23:42.058+0300] {logging_mixin.py:190} INFO - [2025-04-13T18:23:42.057+0300] {dag.py:3239} INFO - Sync 1 DAGs
[2025-04-13T18:23:42.087+0300] {logging_mixin.py:190} INFO - [2025-04-13T18:23:42.087+0300] {dag.py:4180} INFO - Setting next_dagrun for example_branch_dop_operator_v3 to 2025-04-13 15:22:00+00:00, run_after=2025-04-13 15:23:00+00:00
[2025-04-13T18:23:42.112+0300] {processor.py:208} INFO - Processing /home/tasneemahmed24/.local/lib/python3.10/site-packages/airflow/example_dags/example_branch_python_dop_operator_3.py took 0.111 seconds
[2025-04-13T18:24:53.039+0300] {processor.py:186} INFO - Started process (PID=54062) to work on /home/tasneemahmed24/.local/lib/python3.10/site-packages/airflow/example_dags/example_branch_python_dop_operator_3.py
[2025-04-13T18:24:53.040+0300] {processor.py:914} INFO - Processing file /home/tasneemahmed24/.local/lib/python3.10/site-packages/airflow/example_dags/example_branch_python_dop_operator_3.py for tasks to queue
[2025-04-13T18:24:53.043+0300] {logging_mixin.py:190} INFO - [2025-04-13T18:24:53.043+0300] {dagbag.py:588} INFO - Filling up the DagBag from /home/tasneemahmed24/.local/lib/python3.10/site-packages/airflow/example_dags/example_branch_python_dop_operator_3.py
[2025-04-13T18:24:53.057+0300] {processor.py:925} INFO - DAG(s) 'example_branch_dop_operator_v3' retrieved from /home/tasneemahmed24/.local/lib/python3.10/site-packages/airflow/example_dags/example_branch_python_dop_operator_3.py
[2025-04-13T18:24:53.071+0300] {logging_mixin.py:190} INFO - [2025-04-13T18:24:53.071+0300] {dag.py:3239} INFO - Sync 1 DAGs
[2025-04-13T18:24:53.096+0300] {logging_mixin.py:190} INFO - [2025-04-13T18:24:53.096+0300] {dag.py:4180} INFO - Setting next_dagrun for example_branch_dop_operator_v3 to 2025-04-13 15:23:00+00:00, run_after=2025-04-13 15:24:00+00:00
[2025-04-13T18:24:53.125+0300] {processor.py:208} INFO - Processing /home/tasneemahmed24/.local/lib/python3.10/site-packages/airflow/example_dags/example_branch_python_dop_operator_3.py took 0.096 seconds
[2025-04-13T18:26:23.301+0300] {processor.py:186} INFO - Started process (PID=54499) to work on /home/tasneemahmed24/.local/lib/python3.10/site-packages/airflow/example_dags/example_branch_python_dop_operator_3.py
[2025-04-13T18:26:23.303+0300] {processor.py:914} INFO - Processing file /home/tasneemahmed24/.local/lib/python3.10/site-packages/airflow/example_dags/example_branch_python_dop_operator_3.py for tasks to queue
[2025-04-13T18:26:23.305+0300] {logging_mixin.py:190} INFO - [2025-04-13T18:26:23.305+0300] {dagbag.py:588} INFO - Filling up the DagBag from /home/tasneemahmed24/.local/lib/python3.10/site-packages/airflow/example_dags/example_branch_python_dop_operator_3.py
[2025-04-13T18:26:23.317+0300] {processor.py:925} INFO - DAG(s) 'example_branch_dop_operator_v3' retrieved from /home/tasneemahmed24/.local/lib/python3.10/site-packages/airflow/example_dags/example_branch_python_dop_operator_3.py
[2025-04-13T18:26:23.334+0300] {logging_mixin.py:190} INFO - [2025-04-13T18:26:23.333+0300] {dag.py:3239} INFO - Sync 1 DAGs
[2025-04-13T18:26:23.374+0300] {logging_mixin.py:190} INFO - [2025-04-13T18:26:23.373+0300] {dag.py:4180} INFO - Setting next_dagrun for example_branch_dop_operator_v3 to 2025-04-13 15:25:00+00:00, run_after=2025-04-13 15:26:00+00:00
[2025-04-13T18:26:23.408+0300] {processor.py:208} INFO - Processing /home/tasneemahmed24/.local/lib/python3.10/site-packages/airflow/example_dags/example_branch_python_dop_operator_3.py took 0.116 seconds
[2025-04-13T18:27:26.351+0300] {processor.py:186} INFO - Started process (PID=54794) to work on /home/tasneemahmed24/.local/lib/python3.10/site-packages/airflow/example_dags/example_branch_python_dop_operator_3.py
[2025-04-13T18:27:26.353+0300] {processor.py:914} INFO - Processing file /home/tasneemahmed24/.local/lib/python3.10/site-packages/airflow/example_dags/example_branch_python_dop_operator_3.py for tasks to queue
[2025-04-13T18:27:26.354+0300] {logging_mixin.py:190} INFO - [2025-04-13T18:27:26.354+0300] {dagbag.py:588} INFO - Filling up the DagBag from /home/tasneemahmed24/.local/lib/python3.10/site-packages/airflow/example_dags/example_branch_python_dop_operator_3.py
[2025-04-13T18:27:26.421+0300] {processor.py:925} INFO - DAG(s) 'example_branch_dop_operator_v3' retrieved from /home/tasneemahmed24/.local/lib/python3.10/site-packages/airflow/example_dags/example_branch_python_dop_operator_3.py
[2025-04-13T18:27:26.470+0300] {logging_mixin.py:190} INFO - [2025-04-13T18:27:26.469+0300] {dag.py:3239} INFO - Sync 1 DAGs
[2025-04-13T18:27:26.513+0300] {logging_mixin.py:190} INFO - [2025-04-13T18:27:26.513+0300] {dag.py:4180} INFO - Setting next_dagrun for example_branch_dop_operator_v3 to 2025-04-13 15:26:00+00:00, run_after=2025-04-13 15:27:00+00:00
[2025-04-13T18:27:26.544+0300] {processor.py:208} INFO - Processing /home/tasneemahmed24/.local/lib/python3.10/site-packages/airflow/example_dags/example_branch_python_dop_operator_3.py took 0.208 seconds
[2025-04-13T18:28:27.229+0300] {processor.py:186} INFO - Started process (PID=55087) to work on /home/tasneemahmed24/.local/lib/python3.10/site-packages/airflow/example_dags/example_branch_python_dop_operator_3.py
[2025-04-13T18:28:27.231+0300] {processor.py:914} INFO - Processing file /home/tasneemahmed24/.local/lib/python3.10/site-packages/airflow/example_dags/example_branch_python_dop_operator_3.py for tasks to queue
[2025-04-13T18:28:27.234+0300] {logging_mixin.py:190} INFO - [2025-04-13T18:28:27.234+0300] {dagbag.py:588} INFO - Filling up the DagBag from /home/tasneemahmed24/.local/lib/python3.10/site-packages/airflow/example_dags/example_branch_python_dop_operator_3.py
[2025-04-13T18:28:27.248+0300] {processor.py:925} INFO - DAG(s) 'example_branch_dop_operator_v3' retrieved from /home/tasneemahmed24/.local/lib/python3.10/site-packages/airflow/example_dags/example_branch_python_dop_operator_3.py
[2025-04-13T18:28:27.265+0300] {logging_mixin.py:190} INFO - [2025-04-13T18:28:27.265+0300] {dag.py:3239} INFO - Sync 1 DAGs
[2025-04-13T18:28:27.289+0300] {logging_mixin.py:190} INFO - [2025-04-13T18:28:27.289+0300] {dag.py:4180} INFO - Setting next_dagrun for example_branch_dop_operator_v3 to 2025-04-13 15:27:00+00:00, run_after=2025-04-13 15:28:00+00:00
[2025-04-13T18:28:27.315+0300] {processor.py:208} INFO - Processing /home/tasneemahmed24/.local/lib/python3.10/site-packages/airflow/example_dags/example_branch_python_dop_operator_3.py took 0.093 seconds
