[2025-04-13T17:18:22.811+0300] {processor.py:186} INFO - Started process (PID=34697) to work on /home/tasneemahmed24/.local/lib/python3.10/site-packages/airflow/example_dags/example_dag_decorator.py
[2025-04-13T17:18:22.811+0300] {processor.py:914} INFO - Processing file /home/tasneemahmed24/.local/lib/python3.10/site-packages/airflow/example_dags/example_dag_decorator.py for tasks to queue
[2025-04-13T17:18:22.813+0300] {logging_mixin.py:190} INFO - [2025-04-13T17:18:22.813+0300] {dagbag.py:588} INFO - Filling up the DagBag from /home/tasneemahmed24/.local/lib/python3.10/site-packages/airflow/example_dags/example_dag_decorator.py
[2025-04-13T17:18:22.954+0300] {processor.py:925} INFO - DAG(s) 'example_dag_decorator' retrieved from /home/tasneemahmed24/.local/lib/python3.10/site-packages/airflow/example_dags/example_dag_decorator.py
[2025-04-13T17:18:23.021+0300] {logging_mixin.py:190} INFO - [2025-04-13T17:18:23.021+0300] {override.py:1901} INFO - Created Permission View: can read on DAG:example_dag_decorator
[2025-04-13T17:18:23.031+0300] {logging_mixin.py:190} INFO - [2025-04-13T17:18:23.030+0300] {override.py:1901} INFO - Created Permission View: can edit on DAG:example_dag_decorator
[2025-04-13T17:18:23.039+0300] {logging_mixin.py:190} INFO - [2025-04-13T17:18:23.038+0300] {override.py:1901} INFO - Created Permission View: can delete on DAG:example_dag_decorator
[2025-04-13T17:18:23.052+0300] {logging_mixin.py:190} INFO - [2025-04-13T17:18:23.051+0300] {override.py:1901} INFO - Created Permission View: can read on DAG Run:example_dag_decorator
[2025-04-13T17:18:23.060+0300] {logging_mixin.py:190} INFO - [2025-04-13T17:18:23.060+0300] {override.py:1901} INFO - Created Permission View: can create on DAG Run:example_dag_decorator
[2025-04-13T17:18:23.067+0300] {logging_mixin.py:190} INFO - [2025-04-13T17:18:23.067+0300] {override.py:1901} INFO - Created Permission View: menu access on DAG Run:example_dag_decorator
[2025-04-13T17:18:23.076+0300] {logging_mixin.py:190} INFO - [2025-04-13T17:18:23.076+0300] {override.py:1901} INFO - Created Permission View: can delete on DAG Run:example_dag_decorator
[2025-04-13T17:18:23.076+0300] {logging_mixin.py:190} INFO - [2025-04-13T17:18:23.076+0300] {dag.py:3239} INFO - Sync 1 DAGs
[2025-04-13T17:18:23.084+0300] {logging_mixin.py:190} INFO - [2025-04-13T17:18:23.083+0300] {dag.py:3262} INFO - Creating ORM DAG for example_dag_decorator
[2025-04-13T17:18:23.084+0300] {logging_mixin.py:190} INFO - [2025-04-13T17:18:23.084+0300] {dag.py:4180} INFO - Setting next_dagrun for example_dag_decorator to None, run_after=None
[2025-04-13T17:18:23.102+0300] {processor.py:208} INFO - Processing /home/tasneemahmed24/.local/lib/python3.10/site-packages/airflow/example_dags/example_dag_decorator.py took 0.295 seconds
[2025-04-13T17:19:22.368+0300] {processor.py:186} INFO - Started process (PID=34981) to work on /home/tasneemahmed24/.local/lib/python3.10/site-packages/airflow/example_dags/example_dag_decorator.py
[2025-04-13T17:19:22.369+0300] {processor.py:914} INFO - Processing file /home/tasneemahmed24/.local/lib/python3.10/site-packages/airflow/example_dags/example_dag_decorator.py for tasks to queue
[2025-04-13T17:19:22.372+0300] {logging_mixin.py:190} INFO - [2025-04-13T17:19:22.371+0300] {dagbag.py:588} INFO - Filling up the DagBag from /home/tasneemahmed24/.local/lib/python3.10/site-packages/airflow/example_dags/example_dag_decorator.py
[2025-04-13T17:19:22.447+0300] {processor.py:925} INFO - DAG(s) 'example_dag_decorator' retrieved from /home/tasneemahmed24/.local/lib/python3.10/site-packages/airflow/example_dags/example_dag_decorator.py
[2025-04-13T17:19:22.522+0300] {logging_mixin.py:190} INFO - [2025-04-13T17:19:22.522+0300] {dag.py:3239} INFO - Sync 1 DAGs
[2025-04-13T17:19:22.534+0300] {logging_mixin.py:190} INFO - [2025-04-13T17:19:22.534+0300] {dag.py:4180} INFO - Setting next_dagrun for example_dag_decorator to None, run_after=None
[2025-04-13T17:19:22.552+0300] {processor.py:208} INFO - Processing /home/tasneemahmed24/.local/lib/python3.10/site-packages/airflow/example_dags/example_dag_decorator.py took 0.191 seconds
[2025-04-13T17:20:36.035+0300] {processor.py:186} INFO - Started process (PID=35329) to work on /home/tasneemahmed24/.local/lib/python3.10/site-packages/airflow/example_dags/example_dag_decorator.py
[2025-04-13T17:20:36.037+0300] {processor.py:914} INFO - Processing file /home/tasneemahmed24/.local/lib/python3.10/site-packages/airflow/example_dags/example_dag_decorator.py for tasks to queue
[2025-04-13T17:20:36.040+0300] {logging_mixin.py:190} INFO - [2025-04-13T17:20:36.039+0300] {dagbag.py:588} INFO - Filling up the DagBag from /home/tasneemahmed24/.local/lib/python3.10/site-packages/airflow/example_dags/example_dag_decorator.py
[2025-04-13T17:20:36.099+0300] {processor.py:925} INFO - DAG(s) 'example_dag_decorator' retrieved from /home/tasneemahmed24/.local/lib/python3.10/site-packages/airflow/example_dags/example_dag_decorator.py
[2025-04-13T17:20:36.174+0300] {logging_mixin.py:190} INFO - [2025-04-13T17:20:36.173+0300] {dag.py:3239} INFO - Sync 1 DAGs
[2025-04-13T17:20:36.181+0300] {logging_mixin.py:190} INFO - [2025-04-13T17:20:36.181+0300] {dag.py:4180} INFO - Setting next_dagrun for example_dag_decorator to None, run_after=None
[2025-04-13T17:20:36.199+0300] {processor.py:208} INFO - Processing /home/tasneemahmed24/.local/lib/python3.10/site-packages/airflow/example_dags/example_dag_decorator.py took 0.170 seconds
[2025-04-13T17:21:34.422+0300] {processor.py:186} INFO - Started process (PID=35601) to work on /home/tasneemahmed24/.local/lib/python3.10/site-packages/airflow/example_dags/example_dag_decorator.py
[2025-04-13T17:21:34.423+0300] {processor.py:914} INFO - Processing file /home/tasneemahmed24/.local/lib/python3.10/site-packages/airflow/example_dags/example_dag_decorator.py for tasks to queue
[2025-04-13T17:21:34.425+0300] {logging_mixin.py:190} INFO - [2025-04-13T17:21:34.425+0300] {dagbag.py:588} INFO - Filling up the DagBag from /home/tasneemahmed24/.local/lib/python3.10/site-packages/airflow/example_dags/example_dag_decorator.py
[2025-04-13T17:21:34.559+0300] {processor.py:925} INFO - DAG(s) 'example_dag_decorator' retrieved from /home/tasneemahmed24/.local/lib/python3.10/site-packages/airflow/example_dags/example_dag_decorator.py
[2025-04-13T17:21:34.684+0300] {logging_mixin.py:190} INFO - [2025-04-13T17:21:34.684+0300] {dag.py:3239} INFO - Sync 1 DAGs
[2025-04-13T17:21:34.699+0300] {logging_mixin.py:190} INFO - [2025-04-13T17:21:34.699+0300] {dag.py:4180} INFO - Setting next_dagrun for example_dag_decorator to None, run_after=None
[2025-04-13T17:21:34.725+0300] {processor.py:208} INFO - Processing /home/tasneemahmed24/.local/lib/python3.10/site-packages/airflow/example_dags/example_dag_decorator.py took 0.310 seconds
[2025-04-13T17:22:57.731+0300] {processor.py:186} INFO - Started process (PID=35993) to work on /home/tasneemahmed24/.local/lib/python3.10/site-packages/airflow/example_dags/example_dag_decorator.py
[2025-04-13T17:22:57.732+0300] {processor.py:914} INFO - Processing file /home/tasneemahmed24/.local/lib/python3.10/site-packages/airflow/example_dags/example_dag_decorator.py for tasks to queue
[2025-04-13T17:22:57.734+0300] {logging_mixin.py:190} INFO - [2025-04-13T17:22:57.733+0300] {dagbag.py:588} INFO - Filling up the DagBag from /home/tasneemahmed24/.local/lib/python3.10/site-packages/airflow/example_dags/example_dag_decorator.py
[2025-04-13T17:22:57.793+0300] {processor.py:925} INFO - DAG(s) 'example_dag_decorator' retrieved from /home/tasneemahmed24/.local/lib/python3.10/site-packages/airflow/example_dags/example_dag_decorator.py
[2025-04-13T17:22:57.860+0300] {logging_mixin.py:190} INFO - [2025-04-13T17:22:57.859+0300] {dag.py:3239} INFO - Sync 1 DAGs
[2025-04-13T17:22:57.869+0300] {logging_mixin.py:190} INFO - [2025-04-13T17:22:57.869+0300] {dag.py:4180} INFO - Setting next_dagrun for example_dag_decorator to None, run_after=None
[2025-04-13T17:22:57.891+0300] {processor.py:208} INFO - Processing /home/tasneemahmed24/.local/lib/python3.10/site-packages/airflow/example_dags/example_dag_decorator.py took 0.166 seconds
[2025-04-13T17:24:18.957+0300] {processor.py:186} INFO - Started process (PID=36379) to work on /home/tasneemahmed24/.local/lib/python3.10/site-packages/airflow/example_dags/example_dag_decorator.py
[2025-04-13T17:24:18.959+0300] {processor.py:914} INFO - Processing file /home/tasneemahmed24/.local/lib/python3.10/site-packages/airflow/example_dags/example_dag_decorator.py for tasks to queue
[2025-04-13T17:24:18.960+0300] {logging_mixin.py:190} INFO - [2025-04-13T17:24:18.960+0300] {dagbag.py:588} INFO - Filling up the DagBag from /home/tasneemahmed24/.local/lib/python3.10/site-packages/airflow/example_dags/example_dag_decorator.py
[2025-04-13T17:24:19.009+0300] {processor.py:925} INFO - DAG(s) 'example_dag_decorator' retrieved from /home/tasneemahmed24/.local/lib/python3.10/site-packages/airflow/example_dags/example_dag_decorator.py
[2025-04-13T17:24:19.065+0300] {logging_mixin.py:190} INFO - [2025-04-13T17:24:19.065+0300] {dag.py:3239} INFO - Sync 1 DAGs
[2025-04-13T17:24:19.085+0300] {logging_mixin.py:190} INFO - [2025-04-13T17:24:19.085+0300] {dag.py:4180} INFO - Setting next_dagrun for example_dag_decorator to None, run_after=None
[2025-04-13T17:24:19.107+0300] {processor.py:208} INFO - Processing /home/tasneemahmed24/.local/lib/python3.10/site-packages/airflow/example_dags/example_dag_decorator.py took 0.156 seconds
[2025-04-13T17:25:39.736+0300] {processor.py:186} INFO - Started process (PID=36768) to work on /home/tasneemahmed24/.local/lib/python3.10/site-packages/airflow/example_dags/example_dag_decorator.py
[2025-04-13T17:25:39.738+0300] {processor.py:914} INFO - Processing file /home/tasneemahmed24/.local/lib/python3.10/site-packages/airflow/example_dags/example_dag_decorator.py for tasks to queue
[2025-04-13T17:25:39.740+0300] {logging_mixin.py:190} INFO - [2025-04-13T17:25:39.740+0300] {dagbag.py:588} INFO - Filling up the DagBag from /home/tasneemahmed24/.local/lib/python3.10/site-packages/airflow/example_dags/example_dag_decorator.py
[2025-04-13T17:25:39.803+0300] {processor.py:925} INFO - DAG(s) 'example_dag_decorator' retrieved from /home/tasneemahmed24/.local/lib/python3.10/site-packages/airflow/example_dags/example_dag_decorator.py
[2025-04-13T17:25:39.866+0300] {logging_mixin.py:190} INFO - [2025-04-13T17:25:39.865+0300] {dag.py:3239} INFO - Sync 1 DAGs
[2025-04-13T17:25:39.871+0300] {logging_mixin.py:190} INFO - [2025-04-13T17:25:39.871+0300] {dag.py:4180} INFO - Setting next_dagrun for example_dag_decorator to None, run_after=None
[2025-04-13T17:25:39.887+0300] {processor.py:208} INFO - Processing /home/tasneemahmed24/.local/lib/python3.10/site-packages/airflow/example_dags/example_dag_decorator.py took 0.157 seconds
[2025-04-13T17:26:59.089+0300] {processor.py:186} INFO - Started process (PID=37148) to work on /home/tasneemahmed24/.local/lib/python3.10/site-packages/airflow/example_dags/example_dag_decorator.py
[2025-04-13T17:26:59.090+0300] {processor.py:914} INFO - Processing file /home/tasneemahmed24/.local/lib/python3.10/site-packages/airflow/example_dags/example_dag_decorator.py for tasks to queue
[2025-04-13T17:26:59.092+0300] {logging_mixin.py:190} INFO - [2025-04-13T17:26:59.092+0300] {dagbag.py:588} INFO - Filling up the DagBag from /home/tasneemahmed24/.local/lib/python3.10/site-packages/airflow/example_dags/example_dag_decorator.py
[2025-04-13T17:26:59.139+0300] {processor.py:925} INFO - DAG(s) 'example_dag_decorator' retrieved from /home/tasneemahmed24/.local/lib/python3.10/site-packages/airflow/example_dags/example_dag_decorator.py
[2025-04-13T17:26:59.197+0300] {logging_mixin.py:190} INFO - [2025-04-13T17:26:59.196+0300] {dag.py:3239} INFO - Sync 1 DAGs
[2025-04-13T17:26:59.206+0300] {logging_mixin.py:190} INFO - [2025-04-13T17:26:59.205+0300] {dag.py:4180} INFO - Setting next_dagrun for example_dag_decorator to None, run_after=None
[2025-04-13T17:26:59.223+0300] {processor.py:208} INFO - Processing /home/tasneemahmed24/.local/lib/python3.10/site-packages/airflow/example_dags/example_dag_decorator.py took 0.140 seconds
[2025-04-13T17:28:19.410+0300] {processor.py:186} INFO - Started process (PID=37532) to work on /home/tasneemahmed24/.local/lib/python3.10/site-packages/airflow/example_dags/example_dag_decorator.py
[2025-04-13T17:28:19.413+0300] {processor.py:914} INFO - Processing file /home/tasneemahmed24/.local/lib/python3.10/site-packages/airflow/example_dags/example_dag_decorator.py for tasks to queue
[2025-04-13T17:28:19.420+0300] {logging_mixin.py:190} INFO - [2025-04-13T17:28:19.418+0300] {dagbag.py:588} INFO - Filling up the DagBag from /home/tasneemahmed24/.local/lib/python3.10/site-packages/airflow/example_dags/example_dag_decorator.py
[2025-04-13T17:28:19.613+0300] {processor.py:925} INFO - DAG(s) 'example_dag_decorator' retrieved from /home/tasneemahmed24/.local/lib/python3.10/site-packages/airflow/example_dags/example_dag_decorator.py
[2025-04-13T17:28:19.664+0300] {logging_mixin.py:190} INFO - [2025-04-13T17:28:19.663+0300] {dag.py:3239} INFO - Sync 1 DAGs
[2025-04-13T17:28:19.689+0300] {logging_mixin.py:190} INFO - [2025-04-13T17:28:19.688+0300] {dag.py:4180} INFO - Setting next_dagrun for example_dag_decorator to None, run_after=None
[2025-04-13T17:28:19.714+0300] {processor.py:208} INFO - Processing /home/tasneemahmed24/.local/lib/python3.10/site-packages/airflow/example_dags/example_dag_decorator.py took 0.318 seconds
[2025-04-13T17:29:15.586+0300] {processor.py:186} INFO - Started process (PID=37799) to work on /home/tasneemahmed24/.local/lib/python3.10/site-packages/airflow/example_dags/example_dag_decorator.py
[2025-04-13T17:29:15.587+0300] {processor.py:914} INFO - Processing file /home/tasneemahmed24/.local/lib/python3.10/site-packages/airflow/example_dags/example_dag_decorator.py for tasks to queue
[2025-04-13T17:29:15.589+0300] {logging_mixin.py:190} INFO - [2025-04-13T17:29:15.589+0300] {dagbag.py:588} INFO - Filling up the DagBag from /home/tasneemahmed24/.local/lib/python3.10/site-packages/airflow/example_dags/example_dag_decorator.py
[2025-04-13T17:29:15.639+0300] {processor.py:925} INFO - DAG(s) 'example_dag_decorator' retrieved from /home/tasneemahmed24/.local/lib/python3.10/site-packages/airflow/example_dags/example_dag_decorator.py
[2025-04-13T17:29:15.652+0300] {logging_mixin.py:190} INFO - [2025-04-13T17:29:15.652+0300] {dag.py:3239} INFO - Sync 1 DAGs
[2025-04-13T17:29:15.661+0300] {logging_mixin.py:190} INFO - [2025-04-13T17:29:15.661+0300] {dag.py:4180} INFO - Setting next_dagrun for example_dag_decorator to None, run_after=None
[2025-04-13T17:29:15.679+0300] {processor.py:208} INFO - Processing /home/tasneemahmed24/.local/lib/python3.10/site-packages/airflow/example_dags/example_dag_decorator.py took 0.098 seconds
[2025-04-13T17:30:33.744+0300] {processor.py:186} INFO - Started process (PID=38167) to work on /home/tasneemahmed24/.local/lib/python3.10/site-packages/airflow/example_dags/example_dag_decorator.py
[2025-04-13T17:30:33.747+0300] {processor.py:914} INFO - Processing file /home/tasneemahmed24/.local/lib/python3.10/site-packages/airflow/example_dags/example_dag_decorator.py for tasks to queue
[2025-04-13T17:30:33.753+0300] {logging_mixin.py:190} INFO - [2025-04-13T17:30:33.752+0300] {dagbag.py:588} INFO - Filling up the DagBag from /home/tasneemahmed24/.local/lib/python3.10/site-packages/airflow/example_dags/example_dag_decorator.py
[2025-04-13T17:30:33.885+0300] {processor.py:925} INFO - DAG(s) 'example_dag_decorator' retrieved from /home/tasneemahmed24/.local/lib/python3.10/site-packages/airflow/example_dags/example_dag_decorator.py
[2025-04-13T17:30:34.050+0300] {logging_mixin.py:190} INFO - [2025-04-13T17:30:34.049+0300] {dag.py:3239} INFO - Sync 1 DAGs
[2025-04-13T17:30:34.066+0300] {logging_mixin.py:190} INFO - [2025-04-13T17:30:34.066+0300] {dag.py:4180} INFO - Setting next_dagrun for example_dag_decorator to None, run_after=None
[2025-04-13T17:30:34.092+0300] {processor.py:208} INFO - Processing /home/tasneemahmed24/.local/lib/python3.10/site-packages/airflow/example_dags/example_dag_decorator.py took 0.354 seconds
[2025-04-13T17:31:53.958+0300] {processor.py:186} INFO - Started process (PID=38550) to work on /home/tasneemahmed24/.local/lib/python3.10/site-packages/airflow/example_dags/example_dag_decorator.py
[2025-04-13T17:31:53.960+0300] {processor.py:914} INFO - Processing file /home/tasneemahmed24/.local/lib/python3.10/site-packages/airflow/example_dags/example_dag_decorator.py for tasks to queue
[2025-04-13T17:31:53.962+0300] {logging_mixin.py:190} INFO - [2025-04-13T17:31:53.962+0300] {dagbag.py:588} INFO - Filling up the DagBag from /home/tasneemahmed24/.local/lib/python3.10/site-packages/airflow/example_dags/example_dag_decorator.py
[2025-04-13T17:31:54.015+0300] {processor.py:925} INFO - DAG(s) 'example_dag_decorator' retrieved from /home/tasneemahmed24/.local/lib/python3.10/site-packages/airflow/example_dags/example_dag_decorator.py
[2025-04-13T17:31:54.080+0300] {logging_mixin.py:190} INFO - [2025-04-13T17:31:54.079+0300] {dag.py:3239} INFO - Sync 1 DAGs
[2025-04-13T17:31:54.090+0300] {logging_mixin.py:190} INFO - [2025-04-13T17:31:54.090+0300] {dag.py:4180} INFO - Setting next_dagrun for example_dag_decorator to None, run_after=None
[2025-04-13T17:31:54.110+0300] {processor.py:208} INFO - Processing /home/tasneemahmed24/.local/lib/python3.10/site-packages/airflow/example_dags/example_dag_decorator.py took 0.157 seconds
[2025-04-13T17:33:24.082+0300] {processor.py:186} INFO - Started process (PID=38993) to work on /home/tasneemahmed24/.local/lib/python3.10/site-packages/airflow/example_dags/example_dag_decorator.py
[2025-04-13T17:33:24.085+0300] {processor.py:914} INFO - Processing file /home/tasneemahmed24/.local/lib/python3.10/site-packages/airflow/example_dags/example_dag_decorator.py for tasks to queue
[2025-04-13T17:33:24.086+0300] {logging_mixin.py:190} INFO - [2025-04-13T17:33:24.086+0300] {dagbag.py:588} INFO - Filling up the DagBag from /home/tasneemahmed24/.local/lib/python3.10/site-packages/airflow/example_dags/example_dag_decorator.py
[2025-04-13T17:33:24.175+0300] {processor.py:925} INFO - DAG(s) 'example_dag_decorator' retrieved from /home/tasneemahmed24/.local/lib/python3.10/site-packages/airflow/example_dags/example_dag_decorator.py
[2025-04-13T17:33:24.487+0300] {logging_mixin.py:190} INFO - [2025-04-13T17:33:24.487+0300] {dag.py:3239} INFO - Sync 1 DAGs
[2025-04-13T17:33:24.512+0300] {logging_mixin.py:190} INFO - [2025-04-13T17:33:24.511+0300] {dag.py:4180} INFO - Setting next_dagrun for example_dag_decorator to None, run_after=None
[2025-04-13T17:33:24.551+0300] {processor.py:208} INFO - Processing /home/tasneemahmed24/.local/lib/python3.10/site-packages/airflow/example_dags/example_dag_decorator.py took 0.475 seconds
[2025-04-13T17:34:23.609+0300] {processor.py:186} INFO - Started process (PID=39288) to work on /home/tasneemahmed24/.local/lib/python3.10/site-packages/airflow/example_dags/example_dag_decorator.py
[2025-04-13T17:34:23.613+0300] {processor.py:914} INFO - Processing file /home/tasneemahmed24/.local/lib/python3.10/site-packages/airflow/example_dags/example_dag_decorator.py for tasks to queue
[2025-04-13T17:34:23.616+0300] {logging_mixin.py:190} INFO - [2025-04-13T17:34:23.616+0300] {dagbag.py:588} INFO - Filling up the DagBag from /home/tasneemahmed24/.local/lib/python3.10/site-packages/airflow/example_dags/example_dag_decorator.py
[2025-04-13T17:34:23.789+0300] {processor.py:925} INFO - DAG(s) 'example_dag_decorator' retrieved from /home/tasneemahmed24/.local/lib/python3.10/site-packages/airflow/example_dags/example_dag_decorator.py
[2025-04-13T17:34:23.942+0300] {logging_mixin.py:190} INFO - [2025-04-13T17:34:23.941+0300] {dag.py:3239} INFO - Sync 1 DAGs
[2025-04-13T17:34:23.963+0300] {logging_mixin.py:190} INFO - [2025-04-13T17:34:23.963+0300] {dag.py:4180} INFO - Setting next_dagrun for example_dag_decorator to None, run_after=None
[2025-04-13T17:34:24.014+0300] {processor.py:208} INFO - Processing /home/tasneemahmed24/.local/lib/python3.10/site-packages/airflow/example_dags/example_dag_decorator.py took 0.422 seconds
[2025-04-13T17:35:53.620+0300] {processor.py:186} INFO - Started process (PID=39748) to work on /home/tasneemahmed24/.local/lib/python3.10/site-packages/airflow/example_dags/example_dag_decorator.py
[2025-04-13T17:35:53.622+0300] {processor.py:914} INFO - Processing file /home/tasneemahmed24/.local/lib/python3.10/site-packages/airflow/example_dags/example_dag_decorator.py for tasks to queue
[2025-04-13T17:35:53.623+0300] {logging_mixin.py:190} INFO - [2025-04-13T17:35:53.623+0300] {dagbag.py:588} INFO - Filling up the DagBag from /home/tasneemahmed24/.local/lib/python3.10/site-packages/airflow/example_dags/example_dag_decorator.py
[2025-04-13T17:35:53.673+0300] {processor.py:925} INFO - DAG(s) 'example_dag_decorator' retrieved from /home/tasneemahmed24/.local/lib/python3.10/site-packages/airflow/example_dags/example_dag_decorator.py
[2025-04-13T17:35:53.740+0300] {logging_mixin.py:190} INFO - [2025-04-13T17:35:53.740+0300] {dag.py:3239} INFO - Sync 1 DAGs
[2025-04-13T17:35:53.747+0300] {logging_mixin.py:190} INFO - [2025-04-13T17:35:53.747+0300] {dag.py:4180} INFO - Setting next_dagrun for example_dag_decorator to None, run_after=None
[2025-04-13T17:35:53.765+0300] {processor.py:208} INFO - Processing /home/tasneemahmed24/.local/lib/python3.10/site-packages/airflow/example_dags/example_dag_decorator.py took 0.150 seconds
[2025-04-13T17:36:53.143+0300] {processor.py:186} INFO - Started process (PID=40028) to work on /home/tasneemahmed24/.local/lib/python3.10/site-packages/airflow/example_dags/example_dag_decorator.py
[2025-04-13T17:36:53.144+0300] {processor.py:914} INFO - Processing file /home/tasneemahmed24/.local/lib/python3.10/site-packages/airflow/example_dags/example_dag_decorator.py for tasks to queue
[2025-04-13T17:36:53.146+0300] {logging_mixin.py:190} INFO - [2025-04-13T17:36:53.145+0300] {dagbag.py:588} INFO - Filling up the DagBag from /home/tasneemahmed24/.local/lib/python3.10/site-packages/airflow/example_dags/example_dag_decorator.py
[2025-04-13T17:36:53.238+0300] {processor.py:925} INFO - DAG(s) 'example_dag_decorator' retrieved from /home/tasneemahmed24/.local/lib/python3.10/site-packages/airflow/example_dags/example_dag_decorator.py
[2025-04-13T17:36:53.330+0300] {logging_mixin.py:190} INFO - [2025-04-13T17:36:53.330+0300] {dag.py:3239} INFO - Sync 1 DAGs
[2025-04-13T17:36:53.343+0300] {logging_mixin.py:190} INFO - [2025-04-13T17:36:53.342+0300] {dag.py:4180} INFO - Setting next_dagrun for example_dag_decorator to None, run_after=None
[2025-04-13T17:36:53.360+0300] {processor.py:208} INFO - Processing /home/tasneemahmed24/.local/lib/python3.10/site-packages/airflow/example_dags/example_dag_decorator.py took 0.225 seconds
[2025-04-13T17:37:49.774+0300] {processor.py:186} INFO - Started process (PID=40316) to work on /home/tasneemahmed24/.local/lib/python3.10/site-packages/airflow/example_dags/example_dag_decorator.py
[2025-04-13T17:37:49.776+0300] {processor.py:914} INFO - Processing file /home/tasneemahmed24/.local/lib/python3.10/site-packages/airflow/example_dags/example_dag_decorator.py for tasks to queue
[2025-04-13T17:37:49.778+0300] {logging_mixin.py:190} INFO - [2025-04-13T17:37:49.778+0300] {dagbag.py:588} INFO - Filling up the DagBag from /home/tasneemahmed24/.local/lib/python3.10/site-packages/airflow/example_dags/example_dag_decorator.py
[2025-04-13T17:37:49.836+0300] {processor.py:925} INFO - DAG(s) 'example_dag_decorator' retrieved from /home/tasneemahmed24/.local/lib/python3.10/site-packages/airflow/example_dags/example_dag_decorator.py
[2025-04-13T17:37:49.948+0300] {logging_mixin.py:190} INFO - [2025-04-13T17:37:49.948+0300] {dag.py:3239} INFO - Sync 1 DAGs
[2025-04-13T17:37:49.959+0300] {logging_mixin.py:190} INFO - [2025-04-13T17:37:49.959+0300] {dag.py:4180} INFO - Setting next_dagrun for example_dag_decorator to None, run_after=None
[2025-04-13T17:37:49.975+0300] {processor.py:208} INFO - Processing /home/tasneemahmed24/.local/lib/python3.10/site-packages/airflow/example_dags/example_dag_decorator.py took 0.206 seconds
[2025-04-13T17:38:48.052+0300] {processor.py:186} INFO - Started process (PID=40605) to work on /home/tasneemahmed24/.local/lib/python3.10/site-packages/airflow/example_dags/example_dag_decorator.py
[2025-04-13T17:38:48.053+0300] {processor.py:914} INFO - Processing file /home/tasneemahmed24/.local/lib/python3.10/site-packages/airflow/example_dags/example_dag_decorator.py for tasks to queue
[2025-04-13T17:38:48.055+0300] {logging_mixin.py:190} INFO - [2025-04-13T17:38:48.055+0300] {dagbag.py:588} INFO - Filling up the DagBag from /home/tasneemahmed24/.local/lib/python3.10/site-packages/airflow/example_dags/example_dag_decorator.py
[2025-04-13T17:38:48.244+0300] {processor.py:925} INFO - DAG(s) 'example_dag_decorator' retrieved from /home/tasneemahmed24/.local/lib/python3.10/site-packages/airflow/example_dags/example_dag_decorator.py
[2025-04-13T17:38:48.471+0300] {logging_mixin.py:190} INFO - [2025-04-13T17:38:48.470+0300] {dag.py:3239} INFO - Sync 1 DAGs
[2025-04-13T17:38:48.492+0300] {logging_mixin.py:190} INFO - [2025-04-13T17:38:48.491+0300] {dag.py:4180} INFO - Setting next_dagrun for example_dag_decorator to None, run_after=None
[2025-04-13T17:38:48.533+0300] {processor.py:208} INFO - Processing /home/tasneemahmed24/.local/lib/python3.10/site-packages/airflow/example_dags/example_dag_decorator.py took 0.487 seconds
[2025-04-13T17:39:46.525+0300] {processor.py:186} INFO - Started process (PID=40890) to work on /home/tasneemahmed24/.local/lib/python3.10/site-packages/airflow/example_dags/example_dag_decorator.py
[2025-04-13T17:39:46.527+0300] {processor.py:914} INFO - Processing file /home/tasneemahmed24/.local/lib/python3.10/site-packages/airflow/example_dags/example_dag_decorator.py for tasks to queue
[2025-04-13T17:39:46.529+0300] {logging_mixin.py:190} INFO - [2025-04-13T17:39:46.528+0300] {dagbag.py:588} INFO - Filling up the DagBag from /home/tasneemahmed24/.local/lib/python3.10/site-packages/airflow/example_dags/example_dag_decorator.py
[2025-04-13T17:39:46.575+0300] {processor.py:925} INFO - DAG(s) 'example_dag_decorator' retrieved from /home/tasneemahmed24/.local/lib/python3.10/site-packages/airflow/example_dags/example_dag_decorator.py
[2025-04-13T17:39:46.752+0300] {logging_mixin.py:190} INFO - [2025-04-13T17:39:46.752+0300] {dag.py:3239} INFO - Sync 1 DAGs
[2025-04-13T17:39:46.763+0300] {logging_mixin.py:190} INFO - [2025-04-13T17:39:46.763+0300] {dag.py:4180} INFO - Setting next_dagrun for example_dag_decorator to None, run_after=None
[2025-04-13T17:39:46.883+0300] {processor.py:208} INFO - Processing /home/tasneemahmed24/.local/lib/python3.10/site-packages/airflow/example_dags/example_dag_decorator.py took 0.363 seconds
[2025-04-13T17:40:44.668+0300] {processor.py:186} INFO - Started process (PID=41171) to work on /home/tasneemahmed24/.local/lib/python3.10/site-packages/airflow/example_dags/example_dag_decorator.py
[2025-04-13T17:40:44.689+0300] {processor.py:914} INFO - Processing file /home/tasneemahmed24/.local/lib/python3.10/site-packages/airflow/example_dags/example_dag_decorator.py for tasks to queue
[2025-04-13T17:40:44.691+0300] {logging_mixin.py:190} INFO - [2025-04-13T17:40:44.691+0300] {dagbag.py:588} INFO - Filling up the DagBag from /home/tasneemahmed24/.local/lib/python3.10/site-packages/airflow/example_dags/example_dag_decorator.py
[2025-04-13T17:40:44.741+0300] {processor.py:925} INFO - DAG(s) 'example_dag_decorator' retrieved from /home/tasneemahmed24/.local/lib/python3.10/site-packages/airflow/example_dags/example_dag_decorator.py
[2025-04-13T17:40:44.802+0300] {logging_mixin.py:190} INFO - [2025-04-13T17:40:44.802+0300] {dag.py:3239} INFO - Sync 1 DAGs
[2025-04-13T17:40:44.809+0300] {logging_mixin.py:190} INFO - [2025-04-13T17:40:44.809+0300] {dag.py:4180} INFO - Setting next_dagrun for example_dag_decorator to None, run_after=None
[2025-04-13T17:40:44.860+0300] {processor.py:208} INFO - Processing /home/tasneemahmed24/.local/lib/python3.10/site-packages/airflow/example_dags/example_dag_decorator.py took 0.198 seconds
[2025-04-13T17:42:07.145+0300] {processor.py:186} INFO - Started process (PID=41595) to work on /home/tasneemahmed24/.local/lib/python3.10/site-packages/airflow/example_dags/example_dag_decorator.py
[2025-04-13T17:42:07.147+0300] {processor.py:914} INFO - Processing file /home/tasneemahmed24/.local/lib/python3.10/site-packages/airflow/example_dags/example_dag_decorator.py for tasks to queue
[2025-04-13T17:42:07.149+0300] {logging_mixin.py:190} INFO - [2025-04-13T17:42:07.149+0300] {dagbag.py:588} INFO - Filling up the DagBag from /home/tasneemahmed24/.local/lib/python3.10/site-packages/airflow/example_dags/example_dag_decorator.py
[2025-04-13T17:42:07.273+0300] {processor.py:925} INFO - DAG(s) 'example_dag_decorator' retrieved from /home/tasneemahmed24/.local/lib/python3.10/site-packages/airflow/example_dags/example_dag_decorator.py
[2025-04-13T17:42:07.384+0300] {logging_mixin.py:190} INFO - [2025-04-13T17:42:07.384+0300] {dag.py:3239} INFO - Sync 1 DAGs
[2025-04-13T17:42:07.396+0300] {logging_mixin.py:190} INFO - [2025-04-13T17:42:07.396+0300] {dag.py:4180} INFO - Setting next_dagrun for example_dag_decorator to None, run_after=None
[2025-04-13T17:42:07.417+0300] {processor.py:208} INFO - Processing /home/tasneemahmed24/.local/lib/python3.10/site-packages/airflow/example_dags/example_dag_decorator.py took 0.277 seconds
[2025-04-13T17:43:06.032+0300] {processor.py:186} INFO - Started process (PID=41909) to work on /home/tasneemahmed24/.local/lib/python3.10/site-packages/airflow/example_dags/example_dag_decorator.py
[2025-04-13T17:43:06.033+0300] {processor.py:914} INFO - Processing file /home/tasneemahmed24/.local/lib/python3.10/site-packages/airflow/example_dags/example_dag_decorator.py for tasks to queue
[2025-04-13T17:43:06.035+0300] {logging_mixin.py:190} INFO - [2025-04-13T17:43:06.035+0300] {dagbag.py:588} INFO - Filling up the DagBag from /home/tasneemahmed24/.local/lib/python3.10/site-packages/airflow/example_dags/example_dag_decorator.py
[2025-04-13T17:43:06.084+0300] {processor.py:925} INFO - DAG(s) 'example_dag_decorator' retrieved from /home/tasneemahmed24/.local/lib/python3.10/site-packages/airflow/example_dags/example_dag_decorator.py
[2025-04-13T17:43:06.184+0300] {logging_mixin.py:190} INFO - [2025-04-13T17:43:06.184+0300] {dag.py:3239} INFO - Sync 1 DAGs
[2025-04-13T17:43:06.191+0300] {logging_mixin.py:190} INFO - [2025-04-13T17:43:06.191+0300] {dag.py:4180} INFO - Setting next_dagrun for example_dag_decorator to None, run_after=None
[2025-04-13T17:43:06.207+0300] {processor.py:208} INFO - Processing /home/tasneemahmed24/.local/lib/python3.10/site-packages/airflow/example_dags/example_dag_decorator.py took 0.180 seconds
[2025-04-13T17:44:30.917+0300] {processor.py:186} INFO - Started process (PID=42317) to work on /home/tasneemahmed24/.local/lib/python3.10/site-packages/airflow/example_dags/example_dag_decorator.py
[2025-04-13T17:44:30.919+0300] {processor.py:914} INFO - Processing file /home/tasneemahmed24/.local/lib/python3.10/site-packages/airflow/example_dags/example_dag_decorator.py for tasks to queue
[2025-04-13T17:44:30.920+0300] {logging_mixin.py:190} INFO - [2025-04-13T17:44:30.920+0300] {dagbag.py:588} INFO - Filling up the DagBag from /home/tasneemahmed24/.local/lib/python3.10/site-packages/airflow/example_dags/example_dag_decorator.py
[2025-04-13T17:44:30.975+0300] {processor.py:925} INFO - DAG(s) 'example_dag_decorator' retrieved from /home/tasneemahmed24/.local/lib/python3.10/site-packages/airflow/example_dags/example_dag_decorator.py
[2025-04-13T17:44:31.064+0300] {logging_mixin.py:190} INFO - [2025-04-13T17:44:31.064+0300] {dag.py:3239} INFO - Sync 1 DAGs
[2025-04-13T17:44:31.119+0300] {logging_mixin.py:190} INFO - [2025-04-13T17:44:31.119+0300] {dag.py:4180} INFO - Setting next_dagrun for example_dag_decorator to None, run_after=None
[2025-04-13T17:44:31.241+0300] {processor.py:208} INFO - Processing /home/tasneemahmed24/.local/lib/python3.10/site-packages/airflow/example_dags/example_dag_decorator.py took 0.328 seconds
[2025-04-13T17:45:28.554+0300] {processor.py:186} INFO - Started process (PID=42652) to work on /home/tasneemahmed24/.local/lib/python3.10/site-packages/airflow/example_dags/example_dag_decorator.py
[2025-04-13T17:45:28.555+0300] {processor.py:914} INFO - Processing file /home/tasneemahmed24/.local/lib/python3.10/site-packages/airflow/example_dags/example_dag_decorator.py for tasks to queue
[2025-04-13T17:45:28.556+0300] {logging_mixin.py:190} INFO - [2025-04-13T17:45:28.556+0300] {dagbag.py:588} INFO - Filling up the DagBag from /home/tasneemahmed24/.local/lib/python3.10/site-packages/airflow/example_dags/example_dag_decorator.py
[2025-04-13T17:45:28.627+0300] {processor.py:925} INFO - DAG(s) 'example_dag_decorator' retrieved from /home/tasneemahmed24/.local/lib/python3.10/site-packages/airflow/example_dags/example_dag_decorator.py
[2025-04-13T17:45:28.749+0300] {logging_mixin.py:190} INFO - [2025-04-13T17:45:28.748+0300] {dag.py:3239} INFO - Sync 1 DAGs
[2025-04-13T17:45:28.762+0300] {logging_mixin.py:190} INFO - [2025-04-13T17:45:28.762+0300] {dag.py:4180} INFO - Setting next_dagrun for example_dag_decorator to None, run_after=None
[2025-04-13T17:45:28.799+0300] {processor.py:208} INFO - Processing /home/tasneemahmed24/.local/lib/python3.10/site-packages/airflow/example_dags/example_dag_decorator.py took 0.250 seconds
[2025-04-13T17:46:24.591+0300] {processor.py:186} INFO - Started process (PID=42966) to work on /home/tasneemahmed24/.local/lib/python3.10/site-packages/airflow/example_dags/example_dag_decorator.py
[2025-04-13T17:46:24.592+0300] {processor.py:914} INFO - Processing file /home/tasneemahmed24/.local/lib/python3.10/site-packages/airflow/example_dags/example_dag_decorator.py for tasks to queue
[2025-04-13T17:46:24.594+0300] {logging_mixin.py:190} INFO - [2025-04-13T17:46:24.594+0300] {dagbag.py:588} INFO - Filling up the DagBag from /home/tasneemahmed24/.local/lib/python3.10/site-packages/airflow/example_dags/example_dag_decorator.py
[2025-04-13T17:46:24.648+0300] {processor.py:925} INFO - DAG(s) 'example_dag_decorator' retrieved from /home/tasneemahmed24/.local/lib/python3.10/site-packages/airflow/example_dags/example_dag_decorator.py
[2025-04-13T17:46:24.723+0300] {logging_mixin.py:190} INFO - [2025-04-13T17:46:24.722+0300] {dag.py:3239} INFO - Sync 1 DAGs
[2025-04-13T17:46:24.734+0300] {logging_mixin.py:190} INFO - [2025-04-13T17:46:24.734+0300] {dag.py:4180} INFO - Setting next_dagrun for example_dag_decorator to None, run_after=None
[2025-04-13T17:46:24.754+0300] {processor.py:208} INFO - Processing /home/tasneemahmed24/.local/lib/python3.10/site-packages/airflow/example_dags/example_dag_decorator.py took 0.168 seconds
[2025-04-13T17:47:44.814+0300] {processor.py:186} INFO - Started process (PID=43363) to work on /home/tasneemahmed24/.local/lib/python3.10/site-packages/airflow/example_dags/example_dag_decorator.py
[2025-04-13T17:47:44.817+0300] {processor.py:914} INFO - Processing file /home/tasneemahmed24/.local/lib/python3.10/site-packages/airflow/example_dags/example_dag_decorator.py for tasks to queue
[2025-04-13T17:47:44.820+0300] {logging_mixin.py:190} INFO - [2025-04-13T17:47:44.819+0300] {dagbag.py:588} INFO - Filling up the DagBag from /home/tasneemahmed24/.local/lib/python3.10/site-packages/airflow/example_dags/example_dag_decorator.py
[2025-04-13T17:47:44.985+0300] {processor.py:925} INFO - DAG(s) 'example_dag_decorator' retrieved from /home/tasneemahmed24/.local/lib/python3.10/site-packages/airflow/example_dags/example_dag_decorator.py
[2025-04-13T17:47:45.129+0300] {logging_mixin.py:190} INFO - [2025-04-13T17:47:45.129+0300] {dag.py:3239} INFO - Sync 1 DAGs
[2025-04-13T17:47:45.142+0300] {logging_mixin.py:190} INFO - [2025-04-13T17:47:45.142+0300] {dag.py:4180} INFO - Setting next_dagrun for example_dag_decorator to None, run_after=None
[2025-04-13T17:47:45.163+0300] {processor.py:208} INFO - Processing /home/tasneemahmed24/.local/lib/python3.10/site-packages/airflow/example_dags/example_dag_decorator.py took 0.357 seconds
[2025-04-13T17:49:18.591+0300] {processor.py:186} INFO - Started process (PID=43764) to work on /home/tasneemahmed24/.local/lib/python3.10/site-packages/airflow/example_dags/example_dag_decorator.py
[2025-04-13T17:49:18.593+0300] {processor.py:914} INFO - Processing file /home/tasneemahmed24/.local/lib/python3.10/site-packages/airflow/example_dags/example_dag_decorator.py for tasks to queue
[2025-04-13T17:49:18.595+0300] {logging_mixin.py:190} INFO - [2025-04-13T17:49:18.594+0300] {dagbag.py:588} INFO - Filling up the DagBag from /home/tasneemahmed24/.local/lib/python3.10/site-packages/airflow/example_dags/example_dag_decorator.py
[2025-04-13T17:49:18.931+0300] {processor.py:925} INFO - DAG(s) 'example_dag_decorator' retrieved from /home/tasneemahmed24/.local/lib/python3.10/site-packages/airflow/example_dags/example_dag_decorator.py
[2025-04-13T17:49:19.283+0300] {logging_mixin.py:190} INFO - [2025-04-13T17:49:19.282+0300] {dag.py:3239} INFO - Sync 1 DAGs
[2025-04-13T17:49:19.335+0300] {logging_mixin.py:190} INFO - [2025-04-13T17:49:19.334+0300] {dag.py:4180} INFO - Setting next_dagrun for example_dag_decorator to None, run_after=None
[2025-04-13T17:49:19.393+0300] {processor.py:208} INFO - Processing /home/tasneemahmed24/.local/lib/python3.10/site-packages/airflow/example_dags/example_dag_decorator.py took 0.808 seconds
[2025-04-13T17:50:26.057+0300] {processor.py:186} INFO - Started process (PID=44085) to work on /home/tasneemahmed24/.local/lib/python3.10/site-packages/airflow/example_dags/example_dag_decorator.py
[2025-04-13T17:50:26.058+0300] {processor.py:914} INFO - Processing file /home/tasneemahmed24/.local/lib/python3.10/site-packages/airflow/example_dags/example_dag_decorator.py for tasks to queue
[2025-04-13T17:50:26.061+0300] {logging_mixin.py:190} INFO - [2025-04-13T17:50:26.060+0300] {dagbag.py:588} INFO - Filling up the DagBag from /home/tasneemahmed24/.local/lib/python3.10/site-packages/airflow/example_dags/example_dag_decorator.py
[2025-04-13T17:50:26.134+0300] {processor.py:925} INFO - DAG(s) 'example_dag_decorator' retrieved from /home/tasneemahmed24/.local/lib/python3.10/site-packages/airflow/example_dags/example_dag_decorator.py
[2025-04-13T17:50:26.150+0300] {logging_mixin.py:190} INFO - [2025-04-13T17:50:26.150+0300] {dag.py:3239} INFO - Sync 1 DAGs
[2025-04-13T17:50:26.160+0300] {logging_mixin.py:190} INFO - [2025-04-13T17:50:26.160+0300] {dag.py:4180} INFO - Setting next_dagrun for example_dag_decorator to None, run_after=None
[2025-04-13T17:50:26.189+0300] {processor.py:208} INFO - Processing /home/tasneemahmed24/.local/lib/python3.10/site-packages/airflow/example_dags/example_dag_decorator.py took 0.139 seconds
[2025-04-13T17:51:30.521+0300] {processor.py:186} INFO - Started process (PID=44387) to work on /home/tasneemahmed24/.local/lib/python3.10/site-packages/airflow/example_dags/example_dag_decorator.py
[2025-04-13T17:51:30.522+0300] {processor.py:914} INFO - Processing file /home/tasneemahmed24/.local/lib/python3.10/site-packages/airflow/example_dags/example_dag_decorator.py for tasks to queue
[2025-04-13T17:51:30.525+0300] {logging_mixin.py:190} INFO - [2025-04-13T17:51:30.524+0300] {dagbag.py:588} INFO - Filling up the DagBag from /home/tasneemahmed24/.local/lib/python3.10/site-packages/airflow/example_dags/example_dag_decorator.py
[2025-04-13T17:51:30.607+0300] {processor.py:925} INFO - DAG(s) 'example_dag_decorator' retrieved from /home/tasneemahmed24/.local/lib/python3.10/site-packages/airflow/example_dags/example_dag_decorator.py
[2025-04-13T17:51:30.756+0300] {logging_mixin.py:190} INFO - [2025-04-13T17:51:30.755+0300] {dag.py:3239} INFO - Sync 1 DAGs
[2025-04-13T17:51:30.788+0300] {logging_mixin.py:190} INFO - [2025-04-13T17:51:30.788+0300] {dag.py:4180} INFO - Setting next_dagrun for example_dag_decorator to None, run_after=None
[2025-04-13T17:51:30.838+0300] {processor.py:208} INFO - Processing /home/tasneemahmed24/.local/lib/python3.10/site-packages/airflow/example_dags/example_dag_decorator.py took 0.325 seconds
[2025-04-13T17:52:33.418+0300] {processor.py:186} INFO - Started process (PID=44687) to work on /home/tasneemahmed24/.local/lib/python3.10/site-packages/airflow/example_dags/example_dag_decorator.py
[2025-04-13T17:52:33.420+0300] {processor.py:914} INFO - Processing file /home/tasneemahmed24/.local/lib/python3.10/site-packages/airflow/example_dags/example_dag_decorator.py for tasks to queue
[2025-04-13T17:52:33.422+0300] {logging_mixin.py:190} INFO - [2025-04-13T17:52:33.422+0300] {dagbag.py:588} INFO - Filling up the DagBag from /home/tasneemahmed24/.local/lib/python3.10/site-packages/airflow/example_dags/example_dag_decorator.py
[2025-04-13T17:52:33.490+0300] {processor.py:925} INFO - DAG(s) 'example_dag_decorator' retrieved from /home/tasneemahmed24/.local/lib/python3.10/site-packages/airflow/example_dags/example_dag_decorator.py
[2025-04-13T17:52:33.507+0300] {logging_mixin.py:190} INFO - [2025-04-13T17:52:33.506+0300] {dag.py:3239} INFO - Sync 1 DAGs
[2025-04-13T17:52:33.518+0300] {logging_mixin.py:190} INFO - [2025-04-13T17:52:33.518+0300] {dag.py:4180} INFO - Setting next_dagrun for example_dag_decorator to None, run_after=None
[2025-04-13T17:52:33.537+0300] {processor.py:208} INFO - Processing /home/tasneemahmed24/.local/lib/python3.10/site-packages/airflow/example_dags/example_dag_decorator.py took 0.126 seconds
[2025-04-13T17:53:37.606+0300] {processor.py:186} INFO - Started process (PID=44987) to work on /home/tasneemahmed24/.local/lib/python3.10/site-packages/airflow/example_dags/example_dag_decorator.py
[2025-04-13T17:53:37.616+0300] {processor.py:914} INFO - Processing file /home/tasneemahmed24/.local/lib/python3.10/site-packages/airflow/example_dags/example_dag_decorator.py for tasks to queue
[2025-04-13T17:53:37.618+0300] {logging_mixin.py:190} INFO - [2025-04-13T17:53:37.618+0300] {dagbag.py:588} INFO - Filling up the DagBag from /home/tasneemahmed24/.local/lib/python3.10/site-packages/airflow/example_dags/example_dag_decorator.py
[2025-04-13T17:53:37.698+0300] {processor.py:925} INFO - DAG(s) 'example_dag_decorator' retrieved from /home/tasneemahmed24/.local/lib/python3.10/site-packages/airflow/example_dags/example_dag_decorator.py
[2025-04-13T17:53:37.717+0300] {logging_mixin.py:190} INFO - [2025-04-13T17:53:37.717+0300] {dag.py:3239} INFO - Sync 1 DAGs
[2025-04-13T17:53:37.731+0300] {logging_mixin.py:190} INFO - [2025-04-13T17:53:37.731+0300] {dag.py:4180} INFO - Setting next_dagrun for example_dag_decorator to None, run_after=None
[2025-04-13T17:53:37.754+0300] {processor.py:208} INFO - Processing /home/tasneemahmed24/.local/lib/python3.10/site-packages/airflow/example_dags/example_dag_decorator.py took 0.158 seconds
[2025-04-13T17:54:35.390+0300] {processor.py:186} INFO - Started process (PID=45261) to work on /home/tasneemahmed24/.local/lib/python3.10/site-packages/airflow/example_dags/example_dag_decorator.py
[2025-04-13T17:54:35.392+0300] {processor.py:914} INFO - Processing file /home/tasneemahmed24/.local/lib/python3.10/site-packages/airflow/example_dags/example_dag_decorator.py for tasks to queue
[2025-04-13T17:54:35.394+0300] {logging_mixin.py:190} INFO - [2025-04-13T17:54:35.393+0300] {dagbag.py:588} INFO - Filling up the DagBag from /home/tasneemahmed24/.local/lib/python3.10/site-packages/airflow/example_dags/example_dag_decorator.py
[2025-04-13T17:54:35.464+0300] {processor.py:925} INFO - DAG(s) 'example_dag_decorator' retrieved from /home/tasneemahmed24/.local/lib/python3.10/site-packages/airflow/example_dags/example_dag_decorator.py
[2025-04-13T17:54:35.481+0300] {logging_mixin.py:190} INFO - [2025-04-13T17:54:35.480+0300] {dag.py:3239} INFO - Sync 1 DAGs
[2025-04-13T17:54:35.491+0300] {logging_mixin.py:190} INFO - [2025-04-13T17:54:35.491+0300] {dag.py:4180} INFO - Setting next_dagrun for example_dag_decorator to None, run_after=None
[2025-04-13T17:54:35.512+0300] {processor.py:208} INFO - Processing /home/tasneemahmed24/.local/lib/python3.10/site-packages/airflow/example_dags/example_dag_decorator.py took 0.131 seconds
[2025-04-13T17:56:03.935+0300] {processor.py:186} INFO - Started process (PID=45679) to work on /home/tasneemahmed24/.local/lib/python3.10/site-packages/airflow/example_dags/example_dag_decorator.py
[2025-04-13T17:56:03.937+0300] {processor.py:914} INFO - Processing file /home/tasneemahmed24/.local/lib/python3.10/site-packages/airflow/example_dags/example_dag_decorator.py for tasks to queue
[2025-04-13T17:56:03.940+0300] {logging_mixin.py:190} INFO - [2025-04-13T17:56:03.939+0300] {dagbag.py:588} INFO - Filling up the DagBag from /home/tasneemahmed24/.local/lib/python3.10/site-packages/airflow/example_dags/example_dag_decorator.py
[2025-04-13T17:56:04.017+0300] {processor.py:925} INFO - DAG(s) 'example_dag_decorator' retrieved from /home/tasneemahmed24/.local/lib/python3.10/site-packages/airflow/example_dags/example_dag_decorator.py
[2025-04-13T17:56:04.033+0300] {logging_mixin.py:190} INFO - [2025-04-13T17:56:04.033+0300] {dag.py:3239} INFO - Sync 1 DAGs
[2025-04-13T17:56:04.045+0300] {logging_mixin.py:190} INFO - [2025-04-13T17:56:04.045+0300] {dag.py:4180} INFO - Setting next_dagrun for example_dag_decorator to None, run_after=None
[2025-04-13T17:56:04.071+0300] {processor.py:208} INFO - Processing /home/tasneemahmed24/.local/lib/python3.10/site-packages/airflow/example_dags/example_dag_decorator.py took 0.143 seconds
[2025-04-13T17:57:02.701+0300] {processor.py:186} INFO - Started process (PID=45955) to work on /home/tasneemahmed24/.local/lib/python3.10/site-packages/airflow/example_dags/example_dag_decorator.py
[2025-04-13T17:57:02.703+0300] {processor.py:914} INFO - Processing file /home/tasneemahmed24/.local/lib/python3.10/site-packages/airflow/example_dags/example_dag_decorator.py for tasks to queue
[2025-04-13T17:57:02.706+0300] {logging_mixin.py:190} INFO - [2025-04-13T17:57:02.705+0300] {dagbag.py:588} INFO - Filling up the DagBag from /home/tasneemahmed24/.local/lib/python3.10/site-packages/airflow/example_dags/example_dag_decorator.py
[2025-04-13T17:57:02.773+0300] {processor.py:925} INFO - DAG(s) 'example_dag_decorator' retrieved from /home/tasneemahmed24/.local/lib/python3.10/site-packages/airflow/example_dags/example_dag_decorator.py
[2025-04-13T17:57:02.789+0300] {logging_mixin.py:190} INFO - [2025-04-13T17:57:02.788+0300] {dag.py:3239} INFO - Sync 1 DAGs
[2025-04-13T17:57:02.798+0300] {logging_mixin.py:190} INFO - [2025-04-13T17:57:02.798+0300] {dag.py:4180} INFO - Setting next_dagrun for example_dag_decorator to None, run_after=None
[2025-04-13T17:57:02.822+0300] {processor.py:208} INFO - Processing /home/tasneemahmed24/.local/lib/python3.10/site-packages/airflow/example_dags/example_dag_decorator.py took 0.129 seconds
[2025-04-13T17:58:30.151+0300] {processor.py:186} INFO - Started process (PID=46364) to work on /home/tasneemahmed24/.local/lib/python3.10/site-packages/airflow/example_dags/example_dag_decorator.py
[2025-04-13T17:58:30.160+0300] {processor.py:914} INFO - Processing file /home/tasneemahmed24/.local/lib/python3.10/site-packages/airflow/example_dags/example_dag_decorator.py for tasks to queue
[2025-04-13T17:58:30.163+0300] {logging_mixin.py:190} INFO - [2025-04-13T17:58:30.162+0300] {dagbag.py:588} INFO - Filling up the DagBag from /home/tasneemahmed24/.local/lib/python3.10/site-packages/airflow/example_dags/example_dag_decorator.py
[2025-04-13T17:58:30.234+0300] {processor.py:925} INFO - DAG(s) 'example_dag_decorator' retrieved from /home/tasneemahmed24/.local/lib/python3.10/site-packages/airflow/example_dags/example_dag_decorator.py
[2025-04-13T17:58:30.250+0300] {logging_mixin.py:190} INFO - [2025-04-13T17:58:30.250+0300] {dag.py:3239} INFO - Sync 1 DAGs
[2025-04-13T17:58:30.260+0300] {logging_mixin.py:190} INFO - [2025-04-13T17:58:30.260+0300] {dag.py:4180} INFO - Setting next_dagrun for example_dag_decorator to None, run_after=None
[2025-04-13T17:58:30.280+0300] {processor.py:208} INFO - Processing /home/tasneemahmed24/.local/lib/python3.10/site-packages/airflow/example_dags/example_dag_decorator.py took 0.136 seconds
[2025-04-13T17:59:52.733+0300] {processor.py:186} INFO - Started process (PID=46759) to work on /home/tasneemahmed24/.local/lib/python3.10/site-packages/airflow/example_dags/example_dag_decorator.py
[2025-04-13T17:59:52.743+0300] {processor.py:914} INFO - Processing file /home/tasneemahmed24/.local/lib/python3.10/site-packages/airflow/example_dags/example_dag_decorator.py for tasks to queue
[2025-04-13T17:59:52.745+0300] {logging_mixin.py:190} INFO - [2025-04-13T17:59:52.745+0300] {dagbag.py:588} INFO - Filling up the DagBag from /home/tasneemahmed24/.local/lib/python3.10/site-packages/airflow/example_dags/example_dag_decorator.py
[2025-04-13T17:59:52.825+0300] {processor.py:925} INFO - DAG(s) 'example_dag_decorator' retrieved from /home/tasneemahmed24/.local/lib/python3.10/site-packages/airflow/example_dags/example_dag_decorator.py
[2025-04-13T17:59:52.847+0300] {logging_mixin.py:190} INFO - [2025-04-13T17:59:52.846+0300] {dag.py:3239} INFO - Sync 1 DAGs
[2025-04-13T17:59:52.859+0300] {logging_mixin.py:190} INFO - [2025-04-13T17:59:52.859+0300] {dag.py:4180} INFO - Setting next_dagrun for example_dag_decorator to None, run_after=None
[2025-04-13T17:59:52.893+0300] {processor.py:208} INFO - Processing /home/tasneemahmed24/.local/lib/python3.10/site-packages/airflow/example_dags/example_dag_decorator.py took 0.170 seconds
[2025-04-13T18:01:13.553+0300] {processor.py:186} INFO - Started process (PID=47146) to work on /home/tasneemahmed24/.local/lib/python3.10/site-packages/airflow/example_dags/example_dag_decorator.py
[2025-04-13T18:01:13.561+0300] {processor.py:914} INFO - Processing file /home/tasneemahmed24/.local/lib/python3.10/site-packages/airflow/example_dags/example_dag_decorator.py for tasks to queue
[2025-04-13T18:01:13.563+0300] {logging_mixin.py:190} INFO - [2025-04-13T18:01:13.563+0300] {dagbag.py:588} INFO - Filling up the DagBag from /home/tasneemahmed24/.local/lib/python3.10/site-packages/airflow/example_dags/example_dag_decorator.py
[2025-04-13T18:01:13.631+0300] {processor.py:925} INFO - DAG(s) 'example_dag_decorator' retrieved from /home/tasneemahmed24/.local/lib/python3.10/site-packages/airflow/example_dags/example_dag_decorator.py
[2025-04-13T18:01:13.648+0300] {logging_mixin.py:190} INFO - [2025-04-13T18:01:13.648+0300] {dag.py:3239} INFO - Sync 1 DAGs
[2025-04-13T18:01:13.658+0300] {logging_mixin.py:190} INFO - [2025-04-13T18:01:13.658+0300] {dag.py:4180} INFO - Setting next_dagrun for example_dag_decorator to None, run_after=None
[2025-04-13T18:01:13.684+0300] {processor.py:208} INFO - Processing /home/tasneemahmed24/.local/lib/python3.10/site-packages/airflow/example_dags/example_dag_decorator.py took 0.138 seconds
[2025-04-13T18:02:40.090+0300] {processor.py:186} INFO - Started process (PID=47551) to work on /home/tasneemahmed24/.local/lib/python3.10/site-packages/airflow/example_dags/example_dag_decorator.py
[2025-04-13T18:02:40.099+0300] {processor.py:914} INFO - Processing file /home/tasneemahmed24/.local/lib/python3.10/site-packages/airflow/example_dags/example_dag_decorator.py for tasks to queue
[2025-04-13T18:02:40.102+0300] {logging_mixin.py:190} INFO - [2025-04-13T18:02:40.101+0300] {dagbag.py:588} INFO - Filling up the DagBag from /home/tasneemahmed24/.local/lib/python3.10/site-packages/airflow/example_dags/example_dag_decorator.py
[2025-04-13T18:02:40.180+0300] {processor.py:925} INFO - DAG(s) 'example_dag_decorator' retrieved from /home/tasneemahmed24/.local/lib/python3.10/site-packages/airflow/example_dags/example_dag_decorator.py
[2025-04-13T18:02:40.514+0300] {logging_mixin.py:190} INFO - [2025-04-13T18:02:40.513+0300] {dag.py:3239} INFO - Sync 1 DAGs
[2025-04-13T18:02:40.559+0300] {logging_mixin.py:190} INFO - [2025-04-13T18:02:40.558+0300] {dag.py:4180} INFO - Setting next_dagrun for example_dag_decorator to None, run_after=None
[2025-04-13T18:02:40.625+0300] {processor.py:208} INFO - Processing /home/tasneemahmed24/.local/lib/python3.10/site-packages/airflow/example_dags/example_dag_decorator.py took 0.546 seconds
[2025-04-13T18:03:36.888+0300] {processor.py:186} INFO - Started process (PID=47824) to work on /home/tasneemahmed24/.local/lib/python3.10/site-packages/airflow/example_dags/example_dag_decorator.py
[2025-04-13T18:03:36.891+0300] {processor.py:914} INFO - Processing file /home/tasneemahmed24/.local/lib/python3.10/site-packages/airflow/example_dags/example_dag_decorator.py for tasks to queue
[2025-04-13T18:03:36.894+0300] {logging_mixin.py:190} INFO - [2025-04-13T18:03:36.894+0300] {dagbag.py:588} INFO - Filling up the DagBag from /home/tasneemahmed24/.local/lib/python3.10/site-packages/airflow/example_dags/example_dag_decorator.py
[2025-04-13T18:03:36.961+0300] {processor.py:925} INFO - DAG(s) 'example_dag_decorator' retrieved from /home/tasneemahmed24/.local/lib/python3.10/site-packages/airflow/example_dags/example_dag_decorator.py
[2025-04-13T18:03:36.977+0300] {logging_mixin.py:190} INFO - [2025-04-13T18:03:36.977+0300] {dag.py:3239} INFO - Sync 1 DAGs
[2025-04-13T18:03:36.989+0300] {logging_mixin.py:190} INFO - [2025-04-13T18:03:36.989+0300] {dag.py:4180} INFO - Setting next_dagrun for example_dag_decorator to None, run_after=None
[2025-04-13T18:03:37.010+0300] {processor.py:208} INFO - Processing /home/tasneemahmed24/.local/lib/python3.10/site-packages/airflow/example_dags/example_dag_decorator.py took 0.132 seconds
[2025-04-13T18:04:39.442+0300] {processor.py:186} INFO - Started process (PID=48121) to work on /home/tasneemahmed24/.local/lib/python3.10/site-packages/airflow/example_dags/example_dag_decorator.py
[2025-04-13T18:04:39.445+0300] {processor.py:914} INFO - Processing file /home/tasneemahmed24/.local/lib/python3.10/site-packages/airflow/example_dags/example_dag_decorator.py for tasks to queue
[2025-04-13T18:04:39.448+0300] {logging_mixin.py:190} INFO - [2025-04-13T18:04:39.447+0300] {dagbag.py:588} INFO - Filling up the DagBag from /home/tasneemahmed24/.local/lib/python3.10/site-packages/airflow/example_dags/example_dag_decorator.py
[2025-04-13T18:04:39.517+0300] {processor.py:925} INFO - DAG(s) 'example_dag_decorator' retrieved from /home/tasneemahmed24/.local/lib/python3.10/site-packages/airflow/example_dags/example_dag_decorator.py
[2025-04-13T18:04:39.595+0300] {logging_mixin.py:190} INFO - [2025-04-13T18:04:39.595+0300] {dag.py:3239} INFO - Sync 1 DAGs
[2025-04-13T18:04:39.605+0300] {logging_mixin.py:190} INFO - [2025-04-13T18:04:39.604+0300] {dag.py:4180} INFO - Setting next_dagrun for example_dag_decorator to None, run_after=None
[2025-04-13T18:04:39.635+0300] {processor.py:208} INFO - Processing /home/tasneemahmed24/.local/lib/python3.10/site-packages/airflow/example_dags/example_dag_decorator.py took 0.202 seconds
[2025-04-13T18:05:40.653+0300] {processor.py:186} INFO - Started process (PID=48411) to work on /home/tasneemahmed24/.local/lib/python3.10/site-packages/airflow/example_dags/example_dag_decorator.py
[2025-04-13T18:05:40.654+0300] {processor.py:914} INFO - Processing file /home/tasneemahmed24/.local/lib/python3.10/site-packages/airflow/example_dags/example_dag_decorator.py for tasks to queue
[2025-04-13T18:05:40.656+0300] {logging_mixin.py:190} INFO - [2025-04-13T18:05:40.655+0300] {dagbag.py:588} INFO - Filling up the DagBag from /home/tasneemahmed24/.local/lib/python3.10/site-packages/airflow/example_dags/example_dag_decorator.py
[2025-04-13T18:05:40.740+0300] {processor.py:925} INFO - DAG(s) 'example_dag_decorator' retrieved from /home/tasneemahmed24/.local/lib/python3.10/site-packages/airflow/example_dags/example_dag_decorator.py
[2025-04-13T18:05:40.767+0300] {logging_mixin.py:190} INFO - [2025-04-13T18:05:40.766+0300] {dag.py:3239} INFO - Sync 1 DAGs
[2025-04-13T18:05:40.792+0300] {logging_mixin.py:190} INFO - [2025-04-13T18:05:40.792+0300] {dag.py:4180} INFO - Setting next_dagrun for example_dag_decorator to None, run_after=None
[2025-04-13T18:05:40.828+0300] {processor.py:208} INFO - Processing /home/tasneemahmed24/.local/lib/python3.10/site-packages/airflow/example_dags/example_dag_decorator.py took 0.182 seconds
[2025-04-13T18:07:02.907+0300] {processor.py:186} INFO - Started process (PID=48804) to work on /home/tasneemahmed24/.local/lib/python3.10/site-packages/airflow/example_dags/example_dag_decorator.py
[2025-04-13T18:07:02.920+0300] {processor.py:914} INFO - Processing file /home/tasneemahmed24/.local/lib/python3.10/site-packages/airflow/example_dags/example_dag_decorator.py for tasks to queue
[2025-04-13T18:07:02.923+0300] {logging_mixin.py:190} INFO - [2025-04-13T18:07:02.923+0300] {dagbag.py:588} INFO - Filling up the DagBag from /home/tasneemahmed24/.local/lib/python3.10/site-packages/airflow/example_dags/example_dag_decorator.py
[2025-04-13T18:07:03.002+0300] {processor.py:925} INFO - DAG(s) 'example_dag_decorator' retrieved from /home/tasneemahmed24/.local/lib/python3.10/site-packages/airflow/example_dags/example_dag_decorator.py
[2025-04-13T18:07:03.019+0300] {logging_mixin.py:190} INFO - [2025-04-13T18:07:03.019+0300] {dag.py:3239} INFO - Sync 1 DAGs
[2025-04-13T18:07:03.036+0300] {logging_mixin.py:190} INFO - [2025-04-13T18:07:03.036+0300] {dag.py:4180} INFO - Setting next_dagrun for example_dag_decorator to None, run_after=None
[2025-04-13T18:07:03.076+0300] {processor.py:208} INFO - Processing /home/tasneemahmed24/.local/lib/python3.10/site-packages/airflow/example_dags/example_dag_decorator.py took 0.181 seconds
[2025-04-13T18:08:23.966+0300] {processor.py:186} INFO - Started process (PID=49190) to work on /home/tasneemahmed24/.local/lib/python3.10/site-packages/airflow/example_dags/example_dag_decorator.py
[2025-04-13T18:08:23.968+0300] {processor.py:914} INFO - Processing file /home/tasneemahmed24/.local/lib/python3.10/site-packages/airflow/example_dags/example_dag_decorator.py for tasks to queue
[2025-04-13T18:08:23.971+0300] {logging_mixin.py:190} INFO - [2025-04-13T18:08:23.970+0300] {dagbag.py:588} INFO - Filling up the DagBag from /home/tasneemahmed24/.local/lib/python3.10/site-packages/airflow/example_dags/example_dag_decorator.py
[2025-04-13T18:08:24.041+0300] {processor.py:925} INFO - DAG(s) 'example_dag_decorator' retrieved from /home/tasneemahmed24/.local/lib/python3.10/site-packages/airflow/example_dags/example_dag_decorator.py
[2025-04-13T18:08:24.057+0300] {logging_mixin.py:190} INFO - [2025-04-13T18:08:24.057+0300] {dag.py:3239} INFO - Sync 1 DAGs
[2025-04-13T18:08:24.069+0300] {logging_mixin.py:190} INFO - [2025-04-13T18:08:24.069+0300] {dag.py:4180} INFO - Setting next_dagrun for example_dag_decorator to None, run_after=None
[2025-04-13T18:08:24.091+0300] {processor.py:208} INFO - Processing /home/tasneemahmed24/.local/lib/python3.10/site-packages/airflow/example_dags/example_dag_decorator.py took 0.133 seconds
[2025-04-13T18:09:51.688+0300] {processor.py:186} INFO - Started process (PID=49624) to work on /home/tasneemahmed24/.local/lib/python3.10/site-packages/airflow/example_dags/example_dag_decorator.py
[2025-04-13T18:09:51.696+0300] {processor.py:914} INFO - Processing file /home/tasneemahmed24/.local/lib/python3.10/site-packages/airflow/example_dags/example_dag_decorator.py for tasks to queue
[2025-04-13T18:09:51.700+0300] {logging_mixin.py:190} INFO - [2025-04-13T18:09:51.699+0300] {dagbag.py:588} INFO - Filling up the DagBag from /home/tasneemahmed24/.local/lib/python3.10/site-packages/airflow/example_dags/example_dag_decorator.py
[2025-04-13T18:09:51.790+0300] {processor.py:925} INFO - DAG(s) 'example_dag_decorator' retrieved from /home/tasneemahmed24/.local/lib/python3.10/site-packages/airflow/example_dags/example_dag_decorator.py
[2025-04-13T18:09:51.809+0300] {logging_mixin.py:190} INFO - [2025-04-13T18:09:51.808+0300] {dag.py:3239} INFO - Sync 1 DAGs
[2025-04-13T18:09:51.827+0300] {logging_mixin.py:190} INFO - [2025-04-13T18:09:51.827+0300] {dag.py:4180} INFO - Setting next_dagrun for example_dag_decorator to None, run_after=None
[2025-04-13T18:09:51.858+0300] {processor.py:208} INFO - Processing /home/tasneemahmed24/.local/lib/python3.10/site-packages/airflow/example_dags/example_dag_decorator.py took 0.180 seconds
[2025-04-13T18:10:50.895+0300] {processor.py:186} INFO - Started process (PID=49908) to work on /home/tasneemahmed24/.local/lib/python3.10/site-packages/airflow/example_dags/example_dag_decorator.py
[2025-04-13T18:10:50.897+0300] {processor.py:914} INFO - Processing file /home/tasneemahmed24/.local/lib/python3.10/site-packages/airflow/example_dags/example_dag_decorator.py for tasks to queue
[2025-04-13T18:10:50.899+0300] {logging_mixin.py:190} INFO - [2025-04-13T18:10:50.899+0300] {dagbag.py:588} INFO - Filling up the DagBag from /home/tasneemahmed24/.local/lib/python3.10/site-packages/airflow/example_dags/example_dag_decorator.py
[2025-04-13T18:10:50.971+0300] {processor.py:925} INFO - DAG(s) 'example_dag_decorator' retrieved from /home/tasneemahmed24/.local/lib/python3.10/site-packages/airflow/example_dags/example_dag_decorator.py
[2025-04-13T18:10:50.990+0300] {logging_mixin.py:190} INFO - [2025-04-13T18:10:50.990+0300] {dag.py:3239} INFO - Sync 1 DAGs
[2025-04-13T18:10:51.004+0300] {logging_mixin.py:190} INFO - [2025-04-13T18:10:51.003+0300] {dag.py:4180} INFO - Setting next_dagrun for example_dag_decorator to None, run_after=None
[2025-04-13T18:10:51.028+0300] {processor.py:208} INFO - Processing /home/tasneemahmed24/.local/lib/python3.10/site-packages/airflow/example_dags/example_dag_decorator.py took 0.141 seconds
[2025-04-13T18:11:48.664+0300] {processor.py:186} INFO - Started process (PID=50192) to work on /home/tasneemahmed24/.local/lib/python3.10/site-packages/airflow/example_dags/example_dag_decorator.py
[2025-04-13T18:11:48.673+0300] {processor.py:914} INFO - Processing file /home/tasneemahmed24/.local/lib/python3.10/site-packages/airflow/example_dags/example_dag_decorator.py for tasks to queue
[2025-04-13T18:11:48.676+0300] {logging_mixin.py:190} INFO - [2025-04-13T18:11:48.676+0300] {dagbag.py:588} INFO - Filling up the DagBag from /home/tasneemahmed24/.local/lib/python3.10/site-packages/airflow/example_dags/example_dag_decorator.py
[2025-04-13T18:11:48.752+0300] {processor.py:925} INFO - DAG(s) 'example_dag_decorator' retrieved from /home/tasneemahmed24/.local/lib/python3.10/site-packages/airflow/example_dags/example_dag_decorator.py
[2025-04-13T18:11:48.773+0300] {logging_mixin.py:190} INFO - [2025-04-13T18:11:48.773+0300] {dag.py:3239} INFO - Sync 1 DAGs
[2025-04-13T18:11:48.787+0300] {logging_mixin.py:190} INFO - [2025-04-13T18:11:48.787+0300] {dag.py:4180} INFO - Setting next_dagrun for example_dag_decorator to None, run_after=None
[2025-04-13T18:11:48.812+0300] {processor.py:208} INFO - Processing /home/tasneemahmed24/.local/lib/python3.10/site-packages/airflow/example_dags/example_dag_decorator.py took 0.159 seconds
[2025-04-13T18:13:12.696+0300] {processor.py:186} INFO - Started process (PID=50639) to work on /home/tasneemahmed24/.local/lib/python3.10/site-packages/airflow/example_dags/example_dag_decorator.py
[2025-04-13T18:13:12.698+0300] {processor.py:914} INFO - Processing file /home/tasneemahmed24/.local/lib/python3.10/site-packages/airflow/example_dags/example_dag_decorator.py for tasks to queue
[2025-04-13T18:13:12.700+0300] {logging_mixin.py:190} INFO - [2025-04-13T18:13:12.700+0300] {dagbag.py:588} INFO - Filling up the DagBag from /home/tasneemahmed24/.local/lib/python3.10/site-packages/airflow/example_dags/example_dag_decorator.py
[2025-04-13T18:13:12.789+0300] {processor.py:925} INFO - DAG(s) 'example_dag_decorator' retrieved from /home/tasneemahmed24/.local/lib/python3.10/site-packages/airflow/example_dags/example_dag_decorator.py
[2025-04-13T18:13:12.812+0300] {logging_mixin.py:190} INFO - [2025-04-13T18:13:12.812+0300] {dag.py:3239} INFO - Sync 1 DAGs
[2025-04-13T18:13:12.827+0300] {logging_mixin.py:190} INFO - [2025-04-13T18:13:12.827+0300] {dag.py:4180} INFO - Setting next_dagrun for example_dag_decorator to None, run_after=None
[2025-04-13T18:13:12.860+0300] {processor.py:208} INFO - Processing /home/tasneemahmed24/.local/lib/python3.10/site-packages/airflow/example_dags/example_dag_decorator.py took 0.173 seconds
[2025-04-13T18:14:09.491+0300] {processor.py:186} INFO - Started process (PID=50920) to work on /home/tasneemahmed24/.local/lib/python3.10/site-packages/airflow/example_dags/example_dag_decorator.py
[2025-04-13T18:14:09.494+0300] {processor.py:914} INFO - Processing file /home/tasneemahmed24/.local/lib/python3.10/site-packages/airflow/example_dags/example_dag_decorator.py for tasks to queue
[2025-04-13T18:14:09.497+0300] {logging_mixin.py:190} INFO - [2025-04-13T18:14:09.497+0300] {dagbag.py:588} INFO - Filling up the DagBag from /home/tasneemahmed24/.local/lib/python3.10/site-packages/airflow/example_dags/example_dag_decorator.py
[2025-04-13T18:14:09.578+0300] {processor.py:925} INFO - DAG(s) 'example_dag_decorator' retrieved from /home/tasneemahmed24/.local/lib/python3.10/site-packages/airflow/example_dags/example_dag_decorator.py
[2025-04-13T18:14:09.765+0300] {logging_mixin.py:190} INFO - [2025-04-13T18:14:09.765+0300] {dag.py:3239} INFO - Sync 1 DAGs
[2025-04-13T18:14:09.774+0300] {logging_mixin.py:190} INFO - [2025-04-13T18:14:09.774+0300] {dag.py:4180} INFO - Setting next_dagrun for example_dag_decorator to None, run_after=None
[2025-04-13T18:14:11.121+0300] {processor.py:208} INFO - Processing /home/tasneemahmed24/.local/lib/python3.10/site-packages/airflow/example_dags/example_dag_decorator.py took 1.636 seconds
[2025-04-13T18:15:39.609+0300] {processor.py:186} INFO - Started process (PID=51367) to work on /home/tasneemahmed24/.local/lib/python3.10/site-packages/airflow/example_dags/example_dag_decorator.py
[2025-04-13T18:15:39.611+0300] {processor.py:914} INFO - Processing file /home/tasneemahmed24/.local/lib/python3.10/site-packages/airflow/example_dags/example_dag_decorator.py for tasks to queue
[2025-04-13T18:15:39.615+0300] {logging_mixin.py:190} INFO - [2025-04-13T18:15:39.615+0300] {dagbag.py:588} INFO - Filling up the DagBag from /home/tasneemahmed24/.local/lib/python3.10/site-packages/airflow/example_dags/example_dag_decorator.py
[2025-04-13T18:15:39.727+0300] {processor.py:925} INFO - DAG(s) 'example_dag_decorator' retrieved from /home/tasneemahmed24/.local/lib/python3.10/site-packages/airflow/example_dags/example_dag_decorator.py
[2025-04-13T18:15:39.898+0300] {logging_mixin.py:190} INFO - [2025-04-13T18:15:39.897+0300] {dag.py:3239} INFO - Sync 1 DAGs
[2025-04-13T18:15:40.062+0300] {logging_mixin.py:190} INFO - [2025-04-13T18:15:40.061+0300] {dag.py:4180} INFO - Setting next_dagrun for example_dag_decorator to None, run_after=None
[2025-04-13T18:15:40.107+0300] {processor.py:208} INFO - Processing /home/tasneemahmed24/.local/lib/python3.10/site-packages/airflow/example_dags/example_dag_decorator.py took 0.508 seconds
[2025-04-13T18:16:43.231+0300] {processor.py:186} INFO - Started process (PID=51669) to work on /home/tasneemahmed24/.local/lib/python3.10/site-packages/airflow/example_dags/example_dag_decorator.py
[2025-04-13T18:16:43.235+0300] {processor.py:914} INFO - Processing file /home/tasneemahmed24/.local/lib/python3.10/site-packages/airflow/example_dags/example_dag_decorator.py for tasks to queue
[2025-04-13T18:16:43.238+0300] {logging_mixin.py:190} INFO - [2025-04-13T18:16:43.237+0300] {dagbag.py:588} INFO - Filling up the DagBag from /home/tasneemahmed24/.local/lib/python3.10/site-packages/airflow/example_dags/example_dag_decorator.py
[2025-04-13T18:16:43.314+0300] {processor.py:925} INFO - DAG(s) 'example_dag_decorator' retrieved from /home/tasneemahmed24/.local/lib/python3.10/site-packages/airflow/example_dags/example_dag_decorator.py
[2025-04-13T18:16:43.333+0300] {logging_mixin.py:190} INFO - [2025-04-13T18:16:43.333+0300] {dag.py:3239} INFO - Sync 1 DAGs
[2025-04-13T18:16:43.344+0300] {logging_mixin.py:190} INFO - [2025-04-13T18:16:43.344+0300] {dag.py:4180} INFO - Setting next_dagrun for example_dag_decorator to None, run_after=None
[2025-04-13T18:16:43.375+0300] {processor.py:208} INFO - Processing /home/tasneemahmed24/.local/lib/python3.10/site-packages/airflow/example_dags/example_dag_decorator.py took 0.152 seconds
[2025-04-13T18:17:42.507+0300] {processor.py:186} INFO - Started process (PID=51950) to work on /home/tasneemahmed24/.local/lib/python3.10/site-packages/airflow/example_dags/example_dag_decorator.py
[2025-04-13T18:17:42.511+0300] {processor.py:914} INFO - Processing file /home/tasneemahmed24/.local/lib/python3.10/site-packages/airflow/example_dags/example_dag_decorator.py for tasks to queue
[2025-04-13T18:17:42.514+0300] {logging_mixin.py:190} INFO - [2025-04-13T18:17:42.514+0300] {dagbag.py:588} INFO - Filling up the DagBag from /home/tasneemahmed24/.local/lib/python3.10/site-packages/airflow/example_dags/example_dag_decorator.py
[2025-04-13T18:17:42.611+0300] {processor.py:925} INFO - DAG(s) 'example_dag_decorator' retrieved from /home/tasneemahmed24/.local/lib/python3.10/site-packages/airflow/example_dags/example_dag_decorator.py
[2025-04-13T18:17:42.723+0300] {logging_mixin.py:190} INFO - [2025-04-13T18:17:42.723+0300] {dag.py:3239} INFO - Sync 1 DAGs
[2025-04-13T18:17:42.735+0300] {logging_mixin.py:190} INFO - [2025-04-13T18:17:42.735+0300] {dag.py:4180} INFO - Setting next_dagrun for example_dag_decorator to None, run_after=None
[2025-04-13T18:17:42.940+0300] {processor.py:208} INFO - Processing /home/tasneemahmed24/.local/lib/python3.10/site-packages/airflow/example_dags/example_dag_decorator.py took 0.441 seconds
[2025-04-13T18:18:41.316+0300] {processor.py:186} INFO - Started process (PID=52230) to work on /home/tasneemahmed24/.local/lib/python3.10/site-packages/airflow/example_dags/example_dag_decorator.py
[2025-04-13T18:18:41.320+0300] {processor.py:914} INFO - Processing file /home/tasneemahmed24/.local/lib/python3.10/site-packages/airflow/example_dags/example_dag_decorator.py for tasks to queue
[2025-04-13T18:18:41.323+0300] {logging_mixin.py:190} INFO - [2025-04-13T18:18:41.323+0300] {dagbag.py:588} INFO - Filling up the DagBag from /home/tasneemahmed24/.local/lib/python3.10/site-packages/airflow/example_dags/example_dag_decorator.py
[2025-04-13T18:18:41.410+0300] {processor.py:925} INFO - DAG(s) 'example_dag_decorator' retrieved from /home/tasneemahmed24/.local/lib/python3.10/site-packages/airflow/example_dags/example_dag_decorator.py
[2025-04-13T18:18:41.623+0300] {logging_mixin.py:190} INFO - [2025-04-13T18:18:41.623+0300] {dag.py:3239} INFO - Sync 1 DAGs
[2025-04-13T18:18:41.637+0300] {logging_mixin.py:190} INFO - [2025-04-13T18:18:41.637+0300] {dag.py:4180} INFO - Setting next_dagrun for example_dag_decorator to None, run_after=None
[2025-04-13T18:18:41.668+0300] {processor.py:208} INFO - Processing /home/tasneemahmed24/.local/lib/python3.10/site-packages/airflow/example_dags/example_dag_decorator.py took 0.358 seconds
[2025-04-13T18:19:40.032+0300] {processor.py:186} INFO - Started process (PID=52506) to work on /home/tasneemahmed24/.local/lib/python3.10/site-packages/airflow/example_dags/example_dag_decorator.py
[2025-04-13T18:19:40.035+0300] {processor.py:914} INFO - Processing file /home/tasneemahmed24/.local/lib/python3.10/site-packages/airflow/example_dags/example_dag_decorator.py for tasks to queue
[2025-04-13T18:19:40.038+0300] {logging_mixin.py:190} INFO - [2025-04-13T18:19:40.037+0300] {dagbag.py:588} INFO - Filling up the DagBag from /home/tasneemahmed24/.local/lib/python3.10/site-packages/airflow/example_dags/example_dag_decorator.py
[2025-04-13T18:19:40.113+0300] {processor.py:925} INFO - DAG(s) 'example_dag_decorator' retrieved from /home/tasneemahmed24/.local/lib/python3.10/site-packages/airflow/example_dags/example_dag_decorator.py
[2025-04-13T18:19:40.131+0300] {logging_mixin.py:190} INFO - [2025-04-13T18:19:40.131+0300] {dag.py:3239} INFO - Sync 1 DAGs
[2025-04-13T18:19:40.144+0300] {logging_mixin.py:190} INFO - [2025-04-13T18:19:40.144+0300] {dag.py:4180} INFO - Setting next_dagrun for example_dag_decorator to None, run_after=None
[2025-04-13T18:19:40.166+0300] {processor.py:208} INFO - Processing /home/tasneemahmed24/.local/lib/python3.10/site-packages/airflow/example_dags/example_dag_decorator.py took 0.144 seconds
[2025-04-13T18:20:40.055+0300] {processor.py:186} INFO - Started process (PID=52811) to work on /home/tasneemahmed24/.local/lib/python3.10/site-packages/airflow/example_dags/example_dag_decorator.py
[2025-04-13T18:20:40.056+0300] {processor.py:914} INFO - Processing file /home/tasneemahmed24/.local/lib/python3.10/site-packages/airflow/example_dags/example_dag_decorator.py for tasks to queue
[2025-04-13T18:20:40.059+0300] {logging_mixin.py:190} INFO - [2025-04-13T18:20:40.059+0300] {dagbag.py:588} INFO - Filling up the DagBag from /home/tasneemahmed24/.local/lib/python3.10/site-packages/airflow/example_dags/example_dag_decorator.py
[2025-04-13T18:20:40.140+0300] {processor.py:925} INFO - DAG(s) 'example_dag_decorator' retrieved from /home/tasneemahmed24/.local/lib/python3.10/site-packages/airflow/example_dags/example_dag_decorator.py
[2025-04-13T18:20:40.168+0300] {logging_mixin.py:190} INFO - [2025-04-13T18:20:40.168+0300] {dag.py:3239} INFO - Sync 1 DAGs
[2025-04-13T18:20:40.184+0300] {logging_mixin.py:190} INFO - [2025-04-13T18:20:40.184+0300] {dag.py:4180} INFO - Setting next_dagrun for example_dag_decorator to None, run_after=None
[2025-04-13T18:20:40.214+0300] {processor.py:208} INFO - Processing /home/tasneemahmed24/.local/lib/python3.10/site-packages/airflow/example_dags/example_dag_decorator.py took 0.169 seconds
[2025-04-13T18:21:44.450+0300] {processor.py:186} INFO - Started process (PID=53153) to work on /home/tasneemahmed24/.local/lib/python3.10/site-packages/airflow/example_dags/example_dag_decorator.py
[2025-04-13T18:21:44.451+0300] {processor.py:914} INFO - Processing file /home/tasneemahmed24/.local/lib/python3.10/site-packages/airflow/example_dags/example_dag_decorator.py for tasks to queue
[2025-04-13T18:21:44.454+0300] {logging_mixin.py:190} INFO - [2025-04-13T18:21:44.453+0300] {dagbag.py:588} INFO - Filling up the DagBag from /home/tasneemahmed24/.local/lib/python3.10/site-packages/airflow/example_dags/example_dag_decorator.py
[2025-04-13T18:21:44.533+0300] {processor.py:925} INFO - DAG(s) 'example_dag_decorator' retrieved from /home/tasneemahmed24/.local/lib/python3.10/site-packages/airflow/example_dags/example_dag_decorator.py
[2025-04-13T18:21:44.557+0300] {logging_mixin.py:190} INFO - [2025-04-13T18:21:44.556+0300] {dag.py:3239} INFO - Sync 1 DAGs
[2025-04-13T18:21:45.013+0300] {logging_mixin.py:190} INFO - [2025-04-13T18:21:45.013+0300] {dag.py:4180} INFO - Setting next_dagrun for example_dag_decorator to None, run_after=None
[2025-04-13T18:21:45.039+0300] {processor.py:208} INFO - Processing /home/tasneemahmed24/.local/lib/python3.10/site-packages/airflow/example_dags/example_dag_decorator.py took 0.595 seconds
[2025-04-13T18:22:43.637+0300] {processor.py:186} INFO - Started process (PID=53445) to work on /home/tasneemahmed24/.local/lib/python3.10/site-packages/airflow/example_dags/example_dag_decorator.py
[2025-04-13T18:22:43.646+0300] {processor.py:914} INFO - Processing file /home/tasneemahmed24/.local/lib/python3.10/site-packages/airflow/example_dags/example_dag_decorator.py for tasks to queue
[2025-04-13T18:22:43.649+0300] {logging_mixin.py:190} INFO - [2025-04-13T18:22:43.648+0300] {dagbag.py:588} INFO - Filling up the DagBag from /home/tasneemahmed24/.local/lib/python3.10/site-packages/airflow/example_dags/example_dag_decorator.py
[2025-04-13T18:22:43.749+0300] {processor.py:925} INFO - DAG(s) 'example_dag_decorator' retrieved from /home/tasneemahmed24/.local/lib/python3.10/site-packages/airflow/example_dags/example_dag_decorator.py
[2025-04-13T18:22:43.766+0300] {logging_mixin.py:190} INFO - [2025-04-13T18:22:43.766+0300] {dag.py:3239} INFO - Sync 1 DAGs
[2025-04-13T18:22:43.778+0300] {logging_mixin.py:190} INFO - [2025-04-13T18:22:43.778+0300] {dag.py:4180} INFO - Setting next_dagrun for example_dag_decorator to None, run_after=None
[2025-04-13T18:22:43.902+0300] {processor.py:208} INFO - Processing /home/tasneemahmed24/.local/lib/python3.10/site-packages/airflow/example_dags/example_dag_decorator.py took 0.273 seconds
[2025-04-13T18:24:16.682+0300] {processor.py:186} INFO - Started process (PID=53893) to work on /home/tasneemahmed24/.local/lib/python3.10/site-packages/airflow/example_dags/example_dag_decorator.py
[2025-04-13T18:24:16.684+0300] {processor.py:914} INFO - Processing file /home/tasneemahmed24/.local/lib/python3.10/site-packages/airflow/example_dags/example_dag_decorator.py for tasks to queue
[2025-04-13T18:24:16.686+0300] {logging_mixin.py:190} INFO - [2025-04-13T18:24:16.686+0300] {dagbag.py:588} INFO - Filling up the DagBag from /home/tasneemahmed24/.local/lib/python3.10/site-packages/airflow/example_dags/example_dag_decorator.py
[2025-04-13T18:24:16.861+0300] {processor.py:925} INFO - DAG(s) 'example_dag_decorator' retrieved from /home/tasneemahmed24/.local/lib/python3.10/site-packages/airflow/example_dags/example_dag_decorator.py
[2025-04-13T18:24:16.880+0300] {logging_mixin.py:190} INFO - [2025-04-13T18:24:16.880+0300] {dag.py:3239} INFO - Sync 1 DAGs
[2025-04-13T18:24:17.882+0300] {logging_mixin.py:190} INFO - [2025-04-13T18:24:17.882+0300] {dag.py:4180} INFO - Setting next_dagrun for example_dag_decorator to None, run_after=None
[2025-04-13T18:24:17.941+0300] {processor.py:208} INFO - Processing /home/tasneemahmed24/.local/lib/python3.10/site-packages/airflow/example_dags/example_dag_decorator.py took 1.265 seconds
[2025-04-13T18:25:20.745+0300] {processor.py:186} INFO - Started process (PID=54198) to work on /home/tasneemahmed24/.local/lib/python3.10/site-packages/airflow/example_dags/example_dag_decorator.py
[2025-04-13T18:25:20.747+0300] {processor.py:914} INFO - Processing file /home/tasneemahmed24/.local/lib/python3.10/site-packages/airflow/example_dags/example_dag_decorator.py for tasks to queue
[2025-04-13T18:25:20.751+0300] {logging_mixin.py:190} INFO - [2025-04-13T18:25:20.750+0300] {dagbag.py:588} INFO - Filling up the DagBag from /home/tasneemahmed24/.local/lib/python3.10/site-packages/airflow/example_dags/example_dag_decorator.py
[2025-04-13T18:25:20.850+0300] {processor.py:925} INFO - DAG(s) 'example_dag_decorator' retrieved from /home/tasneemahmed24/.local/lib/python3.10/site-packages/airflow/example_dags/example_dag_decorator.py
[2025-04-13T18:25:20.870+0300] {logging_mixin.py:190} INFO - [2025-04-13T18:25:20.870+0300] {dag.py:3239} INFO - Sync 1 DAGs
[2025-04-13T18:25:21.022+0300] {logging_mixin.py:190} INFO - [2025-04-13T18:25:21.022+0300] {dag.py:4180} INFO - Setting next_dagrun for example_dag_decorator to None, run_after=None
[2025-04-13T18:25:21.045+0300] {processor.py:208} INFO - Processing /home/tasneemahmed24/.local/lib/python3.10/site-packages/airflow/example_dags/example_dag_decorator.py took 0.308 seconds
[2025-04-13T18:26:22.132+0300] {processor.py:186} INFO - Started process (PID=54494) to work on /home/tasneemahmed24/.local/lib/python3.10/site-packages/airflow/example_dags/example_dag_decorator.py
[2025-04-13T18:26:22.141+0300] {processor.py:914} INFO - Processing file /home/tasneemahmed24/.local/lib/python3.10/site-packages/airflow/example_dags/example_dag_decorator.py for tasks to queue
[2025-04-13T18:26:22.144+0300] {logging_mixin.py:190} INFO - [2025-04-13T18:26:22.143+0300] {dagbag.py:588} INFO - Filling up the DagBag from /home/tasneemahmed24/.local/lib/python3.10/site-packages/airflow/example_dags/example_dag_decorator.py
[2025-04-13T18:26:22.253+0300] {processor.py:925} INFO - DAG(s) 'example_dag_decorator' retrieved from /home/tasneemahmed24/.local/lib/python3.10/site-packages/airflow/example_dags/example_dag_decorator.py
[2025-04-13T18:26:22.276+0300] {logging_mixin.py:190} INFO - [2025-04-13T18:26:22.276+0300] {dag.py:3239} INFO - Sync 1 DAGs
[2025-04-13T18:26:22.322+0300] {logging_mixin.py:190} INFO - [2025-04-13T18:26:22.322+0300] {dag.py:4180} INFO - Setting next_dagrun for example_dag_decorator to None, run_after=None
[2025-04-13T18:26:22.944+0300] {processor.py:208} INFO - Processing /home/tasneemahmed24/.local/lib/python3.10/site-packages/airflow/example_dags/example_dag_decorator.py took 0.821 seconds
[2025-04-13T18:27:23.763+0300] {processor.py:186} INFO - Started process (PID=54783) to work on /home/tasneemahmed24/.local/lib/python3.10/site-packages/airflow/example_dags/example_dag_decorator.py
[2025-04-13T18:27:23.772+0300] {processor.py:914} INFO - Processing file /home/tasneemahmed24/.local/lib/python3.10/site-packages/airflow/example_dags/example_dag_decorator.py for tasks to queue
[2025-04-13T18:27:23.774+0300] {logging_mixin.py:190} INFO - [2025-04-13T18:27:23.774+0300] {dagbag.py:588} INFO - Filling up the DagBag from /home/tasneemahmed24/.local/lib/python3.10/site-packages/airflow/example_dags/example_dag_decorator.py
[2025-04-13T18:27:23.844+0300] {processor.py:925} INFO - DAG(s) 'example_dag_decorator' retrieved from /home/tasneemahmed24/.local/lib/python3.10/site-packages/airflow/example_dags/example_dag_decorator.py
[2025-04-13T18:27:25.138+0300] {logging_mixin.py:190} INFO - [2025-04-13T18:27:25.138+0300] {dag.py:3239} INFO - Sync 1 DAGs
[2025-04-13T18:27:25.187+0300] {logging_mixin.py:190} INFO - [2025-04-13T18:27:25.187+0300] {dag.py:4180} INFO - Setting next_dagrun for example_dag_decorator to None, run_after=None
[2025-04-13T18:27:25.252+0300] {processor.py:208} INFO - Processing /home/tasneemahmed24/.local/lib/python3.10/site-packages/airflow/example_dags/example_dag_decorator.py took 1.496 seconds
[2025-04-13T18:28:25.903+0300] {processor.py:186} INFO - Started process (PID=55081) to work on /home/tasneemahmed24/.local/lib/python3.10/site-packages/airflow/example_dags/example_dag_decorator.py
[2025-04-13T18:28:25.904+0300] {processor.py:914} INFO - Processing file /home/tasneemahmed24/.local/lib/python3.10/site-packages/airflow/example_dags/example_dag_decorator.py for tasks to queue
[2025-04-13T18:28:25.906+0300] {logging_mixin.py:190} INFO - [2025-04-13T18:28:25.906+0300] {dagbag.py:588} INFO - Filling up the DagBag from /home/tasneemahmed24/.local/lib/python3.10/site-packages/airflow/example_dags/example_dag_decorator.py
[2025-04-13T18:28:26.074+0300] {processor.py:925} INFO - DAG(s) 'example_dag_decorator' retrieved from /home/tasneemahmed24/.local/lib/python3.10/site-packages/airflow/example_dags/example_dag_decorator.py
[2025-04-13T18:28:26.157+0300] {logging_mixin.py:190} INFO - [2025-04-13T18:28:26.156+0300] {dag.py:3239} INFO - Sync 1 DAGs
[2025-04-13T18:28:26.166+0300] {logging_mixin.py:190} INFO - [2025-04-13T18:28:26.165+0300] {dag.py:4180} INFO - Setting next_dagrun for example_dag_decorator to None, run_after=None
[2025-04-13T18:28:26.192+0300] {processor.py:208} INFO - Processing /home/tasneemahmed24/.local/lib/python3.10/site-packages/airflow/example_dags/example_dag_decorator.py took 0.296 seconds
