[2025-04-13T17:17:25.803+0300] {processor.py:186} INFO - Started process (PID=34440) to work on /home/tasneemahmed24/.local/lib/python3.10/site-packages/airflow/example_dags/tutorial.py
[2025-04-13T17:17:25.803+0300] {processor.py:914} INFO - Processing file /home/tasneemahmed24/.local/lib/python3.10/site-packages/airflow/example_dags/tutorial.py for tasks to queue
[2025-04-13T17:17:25.805+0300] {logging_mixin.py:190} INFO - [2025-04-13T17:17:25.805+0300] {dagbag.py:588} INFO - Filling up the DagBag from /home/tasneemahmed24/.local/lib/python3.10/site-packages/airflow/example_dags/tutorial.py
[2025-04-13T17:17:25.817+0300] {processor.py:925} INFO - DAG(s) 'tutorial' retrieved from /home/tasneemahmed24/.local/lib/python3.10/site-packages/airflow/example_dags/tutorial.py
[2025-04-13T17:17:25.993+0300] {logging_mixin.py:190} INFO - [2025-04-13T17:17:25.992+0300] {override.py:1901} INFO - Created Permission View: can read on DAG:tutorial
[2025-04-13T17:17:26.003+0300] {logging_mixin.py:190} INFO - [2025-04-13T17:17:26.002+0300] {override.py:1901} INFO - Created Permission View: can edit on DAG:tutorial
[2025-04-13T17:17:26.014+0300] {logging_mixin.py:190} INFO - [2025-04-13T17:17:26.014+0300] {override.py:1901} INFO - Created Permission View: can delete on DAG:tutorial
[2025-04-13T17:17:26.025+0300] {logging_mixin.py:190} INFO - [2025-04-13T17:17:26.025+0300] {override.py:1901} INFO - Created Permission View: can read on DAG Run:tutorial
[2025-04-13T17:17:26.035+0300] {logging_mixin.py:190} INFO - [2025-04-13T17:17:26.034+0300] {override.py:1901} INFO - Created Permission View: can create on DAG Run:tutorial
[2025-04-13T17:17:26.041+0300] {logging_mixin.py:190} INFO - [2025-04-13T17:17:26.041+0300] {override.py:1901} INFO - Created Permission View: menu access on DAG Run:tutorial
[2025-04-13T17:17:26.050+0300] {logging_mixin.py:190} INFO - [2025-04-13T17:17:26.050+0300] {override.py:1901} INFO - Created Permission View: can delete on DAG Run:tutorial
[2025-04-13T17:17:26.051+0300] {logging_mixin.py:190} INFO - [2025-04-13T17:17:26.051+0300] {dag.py:3239} INFO - Sync 1 DAGs
[2025-04-13T17:17:26.058+0300] {logging_mixin.py:190} INFO - [2025-04-13T17:17:26.058+0300] {dag.py:3262} INFO - Creating ORM DAG for tutorial
[2025-04-13T17:17:26.063+0300] {logging_mixin.py:190} INFO - [2025-04-13T17:17:26.063+0300] {dag.py:4180} INFO - Setting next_dagrun for tutorial to 2025-04-12 00:00:00+00:00, run_after=2025-04-13 00:00:00+00:00
[2025-04-13T17:17:26.079+0300] {processor.py:208} INFO - Processing /home/tasneemahmed24/.local/lib/python3.10/site-packages/airflow/example_dags/tutorial.py took 0.283 seconds
[2025-04-13T17:18:34.913+0300] {processor.py:186} INFO - Started process (PID=34753) to work on /home/tasneemahmed24/.local/lib/python3.10/site-packages/airflow/example_dags/tutorial.py
[2025-04-13T17:18:34.915+0300] {processor.py:914} INFO - Processing file /home/tasneemahmed24/.local/lib/python3.10/site-packages/airflow/example_dags/tutorial.py for tasks to queue
[2025-04-13T17:18:34.916+0300] {logging_mixin.py:190} INFO - [2025-04-13T17:18:34.916+0300] {dagbag.py:588} INFO - Filling up the DagBag from /home/tasneemahmed24/.local/lib/python3.10/site-packages/airflow/example_dags/tutorial.py
[2025-04-13T17:18:34.922+0300] {processor.py:925} INFO - DAG(s) 'tutorial' retrieved from /home/tasneemahmed24/.local/lib/python3.10/site-packages/airflow/example_dags/tutorial.py
[2025-04-13T17:18:34.933+0300] {logging_mixin.py:190} INFO - [2025-04-13T17:18:34.933+0300] {dag.py:3239} INFO - Sync 1 DAGs
[2025-04-13T17:18:34.946+0300] {logging_mixin.py:190} INFO - [2025-04-13T17:18:34.946+0300] {dag.py:4180} INFO - Setting next_dagrun for tutorial to 2025-04-12 00:00:00+00:00, run_after=2025-04-13 00:00:00+00:00
[2025-04-13T17:18:34.965+0300] {processor.py:208} INFO - Processing /home/tasneemahmed24/.local/lib/python3.10/site-packages/airflow/example_dags/tutorial.py took 0.059 seconds
[2025-04-13T17:19:30.156+0300] {processor.py:186} INFO - Started process (PID=35018) to work on /home/tasneemahmed24/.local/lib/python3.10/site-packages/airflow/example_dags/tutorial.py
[2025-04-13T17:19:30.159+0300] {processor.py:914} INFO - Processing file /home/tasneemahmed24/.local/lib/python3.10/site-packages/airflow/example_dags/tutorial.py for tasks to queue
[2025-04-13T17:19:30.162+0300] {logging_mixin.py:190} INFO - [2025-04-13T17:19:30.162+0300] {dagbag.py:588} INFO - Filling up the DagBag from /home/tasneemahmed24/.local/lib/python3.10/site-packages/airflow/example_dags/tutorial.py
[2025-04-13T17:19:30.171+0300] {processor.py:925} INFO - DAG(s) 'tutorial' retrieved from /home/tasneemahmed24/.local/lib/python3.10/site-packages/airflow/example_dags/tutorial.py
[2025-04-13T17:19:30.185+0300] {logging_mixin.py:190} INFO - [2025-04-13T17:19:30.185+0300] {dag.py:3239} INFO - Sync 1 DAGs
[2025-04-13T17:19:30.202+0300] {logging_mixin.py:190} INFO - [2025-04-13T17:19:30.202+0300] {dag.py:4180} INFO - Setting next_dagrun for tutorial to 2025-04-12 00:00:00+00:00, run_after=2025-04-13 00:00:00+00:00
[2025-04-13T17:19:30.224+0300] {processor.py:208} INFO - Processing /home/tasneemahmed24/.local/lib/python3.10/site-packages/airflow/example_dags/tutorial.py took 0.073 seconds
[2025-04-13T17:20:20.014+0300] {processor.py:186} INFO - Started process (PID=35253) to work on /home/tasneemahmed24/.local/lib/python3.10/site-packages/airflow/example_dags/tutorial.py
[2025-04-13T17:20:20.026+0300] {processor.py:914} INFO - Processing file /home/tasneemahmed24/.local/lib/python3.10/site-packages/airflow/example_dags/tutorial.py for tasks to queue
[2025-04-13T17:20:20.029+0300] {logging_mixin.py:190} INFO - [2025-04-13T17:20:20.028+0300] {dagbag.py:588} INFO - Filling up the DagBag from /home/tasneemahmed24/.local/lib/python3.10/site-packages/airflow/example_dags/tutorial.py
[2025-04-13T17:20:20.035+0300] {processor.py:925} INFO - DAG(s) 'tutorial' retrieved from /home/tasneemahmed24/.local/lib/python3.10/site-packages/airflow/example_dags/tutorial.py
[2025-04-13T17:20:20.048+0300] {logging_mixin.py:190} INFO - [2025-04-13T17:20:20.048+0300] {dag.py:3239} INFO - Sync 1 DAGs
[2025-04-13T17:20:20.064+0300] {logging_mixin.py:190} INFO - [2025-04-13T17:20:20.064+0300] {dag.py:4180} INFO - Setting next_dagrun for tutorial to 2025-04-12 00:00:00+00:00, run_after=2025-04-13 00:00:00+00:00
[2025-04-13T17:20:20.085+0300] {processor.py:208} INFO - Processing /home/tasneemahmed24/.local/lib/python3.10/site-packages/airflow/example_dags/tutorial.py took 0.076 seconds
[2025-04-13T17:21:12.368+0300] {processor.py:186} INFO - Started process (PID=35498) to work on /home/tasneemahmed24/.local/lib/python3.10/site-packages/airflow/example_dags/tutorial.py
[2025-04-13T17:21:12.370+0300] {processor.py:914} INFO - Processing file /home/tasneemahmed24/.local/lib/python3.10/site-packages/airflow/example_dags/tutorial.py for tasks to queue
[2025-04-13T17:21:12.372+0300] {logging_mixin.py:190} INFO - [2025-04-13T17:21:12.372+0300] {dagbag.py:588} INFO - Filling up the DagBag from /home/tasneemahmed24/.local/lib/python3.10/site-packages/airflow/example_dags/tutorial.py
[2025-04-13T17:21:12.382+0300] {processor.py:925} INFO - DAG(s) 'tutorial' retrieved from /home/tasneemahmed24/.local/lib/python3.10/site-packages/airflow/example_dags/tutorial.py
[2025-04-13T17:21:12.396+0300] {logging_mixin.py:190} INFO - [2025-04-13T17:21:12.396+0300] {dag.py:3239} INFO - Sync 1 DAGs
[2025-04-13T17:21:12.413+0300] {logging_mixin.py:190} INFO - [2025-04-13T17:21:12.413+0300] {dag.py:4180} INFO - Setting next_dagrun for tutorial to 2025-04-12 00:00:00+00:00, run_after=2025-04-13 00:00:00+00:00
[2025-04-13T17:21:12.433+0300] {processor.py:208} INFO - Processing /home/tasneemahmed24/.local/lib/python3.10/site-packages/airflow/example_dags/tutorial.py took 0.071 seconds
[2025-04-13T17:22:08.576+0300] {processor.py:186} INFO - Started process (PID=35762) to work on /home/tasneemahmed24/.local/lib/python3.10/site-packages/airflow/example_dags/tutorial.py
[2025-04-13T17:22:08.578+0300] {processor.py:914} INFO - Processing file /home/tasneemahmed24/.local/lib/python3.10/site-packages/airflow/example_dags/tutorial.py for tasks to queue
[2025-04-13T17:22:08.581+0300] {logging_mixin.py:190} INFO - [2025-04-13T17:22:08.581+0300] {dagbag.py:588} INFO - Filling up the DagBag from /home/tasneemahmed24/.local/lib/python3.10/site-packages/airflow/example_dags/tutorial.py
[2025-04-13T17:22:08.587+0300] {processor.py:925} INFO - DAG(s) 'tutorial' retrieved from /home/tasneemahmed24/.local/lib/python3.10/site-packages/airflow/example_dags/tutorial.py
[2025-04-13T17:22:08.599+0300] {logging_mixin.py:190} INFO - [2025-04-13T17:22:08.599+0300] {dag.py:3239} INFO - Sync 1 DAGs
[2025-04-13T17:22:08.614+0300] {logging_mixin.py:190} INFO - [2025-04-13T17:22:08.613+0300] {dag.py:4180} INFO - Setting next_dagrun for tutorial to 2025-04-12 00:00:00+00:00, run_after=2025-04-13 00:00:00+00:00
[2025-04-13T17:22:08.635+0300] {processor.py:208} INFO - Processing /home/tasneemahmed24/.local/lib/python3.10/site-packages/airflow/example_dags/tutorial.py took 0.064 seconds
[2025-04-13T17:23:02.895+0300] {processor.py:186} INFO - Started process (PID=36018) to work on /home/tasneemahmed24/.local/lib/python3.10/site-packages/airflow/example_dags/tutorial.py
[2025-04-13T17:23:02.896+0300] {processor.py:914} INFO - Processing file /home/tasneemahmed24/.local/lib/python3.10/site-packages/airflow/example_dags/tutorial.py for tasks to queue
[2025-04-13T17:23:02.898+0300] {logging_mixin.py:190} INFO - [2025-04-13T17:23:02.898+0300] {dagbag.py:588} INFO - Filling up the DagBag from /home/tasneemahmed24/.local/lib/python3.10/site-packages/airflow/example_dags/tutorial.py
[2025-04-13T17:23:02.904+0300] {processor.py:925} INFO - DAG(s) 'tutorial' retrieved from /home/tasneemahmed24/.local/lib/python3.10/site-packages/airflow/example_dags/tutorial.py
[2025-04-13T17:23:02.914+0300] {logging_mixin.py:190} INFO - [2025-04-13T17:23:02.914+0300] {dag.py:3239} INFO - Sync 1 DAGs
[2025-04-13T17:23:02.927+0300] {logging_mixin.py:190} INFO - [2025-04-13T17:23:02.927+0300] {dag.py:4180} INFO - Setting next_dagrun for tutorial to 2025-04-12 00:00:00+00:00, run_after=2025-04-13 00:00:00+00:00
[2025-04-13T17:23:02.948+0300] {processor.py:208} INFO - Processing /home/tasneemahmed24/.local/lib/python3.10/site-packages/airflow/example_dags/tutorial.py took 0.059 seconds
[2025-04-13T17:23:57.779+0300] {processor.py:186} INFO - Started process (PID=36277) to work on /home/tasneemahmed24/.local/lib/python3.10/site-packages/airflow/example_dags/tutorial.py
[2025-04-13T17:23:57.783+0300] {processor.py:914} INFO - Processing file /home/tasneemahmed24/.local/lib/python3.10/site-packages/airflow/example_dags/tutorial.py for tasks to queue
[2025-04-13T17:23:57.785+0300] {logging_mixin.py:190} INFO - [2025-04-13T17:23:57.785+0300] {dagbag.py:588} INFO - Filling up the DagBag from /home/tasneemahmed24/.local/lib/python3.10/site-packages/airflow/example_dags/tutorial.py
[2025-04-13T17:23:57.791+0300] {processor.py:925} INFO - DAG(s) 'tutorial' retrieved from /home/tasneemahmed24/.local/lib/python3.10/site-packages/airflow/example_dags/tutorial.py
[2025-04-13T17:23:57.801+0300] {logging_mixin.py:190} INFO - [2025-04-13T17:23:57.801+0300] {dag.py:3239} INFO - Sync 1 DAGs
[2025-04-13T17:23:57.815+0300] {logging_mixin.py:190} INFO - [2025-04-13T17:23:57.814+0300] {dag.py:4180} INFO - Setting next_dagrun for tutorial to 2025-04-12 00:00:00+00:00, run_after=2025-04-13 00:00:00+00:00
[2025-04-13T17:23:57.830+0300] {processor.py:208} INFO - Processing /home/tasneemahmed24/.local/lib/python3.10/site-packages/airflow/example_dags/tutorial.py took 0.056 seconds
[2025-04-13T17:24:52.906+0300] {processor.py:186} INFO - Started process (PID=36540) to work on /home/tasneemahmed24/.local/lib/python3.10/site-packages/airflow/example_dags/tutorial.py
[2025-04-13T17:24:52.908+0300] {processor.py:914} INFO - Processing file /home/tasneemahmed24/.local/lib/python3.10/site-packages/airflow/example_dags/tutorial.py for tasks to queue
[2025-04-13T17:24:52.910+0300] {logging_mixin.py:190} INFO - [2025-04-13T17:24:52.910+0300] {dagbag.py:588} INFO - Filling up the DagBag from /home/tasneemahmed24/.local/lib/python3.10/site-packages/airflow/example_dags/tutorial.py
[2025-04-13T17:24:52.917+0300] {processor.py:925} INFO - DAG(s) 'tutorial' retrieved from /home/tasneemahmed24/.local/lib/python3.10/site-packages/airflow/example_dags/tutorial.py
[2025-04-13T17:24:52.929+0300] {logging_mixin.py:190} INFO - [2025-04-13T17:24:52.929+0300] {dag.py:3239} INFO - Sync 1 DAGs
[2025-04-13T17:24:52.943+0300] {logging_mixin.py:190} INFO - [2025-04-13T17:24:52.942+0300] {dag.py:4180} INFO - Setting next_dagrun for tutorial to 2025-04-12 00:00:00+00:00, run_after=2025-04-13 00:00:00+00:00
[2025-04-13T17:24:52.960+0300] {processor.py:208} INFO - Processing /home/tasneemahmed24/.local/lib/python3.10/site-packages/airflow/example_dags/tutorial.py took 0.061 seconds
[2025-04-13T17:25:46.039+0300] {processor.py:186} INFO - Started process (PID=36798) to work on /home/tasneemahmed24/.local/lib/python3.10/site-packages/airflow/example_dags/tutorial.py
[2025-04-13T17:25:46.042+0300] {processor.py:914} INFO - Processing file /home/tasneemahmed24/.local/lib/python3.10/site-packages/airflow/example_dags/tutorial.py for tasks to queue
[2025-04-13T17:25:46.043+0300] {logging_mixin.py:190} INFO - [2025-04-13T17:25:46.043+0300] {dagbag.py:588} INFO - Filling up the DagBag from /home/tasneemahmed24/.local/lib/python3.10/site-packages/airflow/example_dags/tutorial.py
[2025-04-13T17:25:46.049+0300] {processor.py:925} INFO - DAG(s) 'tutorial' retrieved from /home/tasneemahmed24/.local/lib/python3.10/site-packages/airflow/example_dags/tutorial.py
[2025-04-13T17:25:46.060+0300] {logging_mixin.py:190} INFO - [2025-04-13T17:25:46.059+0300] {dag.py:3239} INFO - Sync 1 DAGs
[2025-04-13T17:25:46.075+0300] {logging_mixin.py:190} INFO - [2025-04-13T17:25:46.074+0300] {dag.py:4180} INFO - Setting next_dagrun for tutorial to 2025-04-12 00:00:00+00:00, run_after=2025-04-13 00:00:00+00:00
[2025-04-13T17:25:46.093+0300] {processor.py:208} INFO - Processing /home/tasneemahmed24/.local/lib/python3.10/site-packages/airflow/example_dags/tutorial.py took 0.058 seconds
[2025-04-13T17:26:38.114+0300] {processor.py:186} INFO - Started process (PID=37050) to work on /home/tasneemahmed24/.local/lib/python3.10/site-packages/airflow/example_dags/tutorial.py
[2025-04-13T17:26:38.115+0300] {processor.py:914} INFO - Processing file /home/tasneemahmed24/.local/lib/python3.10/site-packages/airflow/example_dags/tutorial.py for tasks to queue
[2025-04-13T17:26:38.117+0300] {logging_mixin.py:190} INFO - [2025-04-13T17:26:38.116+0300] {dagbag.py:588} INFO - Filling up the DagBag from /home/tasneemahmed24/.local/lib/python3.10/site-packages/airflow/example_dags/tutorial.py
[2025-04-13T17:26:38.123+0300] {processor.py:925} INFO - DAG(s) 'tutorial' retrieved from /home/tasneemahmed24/.local/lib/python3.10/site-packages/airflow/example_dags/tutorial.py
[2025-04-13T17:26:38.133+0300] {logging_mixin.py:190} INFO - [2025-04-13T17:26:38.133+0300] {dag.py:3239} INFO - Sync 1 DAGs
[2025-04-13T17:26:38.147+0300] {logging_mixin.py:190} INFO - [2025-04-13T17:26:38.147+0300] {dag.py:4180} INFO - Setting next_dagrun for tutorial to 2025-04-12 00:00:00+00:00, run_after=2025-04-13 00:00:00+00:00
[2025-04-13T17:26:38.162+0300] {processor.py:208} INFO - Processing /home/tasneemahmed24/.local/lib/python3.10/site-packages/airflow/example_dags/tutorial.py took 0.053 seconds
[2025-04-13T17:27:31.332+0300] {processor.py:186} INFO - Started process (PID=37304) to work on /home/tasneemahmed24/.local/lib/python3.10/site-packages/airflow/example_dags/tutorial.py
[2025-04-13T17:27:31.336+0300] {processor.py:914} INFO - Processing file /home/tasneemahmed24/.local/lib/python3.10/site-packages/airflow/example_dags/tutorial.py for tasks to queue
[2025-04-13T17:27:31.337+0300] {logging_mixin.py:190} INFO - [2025-04-13T17:27:31.337+0300] {dagbag.py:588} INFO - Filling up the DagBag from /home/tasneemahmed24/.local/lib/python3.10/site-packages/airflow/example_dags/tutorial.py
[2025-04-13T17:27:31.345+0300] {processor.py:925} INFO - DAG(s) 'tutorial' retrieved from /home/tasneemahmed24/.local/lib/python3.10/site-packages/airflow/example_dags/tutorial.py
[2025-04-13T17:27:31.359+0300] {logging_mixin.py:190} INFO - [2025-04-13T17:27:31.359+0300] {dag.py:3239} INFO - Sync 1 DAGs
[2025-04-13T17:27:31.375+0300] {logging_mixin.py:190} INFO - [2025-04-13T17:27:31.375+0300] {dag.py:4180} INFO - Setting next_dagrun for tutorial to 2025-04-12 00:00:00+00:00, run_after=2025-04-13 00:00:00+00:00
[2025-04-13T17:27:31.409+0300] {processor.py:208} INFO - Processing /home/tasneemahmed24/.local/lib/python3.10/site-packages/airflow/example_dags/tutorial.py took 0.082 seconds
[2025-04-13T17:28:26.595+0300] {processor.py:186} INFO - Started process (PID=37565) to work on /home/tasneemahmed24/.local/lib/python3.10/site-packages/airflow/example_dags/tutorial.py
[2025-04-13T17:28:26.596+0300] {processor.py:914} INFO - Processing file /home/tasneemahmed24/.local/lib/python3.10/site-packages/airflow/example_dags/tutorial.py for tasks to queue
[2025-04-13T17:28:26.601+0300] {logging_mixin.py:190} INFO - [2025-04-13T17:28:26.600+0300] {dagbag.py:588} INFO - Filling up the DagBag from /home/tasneemahmed24/.local/lib/python3.10/site-packages/airflow/example_dags/tutorial.py
[2025-04-13T17:28:26.610+0300] {processor.py:925} INFO - DAG(s) 'tutorial' retrieved from /home/tasneemahmed24/.local/lib/python3.10/site-packages/airflow/example_dags/tutorial.py
[2025-04-13T17:28:26.626+0300] {logging_mixin.py:190} INFO - [2025-04-13T17:28:26.626+0300] {dag.py:3239} INFO - Sync 1 DAGs
[2025-04-13T17:28:26.645+0300] {logging_mixin.py:190} INFO - [2025-04-13T17:28:26.645+0300] {dag.py:4180} INFO - Setting next_dagrun for tutorial to 2025-04-12 00:00:00+00:00, run_after=2025-04-13 00:00:00+00:00
[2025-04-13T17:28:26.666+0300] {processor.py:208} INFO - Processing /home/tasneemahmed24/.local/lib/python3.10/site-packages/airflow/example_dags/tutorial.py took 0.077 seconds
[2025-04-13T17:29:21.351+0300] {processor.py:186} INFO - Started process (PID=37826) to work on /home/tasneemahmed24/.local/lib/python3.10/site-packages/airflow/example_dags/tutorial.py
[2025-04-13T17:29:21.353+0300] {processor.py:914} INFO - Processing file /home/tasneemahmed24/.local/lib/python3.10/site-packages/airflow/example_dags/tutorial.py for tasks to queue
[2025-04-13T17:29:21.356+0300] {logging_mixin.py:190} INFO - [2025-04-13T17:29:21.355+0300] {dagbag.py:588} INFO - Filling up the DagBag from /home/tasneemahmed24/.local/lib/python3.10/site-packages/airflow/example_dags/tutorial.py
[2025-04-13T17:29:21.363+0300] {processor.py:925} INFO - DAG(s) 'tutorial' retrieved from /home/tasneemahmed24/.local/lib/python3.10/site-packages/airflow/example_dags/tutorial.py
[2025-04-13T17:29:21.373+0300] {logging_mixin.py:190} INFO - [2025-04-13T17:29:21.373+0300] {dag.py:3239} INFO - Sync 1 DAGs
[2025-04-13T17:29:21.389+0300] {logging_mixin.py:190} INFO - [2025-04-13T17:29:21.389+0300] {dag.py:4180} INFO - Setting next_dagrun for tutorial to 2025-04-12 00:00:00+00:00, run_after=2025-04-13 00:00:00+00:00
[2025-04-13T17:29:21.408+0300] {processor.py:208} INFO - Processing /home/tasneemahmed24/.local/lib/python3.10/site-packages/airflow/example_dags/tutorial.py took 0.062 seconds
[2025-04-13T17:30:13.023+0300] {processor.py:186} INFO - Started process (PID=38069) to work on /home/tasneemahmed24/.local/lib/python3.10/site-packages/airflow/example_dags/tutorial.py
[2025-04-13T17:30:13.025+0300] {processor.py:914} INFO - Processing file /home/tasneemahmed24/.local/lib/python3.10/site-packages/airflow/example_dags/tutorial.py for tasks to queue
[2025-04-13T17:30:13.027+0300] {logging_mixin.py:190} INFO - [2025-04-13T17:30:13.027+0300] {dagbag.py:588} INFO - Filling up the DagBag from /home/tasneemahmed24/.local/lib/python3.10/site-packages/airflow/example_dags/tutorial.py
[2025-04-13T17:30:13.035+0300] {processor.py:925} INFO - DAG(s) 'tutorial' retrieved from /home/tasneemahmed24/.local/lib/python3.10/site-packages/airflow/example_dags/tutorial.py
[2025-04-13T17:30:13.059+0300] {logging_mixin.py:190} INFO - [2025-04-13T17:30:13.058+0300] {dag.py:3239} INFO - Sync 1 DAGs
[2025-04-13T17:30:13.132+0300] {logging_mixin.py:190} INFO - [2025-04-13T17:30:13.132+0300] {dag.py:4180} INFO - Setting next_dagrun for tutorial to 2025-04-12 00:00:00+00:00, run_after=2025-04-13 00:00:00+00:00
[2025-04-13T17:30:13.172+0300] {processor.py:208} INFO - Processing /home/tasneemahmed24/.local/lib/python3.10/site-packages/airflow/example_dags/tutorial.py took 0.154 seconds
[2025-04-13T17:31:07.368+0300] {processor.py:186} INFO - Started process (PID=38327) to work on /home/tasneemahmed24/.local/lib/python3.10/site-packages/airflow/example_dags/tutorial.py
[2025-04-13T17:31:07.371+0300] {processor.py:914} INFO - Processing file /home/tasneemahmed24/.local/lib/python3.10/site-packages/airflow/example_dags/tutorial.py for tasks to queue
[2025-04-13T17:31:07.372+0300] {logging_mixin.py:190} INFO - [2025-04-13T17:31:07.372+0300] {dagbag.py:588} INFO - Filling up the DagBag from /home/tasneemahmed24/.local/lib/python3.10/site-packages/airflow/example_dags/tutorial.py
[2025-04-13T17:31:07.380+0300] {processor.py:925} INFO - DAG(s) 'tutorial' retrieved from /home/tasneemahmed24/.local/lib/python3.10/site-packages/airflow/example_dags/tutorial.py
[2025-04-13T17:31:07.391+0300] {logging_mixin.py:190} INFO - [2025-04-13T17:31:07.390+0300] {dag.py:3239} INFO - Sync 1 DAGs
[2025-04-13T17:31:07.407+0300] {logging_mixin.py:190} INFO - [2025-04-13T17:31:07.407+0300] {dag.py:4180} INFO - Setting next_dagrun for tutorial to 2025-04-12 00:00:00+00:00, run_after=2025-04-13 00:00:00+00:00
[2025-04-13T17:31:07.428+0300] {processor.py:208} INFO - Processing /home/tasneemahmed24/.local/lib/python3.10/site-packages/airflow/example_dags/tutorial.py took 0.064 seconds
[2025-04-13T17:32:00.277+0300] {processor.py:186} INFO - Started process (PID=38581) to work on /home/tasneemahmed24/.local/lib/python3.10/site-packages/airflow/example_dags/tutorial.py
[2025-04-13T17:32:00.279+0300] {processor.py:914} INFO - Processing file /home/tasneemahmed24/.local/lib/python3.10/site-packages/airflow/example_dags/tutorial.py for tasks to queue
[2025-04-13T17:32:00.281+0300] {logging_mixin.py:190} INFO - [2025-04-13T17:32:00.280+0300] {dagbag.py:588} INFO - Filling up the DagBag from /home/tasneemahmed24/.local/lib/python3.10/site-packages/airflow/example_dags/tutorial.py
[2025-04-13T17:32:00.288+0300] {processor.py:925} INFO - DAG(s) 'tutorial' retrieved from /home/tasneemahmed24/.local/lib/python3.10/site-packages/airflow/example_dags/tutorial.py
[2025-04-13T17:32:00.299+0300] {logging_mixin.py:190} INFO - [2025-04-13T17:32:00.298+0300] {dag.py:3239} INFO - Sync 1 DAGs
[2025-04-13T17:32:00.313+0300] {logging_mixin.py:190} INFO - [2025-04-13T17:32:00.313+0300] {dag.py:4180} INFO - Setting next_dagrun for tutorial to 2025-04-12 00:00:00+00:00, run_after=2025-04-13 00:00:00+00:00
[2025-04-13T17:32:00.334+0300] {processor.py:208} INFO - Processing /home/tasneemahmed24/.local/lib/python3.10/site-packages/airflow/example_dags/tutorial.py took 0.062 seconds
[2025-04-13T17:33:01.616+0300] {processor.py:186} INFO - Started process (PID=38886) to work on /home/tasneemahmed24/.local/lib/python3.10/site-packages/airflow/example_dags/tutorial.py
[2025-04-13T17:33:01.617+0300] {processor.py:914} INFO - Processing file /home/tasneemahmed24/.local/lib/python3.10/site-packages/airflow/example_dags/tutorial.py for tasks to queue
[2025-04-13T17:33:01.620+0300] {logging_mixin.py:190} INFO - [2025-04-13T17:33:01.619+0300] {dagbag.py:588} INFO - Filling up the DagBag from /home/tasneemahmed24/.local/lib/python3.10/site-packages/airflow/example_dags/tutorial.py
[2025-04-13T17:33:01.627+0300] {processor.py:925} INFO - DAG(s) 'tutorial' retrieved from /home/tasneemahmed24/.local/lib/python3.10/site-packages/airflow/example_dags/tutorial.py
[2025-04-13T17:33:01.640+0300] {logging_mixin.py:190} INFO - [2025-04-13T17:33:01.639+0300] {dag.py:3239} INFO - Sync 1 DAGs
[2025-04-13T17:33:01.655+0300] {logging_mixin.py:190} INFO - [2025-04-13T17:33:01.654+0300] {dag.py:4180} INFO - Setting next_dagrun for tutorial to 2025-04-12 00:00:00+00:00, run_after=2025-04-13 00:00:00+00:00
[2025-04-13T17:33:01.675+0300] {processor.py:208} INFO - Processing /home/tasneemahmed24/.local/lib/python3.10/site-packages/airflow/example_dags/tutorial.py took 0.065 seconds
[2025-04-13T17:34:01.934+0300] {processor.py:186} INFO - Started process (PID=39184) to work on /home/tasneemahmed24/.local/lib/python3.10/site-packages/airflow/example_dags/tutorial.py
[2025-04-13T17:34:01.936+0300] {processor.py:914} INFO - Processing file /home/tasneemahmed24/.local/lib/python3.10/site-packages/airflow/example_dags/tutorial.py for tasks to queue
[2025-04-13T17:34:01.937+0300] {logging_mixin.py:190} INFO - [2025-04-13T17:34:01.937+0300] {dagbag.py:588} INFO - Filling up the DagBag from /home/tasneemahmed24/.local/lib/python3.10/site-packages/airflow/example_dags/tutorial.py
[2025-04-13T17:34:01.949+0300] {processor.py:925} INFO - DAG(s) 'tutorial' retrieved from /home/tasneemahmed24/.local/lib/python3.10/site-packages/airflow/example_dags/tutorial.py
[2025-04-13T17:34:01.967+0300] {logging_mixin.py:190} INFO - [2025-04-13T17:34:01.966+0300] {dag.py:3239} INFO - Sync 1 DAGs
[2025-04-13T17:34:01.985+0300] {logging_mixin.py:190} INFO - [2025-04-13T17:34:01.985+0300] {dag.py:4180} INFO - Setting next_dagrun for tutorial to 2025-04-12 00:00:00+00:00, run_after=2025-04-13 00:00:00+00:00
[2025-04-13T17:34:02.005+0300] {processor.py:208} INFO - Processing /home/tasneemahmed24/.local/lib/python3.10/site-packages/airflow/example_dags/tutorial.py took 0.081 seconds
[2025-04-13T17:35:00.013+0300] {processor.py:186} INFO - Started process (PID=39475) to work on /home/tasneemahmed24/.local/lib/python3.10/site-packages/airflow/example_dags/tutorial.py
[2025-04-13T17:35:00.028+0300] {processor.py:914} INFO - Processing file /home/tasneemahmed24/.local/lib/python3.10/site-packages/airflow/example_dags/tutorial.py for tasks to queue
[2025-04-13T17:35:00.030+0300] {logging_mixin.py:190} INFO - [2025-04-13T17:35:00.030+0300] {dagbag.py:588} INFO - Filling up the DagBag from /home/tasneemahmed24/.local/lib/python3.10/site-packages/airflow/example_dags/tutorial.py
[2025-04-13T17:35:00.037+0300] {processor.py:925} INFO - DAG(s) 'tutorial' retrieved from /home/tasneemahmed24/.local/lib/python3.10/site-packages/airflow/example_dags/tutorial.py
[2025-04-13T17:35:00.049+0300] {logging_mixin.py:190} INFO - [2025-04-13T17:35:00.049+0300] {dag.py:3239} INFO - Sync 1 DAGs
[2025-04-13T17:35:00.064+0300] {logging_mixin.py:190} INFO - [2025-04-13T17:35:00.064+0300] {dag.py:4180} INFO - Setting next_dagrun for tutorial to 2025-04-12 00:00:00+00:00, run_after=2025-04-13 00:00:00+00:00
[2025-04-13T17:35:00.082+0300] {processor.py:208} INFO - Processing /home/tasneemahmed24/.local/lib/python3.10/site-packages/airflow/example_dags/tutorial.py took 0.074 seconds
[2025-04-13T17:36:00.378+0300] {processor.py:186} INFO - Started process (PID=39781) to work on /home/tasneemahmed24/.local/lib/python3.10/site-packages/airflow/example_dags/tutorial.py
[2025-04-13T17:36:00.380+0300] {processor.py:914} INFO - Processing file /home/tasneemahmed24/.local/lib/python3.10/site-packages/airflow/example_dags/tutorial.py for tasks to queue
[2025-04-13T17:36:00.382+0300] {logging_mixin.py:190} INFO - [2025-04-13T17:36:00.381+0300] {dagbag.py:588} INFO - Filling up the DagBag from /home/tasneemahmed24/.local/lib/python3.10/site-packages/airflow/example_dags/tutorial.py
[2025-04-13T17:36:00.389+0300] {processor.py:925} INFO - DAG(s) 'tutorial' retrieved from /home/tasneemahmed24/.local/lib/python3.10/site-packages/airflow/example_dags/tutorial.py
[2025-04-13T17:36:00.401+0300] {logging_mixin.py:190} INFO - [2025-04-13T17:36:00.401+0300] {dag.py:3239} INFO - Sync 1 DAGs
[2025-04-13T17:36:00.414+0300] {logging_mixin.py:190} INFO - [2025-04-13T17:36:00.414+0300] {dag.py:4180} INFO - Setting next_dagrun for tutorial to 2025-04-12 00:00:00+00:00, run_after=2025-04-13 00:00:00+00:00
[2025-04-13T17:36:00.433+0300] {processor.py:208} INFO - Processing /home/tasneemahmed24/.local/lib/python3.10/site-packages/airflow/example_dags/tutorial.py took 0.061 seconds
[2025-04-13T17:37:00.990+0300] {processor.py:186} INFO - Started process (PID=40070) to work on /home/tasneemahmed24/.local/lib/python3.10/site-packages/airflow/example_dags/tutorial.py
[2025-04-13T17:37:00.991+0300] {processor.py:914} INFO - Processing file /home/tasneemahmed24/.local/lib/python3.10/site-packages/airflow/example_dags/tutorial.py for tasks to queue
[2025-04-13T17:37:00.993+0300] {logging_mixin.py:190} INFO - [2025-04-13T17:37:00.992+0300] {dagbag.py:588} INFO - Filling up the DagBag from /home/tasneemahmed24/.local/lib/python3.10/site-packages/airflow/example_dags/tutorial.py
[2025-04-13T17:37:01.001+0300] {processor.py:925} INFO - DAG(s) 'tutorial' retrieved from /home/tasneemahmed24/.local/lib/python3.10/site-packages/airflow/example_dags/tutorial.py
[2025-04-13T17:37:01.014+0300] {logging_mixin.py:190} INFO - [2025-04-13T17:37:01.013+0300] {dag.py:3239} INFO - Sync 1 DAGs
[2025-04-13T17:37:01.031+0300] {logging_mixin.py:190} INFO - [2025-04-13T17:37:01.030+0300] {dag.py:4180} INFO - Setting next_dagrun for tutorial to 2025-04-12 00:00:00+00:00, run_after=2025-04-13 00:00:00+00:00
[2025-04-13T17:37:01.051+0300] {processor.py:208} INFO - Processing /home/tasneemahmed24/.local/lib/python3.10/site-packages/airflow/example_dags/tutorial.py took 0.067 seconds
[2025-04-13T17:37:58.725+0300] {processor.py:186} INFO - Started process (PID=40373) to work on /home/tasneemahmed24/.local/lib/python3.10/site-packages/airflow/example_dags/tutorial.py
[2025-04-13T17:37:58.727+0300] {processor.py:914} INFO - Processing file /home/tasneemahmed24/.local/lib/python3.10/site-packages/airflow/example_dags/tutorial.py for tasks to queue
[2025-04-13T17:37:58.729+0300] {logging_mixin.py:190} INFO - [2025-04-13T17:37:58.728+0300] {dagbag.py:588} INFO - Filling up the DagBag from /home/tasneemahmed24/.local/lib/python3.10/site-packages/airflow/example_dags/tutorial.py
[2025-04-13T17:37:58.739+0300] {processor.py:925} INFO - DAG(s) 'tutorial' retrieved from /home/tasneemahmed24/.local/lib/python3.10/site-packages/airflow/example_dags/tutorial.py
[2025-04-13T17:37:58.754+0300] {logging_mixin.py:190} INFO - [2025-04-13T17:37:58.754+0300] {dag.py:3239} INFO - Sync 1 DAGs
[2025-04-13T17:37:58.774+0300] {logging_mixin.py:190} INFO - [2025-04-13T17:37:58.774+0300] {dag.py:4180} INFO - Setting next_dagrun for tutorial to 2025-04-12 00:00:00+00:00, run_after=2025-04-13 00:00:00+00:00
[2025-04-13T17:37:58.796+0300] {processor.py:208} INFO - Processing /home/tasneemahmed24/.local/lib/python3.10/site-packages/airflow/example_dags/tutorial.py took 0.077 seconds
[2025-04-13T17:38:57.068+0300] {processor.py:186} INFO - Started process (PID=40647) to work on /home/tasneemahmed24/.local/lib/python3.10/site-packages/airflow/example_dags/tutorial.py
[2025-04-13T17:38:57.070+0300] {processor.py:914} INFO - Processing file /home/tasneemahmed24/.local/lib/python3.10/site-packages/airflow/example_dags/tutorial.py for tasks to queue
[2025-04-13T17:38:57.072+0300] {logging_mixin.py:190} INFO - [2025-04-13T17:38:57.071+0300] {dagbag.py:588} INFO - Filling up the DagBag from /home/tasneemahmed24/.local/lib/python3.10/site-packages/airflow/example_dags/tutorial.py
[2025-04-13T17:38:57.078+0300] {processor.py:925} INFO - DAG(s) 'tutorial' retrieved from /home/tasneemahmed24/.local/lib/python3.10/site-packages/airflow/example_dags/tutorial.py
[2025-04-13T17:38:57.091+0300] {logging_mixin.py:190} INFO - [2025-04-13T17:38:57.091+0300] {dag.py:3239} INFO - Sync 1 DAGs
[2025-04-13T17:38:57.128+0300] {logging_mixin.py:190} INFO - [2025-04-13T17:38:57.127+0300] {dag.py:4180} INFO - Setting next_dagrun for tutorial to 2025-04-12 00:00:00+00:00, run_after=2025-04-13 00:00:00+00:00
[2025-04-13T17:38:57.169+0300] {processor.py:208} INFO - Processing /home/tasneemahmed24/.local/lib/python3.10/site-packages/airflow/example_dags/tutorial.py took 0.106 seconds
[2025-04-13T17:39:55.448+0300] {processor.py:186} INFO - Started process (PID=40931) to work on /home/tasneemahmed24/.local/lib/python3.10/site-packages/airflow/example_dags/tutorial.py
[2025-04-13T17:39:55.466+0300] {processor.py:914} INFO - Processing file /home/tasneemahmed24/.local/lib/python3.10/site-packages/airflow/example_dags/tutorial.py for tasks to queue
[2025-04-13T17:39:55.469+0300] {logging_mixin.py:190} INFO - [2025-04-13T17:39:55.468+0300] {dagbag.py:588} INFO - Filling up the DagBag from /home/tasneemahmed24/.local/lib/python3.10/site-packages/airflow/example_dags/tutorial.py
[2025-04-13T17:39:55.476+0300] {processor.py:925} INFO - DAG(s) 'tutorial' retrieved from /home/tasneemahmed24/.local/lib/python3.10/site-packages/airflow/example_dags/tutorial.py
[2025-04-13T17:39:55.489+0300] {logging_mixin.py:190} INFO - [2025-04-13T17:39:55.489+0300] {dag.py:3239} INFO - Sync 1 DAGs
[2025-04-13T17:39:55.505+0300] {logging_mixin.py:190} INFO - [2025-04-13T17:39:55.505+0300] {dag.py:4180} INFO - Setting next_dagrun for tutorial to 2025-04-12 00:00:00+00:00, run_after=2025-04-13 00:00:00+00:00
[2025-04-13T17:39:55.525+0300] {processor.py:208} INFO - Processing /home/tasneemahmed24/.local/lib/python3.10/site-packages/airflow/example_dags/tutorial.py took 0.084 seconds
[2025-04-13T17:40:51.267+0300] {processor.py:186} INFO - Started process (PID=41203) to work on /home/tasneemahmed24/.local/lib/python3.10/site-packages/airflow/example_dags/tutorial.py
[2025-04-13T17:40:51.278+0300] {processor.py:914} INFO - Processing file /home/tasneemahmed24/.local/lib/python3.10/site-packages/airflow/example_dags/tutorial.py for tasks to queue
[2025-04-13T17:40:51.280+0300] {logging_mixin.py:190} INFO - [2025-04-13T17:40:51.279+0300] {dagbag.py:588} INFO - Filling up the DagBag from /home/tasneemahmed24/.local/lib/python3.10/site-packages/airflow/example_dags/tutorial.py
[2025-04-13T17:40:51.286+0300] {processor.py:925} INFO - DAG(s) 'tutorial' retrieved from /home/tasneemahmed24/.local/lib/python3.10/site-packages/airflow/example_dags/tutorial.py
[2025-04-13T17:40:51.298+0300] {logging_mixin.py:190} INFO - [2025-04-13T17:40:51.297+0300] {dag.py:3239} INFO - Sync 1 DAGs
[2025-04-13T17:40:51.313+0300] {logging_mixin.py:190} INFO - [2025-04-13T17:40:51.313+0300] {dag.py:4180} INFO - Setting next_dagrun for tutorial to 2025-04-12 00:00:00+00:00, run_after=2025-04-13 00:00:00+00:00
[2025-04-13T17:40:51.330+0300] {processor.py:208} INFO - Processing /home/tasneemahmed24/.local/lib/python3.10/site-packages/airflow/example_dags/tutorial.py took 0.070 seconds
[2025-04-13T17:41:45.308+0300] {processor.py:186} INFO - Started process (PID=41477) to work on /home/tasneemahmed24/.local/lib/python3.10/site-packages/airflow/example_dags/tutorial.py
[2025-04-13T17:41:45.310+0300] {processor.py:914} INFO - Processing file /home/tasneemahmed24/.local/lib/python3.10/site-packages/airflow/example_dags/tutorial.py for tasks to queue
[2025-04-13T17:41:45.311+0300] {logging_mixin.py:190} INFO - [2025-04-13T17:41:45.311+0300] {dagbag.py:588} INFO - Filling up the DagBag from /home/tasneemahmed24/.local/lib/python3.10/site-packages/airflow/example_dags/tutorial.py
[2025-04-13T17:41:45.320+0300] {processor.py:925} INFO - DAG(s) 'tutorial' retrieved from /home/tasneemahmed24/.local/lib/python3.10/site-packages/airflow/example_dags/tutorial.py
[2025-04-13T17:41:45.333+0300] {logging_mixin.py:190} INFO - [2025-04-13T17:41:45.332+0300] {dag.py:3239} INFO - Sync 1 DAGs
[2025-04-13T17:41:45.347+0300] {logging_mixin.py:190} INFO - [2025-04-13T17:41:45.346+0300] {dag.py:4180} INFO - Setting next_dagrun for tutorial to 2025-04-12 00:00:00+00:00, run_after=2025-04-13 00:00:00+00:00
[2025-04-13T17:41:45.363+0300] {processor.py:208} INFO - Processing /home/tasneemahmed24/.local/lib/python3.10/site-packages/airflow/example_dags/tutorial.py took 0.075 seconds
[2025-04-13T17:42:45.750+0300] {processor.py:186} INFO - Started process (PID=41808) to work on /home/tasneemahmed24/.local/lib/python3.10/site-packages/airflow/example_dags/tutorial.py
[2025-04-13T17:42:45.753+0300] {processor.py:914} INFO - Processing file /home/tasneemahmed24/.local/lib/python3.10/site-packages/airflow/example_dags/tutorial.py for tasks to queue
[2025-04-13T17:42:45.754+0300] {logging_mixin.py:190} INFO - [2025-04-13T17:42:45.754+0300] {dagbag.py:588} INFO - Filling up the DagBag from /home/tasneemahmed24/.local/lib/python3.10/site-packages/airflow/example_dags/tutorial.py
[2025-04-13T17:42:45.761+0300] {processor.py:925} INFO - DAG(s) 'tutorial' retrieved from /home/tasneemahmed24/.local/lib/python3.10/site-packages/airflow/example_dags/tutorial.py
[2025-04-13T17:42:45.773+0300] {logging_mixin.py:190} INFO - [2025-04-13T17:42:45.773+0300] {dag.py:3239} INFO - Sync 1 DAGs
[2025-04-13T17:42:45.788+0300] {logging_mixin.py:190} INFO - [2025-04-13T17:42:45.788+0300] {dag.py:4180} INFO - Setting next_dagrun for tutorial to 2025-04-12 00:00:00+00:00, run_after=2025-04-13 00:00:00+00:00
[2025-04-13T17:42:45.807+0300] {processor.py:208} INFO - Processing /home/tasneemahmed24/.local/lib/python3.10/site-packages/airflow/example_dags/tutorial.py took 0.061 seconds
[2025-04-13T17:43:41.812+0300] {processor.py:186} INFO - Started process (PID=42078) to work on /home/tasneemahmed24/.local/lib/python3.10/site-packages/airflow/example_dags/tutorial.py
[2025-04-13T17:43:41.818+0300] {processor.py:914} INFO - Processing file /home/tasneemahmed24/.local/lib/python3.10/site-packages/airflow/example_dags/tutorial.py for tasks to queue
[2025-04-13T17:43:41.822+0300] {logging_mixin.py:190} INFO - [2025-04-13T17:43:41.822+0300] {dagbag.py:588} INFO - Filling up the DagBag from /home/tasneemahmed24/.local/lib/python3.10/site-packages/airflow/example_dags/tutorial.py
[2025-04-13T17:43:41.829+0300] {processor.py:925} INFO - DAG(s) 'tutorial' retrieved from /home/tasneemahmed24/.local/lib/python3.10/site-packages/airflow/example_dags/tutorial.py
[2025-04-13T17:43:41.854+0300] {logging_mixin.py:190} INFO - [2025-04-13T17:43:41.854+0300] {dag.py:3239} INFO - Sync 1 DAGs
[2025-04-13T17:43:41.880+0300] {logging_mixin.py:190} INFO - [2025-04-13T17:43:41.879+0300] {dag.py:4180} INFO - Setting next_dagrun for tutorial to 2025-04-12 00:00:00+00:00, run_after=2025-04-13 00:00:00+00:00
[2025-04-13T17:43:41.899+0300] {processor.py:208} INFO - Processing /home/tasneemahmed24/.local/lib/python3.10/site-packages/airflow/example_dags/tutorial.py took 0.112 seconds
[2025-04-13T17:44:40.946+0300] {processor.py:186} INFO - Started process (PID=42362) to work on /home/tasneemahmed24/.local/lib/python3.10/site-packages/airflow/example_dags/tutorial.py
[2025-04-13T17:44:40.947+0300] {processor.py:914} INFO - Processing file /home/tasneemahmed24/.local/lib/python3.10/site-packages/airflow/example_dags/tutorial.py for tasks to queue
[2025-04-13T17:44:40.950+0300] {logging_mixin.py:190} INFO - [2025-04-13T17:44:40.950+0300] {dagbag.py:588} INFO - Filling up the DagBag from /home/tasneemahmed24/.local/lib/python3.10/site-packages/airflow/example_dags/tutorial.py
[2025-04-13T17:44:40.958+0300] {processor.py:925} INFO - DAG(s) 'tutorial' retrieved from /home/tasneemahmed24/.local/lib/python3.10/site-packages/airflow/example_dags/tutorial.py
[2025-04-13T17:44:40.970+0300] {logging_mixin.py:190} INFO - [2025-04-13T17:44:40.969+0300] {dag.py:3239} INFO - Sync 1 DAGs
[2025-04-13T17:44:40.984+0300] {logging_mixin.py:190} INFO - [2025-04-13T17:44:40.984+0300] {dag.py:4180} INFO - Setting next_dagrun for tutorial to 2025-04-12 00:00:00+00:00, run_after=2025-04-13 00:00:00+00:00
[2025-04-13T17:44:41.004+0300] {processor.py:208} INFO - Processing /home/tasneemahmed24/.local/lib/python3.10/site-packages/airflow/example_dags/tutorial.py took 0.065 seconds
[2025-04-13T17:45:37.348+0300] {processor.py:186} INFO - Started process (PID=42720) to work on /home/tasneemahmed24/.local/lib/python3.10/site-packages/airflow/example_dags/tutorial.py
[2025-04-13T17:45:37.350+0300] {processor.py:914} INFO - Processing file /home/tasneemahmed24/.local/lib/python3.10/site-packages/airflow/example_dags/tutorial.py for tasks to queue
[2025-04-13T17:45:37.352+0300] {logging_mixin.py:190} INFO - [2025-04-13T17:45:37.351+0300] {dagbag.py:588} INFO - Filling up the DagBag from /home/tasneemahmed24/.local/lib/python3.10/site-packages/airflow/example_dags/tutorial.py
[2025-04-13T17:45:37.359+0300] {processor.py:925} INFO - DAG(s) 'tutorial' retrieved from /home/tasneemahmed24/.local/lib/python3.10/site-packages/airflow/example_dags/tutorial.py
[2025-04-13T17:45:37.374+0300] {logging_mixin.py:190} INFO - [2025-04-13T17:45:37.374+0300] {dag.py:3239} INFO - Sync 1 DAGs
[2025-04-13T17:45:37.388+0300] {logging_mixin.py:190} INFO - [2025-04-13T17:45:37.388+0300] {dag.py:4180} INFO - Setting next_dagrun for tutorial to 2025-04-12 00:00:00+00:00, run_after=2025-04-13 00:00:00+00:00
[2025-04-13T17:45:37.405+0300] {processor.py:208} INFO - Processing /home/tasneemahmed24/.local/lib/python3.10/site-packages/airflow/example_dags/tutorial.py took 0.062 seconds
[2025-04-13T17:46:32.968+0300] {processor.py:186} INFO - Started process (PID=43005) to work on /home/tasneemahmed24/.local/lib/python3.10/site-packages/airflow/example_dags/tutorial.py
[2025-04-13T17:46:32.970+0300] {processor.py:914} INFO - Processing file /home/tasneemahmed24/.local/lib/python3.10/site-packages/airflow/example_dags/tutorial.py for tasks to queue
[2025-04-13T17:46:32.972+0300] {logging_mixin.py:190} INFO - [2025-04-13T17:46:32.971+0300] {dagbag.py:588} INFO - Filling up the DagBag from /home/tasneemahmed24/.local/lib/python3.10/site-packages/airflow/example_dags/tutorial.py
[2025-04-13T17:46:32.983+0300] {processor.py:925} INFO - DAG(s) 'tutorial' retrieved from /home/tasneemahmed24/.local/lib/python3.10/site-packages/airflow/example_dags/tutorial.py
[2025-04-13T17:46:33.001+0300] {logging_mixin.py:190} INFO - [2025-04-13T17:46:33.000+0300] {dag.py:3239} INFO - Sync 1 DAGs
[2025-04-13T17:46:33.020+0300] {logging_mixin.py:190} INFO - [2025-04-13T17:46:33.020+0300] {dag.py:4180} INFO - Setting next_dagrun for tutorial to 2025-04-12 00:00:00+00:00, run_after=2025-04-13 00:00:00+00:00
[2025-04-13T17:46:33.044+0300] {processor.py:208} INFO - Processing /home/tasneemahmed24/.local/lib/python3.10/site-packages/airflow/example_dags/tutorial.py took 0.082 seconds
[2025-04-13T17:47:24.060+0300] {processor.py:186} INFO - Started process (PID=43267) to work on /home/tasneemahmed24/.local/lib/python3.10/site-packages/airflow/example_dags/tutorial.py
[2025-04-13T17:47:24.063+0300] {processor.py:914} INFO - Processing file /home/tasneemahmed24/.local/lib/python3.10/site-packages/airflow/example_dags/tutorial.py for tasks to queue
[2025-04-13T17:47:24.066+0300] {logging_mixin.py:190} INFO - [2025-04-13T17:47:24.065+0300] {dagbag.py:588} INFO - Filling up the DagBag from /home/tasneemahmed24/.local/lib/python3.10/site-packages/airflow/example_dags/tutorial.py
[2025-04-13T17:47:24.075+0300] {processor.py:925} INFO - DAG(s) 'tutorial' retrieved from /home/tasneemahmed24/.local/lib/python3.10/site-packages/airflow/example_dags/tutorial.py
[2025-04-13T17:47:24.092+0300] {logging_mixin.py:190} INFO - [2025-04-13T17:47:24.091+0300] {dag.py:3239} INFO - Sync 1 DAGs
[2025-04-13T17:47:24.108+0300] {logging_mixin.py:190} INFO - [2025-04-13T17:47:24.108+0300] {dag.py:4180} INFO - Setting next_dagrun for tutorial to 2025-04-12 00:00:00+00:00, run_after=2025-04-13 00:00:00+00:00
[2025-04-13T17:47:24.131+0300] {processor.py:208} INFO - Processing /home/tasneemahmed24/.local/lib/python3.10/site-packages/airflow/example_dags/tutorial.py took 0.077 seconds
[2025-04-13T17:48:41.864+0300] {processor.py:186} INFO - Started process (PID=43593) to work on /home/tasneemahmed24/.local/lib/python3.10/site-packages/airflow/example_dags/tutorial.py
[2025-04-13T17:48:41.866+0300] {processor.py:914} INFO - Processing file /home/tasneemahmed24/.local/lib/python3.10/site-packages/airflow/example_dags/tutorial.py for tasks to queue
[2025-04-13T17:48:41.869+0300] {logging_mixin.py:190} INFO - [2025-04-13T17:48:41.868+0300] {dagbag.py:588} INFO - Filling up the DagBag from /home/tasneemahmed24/.local/lib/python3.10/site-packages/airflow/example_dags/tutorial.py
[2025-04-13T17:48:41.882+0300] {processor.py:925} INFO - DAG(s) 'tutorial' retrieved from /home/tasneemahmed24/.local/lib/python3.10/site-packages/airflow/example_dags/tutorial.py
[2025-04-13T17:48:41.909+0300] {logging_mixin.py:190} INFO - [2025-04-13T17:48:41.909+0300] {dag.py:3239} INFO - Sync 1 DAGs
[2025-04-13T17:48:41.934+0300] {logging_mixin.py:190} INFO - [2025-04-13T17:48:41.934+0300] {dag.py:4180} INFO - Setting next_dagrun for tutorial to 2025-04-12 00:00:00+00:00, run_after=2025-04-13 00:00:00+00:00
[2025-04-13T17:48:41.969+0300] {processor.py:208} INFO - Processing /home/tasneemahmed24/.local/lib/python3.10/site-packages/airflow/example_dags/tutorial.py took 0.114 seconds
[2025-04-13T17:49:29.989+0300] {processor.py:186} INFO - Started process (PID=43819) to work on /home/tasneemahmed24/.local/lib/python3.10/site-packages/airflow/example_dags/tutorial.py
[2025-04-13T17:49:29.991+0300] {processor.py:914} INFO - Processing file /home/tasneemahmed24/.local/lib/python3.10/site-packages/airflow/example_dags/tutorial.py for tasks to queue
[2025-04-13T17:49:29.995+0300] {logging_mixin.py:190} INFO - [2025-04-13T17:49:29.994+0300] {dagbag.py:588} INFO - Filling up the DagBag from /home/tasneemahmed24/.local/lib/python3.10/site-packages/airflow/example_dags/tutorial.py
[2025-04-13T17:49:30.004+0300] {processor.py:925} INFO - DAG(s) 'tutorial' retrieved from /home/tasneemahmed24/.local/lib/python3.10/site-packages/airflow/example_dags/tutorial.py
[2025-04-13T17:49:30.024+0300] {logging_mixin.py:190} INFO - [2025-04-13T17:49:30.023+0300] {dag.py:3239} INFO - Sync 1 DAGs
[2025-04-13T17:49:30.055+0300] {logging_mixin.py:190} INFO - [2025-04-13T17:49:30.054+0300] {dag.py:4180} INFO - Setting next_dagrun for tutorial to 2025-04-12 00:00:00+00:00, run_after=2025-04-13 00:00:00+00:00
[2025-04-13T17:49:30.080+0300] {processor.py:208} INFO - Processing /home/tasneemahmed24/.local/lib/python3.10/site-packages/airflow/example_dags/tutorial.py took 0.097 seconds
[2025-04-13T17:50:32.751+0300] {processor.py:186} INFO - Started process (PID=44117) to work on /home/tasneemahmed24/.local/lib/python3.10/site-packages/airflow/example_dags/tutorial.py
[2025-04-13T17:50:32.768+0300] {processor.py:914} INFO - Processing file /home/tasneemahmed24/.local/lib/python3.10/site-packages/airflow/example_dags/tutorial.py for tasks to queue
[2025-04-13T17:50:32.773+0300] {logging_mixin.py:190} INFO - [2025-04-13T17:50:32.773+0300] {dagbag.py:588} INFO - Filling up the DagBag from /home/tasneemahmed24/.local/lib/python3.10/site-packages/airflow/example_dags/tutorial.py
[2025-04-13T17:50:32.787+0300] {processor.py:925} INFO - DAG(s) 'tutorial' retrieved from /home/tasneemahmed24/.local/lib/python3.10/site-packages/airflow/example_dags/tutorial.py
[2025-04-13T17:50:32.806+0300] {logging_mixin.py:190} INFO - [2025-04-13T17:50:32.806+0300] {dag.py:3239} INFO - Sync 1 DAGs
[2025-04-13T17:50:32.829+0300] {logging_mixin.py:190} INFO - [2025-04-13T17:50:32.829+0300] {dag.py:4180} INFO - Setting next_dagrun for tutorial to 2025-04-12 00:00:00+00:00, run_after=2025-04-13 00:00:00+00:00
[2025-04-13T17:50:32.849+0300] {processor.py:208} INFO - Processing /home/tasneemahmed24/.local/lib/python3.10/site-packages/airflow/example_dags/tutorial.py took 0.108 seconds
[2025-04-13T17:51:40.965+0300] {processor.py:186} INFO - Started process (PID=44435) to work on /home/tasneemahmed24/.local/lib/python3.10/site-packages/airflow/example_dags/tutorial.py
[2025-04-13T17:51:40.967+0300] {processor.py:914} INFO - Processing file /home/tasneemahmed24/.local/lib/python3.10/site-packages/airflow/example_dags/tutorial.py for tasks to queue
[2025-04-13T17:51:40.969+0300] {logging_mixin.py:190} INFO - [2025-04-13T17:51:40.969+0300] {dagbag.py:588} INFO - Filling up the DagBag from /home/tasneemahmed24/.local/lib/python3.10/site-packages/airflow/example_dags/tutorial.py
[2025-04-13T17:51:40.977+0300] {processor.py:925} INFO - DAG(s) 'tutorial' retrieved from /home/tasneemahmed24/.local/lib/python3.10/site-packages/airflow/example_dags/tutorial.py
[2025-04-13T17:51:41.001+0300] {logging_mixin.py:190} INFO - [2025-04-13T17:51:41.001+0300] {dag.py:3239} INFO - Sync 1 DAGs
[2025-04-13T17:51:41.028+0300] {logging_mixin.py:190} INFO - [2025-04-13T17:51:41.028+0300] {dag.py:4180} INFO - Setting next_dagrun for tutorial to 2025-04-12 00:00:00+00:00, run_after=2025-04-13 00:00:00+00:00
[2025-04-13T17:51:41.057+0300] {processor.py:208} INFO - Processing /home/tasneemahmed24/.local/lib/python3.10/site-packages/airflow/example_dags/tutorial.py took 0.101 seconds
[2025-04-13T17:52:41.106+0300] {processor.py:186} INFO - Started process (PID=44723) to work on /home/tasneemahmed24/.local/lib/python3.10/site-packages/airflow/example_dags/tutorial.py
[2025-04-13T17:52:41.108+0300] {processor.py:914} INFO - Processing file /home/tasneemahmed24/.local/lib/python3.10/site-packages/airflow/example_dags/tutorial.py for tasks to queue
[2025-04-13T17:52:41.111+0300] {logging_mixin.py:190} INFO - [2025-04-13T17:52:41.111+0300] {dagbag.py:588} INFO - Filling up the DagBag from /home/tasneemahmed24/.local/lib/python3.10/site-packages/airflow/example_dags/tutorial.py
[2025-04-13T17:52:41.121+0300] {processor.py:925} INFO - DAG(s) 'tutorial' retrieved from /home/tasneemahmed24/.local/lib/python3.10/site-packages/airflow/example_dags/tutorial.py
[2025-04-13T17:52:41.137+0300] {logging_mixin.py:190} INFO - [2025-04-13T17:52:41.137+0300] {dag.py:3239} INFO - Sync 1 DAGs
[2025-04-13T17:52:41.158+0300] {logging_mixin.py:190} INFO - [2025-04-13T17:52:41.157+0300] {dag.py:4180} INFO - Setting next_dagrun for tutorial to 2025-04-12 00:00:00+00:00, run_after=2025-04-13 00:00:00+00:00
[2025-04-13T17:52:41.182+0300] {processor.py:208} INFO - Processing /home/tasneemahmed24/.local/lib/python3.10/site-packages/airflow/example_dags/tutorial.py took 0.083 seconds
[2025-04-13T17:53:46.070+0300] {processor.py:186} INFO - Started process (PID=45028) to work on /home/tasneemahmed24/.local/lib/python3.10/site-packages/airflow/example_dags/tutorial.py
[2025-04-13T17:53:46.072+0300] {processor.py:914} INFO - Processing file /home/tasneemahmed24/.local/lib/python3.10/site-packages/airflow/example_dags/tutorial.py for tasks to queue
[2025-04-13T17:53:46.075+0300] {logging_mixin.py:190} INFO - [2025-04-13T17:53:46.074+0300] {dagbag.py:588} INFO - Filling up the DagBag from /home/tasneemahmed24/.local/lib/python3.10/site-packages/airflow/example_dags/tutorial.py
[2025-04-13T17:53:46.083+0300] {processor.py:925} INFO - DAG(s) 'tutorial' retrieved from /home/tasneemahmed24/.local/lib/python3.10/site-packages/airflow/example_dags/tutorial.py
[2025-04-13T17:53:46.099+0300] {logging_mixin.py:190} INFO - [2025-04-13T17:53:46.099+0300] {dag.py:3239} INFO - Sync 1 DAGs
[2025-04-13T17:53:46.118+0300] {logging_mixin.py:190} INFO - [2025-04-13T17:53:46.118+0300] {dag.py:4180} INFO - Setting next_dagrun for tutorial to 2025-04-12 00:00:00+00:00, run_after=2025-04-13 00:00:00+00:00
[2025-04-13T17:53:46.146+0300] {processor.py:208} INFO - Processing /home/tasneemahmed24/.local/lib/python3.10/site-packages/airflow/example_dags/tutorial.py took 0.084 seconds
[2025-04-13T17:54:43.163+0300] {processor.py:186} INFO - Started process (PID=45298) to work on /home/tasneemahmed24/.local/lib/python3.10/site-packages/airflow/example_dags/tutorial.py
[2025-04-13T17:54:43.166+0300] {processor.py:914} INFO - Processing file /home/tasneemahmed24/.local/lib/python3.10/site-packages/airflow/example_dags/tutorial.py for tasks to queue
[2025-04-13T17:54:43.168+0300] {logging_mixin.py:190} INFO - [2025-04-13T17:54:43.168+0300] {dagbag.py:588} INFO - Filling up the DagBag from /home/tasneemahmed24/.local/lib/python3.10/site-packages/airflow/example_dags/tutorial.py
[2025-04-13T17:54:43.182+0300] {processor.py:925} INFO - DAG(s) 'tutorial' retrieved from /home/tasneemahmed24/.local/lib/python3.10/site-packages/airflow/example_dags/tutorial.py
[2025-04-13T17:54:43.202+0300] {logging_mixin.py:190} INFO - [2025-04-13T17:54:43.202+0300] {dag.py:3239} INFO - Sync 1 DAGs
[2025-04-13T17:54:43.227+0300] {logging_mixin.py:190} INFO - [2025-04-13T17:54:43.227+0300] {dag.py:4180} INFO - Setting next_dagrun for tutorial to 2025-04-12 00:00:00+00:00, run_after=2025-04-13 00:00:00+00:00
[2025-04-13T17:54:43.255+0300] {processor.py:208} INFO - Processing /home/tasneemahmed24/.local/lib/python3.10/site-packages/airflow/example_dags/tutorial.py took 0.101 seconds
[2025-04-13T17:55:40.592+0300] {processor.py:186} INFO - Started process (PID=45570) to work on /home/tasneemahmed24/.local/lib/python3.10/site-packages/airflow/example_dags/tutorial.py
[2025-04-13T17:55:40.601+0300] {processor.py:914} INFO - Processing file /home/tasneemahmed24/.local/lib/python3.10/site-packages/airflow/example_dags/tutorial.py for tasks to queue
[2025-04-13T17:55:40.604+0300] {logging_mixin.py:190} INFO - [2025-04-13T17:55:40.603+0300] {dagbag.py:588} INFO - Filling up the DagBag from /home/tasneemahmed24/.local/lib/python3.10/site-packages/airflow/example_dags/tutorial.py
[2025-04-13T17:55:40.613+0300] {processor.py:925} INFO - DAG(s) 'tutorial' retrieved from /home/tasneemahmed24/.local/lib/python3.10/site-packages/airflow/example_dags/tutorial.py
[2025-04-13T17:55:40.628+0300] {logging_mixin.py:190} INFO - [2025-04-13T17:55:40.628+0300] {dag.py:3239} INFO - Sync 1 DAGs
[2025-04-13T17:55:40.650+0300] {logging_mixin.py:190} INFO - [2025-04-13T17:55:40.650+0300] {dag.py:4180} INFO - Setting next_dagrun for tutorial to 2025-04-12 00:00:00+00:00, run_after=2025-04-13 00:00:00+00:00
[2025-04-13T17:55:40.674+0300] {processor.py:208} INFO - Processing /home/tasneemahmed24/.local/lib/python3.10/site-packages/airflow/example_dags/tutorial.py took 0.090 seconds
[2025-04-13T17:56:41.747+0300] {processor.py:186} INFO - Started process (PID=45857) to work on /home/tasneemahmed24/.local/lib/python3.10/site-packages/airflow/example_dags/tutorial.py
[2025-04-13T17:56:41.749+0300] {processor.py:914} INFO - Processing file /home/tasneemahmed24/.local/lib/python3.10/site-packages/airflow/example_dags/tutorial.py for tasks to queue
[2025-04-13T17:56:41.751+0300] {logging_mixin.py:190} INFO - [2025-04-13T17:56:41.751+0300] {dagbag.py:588} INFO - Filling up the DagBag from /home/tasneemahmed24/.local/lib/python3.10/site-packages/airflow/example_dags/tutorial.py
[2025-04-13T17:56:41.763+0300] {processor.py:925} INFO - DAG(s) 'tutorial' retrieved from /home/tasneemahmed24/.local/lib/python3.10/site-packages/airflow/example_dags/tutorial.py
[2025-04-13T17:56:41.779+0300] {logging_mixin.py:190} INFO - [2025-04-13T17:56:41.779+0300] {dag.py:3239} INFO - Sync 1 DAGs
[2025-04-13T17:56:41.798+0300] {logging_mixin.py:190} INFO - [2025-04-13T17:56:41.798+0300] {dag.py:4180} INFO - Setting next_dagrun for tutorial to 2025-04-12 00:00:00+00:00, run_after=2025-04-13 00:00:00+00:00
[2025-04-13T17:56:41.822+0300] {processor.py:208} INFO - Processing /home/tasneemahmed24/.local/lib/python3.10/site-packages/airflow/example_dags/tutorial.py took 0.081 seconds
[2025-04-13T17:57:37.257+0300] {processor.py:186} INFO - Started process (PID=46118) to work on /home/tasneemahmed24/.local/lib/python3.10/site-packages/airflow/example_dags/tutorial.py
[2025-04-13T17:57:37.258+0300] {processor.py:914} INFO - Processing file /home/tasneemahmed24/.local/lib/python3.10/site-packages/airflow/example_dags/tutorial.py for tasks to queue
[2025-04-13T17:57:37.260+0300] {logging_mixin.py:190} INFO - [2025-04-13T17:57:37.260+0300] {dagbag.py:588} INFO - Filling up the DagBag from /home/tasneemahmed24/.local/lib/python3.10/site-packages/airflow/example_dags/tutorial.py
[2025-04-13T17:57:37.268+0300] {processor.py:925} INFO - DAG(s) 'tutorial' retrieved from /home/tasneemahmed24/.local/lib/python3.10/site-packages/airflow/example_dags/tutorial.py
[2025-04-13T17:57:37.282+0300] {logging_mixin.py:190} INFO - [2025-04-13T17:57:37.282+0300] {dag.py:3239} INFO - Sync 1 DAGs
[2025-04-13T17:57:37.301+0300] {logging_mixin.py:190} INFO - [2025-04-13T17:57:37.300+0300] {dag.py:4180} INFO - Setting next_dagrun for tutorial to 2025-04-12 00:00:00+00:00, run_after=2025-04-13 00:00:00+00:00
[2025-04-13T17:57:37.320+0300] {processor.py:208} INFO - Processing /home/tasneemahmed24/.local/lib/python3.10/site-packages/airflow/example_dags/tutorial.py took 0.070 seconds
[2025-04-13T17:58:37.944+0300] {processor.py:186} INFO - Started process (PID=46402) to work on /home/tasneemahmed24/.local/lib/python3.10/site-packages/airflow/example_dags/tutorial.py
[2025-04-13T17:58:37.948+0300] {processor.py:914} INFO - Processing file /home/tasneemahmed24/.local/lib/python3.10/site-packages/airflow/example_dags/tutorial.py for tasks to queue
[2025-04-13T17:58:37.952+0300] {logging_mixin.py:190} INFO - [2025-04-13T17:58:37.952+0300] {dagbag.py:588} INFO - Filling up the DagBag from /home/tasneemahmed24/.local/lib/python3.10/site-packages/airflow/example_dags/tutorial.py
[2025-04-13T17:58:37.963+0300] {processor.py:925} INFO - DAG(s) 'tutorial' retrieved from /home/tasneemahmed24/.local/lib/python3.10/site-packages/airflow/example_dags/tutorial.py
[2025-04-13T17:58:37.982+0300] {logging_mixin.py:190} INFO - [2025-04-13T17:58:37.982+0300] {dag.py:3239} INFO - Sync 1 DAGs
[2025-04-13T17:58:38.003+0300] {logging_mixin.py:190} INFO - [2025-04-13T17:58:38.002+0300] {dag.py:4180} INFO - Setting next_dagrun for tutorial to 2025-04-12 00:00:00+00:00, run_after=2025-04-13 00:00:00+00:00
[2025-04-13T17:58:38.024+0300] {processor.py:208} INFO - Processing /home/tasneemahmed24/.local/lib/python3.10/site-packages/airflow/example_dags/tutorial.py took 0.086 seconds
[2025-04-13T17:59:33.613+0300] {processor.py:186} INFO - Started process (PID=46667) to work on /home/tasneemahmed24/.local/lib/python3.10/site-packages/airflow/example_dags/tutorial.py
[2025-04-13T17:59:33.615+0300] {processor.py:914} INFO - Processing file /home/tasneemahmed24/.local/lib/python3.10/site-packages/airflow/example_dags/tutorial.py for tasks to queue
[2025-04-13T17:59:33.618+0300] {logging_mixin.py:190} INFO - [2025-04-13T17:59:33.617+0300] {dagbag.py:588} INFO - Filling up the DagBag from /home/tasneemahmed24/.local/lib/python3.10/site-packages/airflow/example_dags/tutorial.py
[2025-04-13T17:59:33.628+0300] {processor.py:925} INFO - DAG(s) 'tutorial' retrieved from /home/tasneemahmed24/.local/lib/python3.10/site-packages/airflow/example_dags/tutorial.py
[2025-04-13T17:59:33.644+0300] {logging_mixin.py:190} INFO - [2025-04-13T17:59:33.644+0300] {dag.py:3239} INFO - Sync 1 DAGs
[2025-04-13T17:59:33.663+0300] {logging_mixin.py:190} INFO - [2025-04-13T17:59:33.663+0300] {dag.py:4180} INFO - Setting next_dagrun for tutorial to 2025-04-12 00:00:00+00:00, run_after=2025-04-13 00:00:00+00:00
[2025-04-13T17:59:33.683+0300] {processor.py:208} INFO - Processing /home/tasneemahmed24/.local/lib/python3.10/site-packages/airflow/example_dags/tutorial.py took 0.076 seconds
[2025-04-13T18:00:29.147+0300] {processor.py:186} INFO - Started process (PID=46933) to work on /home/tasneemahmed24/.local/lib/python3.10/site-packages/airflow/example_dags/tutorial.py
[2025-04-13T18:00:29.156+0300] {processor.py:914} INFO - Processing file /home/tasneemahmed24/.local/lib/python3.10/site-packages/airflow/example_dags/tutorial.py for tasks to queue
[2025-04-13T18:00:29.159+0300] {logging_mixin.py:190} INFO - [2025-04-13T18:00:29.158+0300] {dagbag.py:588} INFO - Filling up the DagBag from /home/tasneemahmed24/.local/lib/python3.10/site-packages/airflow/example_dags/tutorial.py
[2025-04-13T18:00:29.168+0300] {processor.py:925} INFO - DAG(s) 'tutorial' retrieved from /home/tasneemahmed24/.local/lib/python3.10/site-packages/airflow/example_dags/tutorial.py
[2025-04-13T18:00:29.182+0300] {logging_mixin.py:190} INFO - [2025-04-13T18:00:29.182+0300] {dag.py:3239} INFO - Sync 1 DAGs
[2025-04-13T18:00:29.200+0300] {logging_mixin.py:190} INFO - [2025-04-13T18:00:29.200+0300] {dag.py:4180} INFO - Setting next_dagrun for tutorial to 2025-04-12 00:00:00+00:00, run_after=2025-04-13 00:00:00+00:00
[2025-04-13T18:00:29.221+0300] {processor.py:208} INFO - Processing /home/tasneemahmed24/.local/lib/python3.10/site-packages/airflow/example_dags/tutorial.py took 0.084 seconds
[2025-04-13T18:01:22.752+0300] {processor.py:186} INFO - Started process (PID=47189) to work on /home/tasneemahmed24/.local/lib/python3.10/site-packages/airflow/example_dags/tutorial.py
[2025-04-13T18:01:22.762+0300] {processor.py:914} INFO - Processing file /home/tasneemahmed24/.local/lib/python3.10/site-packages/airflow/example_dags/tutorial.py for tasks to queue
[2025-04-13T18:01:22.767+0300] {logging_mixin.py:190} INFO - [2025-04-13T18:01:22.766+0300] {dagbag.py:588} INFO - Filling up the DagBag from /home/tasneemahmed24/.local/lib/python3.10/site-packages/airflow/example_dags/tutorial.py
[2025-04-13T18:01:22.779+0300] {processor.py:925} INFO - DAG(s) 'tutorial' retrieved from /home/tasneemahmed24/.local/lib/python3.10/site-packages/airflow/example_dags/tutorial.py
[2025-04-13T18:01:22.798+0300] {logging_mixin.py:190} INFO - [2025-04-13T18:01:22.797+0300] {dag.py:3239} INFO - Sync 1 DAGs
[2025-04-13T18:01:22.824+0300] {logging_mixin.py:190} INFO - [2025-04-13T18:01:22.824+0300] {dag.py:4180} INFO - Setting next_dagrun for tutorial to 2025-04-12 00:00:00+00:00, run_after=2025-04-13 00:00:00+00:00
[2025-04-13T18:01:22.849+0300] {processor.py:208} INFO - Processing /home/tasneemahmed24/.local/lib/python3.10/site-packages/airflow/example_dags/tutorial.py took 0.103 seconds
[2025-04-13T18:02:21.201+0300] {processor.py:186} INFO - Started process (PID=47463) to work on /home/tasneemahmed24/.local/lib/python3.10/site-packages/airflow/example_dags/tutorial.py
[2025-04-13T18:02:21.203+0300] {processor.py:914} INFO - Processing file /home/tasneemahmed24/.local/lib/python3.10/site-packages/airflow/example_dags/tutorial.py for tasks to queue
[2025-04-13T18:02:21.206+0300] {logging_mixin.py:190} INFO - [2025-04-13T18:02:21.206+0300] {dagbag.py:588} INFO - Filling up the DagBag from /home/tasneemahmed24/.local/lib/python3.10/site-packages/airflow/example_dags/tutorial.py
[2025-04-13T18:02:21.216+0300] {processor.py:925} INFO - DAG(s) 'tutorial' retrieved from /home/tasneemahmed24/.local/lib/python3.10/site-packages/airflow/example_dags/tutorial.py
[2025-04-13T18:02:21.235+0300] {logging_mixin.py:190} INFO - [2025-04-13T18:02:21.234+0300] {dag.py:3239} INFO - Sync 1 DAGs
[2025-04-13T18:02:21.263+0300] {logging_mixin.py:190} INFO - [2025-04-13T18:02:21.262+0300] {dag.py:4180} INFO - Setting next_dagrun for tutorial to 2025-04-12 00:00:00+00:00, run_after=2025-04-13 00:00:00+00:00
[2025-04-13T18:02:21.286+0300] {processor.py:208} INFO - Processing /home/tasneemahmed24/.local/lib/python3.10/site-packages/airflow/example_dags/tutorial.py took 0.094 seconds
[2025-04-13T18:03:17.647+0300] {processor.py:186} INFO - Started process (PID=47733) to work on /home/tasneemahmed24/.local/lib/python3.10/site-packages/airflow/example_dags/tutorial.py
[2025-04-13T18:03:17.649+0300] {processor.py:914} INFO - Processing file /home/tasneemahmed24/.local/lib/python3.10/site-packages/airflow/example_dags/tutorial.py for tasks to queue
[2025-04-13T18:03:17.651+0300] {logging_mixin.py:190} INFO - [2025-04-13T18:03:17.651+0300] {dagbag.py:588} INFO - Filling up the DagBag from /home/tasneemahmed24/.local/lib/python3.10/site-packages/airflow/example_dags/tutorial.py
[2025-04-13T18:03:17.659+0300] {processor.py:925} INFO - DAG(s) 'tutorial' retrieved from /home/tasneemahmed24/.local/lib/python3.10/site-packages/airflow/example_dags/tutorial.py
[2025-04-13T18:03:17.675+0300] {logging_mixin.py:190} INFO - [2025-04-13T18:03:17.675+0300] {dag.py:3239} INFO - Sync 1 DAGs
[2025-04-13T18:03:17.695+0300] {logging_mixin.py:190} INFO - [2025-04-13T18:03:17.695+0300] {dag.py:4180} INFO - Setting next_dagrun for tutorial to 2025-04-12 00:00:00+00:00, run_after=2025-04-13 00:00:00+00:00
[2025-04-13T18:03:17.720+0300] {processor.py:208} INFO - Processing /home/tasneemahmed24/.local/lib/python3.10/site-packages/airflow/example_dags/tutorial.py took 0.081 seconds
[2025-04-13T18:04:17.923+0300] {processor.py:186} INFO - Started process (PID=48018) to work on /home/tasneemahmed24/.local/lib/python3.10/site-packages/airflow/example_dags/tutorial.py
[2025-04-13T18:04:17.925+0300] {processor.py:914} INFO - Processing file /home/tasneemahmed24/.local/lib/python3.10/site-packages/airflow/example_dags/tutorial.py for tasks to queue
[2025-04-13T18:04:17.928+0300] {logging_mixin.py:190} INFO - [2025-04-13T18:04:17.927+0300] {dagbag.py:588} INFO - Filling up the DagBag from /home/tasneemahmed24/.local/lib/python3.10/site-packages/airflow/example_dags/tutorial.py
[2025-04-13T18:04:17.938+0300] {processor.py:925} INFO - DAG(s) 'tutorial' retrieved from /home/tasneemahmed24/.local/lib/python3.10/site-packages/airflow/example_dags/tutorial.py
[2025-04-13T18:04:17.959+0300] {logging_mixin.py:190} INFO - [2025-04-13T18:04:17.959+0300] {dag.py:3239} INFO - Sync 1 DAGs
[2025-04-13T18:04:17.986+0300] {logging_mixin.py:190} INFO - [2025-04-13T18:04:17.985+0300] {dag.py:4180} INFO - Setting next_dagrun for tutorial to 2025-04-12 00:00:00+00:00, run_after=2025-04-13 00:00:00+00:00
[2025-04-13T18:04:18.012+0300] {processor.py:208} INFO - Processing /home/tasneemahmed24/.local/lib/python3.10/site-packages/airflow/example_dags/tutorial.py took 0.100 seconds
[2025-04-13T18:05:20.397+0300] {processor.py:186} INFO - Started process (PID=48314) to work on /home/tasneemahmed24/.local/lib/python3.10/site-packages/airflow/example_dags/tutorial.py
[2025-04-13T18:05:20.398+0300] {processor.py:914} INFO - Processing file /home/tasneemahmed24/.local/lib/python3.10/site-packages/airflow/example_dags/tutorial.py for tasks to queue
[2025-04-13T18:05:20.401+0300] {logging_mixin.py:190} INFO - [2025-04-13T18:05:20.400+0300] {dagbag.py:588} INFO - Filling up the DagBag from /home/tasneemahmed24/.local/lib/python3.10/site-packages/airflow/example_dags/tutorial.py
[2025-04-13T18:05:20.412+0300] {processor.py:925} INFO - DAG(s) 'tutorial' retrieved from /home/tasneemahmed24/.local/lib/python3.10/site-packages/airflow/example_dags/tutorial.py
[2025-04-13T18:05:20.433+0300] {logging_mixin.py:190} INFO - [2025-04-13T18:05:20.433+0300] {dag.py:3239} INFO - Sync 1 DAGs
[2025-04-13T18:05:20.460+0300] {logging_mixin.py:190} INFO - [2025-04-13T18:05:20.460+0300] {dag.py:4180} INFO - Setting next_dagrun for tutorial to 2025-04-12 00:00:00+00:00, run_after=2025-04-13 00:00:00+00:00
[2025-04-13T18:05:20.485+0300] {processor.py:208} INFO - Processing /home/tasneemahmed24/.local/lib/python3.10/site-packages/airflow/example_dags/tutorial.py took 0.094 seconds
[2025-04-13T18:06:16.025+0300] {processor.py:186} INFO - Started process (PID=48579) to work on /home/tasneemahmed24/.local/lib/python3.10/site-packages/airflow/example_dags/tutorial.py
[2025-04-13T18:06:16.034+0300] {processor.py:914} INFO - Processing file /home/tasneemahmed24/.local/lib/python3.10/site-packages/airflow/example_dags/tutorial.py for tasks to queue
[2025-04-13T18:06:16.038+0300] {logging_mixin.py:190} INFO - [2025-04-13T18:06:16.037+0300] {dagbag.py:588} INFO - Filling up the DagBag from /home/tasneemahmed24/.local/lib/python3.10/site-packages/airflow/example_dags/tutorial.py
[2025-04-13T18:06:16.047+0300] {processor.py:925} INFO - DAG(s) 'tutorial' retrieved from /home/tasneemahmed24/.local/lib/python3.10/site-packages/airflow/example_dags/tutorial.py
[2025-04-13T18:06:16.065+0300] {logging_mixin.py:190} INFO - [2025-04-13T18:06:16.065+0300] {dag.py:3239} INFO - Sync 1 DAGs
[2025-04-13T18:06:16.087+0300] {logging_mixin.py:190} INFO - [2025-04-13T18:06:16.087+0300] {dag.py:4180} INFO - Setting next_dagrun for tutorial to 2025-04-12 00:00:00+00:00, run_after=2025-04-13 00:00:00+00:00
[2025-04-13T18:06:16.112+0300] {processor.py:208} INFO - Processing /home/tasneemahmed24/.local/lib/python3.10/site-packages/airflow/example_dags/tutorial.py took 0.096 seconds
[2025-04-13T18:07:11.037+0300] {processor.py:186} INFO - Started process (PID=48842) to work on /home/tasneemahmed24/.local/lib/python3.10/site-packages/airflow/example_dags/tutorial.py
[2025-04-13T18:07:11.039+0300] {processor.py:914} INFO - Processing file /home/tasneemahmed24/.local/lib/python3.10/site-packages/airflow/example_dags/tutorial.py for tasks to queue
[2025-04-13T18:07:11.041+0300] {logging_mixin.py:190} INFO - [2025-04-13T18:07:11.041+0300] {dagbag.py:588} INFO - Filling up the DagBag from /home/tasneemahmed24/.local/lib/python3.10/site-packages/airflow/example_dags/tutorial.py
[2025-04-13T18:07:11.050+0300] {processor.py:925} INFO - DAG(s) 'tutorial' retrieved from /home/tasneemahmed24/.local/lib/python3.10/site-packages/airflow/example_dags/tutorial.py
[2025-04-13T18:07:11.068+0300] {logging_mixin.py:190} INFO - [2025-04-13T18:07:11.068+0300] {dag.py:3239} INFO - Sync 1 DAGs
[2025-04-13T18:07:11.087+0300] {logging_mixin.py:190} INFO - [2025-04-13T18:07:11.087+0300] {dag.py:4180} INFO - Setting next_dagrun for tutorial to 2025-04-12 00:00:00+00:00, run_after=2025-04-13 00:00:00+00:00
[2025-04-13T18:07:11.113+0300] {processor.py:208} INFO - Processing /home/tasneemahmed24/.local/lib/python3.10/site-packages/airflow/example_dags/tutorial.py took 0.083 seconds
[2025-04-13T18:08:05.461+0300] {processor.py:186} INFO - Started process (PID=49102) to work on /home/tasneemahmed24/.local/lib/python3.10/site-packages/airflow/example_dags/tutorial.py
[2025-04-13T18:08:05.463+0300] {processor.py:914} INFO - Processing file /home/tasneemahmed24/.local/lib/python3.10/site-packages/airflow/example_dags/tutorial.py for tasks to queue
[2025-04-13T18:08:05.465+0300] {logging_mixin.py:190} INFO - [2025-04-13T18:08:05.465+0300] {dagbag.py:588} INFO - Filling up the DagBag from /home/tasneemahmed24/.local/lib/python3.10/site-packages/airflow/example_dags/tutorial.py
[2025-04-13T18:08:05.475+0300] {processor.py:925} INFO - DAG(s) 'tutorial' retrieved from /home/tasneemahmed24/.local/lib/python3.10/site-packages/airflow/example_dags/tutorial.py
[2025-04-13T18:08:05.496+0300] {logging_mixin.py:190} INFO - [2025-04-13T18:08:05.495+0300] {dag.py:3239} INFO - Sync 1 DAGs
[2025-04-13T18:08:05.519+0300] {logging_mixin.py:190} INFO - [2025-04-13T18:08:05.519+0300] {dag.py:4180} INFO - Setting next_dagrun for tutorial to 2025-04-12 00:00:00+00:00, run_after=2025-04-13 00:00:00+00:00
[2025-04-13T18:08:05.545+0300] {processor.py:208} INFO - Processing /home/tasneemahmed24/.local/lib/python3.10/site-packages/airflow/example_dags/tutorial.py took 0.091 seconds
[2025-04-13T18:09:00.663+0300] {processor.py:186} INFO - Started process (PID=49382) to work on /home/tasneemahmed24/.local/lib/python3.10/site-packages/airflow/example_dags/tutorial.py
[2025-04-13T18:09:00.664+0300] {processor.py:914} INFO - Processing file /home/tasneemahmed24/.local/lib/python3.10/site-packages/airflow/example_dags/tutorial.py for tasks to queue
[2025-04-13T18:09:00.667+0300] {logging_mixin.py:190} INFO - [2025-04-13T18:09:00.666+0300] {dagbag.py:588} INFO - Filling up the DagBag from /home/tasneemahmed24/.local/lib/python3.10/site-packages/airflow/example_dags/tutorial.py
[2025-04-13T18:09:00.676+0300] {processor.py:925} INFO - DAG(s) 'tutorial' retrieved from /home/tasneemahmed24/.local/lib/python3.10/site-packages/airflow/example_dags/tutorial.py
[2025-04-13T18:09:00.695+0300] {logging_mixin.py:190} INFO - [2025-04-13T18:09:00.694+0300] {dag.py:3239} INFO - Sync 1 DAGs
[2025-04-13T18:09:00.721+0300] {logging_mixin.py:190} INFO - [2025-04-13T18:09:00.721+0300] {dag.py:4180} INFO - Setting next_dagrun for tutorial to 2025-04-12 00:00:00+00:00, run_after=2025-04-13 00:00:00+00:00
[2025-04-13T18:09:00.746+0300] {processor.py:208} INFO - Processing /home/tasneemahmed24/.local/lib/python3.10/site-packages/airflow/example_dags/tutorial.py took 0.092 seconds
[2025-04-13T18:10:04.473+0300] {processor.py:186} INFO - Started process (PID=49683) to work on /home/tasneemahmed24/.local/lib/python3.10/site-packages/airflow/example_dags/tutorial.py
[2025-04-13T18:10:04.477+0300] {processor.py:914} INFO - Processing file /home/tasneemahmed24/.local/lib/python3.10/site-packages/airflow/example_dags/tutorial.py for tasks to queue
[2025-04-13T18:10:04.479+0300] {logging_mixin.py:190} INFO - [2025-04-13T18:10:04.479+0300] {dagbag.py:588} INFO - Filling up the DagBag from /home/tasneemahmed24/.local/lib/python3.10/site-packages/airflow/example_dags/tutorial.py
[2025-04-13T18:10:04.493+0300] {processor.py:925} INFO - DAG(s) 'tutorial' retrieved from /home/tasneemahmed24/.local/lib/python3.10/site-packages/airflow/example_dags/tutorial.py
[2025-04-13T18:10:04.512+0300] {logging_mixin.py:190} INFO - [2025-04-13T18:10:04.512+0300] {dag.py:3239} INFO - Sync 1 DAGs
[2025-04-13T18:10:04.531+0300] {logging_mixin.py:190} INFO - [2025-04-13T18:10:04.531+0300] {dag.py:4180} INFO - Setting next_dagrun for tutorial to 2025-04-12 00:00:00+00:00, run_after=2025-04-13 00:00:00+00:00
[2025-04-13T18:10:04.554+0300] {processor.py:208} INFO - Processing /home/tasneemahmed24/.local/lib/python3.10/site-packages/airflow/example_dags/tutorial.py took 0.088 seconds
[2025-04-13T18:11:01.297+0300] {processor.py:186} INFO - Started process (PID=49958) to work on /home/tasneemahmed24/.local/lib/python3.10/site-packages/airflow/example_dags/tutorial.py
[2025-04-13T18:11:01.299+0300] {processor.py:914} INFO - Processing file /home/tasneemahmed24/.local/lib/python3.10/site-packages/airflow/example_dags/tutorial.py for tasks to queue
[2025-04-13T18:11:01.302+0300] {logging_mixin.py:190} INFO - [2025-04-13T18:11:01.302+0300] {dagbag.py:588} INFO - Filling up the DagBag from /home/tasneemahmed24/.local/lib/python3.10/site-packages/airflow/example_dags/tutorial.py
[2025-04-13T18:11:01.312+0300] {processor.py:925} INFO - DAG(s) 'tutorial' retrieved from /home/tasneemahmed24/.local/lib/python3.10/site-packages/airflow/example_dags/tutorial.py
[2025-04-13T18:11:01.330+0300] {logging_mixin.py:190} INFO - [2025-04-13T18:11:01.330+0300] {dag.py:3239} INFO - Sync 1 DAGs
[2025-04-13T18:11:01.359+0300] {logging_mixin.py:190} INFO - [2025-04-13T18:11:01.359+0300] {dag.py:4180} INFO - Setting next_dagrun for tutorial to 2025-04-12 00:00:00+00:00, run_after=2025-04-13 00:00:00+00:00
[2025-04-13T18:11:01.390+0300] {processor.py:208} INFO - Processing /home/tasneemahmed24/.local/lib/python3.10/site-packages/airflow/example_dags/tutorial.py took 0.099 seconds
[2025-04-13T18:11:58.975+0300] {processor.py:186} INFO - Started process (PID=50289) to work on /home/tasneemahmed24/.local/lib/python3.10/site-packages/airflow/example_dags/tutorial.py
[2025-04-13T18:11:58.983+0300] {processor.py:914} INFO - Processing file /home/tasneemahmed24/.local/lib/python3.10/site-packages/airflow/example_dags/tutorial.py for tasks to queue
[2025-04-13T18:11:58.985+0300] {logging_mixin.py:190} INFO - [2025-04-13T18:11:58.985+0300] {dagbag.py:588} INFO - Filling up the DagBag from /home/tasneemahmed24/.local/lib/python3.10/site-packages/airflow/example_dags/tutorial.py
[2025-04-13T18:11:58.994+0300] {processor.py:925} INFO - DAG(s) 'tutorial' retrieved from /home/tasneemahmed24/.local/lib/python3.10/site-packages/airflow/example_dags/tutorial.py
[2025-04-13T18:11:59.008+0300] {logging_mixin.py:190} INFO - [2025-04-13T18:11:59.007+0300] {dag.py:3239} INFO - Sync 1 DAGs
[2025-04-13T18:11:59.025+0300] {logging_mixin.py:190} INFO - [2025-04-13T18:11:59.025+0300] {dag.py:4180} INFO - Setting next_dagrun for tutorial to 2025-04-12 00:00:00+00:00, run_after=2025-04-13 00:00:00+00:00
[2025-04-13T18:11:59.045+0300] {processor.py:208} INFO - Processing /home/tasneemahmed24/.local/lib/python3.10/site-packages/airflow/example_dags/tutorial.py took 0.077 seconds
[2025-04-13T18:12:55.518+0300] {processor.py:186} INFO - Started process (PID=50557) to work on /home/tasneemahmed24/.local/lib/python3.10/site-packages/airflow/example_dags/tutorial.py
[2025-04-13T18:12:55.519+0300] {processor.py:914} INFO - Processing file /home/tasneemahmed24/.local/lib/python3.10/site-packages/airflow/example_dags/tutorial.py for tasks to queue
[2025-04-13T18:12:55.522+0300] {logging_mixin.py:190} INFO - [2025-04-13T18:12:55.521+0300] {dagbag.py:588} INFO - Filling up the DagBag from /home/tasneemahmed24/.local/lib/python3.10/site-packages/airflow/example_dags/tutorial.py
[2025-04-13T18:12:55.531+0300] {processor.py:925} INFO - DAG(s) 'tutorial' retrieved from /home/tasneemahmed24/.local/lib/python3.10/site-packages/airflow/example_dags/tutorial.py
[2025-04-13T18:12:55.546+0300] {logging_mixin.py:190} INFO - [2025-04-13T18:12:55.546+0300] {dag.py:3239} INFO - Sync 1 DAGs
[2025-04-13T18:12:55.564+0300] {logging_mixin.py:190} INFO - [2025-04-13T18:12:55.563+0300] {dag.py:4180} INFO - Setting next_dagrun for tutorial to 2025-04-12 00:00:00+00:00, run_after=2025-04-13 00:00:00+00:00
[2025-04-13T18:12:55.586+0300] {processor.py:208} INFO - Processing /home/tasneemahmed24/.local/lib/python3.10/site-packages/airflow/example_dags/tutorial.py took 0.077 seconds
[2025-04-13T18:13:50.532+0300] {processor.py:186} INFO - Started process (PID=50827) to work on /home/tasneemahmed24/.local/lib/python3.10/site-packages/airflow/example_dags/tutorial.py
[2025-04-13T18:13:50.534+0300] {processor.py:914} INFO - Processing file /home/tasneemahmed24/.local/lib/python3.10/site-packages/airflow/example_dags/tutorial.py for tasks to queue
[2025-04-13T18:13:50.537+0300] {logging_mixin.py:190} INFO - [2025-04-13T18:13:50.536+0300] {dagbag.py:588} INFO - Filling up the DagBag from /home/tasneemahmed24/.local/lib/python3.10/site-packages/airflow/example_dags/tutorial.py
[2025-04-13T18:13:50.544+0300] {processor.py:925} INFO - DAG(s) 'tutorial' retrieved from /home/tasneemahmed24/.local/lib/python3.10/site-packages/airflow/example_dags/tutorial.py
[2025-04-13T18:13:50.559+0300] {logging_mixin.py:190} INFO - [2025-04-13T18:13:50.558+0300] {dag.py:3239} INFO - Sync 1 DAGs
[2025-04-13T18:13:50.580+0300] {logging_mixin.py:190} INFO - [2025-04-13T18:13:50.579+0300] {dag.py:4180} INFO - Setting next_dagrun for tutorial to 2025-04-12 00:00:00+00:00, run_after=2025-04-13 00:00:00+00:00
[2025-04-13T18:13:50.601+0300] {processor.py:208} INFO - Processing /home/tasneemahmed24/.local/lib/python3.10/site-packages/airflow/example_dags/tutorial.py took 0.075 seconds
[2025-04-13T18:14:47.551+0300] {processor.py:186} INFO - Started process (PID=51116) to work on /home/tasneemahmed24/.local/lib/python3.10/site-packages/airflow/example_dags/tutorial.py
[2025-04-13T18:14:47.555+0300] {processor.py:914} INFO - Processing file /home/tasneemahmed24/.local/lib/python3.10/site-packages/airflow/example_dags/tutorial.py for tasks to queue
[2025-04-13T18:14:47.560+0300] {logging_mixin.py:190} INFO - [2025-04-13T18:14:47.559+0300] {dagbag.py:588} INFO - Filling up the DagBag from /home/tasneemahmed24/.local/lib/python3.10/site-packages/airflow/example_dags/tutorial.py
[2025-04-13T18:14:47.570+0300] {processor.py:925} INFO - DAG(s) 'tutorial' retrieved from /home/tasneemahmed24/.local/lib/python3.10/site-packages/airflow/example_dags/tutorial.py
[2025-04-13T18:14:47.588+0300] {logging_mixin.py:190} INFO - [2025-04-13T18:14:47.588+0300] {dag.py:3239} INFO - Sync 1 DAGs
[2025-04-13T18:14:47.608+0300] {logging_mixin.py:190} INFO - [2025-04-13T18:14:47.608+0300] {dag.py:4180} INFO - Setting next_dagrun for tutorial to 2025-04-12 00:00:00+00:00, run_after=2025-04-13 00:00:00+00:00
[2025-04-13T18:14:47.633+0300] {processor.py:208} INFO - Processing /home/tasneemahmed24/.local/lib/python3.10/site-packages/airflow/example_dags/tutorial.py took 0.091 seconds
[2025-04-13T18:15:52.412+0300] {processor.py:186} INFO - Started process (PID=51425) to work on /home/tasneemahmed24/.local/lib/python3.10/site-packages/airflow/example_dags/tutorial.py
[2025-04-13T18:15:52.413+0300] {processor.py:914} INFO - Processing file /home/tasneemahmed24/.local/lib/python3.10/site-packages/airflow/example_dags/tutorial.py for tasks to queue
[2025-04-13T18:15:52.415+0300] {logging_mixin.py:190} INFO - [2025-04-13T18:15:52.415+0300] {dagbag.py:588} INFO - Filling up the DagBag from /home/tasneemahmed24/.local/lib/python3.10/site-packages/airflow/example_dags/tutorial.py
[2025-04-13T18:15:52.423+0300] {processor.py:925} INFO - DAG(s) 'tutorial' retrieved from /home/tasneemahmed24/.local/lib/python3.10/site-packages/airflow/example_dags/tutorial.py
[2025-04-13T18:15:52.437+0300] {logging_mixin.py:190} INFO - [2025-04-13T18:15:52.437+0300] {dag.py:3239} INFO - Sync 1 DAGs
[2025-04-13T18:15:52.459+0300] {logging_mixin.py:190} INFO - [2025-04-13T18:15:52.459+0300] {dag.py:4180} INFO - Setting next_dagrun for tutorial to 2025-04-12 00:00:00+00:00, run_after=2025-04-13 00:00:00+00:00
[2025-04-13T18:15:52.485+0300] {processor.py:208} INFO - Processing /home/tasneemahmed24/.local/lib/python3.10/site-packages/airflow/example_dags/tutorial.py took 0.080 seconds
[2025-04-13T18:16:53.931+0300] {processor.py:186} INFO - Started process (PID=51720) to work on /home/tasneemahmed24/.local/lib/python3.10/site-packages/airflow/example_dags/tutorial.py
[2025-04-13T18:16:53.933+0300] {processor.py:914} INFO - Processing file /home/tasneemahmed24/.local/lib/python3.10/site-packages/airflow/example_dags/tutorial.py for tasks to queue
[2025-04-13T18:16:53.937+0300] {logging_mixin.py:190} INFO - [2025-04-13T18:16:53.936+0300] {dagbag.py:588} INFO - Filling up the DagBag from /home/tasneemahmed24/.local/lib/python3.10/site-packages/airflow/example_dags/tutorial.py
[2025-04-13T18:16:53.948+0300] {processor.py:925} INFO - DAG(s) 'tutorial' retrieved from /home/tasneemahmed24/.local/lib/python3.10/site-packages/airflow/example_dags/tutorial.py
[2025-04-13T18:16:53.970+0300] {logging_mixin.py:190} INFO - [2025-04-13T18:16:53.970+0300] {dag.py:3239} INFO - Sync 1 DAGs
[2025-04-13T18:16:53.996+0300] {logging_mixin.py:190} INFO - [2025-04-13T18:16:53.996+0300] {dag.py:4180} INFO - Setting next_dagrun for tutorial to 2025-04-12 00:00:00+00:00, run_after=2025-04-13 00:00:00+00:00
[2025-04-13T18:16:54.022+0300] {processor.py:208} INFO - Processing /home/tasneemahmed24/.local/lib/python3.10/site-packages/airflow/example_dags/tutorial.py took 0.103 seconds
[2025-04-13T18:17:52.954+0300] {processor.py:186} INFO - Started process (PID=51999) to work on /home/tasneemahmed24/.local/lib/python3.10/site-packages/airflow/example_dags/tutorial.py
[2025-04-13T18:17:52.964+0300] {processor.py:914} INFO - Processing file /home/tasneemahmed24/.local/lib/python3.10/site-packages/airflow/example_dags/tutorial.py for tasks to queue
[2025-04-13T18:17:52.968+0300] {logging_mixin.py:190} INFO - [2025-04-13T18:17:52.967+0300] {dagbag.py:588} INFO - Filling up the DagBag from /home/tasneemahmed24/.local/lib/python3.10/site-packages/airflow/example_dags/tutorial.py
[2025-04-13T18:17:52.980+0300] {processor.py:925} INFO - DAG(s) 'tutorial' retrieved from /home/tasneemahmed24/.local/lib/python3.10/site-packages/airflow/example_dags/tutorial.py
[2025-04-13T18:17:52.997+0300] {logging_mixin.py:190} INFO - [2025-04-13T18:17:52.997+0300] {dag.py:3239} INFO - Sync 1 DAGs
[2025-04-13T18:17:53.016+0300] {logging_mixin.py:190} INFO - [2025-04-13T18:17:53.016+0300] {dag.py:4180} INFO - Setting next_dagrun for tutorial to 2025-04-12 00:00:00+00:00, run_after=2025-04-13 00:00:00+00:00
[2025-04-13T18:17:53.037+0300] {processor.py:208} INFO - Processing /home/tasneemahmed24/.local/lib/python3.10/site-packages/airflow/example_dags/tutorial.py took 0.093 seconds
[2025-04-13T18:18:51.504+0300] {processor.py:186} INFO - Started process (PID=52278) to work on /home/tasneemahmed24/.local/lib/python3.10/site-packages/airflow/example_dags/tutorial.py
[2025-04-13T18:18:51.512+0300] {processor.py:914} INFO - Processing file /home/tasneemahmed24/.local/lib/python3.10/site-packages/airflow/example_dags/tutorial.py for tasks to queue
[2025-04-13T18:18:51.515+0300] {logging_mixin.py:190} INFO - [2025-04-13T18:18:51.515+0300] {dagbag.py:588} INFO - Filling up the DagBag from /home/tasneemahmed24/.local/lib/python3.10/site-packages/airflow/example_dags/tutorial.py
[2025-04-13T18:18:51.530+0300] {processor.py:925} INFO - DAG(s) 'tutorial' retrieved from /home/tasneemahmed24/.local/lib/python3.10/site-packages/airflow/example_dags/tutorial.py
[2025-04-13T18:18:51.546+0300] {logging_mixin.py:190} INFO - [2025-04-13T18:18:51.546+0300] {dag.py:3239} INFO - Sync 1 DAGs
[2025-04-13T18:18:51.570+0300] {logging_mixin.py:190} INFO - [2025-04-13T18:18:51.570+0300] {dag.py:4180} INFO - Setting next_dagrun for tutorial to 2025-04-12 00:00:00+00:00, run_after=2025-04-13 00:00:00+00:00
[2025-04-13T18:18:51.594+0300] {processor.py:208} INFO - Processing /home/tasneemahmed24/.local/lib/python3.10/site-packages/airflow/example_dags/tutorial.py took 0.098 seconds
[2025-04-13T18:19:49.186+0300] {processor.py:186} INFO - Started process (PID=52550) to work on /home/tasneemahmed24/.local/lib/python3.10/site-packages/airflow/example_dags/tutorial.py
[2025-04-13T18:19:49.190+0300] {processor.py:914} INFO - Processing file /home/tasneemahmed24/.local/lib/python3.10/site-packages/airflow/example_dags/tutorial.py for tasks to queue
[2025-04-13T18:19:49.192+0300] {logging_mixin.py:190} INFO - [2025-04-13T18:19:49.192+0300] {dagbag.py:588} INFO - Filling up the DagBag from /home/tasneemahmed24/.local/lib/python3.10/site-packages/airflow/example_dags/tutorial.py
[2025-04-13T18:19:49.202+0300] {processor.py:925} INFO - DAG(s) 'tutorial' retrieved from /home/tasneemahmed24/.local/lib/python3.10/site-packages/airflow/example_dags/tutorial.py
[2025-04-13T18:19:49.227+0300] {logging_mixin.py:190} INFO - [2025-04-13T18:19:49.226+0300] {dag.py:3239} INFO - Sync 1 DAGs
[2025-04-13T18:19:49.253+0300] {logging_mixin.py:190} INFO - [2025-04-13T18:19:49.253+0300] {dag.py:4180} INFO - Setting next_dagrun for tutorial to 2025-04-12 00:00:00+00:00, run_after=2025-04-13 00:00:00+00:00
[2025-04-13T18:19:49.284+0300] {processor.py:208} INFO - Processing /home/tasneemahmed24/.local/lib/python3.10/site-packages/airflow/example_dags/tutorial.py took 0.109 seconds
[2025-04-13T18:20:50.194+0300] {processor.py:186} INFO - Started process (PID=52862) to work on /home/tasneemahmed24/.local/lib/python3.10/site-packages/airflow/example_dags/tutorial.py
[2025-04-13T18:20:50.195+0300] {processor.py:914} INFO - Processing file /home/tasneemahmed24/.local/lib/python3.10/site-packages/airflow/example_dags/tutorial.py for tasks to queue
[2025-04-13T18:20:50.198+0300] {logging_mixin.py:190} INFO - [2025-04-13T18:20:50.197+0300] {dagbag.py:588} INFO - Filling up the DagBag from /home/tasneemahmed24/.local/lib/python3.10/site-packages/airflow/example_dags/tutorial.py
[2025-04-13T18:20:50.207+0300] {processor.py:925} INFO - DAG(s) 'tutorial' retrieved from /home/tasneemahmed24/.local/lib/python3.10/site-packages/airflow/example_dags/tutorial.py
[2025-04-13T18:20:50.225+0300] {logging_mixin.py:190} INFO - [2025-04-13T18:20:50.225+0300] {dag.py:3239} INFO - Sync 1 DAGs
[2025-04-13T18:20:50.247+0300] {logging_mixin.py:190} INFO - [2025-04-13T18:20:50.247+0300] {dag.py:4180} INFO - Setting next_dagrun for tutorial to 2025-04-12 00:00:00+00:00, run_after=2025-04-13 00:00:00+00:00
[2025-04-13T18:20:50.274+0300] {processor.py:208} INFO - Processing /home/tasneemahmed24/.local/lib/python3.10/site-packages/airflow/example_dags/tutorial.py took 0.086 seconds
[2025-04-13T18:21:54.895+0300] {processor.py:186} INFO - Started process (PID=53201) to work on /home/tasneemahmed24/.local/lib/python3.10/site-packages/airflow/example_dags/tutorial.py
[2025-04-13T18:21:54.899+0300] {processor.py:914} INFO - Processing file /home/tasneemahmed24/.local/lib/python3.10/site-packages/airflow/example_dags/tutorial.py for tasks to queue
[2025-04-13T18:21:54.903+0300] {logging_mixin.py:190} INFO - [2025-04-13T18:21:54.902+0300] {dagbag.py:588} INFO - Filling up the DagBag from /home/tasneemahmed24/.local/lib/python3.10/site-packages/airflow/example_dags/tutorial.py
[2025-04-13T18:21:54.911+0300] {processor.py:925} INFO - DAG(s) 'tutorial' retrieved from /home/tasneemahmed24/.local/lib/python3.10/site-packages/airflow/example_dags/tutorial.py
[2025-04-13T18:21:54.927+0300] {logging_mixin.py:190} INFO - [2025-04-13T18:21:54.926+0300] {dag.py:3239} INFO - Sync 1 DAGs
[2025-04-13T18:21:54.947+0300] {logging_mixin.py:190} INFO - [2025-04-13T18:21:54.947+0300] {dag.py:4180} INFO - Setting next_dagrun for tutorial to 2025-04-12 00:00:00+00:00, run_after=2025-04-13 00:00:00+00:00
[2025-04-13T18:21:54.971+0300] {processor.py:208} INFO - Processing /home/tasneemahmed24/.local/lib/python3.10/site-packages/airflow/example_dags/tutorial.py took 0.086 seconds
[2025-04-13T18:22:52.678+0300] {processor.py:186} INFO - Started process (PID=53487) to work on /home/tasneemahmed24/.local/lib/python3.10/site-packages/airflow/example_dags/tutorial.py
[2025-04-13T18:22:52.688+0300] {processor.py:914} INFO - Processing file /home/tasneemahmed24/.local/lib/python3.10/site-packages/airflow/example_dags/tutorial.py for tasks to queue
[2025-04-13T18:22:52.692+0300] {logging_mixin.py:190} INFO - [2025-04-13T18:22:52.691+0300] {dagbag.py:588} INFO - Filling up the DagBag from /home/tasneemahmed24/.local/lib/python3.10/site-packages/airflow/example_dags/tutorial.py
[2025-04-13T18:22:52.703+0300] {processor.py:925} INFO - DAG(s) 'tutorial' retrieved from /home/tasneemahmed24/.local/lib/python3.10/site-packages/airflow/example_dags/tutorial.py
[2025-04-13T18:22:52.721+0300] {logging_mixin.py:190} INFO - [2025-04-13T18:22:52.720+0300] {dag.py:3239} INFO - Sync 1 DAGs
[2025-04-13T18:22:52.743+0300] {logging_mixin.py:190} INFO - [2025-04-13T18:22:52.742+0300] {dag.py:4180} INFO - Setting next_dagrun for tutorial to 2025-04-12 00:00:00+00:00, run_after=2025-04-13 00:00:00+00:00
[2025-04-13T18:22:52.768+0300] {processor.py:208} INFO - Processing /home/tasneemahmed24/.local/lib/python3.10/site-packages/airflow/example_dags/tutorial.py took 0.098 seconds
[2025-04-13T18:23:52.707+0300] {processor.py:186} INFO - Started process (PID=53776) to work on /home/tasneemahmed24/.local/lib/python3.10/site-packages/airflow/example_dags/tutorial.py
[2025-04-13T18:23:52.708+0300] {processor.py:914} INFO - Processing file /home/tasneemahmed24/.local/lib/python3.10/site-packages/airflow/example_dags/tutorial.py for tasks to queue
[2025-04-13T18:23:52.711+0300] {logging_mixin.py:190} INFO - [2025-04-13T18:23:52.710+0300] {dagbag.py:588} INFO - Filling up the DagBag from /home/tasneemahmed24/.local/lib/python3.10/site-packages/airflow/example_dags/tutorial.py
[2025-04-13T18:23:52.718+0300] {processor.py:925} INFO - DAG(s) 'tutorial' retrieved from /home/tasneemahmed24/.local/lib/python3.10/site-packages/airflow/example_dags/tutorial.py
[2025-04-13T18:23:52.900+0300] {logging_mixin.py:190} INFO - [2025-04-13T18:23:52.899+0300] {dag.py:3239} INFO - Sync 1 DAGs
[2025-04-13T18:23:53.091+0300] {logging_mixin.py:190} INFO - [2025-04-13T18:23:53.090+0300] {dag.py:4180} INFO - Setting next_dagrun for tutorial to 2025-04-12 00:00:00+00:00, run_after=2025-04-13 00:00:00+00:00
[2025-04-13T18:23:53.207+0300] {processor.py:208} INFO - Processing /home/tasneemahmed24/.local/lib/python3.10/site-packages/airflow/example_dags/tutorial.py took 0.506 seconds
[2025-04-13T18:25:02.289+0300] {processor.py:186} INFO - Started process (PID=54106) to work on /home/tasneemahmed24/.local/lib/python3.10/site-packages/airflow/example_dags/tutorial.py
[2025-04-13T18:25:02.290+0300] {processor.py:914} INFO - Processing file /home/tasneemahmed24/.local/lib/python3.10/site-packages/airflow/example_dags/tutorial.py for tasks to queue
[2025-04-13T18:25:02.292+0300] {logging_mixin.py:190} INFO - [2025-04-13T18:25:02.292+0300] {dagbag.py:588} INFO - Filling up the DagBag from /home/tasneemahmed24/.local/lib/python3.10/site-packages/airflow/example_dags/tutorial.py
[2025-04-13T18:25:02.302+0300] {processor.py:925} INFO - DAG(s) 'tutorial' retrieved from /home/tasneemahmed24/.local/lib/python3.10/site-packages/airflow/example_dags/tutorial.py
[2025-04-13T18:25:02.321+0300] {logging_mixin.py:190} INFO - [2025-04-13T18:25:02.320+0300] {dag.py:3239} INFO - Sync 1 DAGs
[2025-04-13T18:25:02.342+0300] {logging_mixin.py:190} INFO - [2025-04-13T18:25:02.342+0300] {dag.py:4180} INFO - Setting next_dagrun for tutorial to 2025-04-12 00:00:00+00:00, run_after=2025-04-13 00:00:00+00:00
[2025-04-13T18:25:02.365+0300] {processor.py:208} INFO - Processing /home/tasneemahmed24/.local/lib/python3.10/site-packages/airflow/example_dags/tutorial.py took 0.084 seconds
[2025-04-13T18:26:03.448+0300] {processor.py:186} INFO - Started process (PID=54405) to work on /home/tasneemahmed24/.local/lib/python3.10/site-packages/airflow/example_dags/tutorial.py
[2025-04-13T18:26:03.449+0300] {processor.py:914} INFO - Processing file /home/tasneemahmed24/.local/lib/python3.10/site-packages/airflow/example_dags/tutorial.py for tasks to queue
[2025-04-13T18:26:03.452+0300] {logging_mixin.py:190} INFO - [2025-04-13T18:26:03.451+0300] {dagbag.py:588} INFO - Filling up the DagBag from /home/tasneemahmed24/.local/lib/python3.10/site-packages/airflow/example_dags/tutorial.py
[2025-04-13T18:26:03.463+0300] {processor.py:925} INFO - DAG(s) 'tutorial' retrieved from /home/tasneemahmed24/.local/lib/python3.10/site-packages/airflow/example_dags/tutorial.py
[2025-04-13T18:26:03.482+0300] {logging_mixin.py:190} INFO - [2025-04-13T18:26:03.482+0300] {dag.py:3239} INFO - Sync 1 DAGs
[2025-04-13T18:26:03.508+0300] {logging_mixin.py:190} INFO - [2025-04-13T18:26:03.507+0300] {dag.py:4180} INFO - Setting next_dagrun for tutorial to 2025-04-12 00:00:00+00:00, run_after=2025-04-13 00:00:00+00:00
[2025-04-13T18:26:03.533+0300] {processor.py:208} INFO - Processing /home/tasneemahmed24/.local/lib/python3.10/site-packages/airflow/example_dags/tutorial.py took 0.093 seconds
[2025-04-13T18:27:03.742+0300] {processor.py:186} INFO - Started process (PID=54689) to work on /home/tasneemahmed24/.local/lib/python3.10/site-packages/airflow/example_dags/tutorial.py
[2025-04-13T18:27:03.744+0300] {processor.py:914} INFO - Processing file /home/tasneemahmed24/.local/lib/python3.10/site-packages/airflow/example_dags/tutorial.py for tasks to queue
[2025-04-13T18:27:03.749+0300] {logging_mixin.py:190} INFO - [2025-04-13T18:27:03.749+0300] {dagbag.py:588} INFO - Filling up the DagBag from /home/tasneemahmed24/.local/lib/python3.10/site-packages/airflow/example_dags/tutorial.py
[2025-04-13T18:27:03.758+0300] {processor.py:925} INFO - DAG(s) 'tutorial' retrieved from /home/tasneemahmed24/.local/lib/python3.10/site-packages/airflow/example_dags/tutorial.py
[2025-04-13T18:27:03.774+0300] {logging_mixin.py:190} INFO - [2025-04-13T18:27:03.774+0300] {dag.py:3239} INFO - Sync 1 DAGs
[2025-04-13T18:27:03.801+0300] {logging_mixin.py:190} INFO - [2025-04-13T18:27:03.801+0300] {dag.py:4180} INFO - Setting next_dagrun for tutorial to 2025-04-12 00:00:00+00:00, run_after=2025-04-13 00:00:00+00:00
[2025-04-13T18:27:03.826+0300] {processor.py:208} INFO - Processing /home/tasneemahmed24/.local/lib/python3.10/site-packages/airflow/example_dags/tutorial.py took 0.091 seconds
[2025-04-13T18:28:07.332+0300] {processor.py:186} INFO - Started process (PID=54992) to work on /home/tasneemahmed24/.local/lib/python3.10/site-packages/airflow/example_dags/tutorial.py
[2025-04-13T18:28:07.335+0300] {processor.py:914} INFO - Processing file /home/tasneemahmed24/.local/lib/python3.10/site-packages/airflow/example_dags/tutorial.py for tasks to queue
[2025-04-13T18:28:07.339+0300] {logging_mixin.py:190} INFO - [2025-04-13T18:28:07.338+0300] {dagbag.py:588} INFO - Filling up the DagBag from /home/tasneemahmed24/.local/lib/python3.10/site-packages/airflow/example_dags/tutorial.py
[2025-04-13T18:28:07.348+0300] {processor.py:925} INFO - DAG(s) 'tutorial' retrieved from /home/tasneemahmed24/.local/lib/python3.10/site-packages/airflow/example_dags/tutorial.py
[2025-04-13T18:28:07.364+0300] {logging_mixin.py:190} INFO - [2025-04-13T18:28:07.364+0300] {dag.py:3239} INFO - Sync 1 DAGs
[2025-04-13T18:28:07.385+0300] {logging_mixin.py:190} INFO - [2025-04-13T18:28:07.385+0300] {dag.py:4180} INFO - Setting next_dagrun for tutorial to 2025-04-12 00:00:00+00:00, run_after=2025-04-13 00:00:00+00:00
[2025-04-13T18:28:07.408+0300] {processor.py:208} INFO - Processing /home/tasneemahmed24/.local/lib/python3.10/site-packages/airflow/example_dags/tutorial.py took 0.085 seconds
