[2025-04-13T17:17:43.312+0300] {processor.py:186} INFO - Started process (PID=34520) to work on /home/tasneemahmed24/.local/lib/python3.10/site-packages/airflow/example_dags/plugins/decreasing_priority_weight_strategy.py
[2025-04-13T17:17:43.313+0300] {processor.py:914} INFO - Processing file /home/tasneemahmed24/.local/lib/python3.10/site-packages/airflow/example_dags/plugins/decreasing_priority_weight_strategy.py for tasks to queue
[2025-04-13T17:17:43.314+0300] {logging_mixin.py:190} INFO - [2025-04-13T17:17:43.314+0300] {dagbag.py:588} INFO - Filling up the DagBag from /home/tasneemahmed24/.local/lib/python3.10/site-packages/airflow/example_dags/plugins/decreasing_priority_weight_strategy.py
[2025-04-13T17:17:43.316+0300] {processor.py:927} WARNING - No viable dags retrieved from /home/tasneemahmed24/.local/lib/python3.10/site-packages/airflow/example_dags/plugins/decreasing_priority_weight_strategy.py
[2025-04-13T17:17:43.324+0300] {processor.py:208} INFO - Processing /home/tasneemahmed24/.local/lib/python3.10/site-packages/airflow/example_dags/plugins/decreasing_priority_weight_strategy.py took 0.017 seconds
[2025-04-13T17:18:49.677+0300] {processor.py:186} INFO - Started process (PID=34822) to work on /home/tasneemahmed24/.local/lib/python3.10/site-packages/airflow/example_dags/plugins/decreasing_priority_weight_strategy.py
[2025-04-13T17:18:49.678+0300] {processor.py:914} INFO - Processing file /home/tasneemahmed24/.local/lib/python3.10/site-packages/airflow/example_dags/plugins/decreasing_priority_weight_strategy.py for tasks to queue
[2025-04-13T17:18:49.680+0300] {logging_mixin.py:190} INFO - [2025-04-13T17:18:49.680+0300] {dagbag.py:588} INFO - Filling up the DagBag from /home/tasneemahmed24/.local/lib/python3.10/site-packages/airflow/example_dags/plugins/decreasing_priority_weight_strategy.py
[2025-04-13T17:18:49.682+0300] {processor.py:927} WARNING - No viable dags retrieved from /home/tasneemahmed24/.local/lib/python3.10/site-packages/airflow/example_dags/plugins/decreasing_priority_weight_strategy.py
[2025-04-13T17:18:49.692+0300] {processor.py:208} INFO - Processing /home/tasneemahmed24/.local/lib/python3.10/site-packages/airflow/example_dags/plugins/decreasing_priority_weight_strategy.py took 0.020 seconds
[2025-04-13T17:19:44.164+0300] {processor.py:186} INFO - Started process (PID=35084) to work on /home/tasneemahmed24/.local/lib/python3.10/site-packages/airflow/example_dags/plugins/decreasing_priority_weight_strategy.py
[2025-04-13T17:19:44.167+0300] {processor.py:914} INFO - Processing file /home/tasneemahmed24/.local/lib/python3.10/site-packages/airflow/example_dags/plugins/decreasing_priority_weight_strategy.py for tasks to queue
[2025-04-13T17:19:44.169+0300] {logging_mixin.py:190} INFO - [2025-04-13T17:19:44.168+0300] {dagbag.py:588} INFO - Filling up the DagBag from /home/tasneemahmed24/.local/lib/python3.10/site-packages/airflow/example_dags/plugins/decreasing_priority_weight_strategy.py
[2025-04-13T17:19:44.174+0300] {processor.py:927} WARNING - No viable dags retrieved from /home/tasneemahmed24/.local/lib/python3.10/site-packages/airflow/example_dags/plugins/decreasing_priority_weight_strategy.py
[2025-04-13T17:19:44.184+0300] {processor.py:208} INFO - Processing /home/tasneemahmed24/.local/lib/python3.10/site-packages/airflow/example_dags/plugins/decreasing_priority_weight_strategy.py took 0.025 seconds
[2025-04-13T17:20:43.644+0300] {processor.py:186} INFO - Started process (PID=35364) to work on /home/tasneemahmed24/.local/lib/python3.10/site-packages/airflow/example_dags/plugins/decreasing_priority_weight_strategy.py
[2025-04-13T17:20:43.646+0300] {processor.py:914} INFO - Processing file /home/tasneemahmed24/.local/lib/python3.10/site-packages/airflow/example_dags/plugins/decreasing_priority_weight_strategy.py for tasks to queue
[2025-04-13T17:20:43.648+0300] {logging_mixin.py:190} INFO - [2025-04-13T17:20:43.648+0300] {dagbag.py:588} INFO - Filling up the DagBag from /home/tasneemahmed24/.local/lib/python3.10/site-packages/airflow/example_dags/plugins/decreasing_priority_weight_strategy.py
[2025-04-13T17:20:43.650+0300] {processor.py:927} WARNING - No viable dags retrieved from /home/tasneemahmed24/.local/lib/python3.10/site-packages/airflow/example_dags/plugins/decreasing_priority_weight_strategy.py
[2025-04-13T17:20:43.657+0300] {processor.py:208} INFO - Processing /home/tasneemahmed24/.local/lib/python3.10/site-packages/airflow/example_dags/plugins/decreasing_priority_weight_strategy.py took 0.018 seconds
[2025-04-13T17:21:39.602+0300] {processor.py:186} INFO - Started process (PID=35625) to work on /home/tasneemahmed24/.local/lib/python3.10/site-packages/airflow/example_dags/plugins/decreasing_priority_weight_strategy.py
[2025-04-13T17:21:39.605+0300] {processor.py:914} INFO - Processing file /home/tasneemahmed24/.local/lib/python3.10/site-packages/airflow/example_dags/plugins/decreasing_priority_weight_strategy.py for tasks to queue
[2025-04-13T17:21:39.606+0300] {logging_mixin.py:190} INFO - [2025-04-13T17:21:39.606+0300] {dagbag.py:588} INFO - Filling up the DagBag from /home/tasneemahmed24/.local/lib/python3.10/site-packages/airflow/example_dags/plugins/decreasing_priority_weight_strategy.py
[2025-04-13T17:21:39.609+0300] {processor.py:927} WARNING - No viable dags retrieved from /home/tasneemahmed24/.local/lib/python3.10/site-packages/airflow/example_dags/plugins/decreasing_priority_weight_strategy.py
[2025-04-13T17:21:39.617+0300] {processor.py:208} INFO - Processing /home/tasneemahmed24/.local/lib/python3.10/site-packages/airflow/example_dags/plugins/decreasing_priority_weight_strategy.py took 0.020 seconds
[2025-04-13T17:22:35.567+0300] {processor.py:186} INFO - Started process (PID=35889) to work on /home/tasneemahmed24/.local/lib/python3.10/site-packages/airflow/example_dags/plugins/decreasing_priority_weight_strategy.py
[2025-04-13T17:22:35.569+0300] {processor.py:914} INFO - Processing file /home/tasneemahmed24/.local/lib/python3.10/site-packages/airflow/example_dags/plugins/decreasing_priority_weight_strategy.py for tasks to queue
[2025-04-13T17:22:35.571+0300] {logging_mixin.py:190} INFO - [2025-04-13T17:22:35.570+0300] {dagbag.py:588} INFO - Filling up the DagBag from /home/tasneemahmed24/.local/lib/python3.10/site-packages/airflow/example_dags/plugins/decreasing_priority_weight_strategy.py
[2025-04-13T17:22:35.572+0300] {processor.py:927} WARNING - No viable dags retrieved from /home/tasneemahmed24/.local/lib/python3.10/site-packages/airflow/example_dags/plugins/decreasing_priority_weight_strategy.py
[2025-04-13T17:22:35.580+0300] {processor.py:208} INFO - Processing /home/tasneemahmed24/.local/lib/python3.10/site-packages/airflow/example_dags/plugins/decreasing_priority_weight_strategy.py took 0.019 seconds
[2025-04-13T17:23:29.864+0300] {processor.py:186} INFO - Started process (PID=36145) to work on /home/tasneemahmed24/.local/lib/python3.10/site-packages/airflow/example_dags/plugins/decreasing_priority_weight_strategy.py
[2025-04-13T17:23:29.868+0300] {processor.py:914} INFO - Processing file /home/tasneemahmed24/.local/lib/python3.10/site-packages/airflow/example_dags/plugins/decreasing_priority_weight_strategy.py for tasks to queue
[2025-04-13T17:23:29.870+0300] {logging_mixin.py:190} INFO - [2025-04-13T17:23:29.869+0300] {dagbag.py:588} INFO - Filling up the DagBag from /home/tasneemahmed24/.local/lib/python3.10/site-packages/airflow/example_dags/plugins/decreasing_priority_weight_strategy.py
[2025-04-13T17:23:29.872+0300] {processor.py:927} WARNING - No viable dags retrieved from /home/tasneemahmed24/.local/lib/python3.10/site-packages/airflow/example_dags/plugins/decreasing_priority_weight_strategy.py
[2025-04-13T17:23:29.879+0300] {processor.py:208} INFO - Processing /home/tasneemahmed24/.local/lib/python3.10/site-packages/airflow/example_dags/plugins/decreasing_priority_weight_strategy.py took 0.020 seconds
[2025-04-13T17:24:24.220+0300] {processor.py:186} INFO - Started process (PID=36404) to work on /home/tasneemahmed24/.local/lib/python3.10/site-packages/airflow/example_dags/plugins/decreasing_priority_weight_strategy.py
[2025-04-13T17:24:24.223+0300] {processor.py:914} INFO - Processing file /home/tasneemahmed24/.local/lib/python3.10/site-packages/airflow/example_dags/plugins/decreasing_priority_weight_strategy.py for tasks to queue
[2025-04-13T17:24:24.226+0300] {logging_mixin.py:190} INFO - [2025-04-13T17:24:24.225+0300] {dagbag.py:588} INFO - Filling up the DagBag from /home/tasneemahmed24/.local/lib/python3.10/site-packages/airflow/example_dags/plugins/decreasing_priority_weight_strategy.py
[2025-04-13T17:24:24.228+0300] {processor.py:927} WARNING - No viable dags retrieved from /home/tasneemahmed24/.local/lib/python3.10/site-packages/airflow/example_dags/plugins/decreasing_priority_weight_strategy.py
[2025-04-13T17:24:24.235+0300] {processor.py:208} INFO - Processing /home/tasneemahmed24/.local/lib/python3.10/site-packages/airflow/example_dags/plugins/decreasing_priority_weight_strategy.py took 0.021 seconds
[2025-04-13T17:25:19.023+0300] {processor.py:186} INFO - Started process (PID=36666) to work on /home/tasneemahmed24/.local/lib/python3.10/site-packages/airflow/example_dags/plugins/decreasing_priority_weight_strategy.py
[2025-04-13T17:25:19.026+0300] {processor.py:914} INFO - Processing file /home/tasneemahmed24/.local/lib/python3.10/site-packages/airflow/example_dags/plugins/decreasing_priority_weight_strategy.py for tasks to queue
[2025-04-13T17:25:19.027+0300] {logging_mixin.py:190} INFO - [2025-04-13T17:25:19.027+0300] {dagbag.py:588} INFO - Filling up the DagBag from /home/tasneemahmed24/.local/lib/python3.10/site-packages/airflow/example_dags/plugins/decreasing_priority_weight_strategy.py
[2025-04-13T17:25:19.029+0300] {processor.py:927} WARNING - No viable dags retrieved from /home/tasneemahmed24/.local/lib/python3.10/site-packages/airflow/example_dags/plugins/decreasing_priority_weight_strategy.py
[2025-04-13T17:25:19.037+0300] {processor.py:208} INFO - Processing /home/tasneemahmed24/.local/lib/python3.10/site-packages/airflow/example_dags/plugins/decreasing_priority_weight_strategy.py took 0.018 seconds
[2025-04-13T17:26:11.911+0300] {processor.py:186} INFO - Started process (PID=36922) to work on /home/tasneemahmed24/.local/lib/python3.10/site-packages/airflow/example_dags/plugins/decreasing_priority_weight_strategy.py
[2025-04-13T17:26:11.914+0300] {processor.py:914} INFO - Processing file /home/tasneemahmed24/.local/lib/python3.10/site-packages/airflow/example_dags/plugins/decreasing_priority_weight_strategy.py for tasks to queue
[2025-04-13T17:26:11.915+0300] {logging_mixin.py:190} INFO - [2025-04-13T17:26:11.915+0300] {dagbag.py:588} INFO - Filling up the DagBag from /home/tasneemahmed24/.local/lib/python3.10/site-packages/airflow/example_dags/plugins/decreasing_priority_weight_strategy.py
[2025-04-13T17:26:11.917+0300] {processor.py:927} WARNING - No viable dags retrieved from /home/tasneemahmed24/.local/lib/python3.10/site-packages/airflow/example_dags/plugins/decreasing_priority_weight_strategy.py
[2025-04-13T17:26:11.924+0300] {processor.py:208} INFO - Processing /home/tasneemahmed24/.local/lib/python3.10/site-packages/airflow/example_dags/plugins/decreasing_priority_weight_strategy.py took 0.019 seconds
[2025-04-13T17:27:04.088+0300] {processor.py:186} INFO - Started process (PID=37171) to work on /home/tasneemahmed24/.local/lib/python3.10/site-packages/airflow/example_dags/plugins/decreasing_priority_weight_strategy.py
[2025-04-13T17:27:04.091+0300] {processor.py:914} INFO - Processing file /home/tasneemahmed24/.local/lib/python3.10/site-packages/airflow/example_dags/plugins/decreasing_priority_weight_strategy.py for tasks to queue
[2025-04-13T17:27:04.093+0300] {logging_mixin.py:190} INFO - [2025-04-13T17:27:04.092+0300] {dagbag.py:588} INFO - Filling up the DagBag from /home/tasneemahmed24/.local/lib/python3.10/site-packages/airflow/example_dags/plugins/decreasing_priority_weight_strategy.py
[2025-04-13T17:27:04.095+0300] {processor.py:927} WARNING - No viable dags retrieved from /home/tasneemahmed24/.local/lib/python3.10/site-packages/airflow/example_dags/plugins/decreasing_priority_weight_strategy.py
[2025-04-13T17:27:04.102+0300] {processor.py:208} INFO - Processing /home/tasneemahmed24/.local/lib/python3.10/site-packages/airflow/example_dags/plugins/decreasing_priority_weight_strategy.py took 0.019 seconds
[2025-04-13T17:27:55.915+0300] {processor.py:186} INFO - Started process (PID=37421) to work on /home/tasneemahmed24/.local/lib/python3.10/site-packages/airflow/example_dags/plugins/decreasing_priority_weight_strategy.py
[2025-04-13T17:27:55.917+0300] {processor.py:914} INFO - Processing file /home/tasneemahmed24/.local/lib/python3.10/site-packages/airflow/example_dags/plugins/decreasing_priority_weight_strategy.py for tasks to queue
[2025-04-13T17:27:55.918+0300] {logging_mixin.py:190} INFO - [2025-04-13T17:27:55.918+0300] {dagbag.py:588} INFO - Filling up the DagBag from /home/tasneemahmed24/.local/lib/python3.10/site-packages/airflow/example_dags/plugins/decreasing_priority_weight_strategy.py
[2025-04-13T17:27:55.920+0300] {processor.py:927} WARNING - No viable dags retrieved from /home/tasneemahmed24/.local/lib/python3.10/site-packages/airflow/example_dags/plugins/decreasing_priority_weight_strategy.py
[2025-04-13T17:27:55.929+0300] {processor.py:208} INFO - Processing /home/tasneemahmed24/.local/lib/python3.10/site-packages/airflow/example_dags/plugins/decreasing_priority_weight_strategy.py took 0.019 seconds
[2025-04-13T17:28:55.561+0300] {processor.py:186} INFO - Started process (PID=37701) to work on /home/tasneemahmed24/.local/lib/python3.10/site-packages/airflow/example_dags/plugins/decreasing_priority_weight_strategy.py
[2025-04-13T17:28:55.563+0300] {processor.py:914} INFO - Processing file /home/tasneemahmed24/.local/lib/python3.10/site-packages/airflow/example_dags/plugins/decreasing_priority_weight_strategy.py for tasks to queue
[2025-04-13T17:28:55.565+0300] {logging_mixin.py:190} INFO - [2025-04-13T17:28:55.564+0300] {dagbag.py:588} INFO - Filling up the DagBag from /home/tasneemahmed24/.local/lib/python3.10/site-packages/airflow/example_dags/plugins/decreasing_priority_weight_strategy.py
[2025-04-13T17:28:55.567+0300] {processor.py:927} WARNING - No viable dags retrieved from /home/tasneemahmed24/.local/lib/python3.10/site-packages/airflow/example_dags/plugins/decreasing_priority_weight_strategy.py
[2025-04-13T17:28:55.575+0300] {processor.py:208} INFO - Processing /home/tasneemahmed24/.local/lib/python3.10/site-packages/airflow/example_dags/plugins/decreasing_priority_weight_strategy.py took 0.020 seconds
[2025-04-13T17:29:46.165+0300] {processor.py:186} INFO - Started process (PID=37942) to work on /home/tasneemahmed24/.local/lib/python3.10/site-packages/airflow/example_dags/plugins/decreasing_priority_weight_strategy.py
[2025-04-13T17:29:46.166+0300] {processor.py:914} INFO - Processing file /home/tasneemahmed24/.local/lib/python3.10/site-packages/airflow/example_dags/plugins/decreasing_priority_weight_strategy.py for tasks to queue
[2025-04-13T17:29:46.168+0300] {logging_mixin.py:190} INFO - [2025-04-13T17:29:46.168+0300] {dagbag.py:588} INFO - Filling up the DagBag from /home/tasneemahmed24/.local/lib/python3.10/site-packages/airflow/example_dags/plugins/decreasing_priority_weight_strategy.py
[2025-04-13T17:29:46.172+0300] {processor.py:927} WARNING - No viable dags retrieved from /home/tasneemahmed24/.local/lib/python3.10/site-packages/airflow/example_dags/plugins/decreasing_priority_weight_strategy.py
[2025-04-13T17:29:46.183+0300] {processor.py:208} INFO - Processing /home/tasneemahmed24/.local/lib/python3.10/site-packages/airflow/example_dags/plugins/decreasing_priority_weight_strategy.py took 0.023 seconds
[2025-04-13T17:30:38.778+0300] {processor.py:186} INFO - Started process (PID=38191) to work on /home/tasneemahmed24/.local/lib/python3.10/site-packages/airflow/example_dags/plugins/decreasing_priority_weight_strategy.py
[2025-04-13T17:30:38.780+0300] {processor.py:914} INFO - Processing file /home/tasneemahmed24/.local/lib/python3.10/site-packages/airflow/example_dags/plugins/decreasing_priority_weight_strategy.py for tasks to queue
[2025-04-13T17:30:38.783+0300] {logging_mixin.py:190} INFO - [2025-04-13T17:30:38.782+0300] {dagbag.py:588} INFO - Filling up the DagBag from /home/tasneemahmed24/.local/lib/python3.10/site-packages/airflow/example_dags/plugins/decreasing_priority_weight_strategy.py
[2025-04-13T17:30:38.785+0300] {processor.py:927} WARNING - No viable dags retrieved from /home/tasneemahmed24/.local/lib/python3.10/site-packages/airflow/example_dags/plugins/decreasing_priority_weight_strategy.py
[2025-04-13T17:30:38.792+0300] {processor.py:208} INFO - Processing /home/tasneemahmed24/.local/lib/python3.10/site-packages/airflow/example_dags/plugins/decreasing_priority_weight_strategy.py took 0.020 seconds
[2025-04-13T17:31:33.414+0300] {processor.py:186} INFO - Started process (PID=38452) to work on /home/tasneemahmed24/.local/lib/python3.10/site-packages/airflow/example_dags/plugins/decreasing_priority_weight_strategy.py
[2025-04-13T17:31:33.416+0300] {processor.py:914} INFO - Processing file /home/tasneemahmed24/.local/lib/python3.10/site-packages/airflow/example_dags/plugins/decreasing_priority_weight_strategy.py for tasks to queue
[2025-04-13T17:31:33.418+0300] {logging_mixin.py:190} INFO - [2025-04-13T17:31:33.418+0300] {dagbag.py:588} INFO - Filling up the DagBag from /home/tasneemahmed24/.local/lib/python3.10/site-packages/airflow/example_dags/plugins/decreasing_priority_weight_strategy.py
[2025-04-13T17:31:33.420+0300] {processor.py:927} WARNING - No viable dags retrieved from /home/tasneemahmed24/.local/lib/python3.10/site-packages/airflow/example_dags/plugins/decreasing_priority_weight_strategy.py
[2025-04-13T17:31:33.428+0300] {processor.py:208} INFO - Processing /home/tasneemahmed24/.local/lib/python3.10/site-packages/airflow/example_dags/plugins/decreasing_priority_weight_strategy.py took 0.021 seconds
[2025-04-13T17:32:27.964+0300] {processor.py:186} INFO - Started process (PID=38713) to work on /home/tasneemahmed24/.local/lib/python3.10/site-packages/airflow/example_dags/plugins/decreasing_priority_weight_strategy.py
[2025-04-13T17:32:27.966+0300] {processor.py:914} INFO - Processing file /home/tasneemahmed24/.local/lib/python3.10/site-packages/airflow/example_dags/plugins/decreasing_priority_weight_strategy.py for tasks to queue
[2025-04-13T17:32:27.972+0300] {logging_mixin.py:190} INFO - [2025-04-13T17:32:27.971+0300] {dagbag.py:588} INFO - Filling up the DagBag from /home/tasneemahmed24/.local/lib/python3.10/site-packages/airflow/example_dags/plugins/decreasing_priority_weight_strategy.py
[2025-04-13T17:32:27.976+0300] {processor.py:927} WARNING - No viable dags retrieved from /home/tasneemahmed24/.local/lib/python3.10/site-packages/airflow/example_dags/plugins/decreasing_priority_weight_strategy.py
[2025-04-13T17:32:27.990+0300] {processor.py:208} INFO - Processing /home/tasneemahmed24/.local/lib/python3.10/site-packages/airflow/example_dags/plugins/decreasing_priority_weight_strategy.py took 0.034 seconds
[2025-04-13T17:33:30.477+0300] {processor.py:186} INFO - Started process (PID=39022) to work on /home/tasneemahmed24/.local/lib/python3.10/site-packages/airflow/example_dags/plugins/decreasing_priority_weight_strategy.py
[2025-04-13T17:33:30.480+0300] {processor.py:914} INFO - Processing file /home/tasneemahmed24/.local/lib/python3.10/site-packages/airflow/example_dags/plugins/decreasing_priority_weight_strategy.py for tasks to queue
[2025-04-13T17:33:30.481+0300] {logging_mixin.py:190} INFO - [2025-04-13T17:33:30.481+0300] {dagbag.py:588} INFO - Filling up the DagBag from /home/tasneemahmed24/.local/lib/python3.10/site-packages/airflow/example_dags/plugins/decreasing_priority_weight_strategy.py
[2025-04-13T17:33:30.483+0300] {processor.py:927} WARNING - No viable dags retrieved from /home/tasneemahmed24/.local/lib/python3.10/site-packages/airflow/example_dags/plugins/decreasing_priority_weight_strategy.py
[2025-04-13T17:33:30.492+0300] {processor.py:208} INFO - Processing /home/tasneemahmed24/.local/lib/python3.10/site-packages/airflow/example_dags/plugins/decreasing_priority_weight_strategy.py took 0.020 seconds
[2025-04-13T17:34:28.675+0300] {processor.py:186} INFO - Started process (PID=39311) to work on /home/tasneemahmed24/.local/lib/python3.10/site-packages/airflow/example_dags/plugins/decreasing_priority_weight_strategy.py
[2025-04-13T17:34:28.676+0300] {processor.py:914} INFO - Processing file /home/tasneemahmed24/.local/lib/python3.10/site-packages/airflow/example_dags/plugins/decreasing_priority_weight_strategy.py for tasks to queue
[2025-04-13T17:34:28.679+0300] {logging_mixin.py:190} INFO - [2025-04-13T17:34:28.678+0300] {dagbag.py:588} INFO - Filling up the DagBag from /home/tasneemahmed24/.local/lib/python3.10/site-packages/airflow/example_dags/plugins/decreasing_priority_weight_strategy.py
[2025-04-13T17:34:28.685+0300] {processor.py:927} WARNING - No viable dags retrieved from /home/tasneemahmed24/.local/lib/python3.10/site-packages/airflow/example_dags/plugins/decreasing_priority_weight_strategy.py
[2025-04-13T17:34:28.693+0300] {processor.py:208} INFO - Processing /home/tasneemahmed24/.local/lib/python3.10/site-packages/airflow/example_dags/plugins/decreasing_priority_weight_strategy.py took 0.023 seconds
[2025-04-13T17:35:30.776+0300] {processor.py:186} INFO - Started process (PID=39638) to work on /home/tasneemahmed24/.local/lib/python3.10/site-packages/airflow/example_dags/plugins/decreasing_priority_weight_strategy.py
[2025-04-13T17:35:30.777+0300] {processor.py:914} INFO - Processing file /home/tasneemahmed24/.local/lib/python3.10/site-packages/airflow/example_dags/plugins/decreasing_priority_weight_strategy.py for tasks to queue
[2025-04-13T17:35:30.779+0300] {logging_mixin.py:190} INFO - [2025-04-13T17:35:30.779+0300] {dagbag.py:588} INFO - Filling up the DagBag from /home/tasneemahmed24/.local/lib/python3.10/site-packages/airflow/example_dags/plugins/decreasing_priority_weight_strategy.py
[2025-04-13T17:35:30.781+0300] {processor.py:927} WARNING - No viable dags retrieved from /home/tasneemahmed24/.local/lib/python3.10/site-packages/airflow/example_dags/plugins/decreasing_priority_weight_strategy.py
[2025-04-13T17:35:30.789+0300] {processor.py:208} INFO - Processing /home/tasneemahmed24/.local/lib/python3.10/site-packages/airflow/example_dags/plugins/decreasing_priority_weight_strategy.py took 0.018 seconds
[2025-04-13T17:36:28.073+0300] {processor.py:186} INFO - Started process (PID=39911) to work on /home/tasneemahmed24/.local/lib/python3.10/site-packages/airflow/example_dags/plugins/decreasing_priority_weight_strategy.py
[2025-04-13T17:36:28.074+0300] {processor.py:914} INFO - Processing file /home/tasneemahmed24/.local/lib/python3.10/site-packages/airflow/example_dags/plugins/decreasing_priority_weight_strategy.py for tasks to queue
[2025-04-13T17:36:28.076+0300] {logging_mixin.py:190} INFO - [2025-04-13T17:36:28.075+0300] {dagbag.py:588} INFO - Filling up the DagBag from /home/tasneemahmed24/.local/lib/python3.10/site-packages/airflow/example_dags/plugins/decreasing_priority_weight_strategy.py
[2025-04-13T17:36:28.078+0300] {processor.py:927} WARNING - No viable dags retrieved from /home/tasneemahmed24/.local/lib/python3.10/site-packages/airflow/example_dags/plugins/decreasing_priority_weight_strategy.py
[2025-04-13T17:36:28.087+0300] {processor.py:208} INFO - Processing /home/tasneemahmed24/.local/lib/python3.10/site-packages/airflow/example_dags/plugins/decreasing_priority_weight_strategy.py took 0.019 seconds
[2025-04-13T17:37:26.675+0300] {processor.py:186} INFO - Started process (PID=40205) to work on /home/tasneemahmed24/.local/lib/python3.10/site-packages/airflow/example_dags/plugins/decreasing_priority_weight_strategy.py
[2025-04-13T17:37:26.677+0300] {processor.py:914} INFO - Processing file /home/tasneemahmed24/.local/lib/python3.10/site-packages/airflow/example_dags/plugins/decreasing_priority_weight_strategy.py for tasks to queue
[2025-04-13T17:37:26.680+0300] {logging_mixin.py:190} INFO - [2025-04-13T17:37:26.679+0300] {dagbag.py:588} INFO - Filling up the DagBag from /home/tasneemahmed24/.local/lib/python3.10/site-packages/airflow/example_dags/plugins/decreasing_priority_weight_strategy.py
[2025-04-13T17:37:26.682+0300] {processor.py:927} WARNING - No viable dags retrieved from /home/tasneemahmed24/.local/lib/python3.10/site-packages/airflow/example_dags/plugins/decreasing_priority_weight_strategy.py
[2025-04-13T17:37:26.692+0300] {processor.py:208} INFO - Processing /home/tasneemahmed24/.local/lib/python3.10/site-packages/airflow/example_dags/plugins/decreasing_priority_weight_strategy.py took 0.025 seconds
[2025-04-13T17:38:23.571+0300] {processor.py:186} INFO - Started process (PID=40490) to work on /home/tasneemahmed24/.local/lib/python3.10/site-packages/airflow/example_dags/plugins/decreasing_priority_weight_strategy.py
[2025-04-13T17:38:23.572+0300] {processor.py:914} INFO - Processing file /home/tasneemahmed24/.local/lib/python3.10/site-packages/airflow/example_dags/plugins/decreasing_priority_weight_strategy.py for tasks to queue
[2025-04-13T17:38:23.575+0300] {logging_mixin.py:190} INFO - [2025-04-13T17:38:23.574+0300] {dagbag.py:588} INFO - Filling up the DagBag from /home/tasneemahmed24/.local/lib/python3.10/site-packages/airflow/example_dags/plugins/decreasing_priority_weight_strategy.py
[2025-04-13T17:38:23.577+0300] {processor.py:927} WARNING - No viable dags retrieved from /home/tasneemahmed24/.local/lib/python3.10/site-packages/airflow/example_dags/plugins/decreasing_priority_weight_strategy.py
[2025-04-13T17:38:23.586+0300] {processor.py:208} INFO - Processing /home/tasneemahmed24/.local/lib/python3.10/site-packages/airflow/example_dags/plugins/decreasing_priority_weight_strategy.py took 0.019 seconds
[2025-04-13T17:39:23.235+0300] {processor.py:186} INFO - Started process (PID=40779) to work on /home/tasneemahmed24/.local/lib/python3.10/site-packages/airflow/example_dags/plugins/decreasing_priority_weight_strategy.py
[2025-04-13T17:39:23.237+0300] {processor.py:914} INFO - Processing file /home/tasneemahmed24/.local/lib/python3.10/site-packages/airflow/example_dags/plugins/decreasing_priority_weight_strategy.py for tasks to queue
[2025-04-13T17:39:23.239+0300] {logging_mixin.py:190} INFO - [2025-04-13T17:39:23.239+0300] {dagbag.py:588} INFO - Filling up the DagBag from /home/tasneemahmed24/.local/lib/python3.10/site-packages/airflow/example_dags/plugins/decreasing_priority_weight_strategy.py
[2025-04-13T17:39:23.241+0300] {processor.py:927} WARNING - No viable dags retrieved from /home/tasneemahmed24/.local/lib/python3.10/site-packages/airflow/example_dags/plugins/decreasing_priority_weight_strategy.py
[2025-04-13T17:39:23.249+0300] {processor.py:208} INFO - Processing /home/tasneemahmed24/.local/lib/python3.10/site-packages/airflow/example_dags/plugins/decreasing_priority_weight_strategy.py took 0.019 seconds
[2025-04-13T17:40:20.899+0300] {processor.py:186} INFO - Started process (PID=41054) to work on /home/tasneemahmed24/.local/lib/python3.10/site-packages/airflow/example_dags/plugins/decreasing_priority_weight_strategy.py
[2025-04-13T17:40:20.901+0300] {processor.py:914} INFO - Processing file /home/tasneemahmed24/.local/lib/python3.10/site-packages/airflow/example_dags/plugins/decreasing_priority_weight_strategy.py for tasks to queue
[2025-04-13T17:40:20.903+0300] {logging_mixin.py:190} INFO - [2025-04-13T17:40:20.903+0300] {dagbag.py:588} INFO - Filling up the DagBag from /home/tasneemahmed24/.local/lib/python3.10/site-packages/airflow/example_dags/plugins/decreasing_priority_weight_strategy.py
[2025-04-13T17:40:20.905+0300] {processor.py:927} WARNING - No viable dags retrieved from /home/tasneemahmed24/.local/lib/python3.10/site-packages/airflow/example_dags/plugins/decreasing_priority_weight_strategy.py
[2025-04-13T17:40:20.913+0300] {processor.py:208} INFO - Processing /home/tasneemahmed24/.local/lib/python3.10/site-packages/airflow/example_dags/plugins/decreasing_priority_weight_strategy.py took 0.019 seconds
[2025-04-13T17:41:14.709+0300] {processor.py:186} INFO - Started process (PID=41331) to work on /home/tasneemahmed24/.local/lib/python3.10/site-packages/airflow/example_dags/plugins/decreasing_priority_weight_strategy.py
[2025-04-13T17:41:14.711+0300] {processor.py:914} INFO - Processing file /home/tasneemahmed24/.local/lib/python3.10/site-packages/airflow/example_dags/plugins/decreasing_priority_weight_strategy.py for tasks to queue
[2025-04-13T17:41:14.713+0300] {logging_mixin.py:190} INFO - [2025-04-13T17:41:14.713+0300] {dagbag.py:588} INFO - Filling up the DagBag from /home/tasneemahmed24/.local/lib/python3.10/site-packages/airflow/example_dags/plugins/decreasing_priority_weight_strategy.py
[2025-04-13T17:41:14.717+0300] {processor.py:927} WARNING - No viable dags retrieved from /home/tasneemahmed24/.local/lib/python3.10/site-packages/airflow/example_dags/plugins/decreasing_priority_weight_strategy.py
[2025-04-13T17:41:14.727+0300] {processor.py:208} INFO - Processing /home/tasneemahmed24/.local/lib/python3.10/site-packages/airflow/example_dags/plugins/decreasing_priority_weight_strategy.py took 0.025 seconds
[2025-04-13T17:42:11.138+0300] {processor.py:186} INFO - Started process (PID=41614) to work on /home/tasneemahmed24/.local/lib/python3.10/site-packages/airflow/example_dags/plugins/decreasing_priority_weight_strategy.py
[2025-04-13T17:42:11.141+0300] {processor.py:914} INFO - Processing file /home/tasneemahmed24/.local/lib/python3.10/site-packages/airflow/example_dags/plugins/decreasing_priority_weight_strategy.py for tasks to queue
[2025-04-13T17:42:11.143+0300] {logging_mixin.py:190} INFO - [2025-04-13T17:42:11.142+0300] {dagbag.py:588} INFO - Filling up the DagBag from /home/tasneemahmed24/.local/lib/python3.10/site-packages/airflow/example_dags/plugins/decreasing_priority_weight_strategy.py
[2025-04-13T17:42:11.145+0300] {processor.py:927} WARNING - No viable dags retrieved from /home/tasneemahmed24/.local/lib/python3.10/site-packages/airflow/example_dags/plugins/decreasing_priority_weight_strategy.py
[2025-04-13T17:42:11.155+0300] {processor.py:208} INFO - Processing /home/tasneemahmed24/.local/lib/python3.10/site-packages/airflow/example_dags/plugins/decreasing_priority_weight_strategy.py took 0.022 seconds
[2025-04-13T17:43:10.171+0300] {processor.py:186} INFO - Started process (PID=41928) to work on /home/tasneemahmed24/.local/lib/python3.10/site-packages/airflow/example_dags/plugins/decreasing_priority_weight_strategy.py
[2025-04-13T17:43:10.172+0300] {processor.py:914} INFO - Processing file /home/tasneemahmed24/.local/lib/python3.10/site-packages/airflow/example_dags/plugins/decreasing_priority_weight_strategy.py for tasks to queue
[2025-04-13T17:43:10.174+0300] {logging_mixin.py:190} INFO - [2025-04-13T17:43:10.174+0300] {dagbag.py:588} INFO - Filling up the DagBag from /home/tasneemahmed24/.local/lib/python3.10/site-packages/airflow/example_dags/plugins/decreasing_priority_weight_strategy.py
[2025-04-13T17:43:10.177+0300] {processor.py:927} WARNING - No viable dags retrieved from /home/tasneemahmed24/.local/lib/python3.10/site-packages/airflow/example_dags/plugins/decreasing_priority_weight_strategy.py
[2025-04-13T17:43:10.186+0300] {processor.py:208} INFO - Processing /home/tasneemahmed24/.local/lib/python3.10/site-packages/airflow/example_dags/plugins/decreasing_priority_weight_strategy.py took 0.021 seconds
[2025-04-13T17:44:06.294+0300] {processor.py:186} INFO - Started process (PID=42192) to work on /home/tasneemahmed24/.local/lib/python3.10/site-packages/airflow/example_dags/plugins/decreasing_priority_weight_strategy.py
[2025-04-13T17:44:06.310+0300] {processor.py:914} INFO - Processing file /home/tasneemahmed24/.local/lib/python3.10/site-packages/airflow/example_dags/plugins/decreasing_priority_weight_strategy.py for tasks to queue
[2025-04-13T17:44:06.312+0300] {logging_mixin.py:190} INFO - [2025-04-13T17:44:06.311+0300] {dagbag.py:588} INFO - Filling up the DagBag from /home/tasneemahmed24/.local/lib/python3.10/site-packages/airflow/example_dags/plugins/decreasing_priority_weight_strategy.py
[2025-04-13T17:44:06.314+0300] {processor.py:927} WARNING - No viable dags retrieved from /home/tasneemahmed24/.local/lib/python3.10/site-packages/airflow/example_dags/plugins/decreasing_priority_weight_strategy.py
[2025-04-13T17:44:06.324+0300] {processor.py:208} INFO - Processing /home/tasneemahmed24/.local/lib/python3.10/site-packages/airflow/example_dags/plugins/decreasing_priority_weight_strategy.py took 0.037 seconds
[2025-04-13T17:45:03.297+0300] {processor.py:186} INFO - Started process (PID=42471) to work on /home/tasneemahmed24/.local/lib/python3.10/site-packages/airflow/example_dags/plugins/decreasing_priority_weight_strategy.py
[2025-04-13T17:45:03.299+0300] {processor.py:914} INFO - Processing file /home/tasneemahmed24/.local/lib/python3.10/site-packages/airflow/example_dags/plugins/decreasing_priority_weight_strategy.py for tasks to queue
[2025-04-13T17:45:03.301+0300] {logging_mixin.py:190} INFO - [2025-04-13T17:45:03.300+0300] {dagbag.py:588} INFO - Filling up the DagBag from /home/tasneemahmed24/.local/lib/python3.10/site-packages/airflow/example_dags/plugins/decreasing_priority_weight_strategy.py
[2025-04-13T17:45:03.305+0300] {processor.py:927} WARNING - No viable dags retrieved from /home/tasneemahmed24/.local/lib/python3.10/site-packages/airflow/example_dags/plugins/decreasing_priority_weight_strategy.py
[2025-04-13T17:45:03.317+0300] {processor.py:208} INFO - Processing /home/tasneemahmed24/.local/lib/python3.10/site-packages/airflow/example_dags/plugins/decreasing_priority_weight_strategy.py took 0.025 seconds
[2025-04-13T17:46:01.019+0300] {processor.py:186} INFO - Started process (PID=42835) to work on /home/tasneemahmed24/.local/lib/python3.10/site-packages/airflow/example_dags/plugins/decreasing_priority_weight_strategy.py
[2025-04-13T17:46:01.021+0300] {processor.py:914} INFO - Processing file /home/tasneemahmed24/.local/lib/python3.10/site-packages/airflow/example_dags/plugins/decreasing_priority_weight_strategy.py for tasks to queue
[2025-04-13T17:46:01.023+0300] {logging_mixin.py:190} INFO - [2025-04-13T17:46:01.022+0300] {dagbag.py:588} INFO - Filling up the DagBag from /home/tasneemahmed24/.local/lib/python3.10/site-packages/airflow/example_dags/plugins/decreasing_priority_weight_strategy.py
[2025-04-13T17:46:01.025+0300] {processor.py:927} WARNING - No viable dags retrieved from /home/tasneemahmed24/.local/lib/python3.10/site-packages/airflow/example_dags/plugins/decreasing_priority_weight_strategy.py
[2025-04-13T17:46:01.037+0300] {processor.py:208} INFO - Processing /home/tasneemahmed24/.local/lib/python3.10/site-packages/airflow/example_dags/plugins/decreasing_priority_weight_strategy.py took 0.023 seconds
[2025-04-13T17:46:53.017+0300] {processor.py:186} INFO - Started process (PID=43121) to work on /home/tasneemahmed24/.local/lib/python3.10/site-packages/airflow/example_dags/plugins/decreasing_priority_weight_strategy.py
[2025-04-13T17:46:53.018+0300] {processor.py:914} INFO - Processing file /home/tasneemahmed24/.local/lib/python3.10/site-packages/airflow/example_dags/plugins/decreasing_priority_weight_strategy.py for tasks to queue
[2025-04-13T17:46:53.020+0300] {logging_mixin.py:190} INFO - [2025-04-13T17:46:53.019+0300] {dagbag.py:588} INFO - Filling up the DagBag from /home/tasneemahmed24/.local/lib/python3.10/site-packages/airflow/example_dags/plugins/decreasing_priority_weight_strategy.py
[2025-04-13T17:46:53.022+0300] {processor.py:927} WARNING - No viable dags retrieved from /home/tasneemahmed24/.local/lib/python3.10/site-packages/airflow/example_dags/plugins/decreasing_priority_weight_strategy.py
[2025-04-13T17:46:53.034+0300] {processor.py:208} INFO - Processing /home/tasneemahmed24/.local/lib/python3.10/site-packages/airflow/example_dags/plugins/decreasing_priority_weight_strategy.py took 0.025 seconds
[2025-04-13T17:47:48.523+0300] {processor.py:186} INFO - Started process (PID=43380) to work on /home/tasneemahmed24/.local/lib/python3.10/site-packages/airflow/example_dags/plugins/decreasing_priority_weight_strategy.py
[2025-04-13T17:47:48.525+0300] {processor.py:914} INFO - Processing file /home/tasneemahmed24/.local/lib/python3.10/site-packages/airflow/example_dags/plugins/decreasing_priority_weight_strategy.py for tasks to queue
[2025-04-13T17:47:48.527+0300] {logging_mixin.py:190} INFO - [2025-04-13T17:47:48.527+0300] {dagbag.py:588} INFO - Filling up the DagBag from /home/tasneemahmed24/.local/lib/python3.10/site-packages/airflow/example_dags/plugins/decreasing_priority_weight_strategy.py
[2025-04-13T17:47:48.530+0300] {processor.py:927} WARNING - No viable dags retrieved from /home/tasneemahmed24/.local/lib/python3.10/site-packages/airflow/example_dags/plugins/decreasing_priority_weight_strategy.py
[2025-04-13T17:47:48.543+0300] {processor.py:208} INFO - Processing /home/tasneemahmed24/.local/lib/python3.10/site-packages/airflow/example_dags/plugins/decreasing_priority_weight_strategy.py took 0.024 seconds
[2025-04-13T17:48:56.386+0300] {processor.py:186} INFO - Started process (PID=43662) to work on /home/tasneemahmed24/.local/lib/python3.10/site-packages/airflow/example_dags/plugins/decreasing_priority_weight_strategy.py
[2025-04-13T17:48:56.389+0300] {processor.py:914} INFO - Processing file /home/tasneemahmed24/.local/lib/python3.10/site-packages/airflow/example_dags/plugins/decreasing_priority_weight_strategy.py for tasks to queue
[2025-04-13T17:48:56.391+0300] {logging_mixin.py:190} INFO - [2025-04-13T17:48:56.391+0300] {dagbag.py:588} INFO - Filling up the DagBag from /home/tasneemahmed24/.local/lib/python3.10/site-packages/airflow/example_dags/plugins/decreasing_priority_weight_strategy.py
[2025-04-13T17:48:56.396+0300] {processor.py:927} WARNING - No viable dags retrieved from /home/tasneemahmed24/.local/lib/python3.10/site-packages/airflow/example_dags/plugins/decreasing_priority_weight_strategy.py
[2025-04-13T17:48:56.407+0300] {processor.py:208} INFO - Processing /home/tasneemahmed24/.local/lib/python3.10/site-packages/airflow/example_dags/plugins/decreasing_priority_weight_strategy.py took 0.028 seconds
[2025-04-13T17:50:07.312+0300] {processor.py:186} INFO - Started process (PID=43996) to work on /home/tasneemahmed24/.local/lib/python3.10/site-packages/airflow/example_dags/plugins/decreasing_priority_weight_strategy.py
[2025-04-13T17:50:07.315+0300] {processor.py:914} INFO - Processing file /home/tasneemahmed24/.local/lib/python3.10/site-packages/airflow/example_dags/plugins/decreasing_priority_weight_strategy.py for tasks to queue
[2025-04-13T17:50:07.318+0300] {logging_mixin.py:190} INFO - [2025-04-13T17:50:07.317+0300] {dagbag.py:588} INFO - Filling up the DagBag from /home/tasneemahmed24/.local/lib/python3.10/site-packages/airflow/example_dags/plugins/decreasing_priority_weight_strategy.py
[2025-04-13T17:50:07.321+0300] {processor.py:927} WARNING - No viable dags retrieved from /home/tasneemahmed24/.local/lib/python3.10/site-packages/airflow/example_dags/plugins/decreasing_priority_weight_strategy.py
[2025-04-13T17:50:07.334+0300] {processor.py:208} INFO - Processing /home/tasneemahmed24/.local/lib/python3.10/site-packages/airflow/example_dags/plugins/decreasing_priority_weight_strategy.py took 0.034 seconds
[2025-04-13T17:51:09.640+0300] {processor.py:186} INFO - Started process (PID=44289) to work on /home/tasneemahmed24/.local/lib/python3.10/site-packages/airflow/example_dags/plugins/decreasing_priority_weight_strategy.py
[2025-04-13T17:51:09.650+0300] {processor.py:914} INFO - Processing file /home/tasneemahmed24/.local/lib/python3.10/site-packages/airflow/example_dags/plugins/decreasing_priority_weight_strategy.py for tasks to queue
[2025-04-13T17:51:09.652+0300] {logging_mixin.py:190} INFO - [2025-04-13T17:51:09.652+0300] {dagbag.py:588} INFO - Filling up the DagBag from /home/tasneemahmed24/.local/lib/python3.10/site-packages/airflow/example_dags/plugins/decreasing_priority_weight_strategy.py
[2025-04-13T17:51:09.655+0300] {processor.py:927} WARNING - No viable dags retrieved from /home/tasneemahmed24/.local/lib/python3.10/site-packages/airflow/example_dags/plugins/decreasing_priority_weight_strategy.py
[2025-04-13T17:51:09.670+0300] {processor.py:208} INFO - Processing /home/tasneemahmed24/.local/lib/python3.10/site-packages/airflow/example_dags/plugins/decreasing_priority_weight_strategy.py took 0.038 seconds
[2025-04-13T17:52:13.697+0300] {processor.py:186} INFO - Started process (PID=44591) to work on /home/tasneemahmed24/.local/lib/python3.10/site-packages/airflow/example_dags/plugins/decreasing_priority_weight_strategy.py
[2025-04-13T17:52:13.699+0300] {processor.py:914} INFO - Processing file /home/tasneemahmed24/.local/lib/python3.10/site-packages/airflow/example_dags/plugins/decreasing_priority_weight_strategy.py for tasks to queue
[2025-04-13T17:52:13.702+0300] {logging_mixin.py:190} INFO - [2025-04-13T17:52:13.701+0300] {dagbag.py:588} INFO - Filling up the DagBag from /home/tasneemahmed24/.local/lib/python3.10/site-packages/airflow/example_dags/plugins/decreasing_priority_weight_strategy.py
[2025-04-13T17:52:13.704+0300] {processor.py:927} WARNING - No viable dags retrieved from /home/tasneemahmed24/.local/lib/python3.10/site-packages/airflow/example_dags/plugins/decreasing_priority_weight_strategy.py
[2025-04-13T17:52:13.714+0300] {processor.py:208} INFO - Processing /home/tasneemahmed24/.local/lib/python3.10/site-packages/airflow/example_dags/plugins/decreasing_priority_weight_strategy.py took 0.023 seconds
[2025-04-13T17:53:15.996+0300] {processor.py:186} INFO - Started process (PID=44887) to work on /home/tasneemahmed24/.local/lib/python3.10/site-packages/airflow/example_dags/plugins/decreasing_priority_weight_strategy.py
[2025-04-13T17:53:16.000+0300] {processor.py:914} INFO - Processing file /home/tasneemahmed24/.local/lib/python3.10/site-packages/airflow/example_dags/plugins/decreasing_priority_weight_strategy.py for tasks to queue
[2025-04-13T17:53:16.003+0300] {logging_mixin.py:190} INFO - [2025-04-13T17:53:16.003+0300] {dagbag.py:588} INFO - Filling up the DagBag from /home/tasneemahmed24/.local/lib/python3.10/site-packages/airflow/example_dags/plugins/decreasing_priority_weight_strategy.py
[2025-04-13T17:53:16.007+0300] {processor.py:927} WARNING - No viable dags retrieved from /home/tasneemahmed24/.local/lib/python3.10/site-packages/airflow/example_dags/plugins/decreasing_priority_weight_strategy.py
[2025-04-13T17:53:16.022+0300] {processor.py:208} INFO - Processing /home/tasneemahmed24/.local/lib/python3.10/site-packages/airflow/example_dags/plugins/decreasing_priority_weight_strategy.py took 0.035 seconds
[2025-04-13T17:54:15.063+0300] {processor.py:186} INFO - Started process (PID=45166) to work on /home/tasneemahmed24/.local/lib/python3.10/site-packages/airflow/example_dags/plugins/decreasing_priority_weight_strategy.py
[2025-04-13T17:54:15.072+0300] {processor.py:914} INFO - Processing file /home/tasneemahmed24/.local/lib/python3.10/site-packages/airflow/example_dags/plugins/decreasing_priority_weight_strategy.py for tasks to queue
[2025-04-13T17:54:15.075+0300] {logging_mixin.py:190} INFO - [2025-04-13T17:54:15.075+0300] {dagbag.py:588} INFO - Filling up the DagBag from /home/tasneemahmed24/.local/lib/python3.10/site-packages/airflow/example_dags/plugins/decreasing_priority_weight_strategy.py
[2025-04-13T17:54:15.078+0300] {processor.py:927} WARNING - No viable dags retrieved from /home/tasneemahmed24/.local/lib/python3.10/site-packages/airflow/example_dags/plugins/decreasing_priority_weight_strategy.py
[2025-04-13T17:54:15.091+0300] {processor.py:208} INFO - Processing /home/tasneemahmed24/.local/lib/python3.10/site-packages/airflow/example_dags/plugins/decreasing_priority_weight_strategy.py took 0.036 seconds
[2025-04-13T17:55:11.600+0300] {processor.py:186} INFO - Started process (PID=45432) to work on /home/tasneemahmed24/.local/lib/python3.10/site-packages/airflow/example_dags/plugins/decreasing_priority_weight_strategy.py
[2025-04-13T17:55:11.604+0300] {processor.py:914} INFO - Processing file /home/tasneemahmed24/.local/lib/python3.10/site-packages/airflow/example_dags/plugins/decreasing_priority_weight_strategy.py for tasks to queue
[2025-04-13T17:55:11.608+0300] {logging_mixin.py:190} INFO - [2025-04-13T17:55:11.607+0300] {dagbag.py:588} INFO - Filling up the DagBag from /home/tasneemahmed24/.local/lib/python3.10/site-packages/airflow/example_dags/plugins/decreasing_priority_weight_strategy.py
[2025-04-13T17:55:11.613+0300] {processor.py:927} WARNING - No viable dags retrieved from /home/tasneemahmed24/.local/lib/python3.10/site-packages/airflow/example_dags/plugins/decreasing_priority_weight_strategy.py
[2025-04-13T17:55:11.632+0300] {processor.py:208} INFO - Processing /home/tasneemahmed24/.local/lib/python3.10/site-packages/airflow/example_dags/plugins/decreasing_priority_weight_strategy.py took 0.043 seconds
[2025-04-13T17:56:15.213+0300] {processor.py:186} INFO - Started process (PID=45731) to work on /home/tasneemahmed24/.local/lib/python3.10/site-packages/airflow/example_dags/plugins/decreasing_priority_weight_strategy.py
[2025-04-13T17:56:15.221+0300] {processor.py:914} INFO - Processing file /home/tasneemahmed24/.local/lib/python3.10/site-packages/airflow/example_dags/plugins/decreasing_priority_weight_strategy.py for tasks to queue
[2025-04-13T17:56:15.224+0300] {logging_mixin.py:190} INFO - [2025-04-13T17:56:15.223+0300] {dagbag.py:588} INFO - Filling up the DagBag from /home/tasneemahmed24/.local/lib/python3.10/site-packages/airflow/example_dags/plugins/decreasing_priority_weight_strategy.py
[2025-04-13T17:56:15.227+0300] {processor.py:927} WARNING - No viable dags retrieved from /home/tasneemahmed24/.local/lib/python3.10/site-packages/airflow/example_dags/plugins/decreasing_priority_weight_strategy.py
[2025-04-13T17:56:15.240+0300] {processor.py:208} INFO - Processing /home/tasneemahmed24/.local/lib/python3.10/site-packages/airflow/example_dags/plugins/decreasing_priority_weight_strategy.py took 0.034 seconds
[2025-04-13T17:57:12.346+0300] {processor.py:186} INFO - Started process (PID=46000) to work on /home/tasneemahmed24/.local/lib/python3.10/site-packages/airflow/example_dags/plugins/decreasing_priority_weight_strategy.py
[2025-04-13T17:57:12.355+0300] {processor.py:914} INFO - Processing file /home/tasneemahmed24/.local/lib/python3.10/site-packages/airflow/example_dags/plugins/decreasing_priority_weight_strategy.py for tasks to queue
[2025-04-13T17:57:12.359+0300] {logging_mixin.py:190} INFO - [2025-04-13T17:57:12.358+0300] {dagbag.py:588} INFO - Filling up the DagBag from /home/tasneemahmed24/.local/lib/python3.10/site-packages/airflow/example_dags/plugins/decreasing_priority_weight_strategy.py
[2025-04-13T17:57:12.362+0300] {processor.py:927} WARNING - No viable dags retrieved from /home/tasneemahmed24/.local/lib/python3.10/site-packages/airflow/example_dags/plugins/decreasing_priority_weight_strategy.py
[2025-04-13T17:57:12.374+0300] {processor.py:208} INFO - Processing /home/tasneemahmed24/.local/lib/python3.10/site-packages/airflow/example_dags/plugins/decreasing_priority_weight_strategy.py took 0.038 seconds
[2025-04-13T17:58:08.213+0300] {processor.py:186} INFO - Started process (PID=46262) to work on /home/tasneemahmed24/.local/lib/python3.10/site-packages/airflow/example_dags/plugins/decreasing_priority_weight_strategy.py
[2025-04-13T17:58:08.223+0300] {processor.py:914} INFO - Processing file /home/tasneemahmed24/.local/lib/python3.10/site-packages/airflow/example_dags/plugins/decreasing_priority_weight_strategy.py for tasks to queue
[2025-04-13T17:58:08.225+0300] {logging_mixin.py:190} INFO - [2025-04-13T17:58:08.225+0300] {dagbag.py:588} INFO - Filling up the DagBag from /home/tasneemahmed24/.local/lib/python3.10/site-packages/airflow/example_dags/plugins/decreasing_priority_weight_strategy.py
[2025-04-13T17:58:08.227+0300] {processor.py:927} WARNING - No viable dags retrieved from /home/tasneemahmed24/.local/lib/python3.10/site-packages/airflow/example_dags/plugins/decreasing_priority_weight_strategy.py
[2025-04-13T17:58:08.238+0300] {processor.py:208} INFO - Processing /home/tasneemahmed24/.local/lib/python3.10/site-packages/airflow/example_dags/plugins/decreasing_priority_weight_strategy.py took 0.032 seconds
[2025-04-13T17:59:05.345+0300] {processor.py:186} INFO - Started process (PID=46532) to work on /home/tasneemahmed24/.local/lib/python3.10/site-packages/airflow/example_dags/plugins/decreasing_priority_weight_strategy.py
[2025-04-13T17:59:05.353+0300] {processor.py:914} INFO - Processing file /home/tasneemahmed24/.local/lib/python3.10/site-packages/airflow/example_dags/plugins/decreasing_priority_weight_strategy.py for tasks to queue
[2025-04-13T17:59:05.355+0300] {logging_mixin.py:190} INFO - [2025-04-13T17:59:05.355+0300] {dagbag.py:588} INFO - Filling up the DagBag from /home/tasneemahmed24/.local/lib/python3.10/site-packages/airflow/example_dags/plugins/decreasing_priority_weight_strategy.py
[2025-04-13T17:59:05.358+0300] {processor.py:927} WARNING - No viable dags retrieved from /home/tasneemahmed24/.local/lib/python3.10/site-packages/airflow/example_dags/plugins/decreasing_priority_weight_strategy.py
[2025-04-13T17:59:05.367+0300] {processor.py:208} INFO - Processing /home/tasneemahmed24/.local/lib/python3.10/site-packages/airflow/example_dags/plugins/decreasing_priority_weight_strategy.py took 0.029 seconds
[2025-04-13T17:59:59.463+0300] {processor.py:186} INFO - Started process (PID=46791) to work on /home/tasneemahmed24/.local/lib/python3.10/site-packages/airflow/example_dags/plugins/decreasing_priority_weight_strategy.py
[2025-04-13T17:59:59.472+0300] {processor.py:914} INFO - Processing file /home/tasneemahmed24/.local/lib/python3.10/site-packages/airflow/example_dags/plugins/decreasing_priority_weight_strategy.py for tasks to queue
[2025-04-13T17:59:59.474+0300] {logging_mixin.py:190} INFO - [2025-04-13T17:59:59.474+0300] {dagbag.py:588} INFO - Filling up the DagBag from /home/tasneemahmed24/.local/lib/python3.10/site-packages/airflow/example_dags/plugins/decreasing_priority_weight_strategy.py
[2025-04-13T17:59:59.476+0300] {processor.py:927} WARNING - No viable dags retrieved from /home/tasneemahmed24/.local/lib/python3.10/site-packages/airflow/example_dags/plugins/decreasing_priority_weight_strategy.py
[2025-04-13T17:59:59.487+0300] {processor.py:208} INFO - Processing /home/tasneemahmed24/.local/lib/python3.10/site-packages/airflow/example_dags/plugins/decreasing_priority_weight_strategy.py took 0.030 seconds
[2025-04-13T18:00:52.773+0300] {processor.py:186} INFO - Started process (PID=47047) to work on /home/tasneemahmed24/.local/lib/python3.10/site-packages/airflow/example_dags/plugins/decreasing_priority_weight_strategy.py
[2025-04-13T18:00:52.781+0300] {processor.py:914} INFO - Processing file /home/tasneemahmed24/.local/lib/python3.10/site-packages/airflow/example_dags/plugins/decreasing_priority_weight_strategy.py for tasks to queue
[2025-04-13T18:00:52.783+0300] {logging_mixin.py:190} INFO - [2025-04-13T18:00:52.783+0300] {dagbag.py:588} INFO - Filling up the DagBag from /home/tasneemahmed24/.local/lib/python3.10/site-packages/airflow/example_dags/plugins/decreasing_priority_weight_strategy.py
[2025-04-13T18:00:52.786+0300] {processor.py:927} WARNING - No viable dags retrieved from /home/tasneemahmed24/.local/lib/python3.10/site-packages/airflow/example_dags/plugins/decreasing_priority_weight_strategy.py
[2025-04-13T18:00:52.797+0300] {processor.py:208} INFO - Processing /home/tasneemahmed24/.local/lib/python3.10/site-packages/airflow/example_dags/plugins/decreasing_priority_weight_strategy.py took 0.031 seconds
[2025-04-13T18:01:49.551+0300] {processor.py:186} INFO - Started process (PID=47315) to work on /home/tasneemahmed24/.local/lib/python3.10/site-packages/airflow/example_dags/plugins/decreasing_priority_weight_strategy.py
[2025-04-13T18:01:49.553+0300] {processor.py:914} INFO - Processing file /home/tasneemahmed24/.local/lib/python3.10/site-packages/airflow/example_dags/plugins/decreasing_priority_weight_strategy.py for tasks to queue
[2025-04-13T18:01:49.555+0300] {logging_mixin.py:190} INFO - [2025-04-13T18:01:49.555+0300] {dagbag.py:588} INFO - Filling up the DagBag from /home/tasneemahmed24/.local/lib/python3.10/site-packages/airflow/example_dags/plugins/decreasing_priority_weight_strategy.py
[2025-04-13T18:01:49.557+0300] {processor.py:927} WARNING - No viable dags retrieved from /home/tasneemahmed24/.local/lib/python3.10/site-packages/airflow/example_dags/plugins/decreasing_priority_weight_strategy.py
[2025-04-13T18:01:49.567+0300] {processor.py:208} INFO - Processing /home/tasneemahmed24/.local/lib/python3.10/site-packages/airflow/example_dags/plugins/decreasing_priority_weight_strategy.py took 0.022 seconds
[2025-04-13T18:02:50.182+0300] {processor.py:186} INFO - Started process (PID=47600) to work on /home/tasneemahmed24/.local/lib/python3.10/site-packages/airflow/example_dags/plugins/decreasing_priority_weight_strategy.py
[2025-04-13T18:02:50.191+0300] {processor.py:914} INFO - Processing file /home/tasneemahmed24/.local/lib/python3.10/site-packages/airflow/example_dags/plugins/decreasing_priority_weight_strategy.py for tasks to queue
[2025-04-13T18:02:50.194+0300] {logging_mixin.py:190} INFO - [2025-04-13T18:02:50.193+0300] {dagbag.py:588} INFO - Filling up the DagBag from /home/tasneemahmed24/.local/lib/python3.10/site-packages/airflow/example_dags/plugins/decreasing_priority_weight_strategy.py
[2025-04-13T18:02:50.196+0300] {processor.py:927} WARNING - No viable dags retrieved from /home/tasneemahmed24/.local/lib/python3.10/site-packages/airflow/example_dags/plugins/decreasing_priority_weight_strategy.py
[2025-04-13T18:02:50.208+0300] {processor.py:208} INFO - Processing /home/tasneemahmed24/.local/lib/python3.10/site-packages/airflow/example_dags/plugins/decreasing_priority_weight_strategy.py took 0.034 seconds
[2025-04-13T18:03:44.707+0300] {processor.py:186} INFO - Started process (PID=47861) to work on /home/tasneemahmed24/.local/lib/python3.10/site-packages/airflow/example_dags/plugins/decreasing_priority_weight_strategy.py
[2025-04-13T18:03:44.718+0300] {processor.py:914} INFO - Processing file /home/tasneemahmed24/.local/lib/python3.10/site-packages/airflow/example_dags/plugins/decreasing_priority_weight_strategy.py for tasks to queue
[2025-04-13T18:03:44.721+0300] {logging_mixin.py:190} INFO - [2025-04-13T18:03:44.720+0300] {dagbag.py:588} INFO - Filling up the DagBag from /home/tasneemahmed24/.local/lib/python3.10/site-packages/airflow/example_dags/plugins/decreasing_priority_weight_strategy.py
[2025-04-13T18:03:44.725+0300] {processor.py:927} WARNING - No viable dags retrieved from /home/tasneemahmed24/.local/lib/python3.10/site-packages/airflow/example_dags/plugins/decreasing_priority_weight_strategy.py
[2025-04-13T18:03:44.736+0300] {processor.py:208} INFO - Processing /home/tasneemahmed24/.local/lib/python3.10/site-packages/airflow/example_dags/plugins/decreasing_priority_weight_strategy.py took 0.037 seconds
[2025-04-13T18:04:50.760+0300] {processor.py:186} INFO - Started process (PID=48173) to work on /home/tasneemahmed24/.local/lib/python3.10/site-packages/airflow/example_dags/plugins/decreasing_priority_weight_strategy.py
[2025-04-13T18:04:50.769+0300] {processor.py:914} INFO - Processing file /home/tasneemahmed24/.local/lib/python3.10/site-packages/airflow/example_dags/plugins/decreasing_priority_weight_strategy.py for tasks to queue
[2025-04-13T18:04:50.771+0300] {logging_mixin.py:190} INFO - [2025-04-13T18:04:50.771+0300] {dagbag.py:588} INFO - Filling up the DagBag from /home/tasneemahmed24/.local/lib/python3.10/site-packages/airflow/example_dags/plugins/decreasing_priority_weight_strategy.py
[2025-04-13T18:04:50.773+0300] {processor.py:927} WARNING - No viable dags retrieved from /home/tasneemahmed24/.local/lib/python3.10/site-packages/airflow/example_dags/plugins/decreasing_priority_weight_strategy.py
[2025-04-13T18:04:50.785+0300] {processor.py:208} INFO - Processing /home/tasneemahmed24/.local/lib/python3.10/site-packages/airflow/example_dags/plugins/decreasing_priority_weight_strategy.py took 0.034 seconds
[2025-04-13T18:05:49.314+0300] {processor.py:186} INFO - Started process (PID=48451) to work on /home/tasneemahmed24/.local/lib/python3.10/site-packages/airflow/example_dags/plugins/decreasing_priority_weight_strategy.py
[2025-04-13T18:05:49.323+0300] {processor.py:914} INFO - Processing file /home/tasneemahmed24/.local/lib/python3.10/site-packages/airflow/example_dags/plugins/decreasing_priority_weight_strategy.py for tasks to queue
[2025-04-13T18:05:49.325+0300] {logging_mixin.py:190} INFO - [2025-04-13T18:05:49.325+0300] {dagbag.py:588} INFO - Filling up the DagBag from /home/tasneemahmed24/.local/lib/python3.10/site-packages/airflow/example_dags/plugins/decreasing_priority_weight_strategy.py
[2025-04-13T18:05:49.328+0300] {processor.py:927} WARNING - No viable dags retrieved from /home/tasneemahmed24/.local/lib/python3.10/site-packages/airflow/example_dags/plugins/decreasing_priority_weight_strategy.py
[2025-04-13T18:05:49.343+0300] {processor.py:208} INFO - Processing /home/tasneemahmed24/.local/lib/python3.10/site-packages/airflow/example_dags/plugins/decreasing_priority_weight_strategy.py took 0.038 seconds
[2025-04-13T18:06:41.951+0300] {processor.py:186} INFO - Started process (PID=48703) to work on /home/tasneemahmed24/.local/lib/python3.10/site-packages/airflow/example_dags/plugins/decreasing_priority_weight_strategy.py
[2025-04-13T18:06:41.954+0300] {processor.py:914} INFO - Processing file /home/tasneemahmed24/.local/lib/python3.10/site-packages/airflow/example_dags/plugins/decreasing_priority_weight_strategy.py for tasks to queue
[2025-04-13T18:06:41.956+0300] {logging_mixin.py:190} INFO - [2025-04-13T18:06:41.955+0300] {dagbag.py:588} INFO - Filling up the DagBag from /home/tasneemahmed24/.local/lib/python3.10/site-packages/airflow/example_dags/plugins/decreasing_priority_weight_strategy.py
[2025-04-13T18:06:41.958+0300] {processor.py:927} WARNING - No viable dags retrieved from /home/tasneemahmed24/.local/lib/python3.10/site-packages/airflow/example_dags/plugins/decreasing_priority_weight_strategy.py
[2025-04-13T18:06:41.970+0300] {processor.py:208} INFO - Processing /home/tasneemahmed24/.local/lib/python3.10/site-packages/airflow/example_dags/plugins/decreasing_priority_weight_strategy.py took 0.025 seconds
[2025-04-13T18:07:38.461+0300] {processor.py:186} INFO - Started process (PID=48973) to work on /home/tasneemahmed24/.local/lib/python3.10/site-packages/airflow/example_dags/plugins/decreasing_priority_weight_strategy.py
[2025-04-13T18:07:38.463+0300] {processor.py:914} INFO - Processing file /home/tasneemahmed24/.local/lib/python3.10/site-packages/airflow/example_dags/plugins/decreasing_priority_weight_strategy.py for tasks to queue
[2025-04-13T18:07:38.465+0300] {logging_mixin.py:190} INFO - [2025-04-13T18:07:38.465+0300] {dagbag.py:588} INFO - Filling up the DagBag from /home/tasneemahmed24/.local/lib/python3.10/site-packages/airflow/example_dags/plugins/decreasing_priority_weight_strategy.py
[2025-04-13T18:07:38.468+0300] {processor.py:927} WARNING - No viable dags retrieved from /home/tasneemahmed24/.local/lib/python3.10/site-packages/airflow/example_dags/plugins/decreasing_priority_weight_strategy.py
[2025-04-13T18:07:38.482+0300] {processor.py:208} INFO - Processing /home/tasneemahmed24/.local/lib/python3.10/site-packages/airflow/example_dags/plugins/decreasing_priority_weight_strategy.py took 0.028 seconds
[2025-04-13T18:08:32.344+0300] {processor.py:186} INFO - Started process (PID=49230) to work on /home/tasneemahmed24/.local/lib/python3.10/site-packages/airflow/example_dags/plugins/decreasing_priority_weight_strategy.py
[2025-04-13T18:08:32.347+0300] {processor.py:914} INFO - Processing file /home/tasneemahmed24/.local/lib/python3.10/site-packages/airflow/example_dags/plugins/decreasing_priority_weight_strategy.py for tasks to queue
[2025-04-13T18:08:32.350+0300] {logging_mixin.py:190} INFO - [2025-04-13T18:08:32.350+0300] {dagbag.py:588} INFO - Filling up the DagBag from /home/tasneemahmed24/.local/lib/python3.10/site-packages/airflow/example_dags/plugins/decreasing_priority_weight_strategy.py
[2025-04-13T18:08:32.355+0300] {processor.py:927} WARNING - No viable dags retrieved from /home/tasneemahmed24/.local/lib/python3.10/site-packages/airflow/example_dags/plugins/decreasing_priority_weight_strategy.py
[2025-04-13T18:08:32.373+0300] {processor.py:208} INFO - Processing /home/tasneemahmed24/.local/lib/python3.10/site-packages/airflow/example_dags/plugins/decreasing_priority_weight_strategy.py took 0.037 seconds
[2025-04-13T18:09:29.351+0300] {processor.py:186} INFO - Started process (PID=49520) to work on /home/tasneemahmed24/.local/lib/python3.10/site-packages/airflow/example_dags/plugins/decreasing_priority_weight_strategy.py
[2025-04-13T18:09:29.354+0300] {processor.py:914} INFO - Processing file /home/tasneemahmed24/.local/lib/python3.10/site-packages/airflow/example_dags/plugins/decreasing_priority_weight_strategy.py for tasks to queue
[2025-04-13T18:09:29.358+0300] {logging_mixin.py:190} INFO - [2025-04-13T18:09:29.357+0300] {dagbag.py:588} INFO - Filling up the DagBag from /home/tasneemahmed24/.local/lib/python3.10/site-packages/airflow/example_dags/plugins/decreasing_priority_weight_strategy.py
[2025-04-13T18:09:29.361+0300] {processor.py:927} WARNING - No viable dags retrieved from /home/tasneemahmed24/.local/lib/python3.10/site-packages/airflow/example_dags/plugins/decreasing_priority_weight_strategy.py
[2025-04-13T18:09:29.372+0300] {processor.py:208} INFO - Processing /home/tasneemahmed24/.local/lib/python3.10/site-packages/airflow/example_dags/plugins/decreasing_priority_weight_strategy.py took 0.028 seconds
[2025-04-13T18:10:30.174+0300] {processor.py:186} INFO - Started process (PID=49810) to work on /home/tasneemahmed24/.local/lib/python3.10/site-packages/airflow/example_dags/plugins/decreasing_priority_weight_strategy.py
[2025-04-13T18:10:30.177+0300] {processor.py:914} INFO - Processing file /home/tasneemahmed24/.local/lib/python3.10/site-packages/airflow/example_dags/plugins/decreasing_priority_weight_strategy.py for tasks to queue
[2025-04-13T18:10:30.180+0300] {logging_mixin.py:190} INFO - [2025-04-13T18:10:30.180+0300] {dagbag.py:588} INFO - Filling up the DagBag from /home/tasneemahmed24/.local/lib/python3.10/site-packages/airflow/example_dags/plugins/decreasing_priority_weight_strategy.py
[2025-04-13T18:10:30.183+0300] {processor.py:927} WARNING - No viable dags retrieved from /home/tasneemahmed24/.local/lib/python3.10/site-packages/airflow/example_dags/plugins/decreasing_priority_weight_strategy.py
[2025-04-13T18:10:30.209+0300] {processor.py:208} INFO - Processing /home/tasneemahmed24/.local/lib/python3.10/site-packages/airflow/example_dags/plugins/decreasing_priority_weight_strategy.py took 0.041 seconds
[2025-04-13T18:11:26.040+0300] {processor.py:186} INFO - Started process (PID=50075) to work on /home/tasneemahmed24/.local/lib/python3.10/site-packages/airflow/example_dags/plugins/decreasing_priority_weight_strategy.py
[2025-04-13T18:11:26.049+0300] {processor.py:914} INFO - Processing file /home/tasneemahmed24/.local/lib/python3.10/site-packages/airflow/example_dags/plugins/decreasing_priority_weight_strategy.py for tasks to queue
[2025-04-13T18:11:26.051+0300] {logging_mixin.py:190} INFO - [2025-04-13T18:11:26.051+0300] {dagbag.py:588} INFO - Filling up the DagBag from /home/tasneemahmed24/.local/lib/python3.10/site-packages/airflow/example_dags/plugins/decreasing_priority_weight_strategy.py
[2025-04-13T18:11:26.054+0300] {processor.py:927} WARNING - No viable dags retrieved from /home/tasneemahmed24/.local/lib/python3.10/site-packages/airflow/example_dags/plugins/decreasing_priority_weight_strategy.py
[2025-04-13T18:11:26.066+0300] {processor.py:208} INFO - Processing /home/tasneemahmed24/.local/lib/python3.10/site-packages/airflow/example_dags/plugins/decreasing_priority_weight_strategy.py took 0.033 seconds
[2025-04-13T18:12:23.855+0300] {processor.py:186} INFO - Started process (PID=50408) to work on /home/tasneemahmed24/.local/lib/python3.10/site-packages/airflow/example_dags/plugins/decreasing_priority_weight_strategy.py
[2025-04-13T18:12:23.858+0300] {processor.py:914} INFO - Processing file /home/tasneemahmed24/.local/lib/python3.10/site-packages/airflow/example_dags/plugins/decreasing_priority_weight_strategy.py for tasks to queue
[2025-04-13T18:12:23.861+0300] {logging_mixin.py:190} INFO - [2025-04-13T18:12:23.860+0300] {dagbag.py:588} INFO - Filling up the DagBag from /home/tasneemahmed24/.local/lib/python3.10/site-packages/airflow/example_dags/plugins/decreasing_priority_weight_strategy.py
[2025-04-13T18:12:23.863+0300] {processor.py:927} WARNING - No viable dags retrieved from /home/tasneemahmed24/.local/lib/python3.10/site-packages/airflow/example_dags/plugins/decreasing_priority_weight_strategy.py
[2025-04-13T18:12:23.876+0300] {processor.py:208} INFO - Processing /home/tasneemahmed24/.local/lib/python3.10/site-packages/airflow/example_dags/plugins/decreasing_priority_weight_strategy.py took 0.029 seconds
[2025-04-13T18:13:18.639+0300] {processor.py:186} INFO - Started process (PID=50669) to work on /home/tasneemahmed24/.local/lib/python3.10/site-packages/airflow/example_dags/plugins/decreasing_priority_weight_strategy.py
[2025-04-13T18:13:18.641+0300] {processor.py:914} INFO - Processing file /home/tasneemahmed24/.local/lib/python3.10/site-packages/airflow/example_dags/plugins/decreasing_priority_weight_strategy.py for tasks to queue
[2025-04-13T18:13:18.644+0300] {logging_mixin.py:190} INFO - [2025-04-13T18:13:18.643+0300] {dagbag.py:588} INFO - Filling up the DagBag from /home/tasneemahmed24/.local/lib/python3.10/site-packages/airflow/example_dags/plugins/decreasing_priority_weight_strategy.py
[2025-04-13T18:13:18.646+0300] {processor.py:927} WARNING - No viable dags retrieved from /home/tasneemahmed24/.local/lib/python3.10/site-packages/airflow/example_dags/plugins/decreasing_priority_weight_strategy.py
[2025-04-13T18:13:18.669+0300] {processor.py:208} INFO - Processing /home/tasneemahmed24/.local/lib/python3.10/site-packages/airflow/example_dags/plugins/decreasing_priority_weight_strategy.py took 0.037 seconds
[2025-04-13T18:14:17.539+0300] {processor.py:186} INFO - Started process (PID=50957) to work on /home/tasneemahmed24/.local/lib/python3.10/site-packages/airflow/example_dags/plugins/decreasing_priority_weight_strategy.py
[2025-04-13T18:14:17.541+0300] {processor.py:914} INFO - Processing file /home/tasneemahmed24/.local/lib/python3.10/site-packages/airflow/example_dags/plugins/decreasing_priority_weight_strategy.py for tasks to queue
[2025-04-13T18:14:17.544+0300] {logging_mixin.py:190} INFO - [2025-04-13T18:14:17.543+0300] {dagbag.py:588} INFO - Filling up the DagBag from /home/tasneemahmed24/.local/lib/python3.10/site-packages/airflow/example_dags/plugins/decreasing_priority_weight_strategy.py
[2025-04-13T18:14:17.548+0300] {processor.py:927} WARNING - No viable dags retrieved from /home/tasneemahmed24/.local/lib/python3.10/site-packages/airflow/example_dags/plugins/decreasing_priority_weight_strategy.py
[2025-04-13T18:14:17.564+0300] {processor.py:208} INFO - Processing /home/tasneemahmed24/.local/lib/python3.10/site-packages/airflow/example_dags/plugins/decreasing_priority_weight_strategy.py took 0.033 seconds
[2025-04-13T18:15:17.127+0300] {processor.py:186} INFO - Started process (PID=51260) to work on /home/tasneemahmed24/.local/lib/python3.10/site-packages/airflow/example_dags/plugins/decreasing_priority_weight_strategy.py
[2025-04-13T18:15:17.136+0300] {processor.py:914} INFO - Processing file /home/tasneemahmed24/.local/lib/python3.10/site-packages/airflow/example_dags/plugins/decreasing_priority_weight_strategy.py for tasks to queue
[2025-04-13T18:15:17.139+0300] {logging_mixin.py:190} INFO - [2025-04-13T18:15:17.138+0300] {dagbag.py:588} INFO - Filling up the DagBag from /home/tasneemahmed24/.local/lib/python3.10/site-packages/airflow/example_dags/plugins/decreasing_priority_weight_strategy.py
[2025-04-13T18:15:17.142+0300] {processor.py:927} WARNING - No viable dags retrieved from /home/tasneemahmed24/.local/lib/python3.10/site-packages/airflow/example_dags/plugins/decreasing_priority_weight_strategy.py
[2025-04-13T18:15:17.154+0300] {processor.py:208} INFO - Processing /home/tasneemahmed24/.local/lib/python3.10/site-packages/airflow/example_dags/plugins/decreasing_priority_weight_strategy.py took 0.034 seconds
[2025-04-13T18:16:19.544+0300] {processor.py:186} INFO - Started process (PID=51555) to work on /home/tasneemahmed24/.local/lib/python3.10/site-packages/airflow/example_dags/plugins/decreasing_priority_weight_strategy.py
[2025-04-13T18:16:19.547+0300] {processor.py:914} INFO - Processing file /home/tasneemahmed24/.local/lib/python3.10/site-packages/airflow/example_dags/plugins/decreasing_priority_weight_strategy.py for tasks to queue
[2025-04-13T18:16:19.550+0300] {logging_mixin.py:190} INFO - [2025-04-13T18:16:19.549+0300] {dagbag.py:588} INFO - Filling up the DagBag from /home/tasneemahmed24/.local/lib/python3.10/site-packages/airflow/example_dags/plugins/decreasing_priority_weight_strategy.py
[2025-04-13T18:16:19.554+0300] {processor.py:927} WARNING - No viable dags retrieved from /home/tasneemahmed24/.local/lib/python3.10/site-packages/airflow/example_dags/plugins/decreasing_priority_weight_strategy.py
[2025-04-13T18:16:19.570+0300] {processor.py:208} INFO - Processing /home/tasneemahmed24/.local/lib/python3.10/site-packages/airflow/example_dags/plugins/decreasing_priority_weight_strategy.py took 0.034 seconds
[2025-04-13T18:17:19.212+0300] {processor.py:186} INFO - Started process (PID=51841) to work on /home/tasneemahmed24/.local/lib/python3.10/site-packages/airflow/example_dags/plugins/decreasing_priority_weight_strategy.py
[2025-04-13T18:17:19.214+0300] {processor.py:914} INFO - Processing file /home/tasneemahmed24/.local/lib/python3.10/site-packages/airflow/example_dags/plugins/decreasing_priority_weight_strategy.py for tasks to queue
[2025-04-13T18:17:19.217+0300] {logging_mixin.py:190} INFO - [2025-04-13T18:17:19.216+0300] {dagbag.py:588} INFO - Filling up the DagBag from /home/tasneemahmed24/.local/lib/python3.10/site-packages/airflow/example_dags/plugins/decreasing_priority_weight_strategy.py
[2025-04-13T18:17:19.220+0300] {processor.py:927} WARNING - No viable dags retrieved from /home/tasneemahmed24/.local/lib/python3.10/site-packages/airflow/example_dags/plugins/decreasing_priority_weight_strategy.py
[2025-04-13T18:17:19.233+0300] {processor.py:208} INFO - Processing /home/tasneemahmed24/.local/lib/python3.10/site-packages/airflow/example_dags/plugins/decreasing_priority_weight_strategy.py took 0.029 seconds
[2025-04-13T18:18:18.151+0300] {processor.py:186} INFO - Started process (PID=52119) to work on /home/tasneemahmed24/.local/lib/python3.10/site-packages/airflow/example_dags/plugins/decreasing_priority_weight_strategy.py
[2025-04-13T18:18:18.160+0300] {processor.py:914} INFO - Processing file /home/tasneemahmed24/.local/lib/python3.10/site-packages/airflow/example_dags/plugins/decreasing_priority_weight_strategy.py for tasks to queue
[2025-04-13T18:18:18.163+0300] {logging_mixin.py:190} INFO - [2025-04-13T18:18:18.162+0300] {dagbag.py:588} INFO - Filling up the DagBag from /home/tasneemahmed24/.local/lib/python3.10/site-packages/airflow/example_dags/plugins/decreasing_priority_weight_strategy.py
[2025-04-13T18:18:18.165+0300] {processor.py:927} WARNING - No viable dags retrieved from /home/tasneemahmed24/.local/lib/python3.10/site-packages/airflow/example_dags/plugins/decreasing_priority_weight_strategy.py
[2025-04-13T18:18:18.176+0300] {processor.py:208} INFO - Processing /home/tasneemahmed24/.local/lib/python3.10/site-packages/airflow/example_dags/plugins/decreasing_priority_weight_strategy.py took 0.031 seconds
[2025-04-13T18:19:16.878+0300] {processor.py:186} INFO - Started process (PID=52398) to work on /home/tasneemahmed24/.local/lib/python3.10/site-packages/airflow/example_dags/plugins/decreasing_priority_weight_strategy.py
[2025-04-13T18:19:16.880+0300] {processor.py:914} INFO - Processing file /home/tasneemahmed24/.local/lib/python3.10/site-packages/airflow/example_dags/plugins/decreasing_priority_weight_strategy.py for tasks to queue
[2025-04-13T18:19:16.884+0300] {logging_mixin.py:190} INFO - [2025-04-13T18:19:16.883+0300] {dagbag.py:588} INFO - Filling up the DagBag from /home/tasneemahmed24/.local/lib/python3.10/site-packages/airflow/example_dags/plugins/decreasing_priority_weight_strategy.py
[2025-04-13T18:19:16.887+0300] {processor.py:927} WARNING - No viable dags retrieved from /home/tasneemahmed24/.local/lib/python3.10/site-packages/airflow/example_dags/plugins/decreasing_priority_weight_strategy.py
[2025-04-13T18:19:16.900+0300] {processor.py:208} INFO - Processing /home/tasneemahmed24/.local/lib/python3.10/site-packages/airflow/example_dags/plugins/decreasing_priority_weight_strategy.py took 0.033 seconds
[2025-04-13T18:20:15.527+0300] {processor.py:186} INFO - Started process (PID=52677) to work on /home/tasneemahmed24/.local/lib/python3.10/site-packages/airflow/example_dags/plugins/decreasing_priority_weight_strategy.py
[2025-04-13T18:20:15.535+0300] {processor.py:914} INFO - Processing file /home/tasneemahmed24/.local/lib/python3.10/site-packages/airflow/example_dags/plugins/decreasing_priority_weight_strategy.py for tasks to queue
[2025-04-13T18:20:15.538+0300] {logging_mixin.py:190} INFO - [2025-04-13T18:20:15.538+0300] {dagbag.py:588} INFO - Filling up the DagBag from /home/tasneemahmed24/.local/lib/python3.10/site-packages/airflow/example_dags/plugins/decreasing_priority_weight_strategy.py
[2025-04-13T18:20:15.542+0300] {processor.py:927} WARNING - No viable dags retrieved from /home/tasneemahmed24/.local/lib/python3.10/site-packages/airflow/example_dags/plugins/decreasing_priority_weight_strategy.py
[2025-04-13T18:20:15.555+0300] {processor.py:208} INFO - Processing /home/tasneemahmed24/.local/lib/python3.10/site-packages/airflow/example_dags/plugins/decreasing_priority_weight_strategy.py took 0.036 seconds
[2025-04-13T18:21:21.968+0300] {processor.py:186} INFO - Started process (PID=53018) to work on /home/tasneemahmed24/.local/lib/python3.10/site-packages/airflow/example_dags/plugins/decreasing_priority_weight_strategy.py
[2025-04-13T18:21:21.971+0300] {processor.py:914} INFO - Processing file /home/tasneemahmed24/.local/lib/python3.10/site-packages/airflow/example_dags/plugins/decreasing_priority_weight_strategy.py for tasks to queue
[2025-04-13T18:21:21.975+0300] {logging_mixin.py:190} INFO - [2025-04-13T18:21:21.974+0300] {dagbag.py:588} INFO - Filling up the DagBag from /home/tasneemahmed24/.local/lib/python3.10/site-packages/airflow/example_dags/plugins/decreasing_priority_weight_strategy.py
[2025-04-13T18:21:21.978+0300] {processor.py:927} WARNING - No viable dags retrieved from /home/tasneemahmed24/.local/lib/python3.10/site-packages/airflow/example_dags/plugins/decreasing_priority_weight_strategy.py
[2025-04-13T18:21:21.989+0300] {processor.py:208} INFO - Processing /home/tasneemahmed24/.local/lib/python3.10/site-packages/airflow/example_dags/plugins/decreasing_priority_weight_strategy.py took 0.030 seconds
[2025-04-13T18:22:20.763+0300] {processor.py:186} INFO - Started process (PID=53328) to work on /home/tasneemahmed24/.local/lib/python3.10/site-packages/airflow/example_dags/plugins/decreasing_priority_weight_strategy.py
[2025-04-13T18:22:20.765+0300] {processor.py:914} INFO - Processing file /home/tasneemahmed24/.local/lib/python3.10/site-packages/airflow/example_dags/plugins/decreasing_priority_weight_strategy.py for tasks to queue
[2025-04-13T18:22:20.768+0300] {logging_mixin.py:190} INFO - [2025-04-13T18:22:20.767+0300] {dagbag.py:588} INFO - Filling up the DagBag from /home/tasneemahmed24/.local/lib/python3.10/site-packages/airflow/example_dags/plugins/decreasing_priority_weight_strategy.py
[2025-04-13T18:22:20.772+0300] {processor.py:927} WARNING - No viable dags retrieved from /home/tasneemahmed24/.local/lib/python3.10/site-packages/airflow/example_dags/plugins/decreasing_priority_weight_strategy.py
[2025-04-13T18:22:20.783+0300] {processor.py:208} INFO - Processing /home/tasneemahmed24/.local/lib/python3.10/site-packages/airflow/example_dags/plugins/decreasing_priority_weight_strategy.py took 0.028 seconds
[2025-04-13T18:23:18.520+0300] {processor.py:186} INFO - Started process (PID=53612) to work on /home/tasneemahmed24/.local/lib/python3.10/site-packages/airflow/example_dags/plugins/decreasing_priority_weight_strategy.py
[2025-04-13T18:23:18.524+0300] {processor.py:914} INFO - Processing file /home/tasneemahmed24/.local/lib/python3.10/site-packages/airflow/example_dags/plugins/decreasing_priority_weight_strategy.py for tasks to queue
[2025-04-13T18:23:18.526+0300] {logging_mixin.py:190} INFO - [2025-04-13T18:23:18.526+0300] {dagbag.py:588} INFO - Filling up the DagBag from /home/tasneemahmed24/.local/lib/python3.10/site-packages/airflow/example_dags/plugins/decreasing_priority_weight_strategy.py
[2025-04-13T18:23:18.530+0300] {processor.py:927} WARNING - No viable dags retrieved from /home/tasneemahmed24/.local/lib/python3.10/site-packages/airflow/example_dags/plugins/decreasing_priority_weight_strategy.py
[2025-04-13T18:23:18.545+0300] {processor.py:208} INFO - Processing /home/tasneemahmed24/.local/lib/python3.10/site-packages/airflow/example_dags/plugins/decreasing_priority_weight_strategy.py took 0.032 seconds
[2025-04-13T18:24:28.322+0300] {processor.py:186} INFO - Started process (PID=53948) to work on /home/tasneemahmed24/.local/lib/python3.10/site-packages/airflow/example_dags/plugins/decreasing_priority_weight_strategy.py
[2025-04-13T18:24:28.324+0300] {processor.py:914} INFO - Processing file /home/tasneemahmed24/.local/lib/python3.10/site-packages/airflow/example_dags/plugins/decreasing_priority_weight_strategy.py for tasks to queue
[2025-04-13T18:24:28.326+0300] {logging_mixin.py:190} INFO - [2025-04-13T18:24:28.325+0300] {dagbag.py:588} INFO - Filling up the DagBag from /home/tasneemahmed24/.local/lib/python3.10/site-packages/airflow/example_dags/plugins/decreasing_priority_weight_strategy.py
[2025-04-13T18:24:28.329+0300] {processor.py:927} WARNING - No viable dags retrieved from /home/tasneemahmed24/.local/lib/python3.10/site-packages/airflow/example_dags/plugins/decreasing_priority_weight_strategy.py
[2025-04-13T18:24:28.343+0300] {processor.py:208} INFO - Processing /home/tasneemahmed24/.local/lib/python3.10/site-packages/airflow/example_dags/plugins/decreasing_priority_weight_strategy.py took 0.028 seconds
[2025-04-13T18:25:26.721+0300] {processor.py:186} INFO - Started process (PID=54228) to work on /home/tasneemahmed24/.local/lib/python3.10/site-packages/airflow/example_dags/plugins/decreasing_priority_weight_strategy.py
[2025-04-13T18:25:26.730+0300] {processor.py:914} INFO - Processing file /home/tasneemahmed24/.local/lib/python3.10/site-packages/airflow/example_dags/plugins/decreasing_priority_weight_strategy.py for tasks to queue
[2025-04-13T18:25:26.733+0300] {logging_mixin.py:190} INFO - [2025-04-13T18:25:26.732+0300] {dagbag.py:588} INFO - Filling up the DagBag from /home/tasneemahmed24/.local/lib/python3.10/site-packages/airflow/example_dags/plugins/decreasing_priority_weight_strategy.py
[2025-04-13T18:25:26.735+0300] {processor.py:927} WARNING - No viable dags retrieved from /home/tasneemahmed24/.local/lib/python3.10/site-packages/airflow/example_dags/plugins/decreasing_priority_weight_strategy.py
[2025-04-13T18:25:26.746+0300] {processor.py:208} INFO - Processing /home/tasneemahmed24/.local/lib/python3.10/site-packages/airflow/example_dags/plugins/decreasing_priority_weight_strategy.py took 0.032 seconds
[2025-04-13T18:26:29.211+0300] {processor.py:186} INFO - Started process (PID=54528) to work on /home/tasneemahmed24/.local/lib/python3.10/site-packages/airflow/example_dags/plugins/decreasing_priority_weight_strategy.py
[2025-04-13T18:26:29.221+0300] {processor.py:914} INFO - Processing file /home/tasneemahmed24/.local/lib/python3.10/site-packages/airflow/example_dags/plugins/decreasing_priority_weight_strategy.py for tasks to queue
[2025-04-13T18:26:29.223+0300] {logging_mixin.py:190} INFO - [2025-04-13T18:26:29.223+0300] {dagbag.py:588} INFO - Filling up the DagBag from /home/tasneemahmed24/.local/lib/python3.10/site-packages/airflow/example_dags/plugins/decreasing_priority_weight_strategy.py
[2025-04-13T18:26:29.226+0300] {processor.py:927} WARNING - No viable dags retrieved from /home/tasneemahmed24/.local/lib/python3.10/site-packages/airflow/example_dags/plugins/decreasing_priority_weight_strategy.py
[2025-04-13T18:26:29.237+0300] {processor.py:208} INFO - Processing /home/tasneemahmed24/.local/lib/python3.10/site-packages/airflow/example_dags/plugins/decreasing_priority_weight_strategy.py took 0.032 seconds
[2025-04-13T18:27:35.269+0300] {processor.py:186} INFO - Started process (PID=54837) to work on /home/tasneemahmed24/.local/lib/python3.10/site-packages/airflow/example_dags/plugins/decreasing_priority_weight_strategy.py
[2025-04-13T18:27:35.272+0300] {processor.py:914} INFO - Processing file /home/tasneemahmed24/.local/lib/python3.10/site-packages/airflow/example_dags/plugins/decreasing_priority_weight_strategy.py for tasks to queue
[2025-04-13T18:27:35.275+0300] {logging_mixin.py:190} INFO - [2025-04-13T18:27:35.275+0300] {dagbag.py:588} INFO - Filling up the DagBag from /home/tasneemahmed24/.local/lib/python3.10/site-packages/airflow/example_dags/plugins/decreasing_priority_weight_strategy.py
[2025-04-13T18:27:35.279+0300] {processor.py:927} WARNING - No viable dags retrieved from /home/tasneemahmed24/.local/lib/python3.10/site-packages/airflow/example_dags/plugins/decreasing_priority_weight_strategy.py
[2025-04-13T18:27:35.291+0300] {processor.py:208} INFO - Processing /home/tasneemahmed24/.local/lib/python3.10/site-packages/airflow/example_dags/plugins/decreasing_priority_weight_strategy.py took 0.031 seconds
[2025-04-13T18:28:33.056+0300] {processor.py:186} INFO - Started process (PID=55115) to work on /home/tasneemahmed24/.local/lib/python3.10/site-packages/airflow/example_dags/plugins/decreasing_priority_weight_strategy.py
[2025-04-13T18:28:33.058+0300] {processor.py:914} INFO - Processing file /home/tasneemahmed24/.local/lib/python3.10/site-packages/airflow/example_dags/plugins/decreasing_priority_weight_strategy.py for tasks to queue
[2025-04-13T18:28:33.062+0300] {logging_mixin.py:190} INFO - [2025-04-13T18:28:33.061+0300] {dagbag.py:588} INFO - Filling up the DagBag from /home/tasneemahmed24/.local/lib/python3.10/site-packages/airflow/example_dags/plugins/decreasing_priority_weight_strategy.py
[2025-04-13T18:28:33.065+0300] {processor.py:927} WARNING - No viable dags retrieved from /home/tasneemahmed24/.local/lib/python3.10/site-packages/airflow/example_dags/plugins/decreasing_priority_weight_strategy.py
[2025-04-13T18:28:33.087+0300] {processor.py:208} INFO - Processing /home/tasneemahmed24/.local/lib/python3.10/site-packages/airflow/example_dags/plugins/decreasing_priority_weight_strategy.py took 0.041 seconds
