[2025-04-13T17:17:41.949+0300] {processor.py:186} INFO - Started process (PID=34513) to work on /home/tasneemahmed24/.local/lib/python3.10/site-packages/airflow/example_dags/plugins/event_listener.py
[2025-04-13T17:17:41.950+0300] {processor.py:914} INFO - Processing file /home/tasneemahmed24/.local/lib/python3.10/site-packages/airflow/example_dags/plugins/event_listener.py for tasks to queue
[2025-04-13T17:17:41.951+0300] {logging_mixin.py:190} INFO - [2025-04-13T17:17:41.951+0300] {dagbag.py:588} INFO - Filling up the DagBag from /home/tasneemahmed24/.local/lib/python3.10/site-packages/airflow/example_dags/plugins/event_listener.py
[2025-04-13T17:17:41.954+0300] {processor.py:927} WARNING - No viable dags retrieved from /home/tasneemahmed24/.local/lib/python3.10/site-packages/airflow/example_dags/plugins/event_listener.py
[2025-04-13T17:17:41.963+0300] {processor.py:208} INFO - Processing /home/tasneemahmed24/.local/lib/python3.10/site-packages/airflow/example_dags/plugins/event_listener.py took 0.019 seconds
[2025-04-13T17:18:47.372+0300] {processor.py:186} INFO - Started process (PID=34812) to work on /home/tasneemahmed24/.local/lib/python3.10/site-packages/airflow/example_dags/plugins/event_listener.py
[2025-04-13T17:18:47.373+0300] {processor.py:914} INFO - Processing file /home/tasneemahmed24/.local/lib/python3.10/site-packages/airflow/example_dags/plugins/event_listener.py for tasks to queue
[2025-04-13T17:18:47.375+0300] {logging_mixin.py:190} INFO - [2025-04-13T17:18:47.374+0300] {dagbag.py:588} INFO - Filling up the DagBag from /home/tasneemahmed24/.local/lib/python3.10/site-packages/airflow/example_dags/plugins/event_listener.py
[2025-04-13T17:18:47.377+0300] {processor.py:927} WARNING - No viable dags retrieved from /home/tasneemahmed24/.local/lib/python3.10/site-packages/airflow/example_dags/plugins/event_listener.py
[2025-04-13T17:18:47.383+0300] {processor.py:208} INFO - Processing /home/tasneemahmed24/.local/lib/python3.10/site-packages/airflow/example_dags/plugins/event_listener.py took 0.017 seconds
[2025-04-13T17:19:42.708+0300] {processor.py:186} INFO - Started process (PID=35076) to work on /home/tasneemahmed24/.local/lib/python3.10/site-packages/airflow/example_dags/plugins/event_listener.py
[2025-04-13T17:19:42.710+0300] {processor.py:914} INFO - Processing file /home/tasneemahmed24/.local/lib/python3.10/site-packages/airflow/example_dags/plugins/event_listener.py for tasks to queue
[2025-04-13T17:19:42.713+0300] {logging_mixin.py:190} INFO - [2025-04-13T17:19:42.712+0300] {dagbag.py:588} INFO - Filling up the DagBag from /home/tasneemahmed24/.local/lib/python3.10/site-packages/airflow/example_dags/plugins/event_listener.py
[2025-04-13T17:19:42.715+0300] {processor.py:927} WARNING - No viable dags retrieved from /home/tasneemahmed24/.local/lib/python3.10/site-packages/airflow/example_dags/plugins/event_listener.py
[2025-04-13T17:19:42.723+0300] {processor.py:208} INFO - Processing /home/tasneemahmed24/.local/lib/python3.10/site-packages/airflow/example_dags/plugins/event_listener.py took 0.020 seconds
[2025-04-13T17:20:30.881+0300] {processor.py:186} INFO - Started process (PID=35305) to work on /home/tasneemahmed24/.local/lib/python3.10/site-packages/airflow/example_dags/plugins/event_listener.py
[2025-04-13T17:20:30.883+0300] {processor.py:914} INFO - Processing file /home/tasneemahmed24/.local/lib/python3.10/site-packages/airflow/example_dags/plugins/event_listener.py for tasks to queue
[2025-04-13T17:20:30.886+0300] {logging_mixin.py:190} INFO - [2025-04-13T17:20:30.885+0300] {dagbag.py:588} INFO - Filling up the DagBag from /home/tasneemahmed24/.local/lib/python3.10/site-packages/airflow/example_dags/plugins/event_listener.py
[2025-04-13T17:20:30.888+0300] {processor.py:927} WARNING - No viable dags retrieved from /home/tasneemahmed24/.local/lib/python3.10/site-packages/airflow/example_dags/plugins/event_listener.py
[2025-04-13T17:20:30.897+0300] {processor.py:208} INFO - Processing /home/tasneemahmed24/.local/lib/python3.10/site-packages/airflow/example_dags/plugins/event_listener.py took 0.023 seconds
[2025-04-13T17:21:23.899+0300] {processor.py:186} INFO - Started process (PID=35553) to work on /home/tasneemahmed24/.local/lib/python3.10/site-packages/airflow/example_dags/plugins/event_listener.py
[2025-04-13T17:21:23.901+0300] {processor.py:914} INFO - Processing file /home/tasneemahmed24/.local/lib/python3.10/site-packages/airflow/example_dags/plugins/event_listener.py for tasks to queue
[2025-04-13T17:21:23.904+0300] {logging_mixin.py:190} INFO - [2025-04-13T17:21:23.903+0300] {dagbag.py:588} INFO - Filling up the DagBag from /home/tasneemahmed24/.local/lib/python3.10/site-packages/airflow/example_dags/plugins/event_listener.py
[2025-04-13T17:21:23.907+0300] {processor.py:927} WARNING - No viable dags retrieved from /home/tasneemahmed24/.local/lib/python3.10/site-packages/airflow/example_dags/plugins/event_listener.py
[2025-04-13T17:21:23.917+0300] {processor.py:208} INFO - Processing /home/tasneemahmed24/.local/lib/python3.10/site-packages/airflow/example_dags/plugins/event_listener.py took 0.027 seconds
[2025-04-13T17:22:19.867+0300] {processor.py:186} INFO - Started process (PID=35817) to work on /home/tasneemahmed24/.local/lib/python3.10/site-packages/airflow/example_dags/plugins/event_listener.py
[2025-04-13T17:22:19.869+0300] {processor.py:914} INFO - Processing file /home/tasneemahmed24/.local/lib/python3.10/site-packages/airflow/example_dags/plugins/event_listener.py for tasks to queue
[2025-04-13T17:22:19.871+0300] {logging_mixin.py:190} INFO - [2025-04-13T17:22:19.871+0300] {dagbag.py:588} INFO - Filling up the DagBag from /home/tasneemahmed24/.local/lib/python3.10/site-packages/airflow/example_dags/plugins/event_listener.py
[2025-04-13T17:22:19.873+0300] {processor.py:927} WARNING - No viable dags retrieved from /home/tasneemahmed24/.local/lib/python3.10/site-packages/airflow/example_dags/plugins/event_listener.py
[2025-04-13T17:22:19.882+0300] {processor.py:208} INFO - Processing /home/tasneemahmed24/.local/lib/python3.10/site-packages/airflow/example_dags/plugins/event_listener.py took 0.020 seconds
[2025-04-13T17:23:14.675+0300] {processor.py:186} INFO - Started process (PID=36074) to work on /home/tasneemahmed24/.local/lib/python3.10/site-packages/airflow/example_dags/plugins/event_listener.py
[2025-04-13T17:23:14.677+0300] {processor.py:914} INFO - Processing file /home/tasneemahmed24/.local/lib/python3.10/site-packages/airflow/example_dags/plugins/event_listener.py for tasks to queue
[2025-04-13T17:23:14.679+0300] {logging_mixin.py:190} INFO - [2025-04-13T17:23:14.679+0300] {dagbag.py:588} INFO - Filling up the DagBag from /home/tasneemahmed24/.local/lib/python3.10/site-packages/airflow/example_dags/plugins/event_listener.py
[2025-04-13T17:23:14.681+0300] {processor.py:927} WARNING - No viable dags retrieved from /home/tasneemahmed24/.local/lib/python3.10/site-packages/airflow/example_dags/plugins/event_listener.py
[2025-04-13T17:23:14.688+0300] {processor.py:208} INFO - Processing /home/tasneemahmed24/.local/lib/python3.10/site-packages/airflow/example_dags/plugins/event_listener.py took 0.017 seconds
[2025-04-13T17:24:08.632+0300] {processor.py:186} INFO - Started process (PID=36330) to work on /home/tasneemahmed24/.local/lib/python3.10/site-packages/airflow/example_dags/plugins/event_listener.py
[2025-04-13T17:24:08.635+0300] {processor.py:914} INFO - Processing file /home/tasneemahmed24/.local/lib/python3.10/site-packages/airflow/example_dags/plugins/event_listener.py for tasks to queue
[2025-04-13T17:24:08.636+0300] {logging_mixin.py:190} INFO - [2025-04-13T17:24:08.636+0300] {dagbag.py:588} INFO - Filling up the DagBag from /home/tasneemahmed24/.local/lib/python3.10/site-packages/airflow/example_dags/plugins/event_listener.py
[2025-04-13T17:24:08.638+0300] {processor.py:927} WARNING - No viable dags retrieved from /home/tasneemahmed24/.local/lib/python3.10/site-packages/airflow/example_dags/plugins/event_listener.py
[2025-04-13T17:24:08.646+0300] {processor.py:208} INFO - Processing /home/tasneemahmed24/.local/lib/python3.10/site-packages/airflow/example_dags/plugins/event_listener.py took 0.019 seconds
[2025-04-13T17:25:05.039+0300] {processor.py:186} INFO - Started process (PID=36599) to work on /home/tasneemahmed24/.local/lib/python3.10/site-packages/airflow/example_dags/plugins/event_listener.py
[2025-04-13T17:25:05.043+0300] {processor.py:914} INFO - Processing file /home/tasneemahmed24/.local/lib/python3.10/site-packages/airflow/example_dags/plugins/event_listener.py for tasks to queue
[2025-04-13T17:25:05.044+0300] {logging_mixin.py:190} INFO - [2025-04-13T17:25:05.044+0300] {dagbag.py:588} INFO - Filling up the DagBag from /home/tasneemahmed24/.local/lib/python3.10/site-packages/airflow/example_dags/plugins/event_listener.py
[2025-04-13T17:25:05.046+0300] {processor.py:927} WARNING - No viable dags retrieved from /home/tasneemahmed24/.local/lib/python3.10/site-packages/airflow/example_dags/plugins/event_listener.py
[2025-04-13T17:25:05.054+0300] {processor.py:208} INFO - Processing /home/tasneemahmed24/.local/lib/python3.10/site-packages/airflow/example_dags/plugins/event_listener.py took 0.020 seconds
[2025-04-13T17:25:57.987+0300] {processor.py:186} INFO - Started process (PID=36856) to work on /home/tasneemahmed24/.local/lib/python3.10/site-packages/airflow/example_dags/plugins/event_listener.py
[2025-04-13T17:25:57.990+0300] {processor.py:914} INFO - Processing file /home/tasneemahmed24/.local/lib/python3.10/site-packages/airflow/example_dags/plugins/event_listener.py for tasks to queue
[2025-04-13T17:25:57.991+0300] {logging_mixin.py:190} INFO - [2025-04-13T17:25:57.991+0300] {dagbag.py:588} INFO - Filling up the DagBag from /home/tasneemahmed24/.local/lib/python3.10/site-packages/airflow/example_dags/plugins/event_listener.py
[2025-04-13T17:25:57.993+0300] {processor.py:927} WARNING - No viable dags retrieved from /home/tasneemahmed24/.local/lib/python3.10/site-packages/airflow/example_dags/plugins/event_listener.py
[2025-04-13T17:25:58.001+0300] {processor.py:208} INFO - Processing /home/tasneemahmed24/.local/lib/python3.10/site-packages/airflow/example_dags/plugins/event_listener.py took 0.019 seconds
[2025-04-13T17:26:50.041+0300] {processor.py:186} INFO - Started process (PID=37106) to work on /home/tasneemahmed24/.local/lib/python3.10/site-packages/airflow/example_dags/plugins/event_listener.py
[2025-04-13T17:26:50.045+0300] {processor.py:914} INFO - Processing file /home/tasneemahmed24/.local/lib/python3.10/site-packages/airflow/example_dags/plugins/event_listener.py for tasks to queue
[2025-04-13T17:26:50.047+0300] {logging_mixin.py:190} INFO - [2025-04-13T17:26:50.047+0300] {dagbag.py:588} INFO - Filling up the DagBag from /home/tasneemahmed24/.local/lib/python3.10/site-packages/airflow/example_dags/plugins/event_listener.py
[2025-04-13T17:26:50.049+0300] {processor.py:927} WARNING - No viable dags retrieved from /home/tasneemahmed24/.local/lib/python3.10/site-packages/airflow/example_dags/plugins/event_listener.py
[2025-04-13T17:26:50.056+0300] {processor.py:208} INFO - Processing /home/tasneemahmed24/.local/lib/python3.10/site-packages/airflow/example_dags/plugins/event_listener.py took 0.021 seconds
[2025-04-13T17:27:42.955+0300] {processor.py:186} INFO - Started process (PID=37360) to work on /home/tasneemahmed24/.local/lib/python3.10/site-packages/airflow/example_dags/plugins/event_listener.py
[2025-04-13T17:27:42.958+0300] {processor.py:914} INFO - Processing file /home/tasneemahmed24/.local/lib/python3.10/site-packages/airflow/example_dags/plugins/event_listener.py for tasks to queue
[2025-04-13T17:27:42.960+0300] {logging_mixin.py:190} INFO - [2025-04-13T17:27:42.960+0300] {dagbag.py:588} INFO - Filling up the DagBag from /home/tasneemahmed24/.local/lib/python3.10/site-packages/airflow/example_dags/plugins/event_listener.py
[2025-04-13T17:27:42.962+0300] {processor.py:927} WARNING - No viable dags retrieved from /home/tasneemahmed24/.local/lib/python3.10/site-packages/airflow/example_dags/plugins/event_listener.py
[2025-04-13T17:27:42.971+0300] {processor.py:208} INFO - Processing /home/tasneemahmed24/.local/lib/python3.10/site-packages/airflow/example_dags/plugins/event_listener.py took 0.020 seconds
[2025-04-13T17:28:38.845+0300] {processor.py:186} INFO - Started process (PID=37623) to work on /home/tasneemahmed24/.local/lib/python3.10/site-packages/airflow/example_dags/plugins/event_listener.py
[2025-04-13T17:28:38.847+0300] {processor.py:914} INFO - Processing file /home/tasneemahmed24/.local/lib/python3.10/site-packages/airflow/example_dags/plugins/event_listener.py for tasks to queue
[2025-04-13T17:28:38.849+0300] {logging_mixin.py:190} INFO - [2025-04-13T17:28:38.849+0300] {dagbag.py:588} INFO - Filling up the DagBag from /home/tasneemahmed24/.local/lib/python3.10/site-packages/airflow/example_dags/plugins/event_listener.py
[2025-04-13T17:28:38.852+0300] {processor.py:927} WARNING - No viable dags retrieved from /home/tasneemahmed24/.local/lib/python3.10/site-packages/airflow/example_dags/plugins/event_listener.py
[2025-04-13T17:28:38.860+0300] {processor.py:208} INFO - Processing /home/tasneemahmed24/.local/lib/python3.10/site-packages/airflow/example_dags/plugins/event_listener.py took 0.021 seconds
[2025-04-13T17:29:33.950+0300] {processor.py:186} INFO - Started process (PID=37885) to work on /home/tasneemahmed24/.local/lib/python3.10/site-packages/airflow/example_dags/plugins/event_listener.py
[2025-04-13T17:29:33.952+0300] {processor.py:914} INFO - Processing file /home/tasneemahmed24/.local/lib/python3.10/site-packages/airflow/example_dags/plugins/event_listener.py for tasks to queue
[2025-04-13T17:29:33.953+0300] {logging_mixin.py:190} INFO - [2025-04-13T17:29:33.953+0300] {dagbag.py:588} INFO - Filling up the DagBag from /home/tasneemahmed24/.local/lib/python3.10/site-packages/airflow/example_dags/plugins/event_listener.py
[2025-04-13T17:29:33.955+0300] {processor.py:927} WARNING - No viable dags retrieved from /home/tasneemahmed24/.local/lib/python3.10/site-packages/airflow/example_dags/plugins/event_listener.py
[2025-04-13T17:29:33.963+0300] {processor.py:208} INFO - Processing /home/tasneemahmed24/.local/lib/python3.10/site-packages/airflow/example_dags/plugins/event_listener.py took 0.018 seconds
[2025-04-13T17:30:24.498+0300] {processor.py:186} INFO - Started process (PID=38124) to work on /home/tasneemahmed24/.local/lib/python3.10/site-packages/airflow/example_dags/plugins/event_listener.py
[2025-04-13T17:30:24.500+0300] {processor.py:914} INFO - Processing file /home/tasneemahmed24/.local/lib/python3.10/site-packages/airflow/example_dags/plugins/event_listener.py for tasks to queue
[2025-04-13T17:30:24.502+0300] {logging_mixin.py:190} INFO - [2025-04-13T17:30:24.502+0300] {dagbag.py:588} INFO - Filling up the DagBag from /home/tasneemahmed24/.local/lib/python3.10/site-packages/airflow/example_dags/plugins/event_listener.py
[2025-04-13T17:30:24.504+0300] {processor.py:927} WARNING - No viable dags retrieved from /home/tasneemahmed24/.local/lib/python3.10/site-packages/airflow/example_dags/plugins/event_listener.py
[2025-04-13T17:30:24.511+0300] {processor.py:208} INFO - Processing /home/tasneemahmed24/.local/lib/python3.10/site-packages/airflow/example_dags/plugins/event_listener.py took 0.018 seconds
[2025-04-13T17:31:18.614+0300] {processor.py:186} INFO - Started process (PID=38382) to work on /home/tasneemahmed24/.local/lib/python3.10/site-packages/airflow/example_dags/plugins/event_listener.py
[2025-04-13T17:31:18.615+0300] {processor.py:914} INFO - Processing file /home/tasneemahmed24/.local/lib/python3.10/site-packages/airflow/example_dags/plugins/event_listener.py for tasks to queue
[2025-04-13T17:31:18.617+0300] {logging_mixin.py:190} INFO - [2025-04-13T17:31:18.617+0300] {dagbag.py:588} INFO - Filling up the DagBag from /home/tasneemahmed24/.local/lib/python3.10/site-packages/airflow/example_dags/plugins/event_listener.py
[2025-04-13T17:31:18.619+0300] {processor.py:927} WARNING - No viable dags retrieved from /home/tasneemahmed24/.local/lib/python3.10/site-packages/airflow/example_dags/plugins/event_listener.py
[2025-04-13T17:31:18.627+0300] {processor.py:208} INFO - Processing /home/tasneemahmed24/.local/lib/python3.10/site-packages/airflow/example_dags/plugins/event_listener.py took 0.019 seconds
[2025-04-13T17:32:12.933+0300] {processor.py:186} INFO - Started process (PID=38640) to work on /home/tasneemahmed24/.local/lib/python3.10/site-packages/airflow/example_dags/plugins/event_listener.py
[2025-04-13T17:32:12.934+0300] {processor.py:914} INFO - Processing file /home/tasneemahmed24/.local/lib/python3.10/site-packages/airflow/example_dags/plugins/event_listener.py for tasks to queue
[2025-04-13T17:32:12.936+0300] {logging_mixin.py:190} INFO - [2025-04-13T17:32:12.935+0300] {dagbag.py:588} INFO - Filling up the DagBag from /home/tasneemahmed24/.local/lib/python3.10/site-packages/airflow/example_dags/plugins/event_listener.py
[2025-04-13T17:32:12.938+0300] {processor.py:927} WARNING - No viable dags retrieved from /home/tasneemahmed24/.local/lib/python3.10/site-packages/airflow/example_dags/plugins/event_listener.py
[2025-04-13T17:32:12.946+0300] {processor.py:208} INFO - Processing /home/tasneemahmed24/.local/lib/python3.10/site-packages/airflow/example_dags/plugins/event_listener.py took 0.018 seconds
[2025-04-13T17:33:13.825+0300] {processor.py:186} INFO - Started process (PID=38944) to work on /home/tasneemahmed24/.local/lib/python3.10/site-packages/airflow/example_dags/plugins/event_listener.py
[2025-04-13T17:33:13.828+0300] {processor.py:914} INFO - Processing file /home/tasneemahmed24/.local/lib/python3.10/site-packages/airflow/example_dags/plugins/event_listener.py for tasks to queue
[2025-04-13T17:33:13.830+0300] {logging_mixin.py:190} INFO - [2025-04-13T17:33:13.829+0300] {dagbag.py:588} INFO - Filling up the DagBag from /home/tasneemahmed24/.local/lib/python3.10/site-packages/airflow/example_dags/plugins/event_listener.py
[2025-04-13T17:33:13.832+0300] {processor.py:927} WARNING - No viable dags retrieved from /home/tasneemahmed24/.local/lib/python3.10/site-packages/airflow/example_dags/plugins/event_listener.py
[2025-04-13T17:33:13.840+0300] {processor.py:208} INFO - Processing /home/tasneemahmed24/.local/lib/python3.10/site-packages/airflow/example_dags/plugins/event_listener.py took 0.021 seconds
[2025-04-13T17:34:13.227+0300] {processor.py:186} INFO - Started process (PID=39238) to work on /home/tasneemahmed24/.local/lib/python3.10/site-packages/airflow/example_dags/plugins/event_listener.py
[2025-04-13T17:34:13.229+0300] {processor.py:914} INFO - Processing file /home/tasneemahmed24/.local/lib/python3.10/site-packages/airflow/example_dags/plugins/event_listener.py for tasks to queue
[2025-04-13T17:34:13.230+0300] {logging_mixin.py:190} INFO - [2025-04-13T17:34:13.230+0300] {dagbag.py:588} INFO - Filling up the DagBag from /home/tasneemahmed24/.local/lib/python3.10/site-packages/airflow/example_dags/plugins/event_listener.py
[2025-04-13T17:34:13.233+0300] {processor.py:927} WARNING - No viable dags retrieved from /home/tasneemahmed24/.local/lib/python3.10/site-packages/airflow/example_dags/plugins/event_listener.py
[2025-04-13T17:34:13.241+0300] {processor.py:208} INFO - Processing /home/tasneemahmed24/.local/lib/python3.10/site-packages/airflow/example_dags/plugins/event_listener.py took 0.019 seconds
[2025-04-13T17:35:12.081+0300] {processor.py:186} INFO - Started process (PID=39532) to work on /home/tasneemahmed24/.local/lib/python3.10/site-packages/airflow/example_dags/plugins/event_listener.py
[2025-04-13T17:35:12.083+0300] {processor.py:914} INFO - Processing file /home/tasneemahmed24/.local/lib/python3.10/site-packages/airflow/example_dags/plugins/event_listener.py for tasks to queue
[2025-04-13T17:35:12.086+0300] {logging_mixin.py:190} INFO - [2025-04-13T17:35:12.086+0300] {dagbag.py:588} INFO - Filling up the DagBag from /home/tasneemahmed24/.local/lib/python3.10/site-packages/airflow/example_dags/plugins/event_listener.py
[2025-04-13T17:35:12.089+0300] {processor.py:927} WARNING - No viable dags retrieved from /home/tasneemahmed24/.local/lib/python3.10/site-packages/airflow/example_dags/plugins/event_listener.py
[2025-04-13T17:35:12.167+0300] {processor.py:208} INFO - Processing /home/tasneemahmed24/.local/lib/python3.10/site-packages/airflow/example_dags/plugins/event_listener.py took 0.093 seconds
[2025-04-13T17:36:12.808+0300] {processor.py:186} INFO - Started process (PID=39839) to work on /home/tasneemahmed24/.local/lib/python3.10/site-packages/airflow/example_dags/plugins/event_listener.py
[2025-04-13T17:36:12.810+0300] {processor.py:914} INFO - Processing file /home/tasneemahmed24/.local/lib/python3.10/site-packages/airflow/example_dags/plugins/event_listener.py for tasks to queue
[2025-04-13T17:36:12.813+0300] {logging_mixin.py:190} INFO - [2025-04-13T17:36:12.812+0300] {dagbag.py:588} INFO - Filling up the DagBag from /home/tasneemahmed24/.local/lib/python3.10/site-packages/airflow/example_dags/plugins/event_listener.py
[2025-04-13T17:36:12.816+0300] {processor.py:927} WARNING - No viable dags retrieved from /home/tasneemahmed24/.local/lib/python3.10/site-packages/airflow/example_dags/plugins/event_listener.py
[2025-04-13T17:36:12.828+0300] {processor.py:208} INFO - Processing /home/tasneemahmed24/.local/lib/python3.10/site-packages/airflow/example_dags/plugins/event_listener.py took 0.032 seconds
[2025-04-13T17:37:12.473+0300] {processor.py:186} INFO - Started process (PID=40136) to work on /home/tasneemahmed24/.local/lib/python3.10/site-packages/airflow/example_dags/plugins/event_listener.py
[2025-04-13T17:37:12.475+0300] {processor.py:914} INFO - Processing file /home/tasneemahmed24/.local/lib/python3.10/site-packages/airflow/example_dags/plugins/event_listener.py for tasks to queue
[2025-04-13T17:37:12.478+0300] {logging_mixin.py:190} INFO - [2025-04-13T17:37:12.477+0300] {dagbag.py:588} INFO - Filling up the DagBag from /home/tasneemahmed24/.local/lib/python3.10/site-packages/airflow/example_dags/plugins/event_listener.py
[2025-04-13T17:37:12.480+0300] {processor.py:927} WARNING - No viable dags retrieved from /home/tasneemahmed24/.local/lib/python3.10/site-packages/airflow/example_dags/plugins/event_listener.py
[2025-04-13T17:37:12.490+0300] {processor.py:208} INFO - Processing /home/tasneemahmed24/.local/lib/python3.10/site-packages/airflow/example_dags/plugins/event_listener.py took 0.022 seconds
[2025-04-13T17:38:11.315+0300] {processor.py:186} INFO - Started process (PID=40431) to work on /home/tasneemahmed24/.local/lib/python3.10/site-packages/airflow/example_dags/plugins/event_listener.py
[2025-04-13T17:38:11.319+0300] {processor.py:914} INFO - Processing file /home/tasneemahmed24/.local/lib/python3.10/site-packages/airflow/example_dags/plugins/event_listener.py for tasks to queue
[2025-04-13T17:38:11.325+0300] {logging_mixin.py:190} INFO - [2025-04-13T17:38:11.324+0300] {dagbag.py:588} INFO - Filling up the DagBag from /home/tasneemahmed24/.local/lib/python3.10/site-packages/airflow/example_dags/plugins/event_listener.py
[2025-04-13T17:38:11.328+0300] {processor.py:927} WARNING - No viable dags retrieved from /home/tasneemahmed24/.local/lib/python3.10/site-packages/airflow/example_dags/plugins/event_listener.py
[2025-04-13T17:38:11.344+0300] {processor.py:208} INFO - Processing /home/tasneemahmed24/.local/lib/python3.10/site-packages/airflow/example_dags/plugins/event_listener.py took 0.039 seconds
[2025-04-13T17:39:09.654+0300] {processor.py:186} INFO - Started process (PID=40714) to work on /home/tasneemahmed24/.local/lib/python3.10/site-packages/airflow/example_dags/plugins/event_listener.py
[2025-04-13T17:39:09.655+0300] {processor.py:914} INFO - Processing file /home/tasneemahmed24/.local/lib/python3.10/site-packages/airflow/example_dags/plugins/event_listener.py for tasks to queue
[2025-04-13T17:39:09.657+0300] {logging_mixin.py:190} INFO - [2025-04-13T17:39:09.657+0300] {dagbag.py:588} INFO - Filling up the DagBag from /home/tasneemahmed24/.local/lib/python3.10/site-packages/airflow/example_dags/plugins/event_listener.py
[2025-04-13T17:39:09.659+0300] {processor.py:927} WARNING - No viable dags retrieved from /home/tasneemahmed24/.local/lib/python3.10/site-packages/airflow/example_dags/plugins/event_listener.py
[2025-04-13T17:39:09.669+0300] {processor.py:208} INFO - Processing /home/tasneemahmed24/.local/lib/python3.10/site-packages/airflow/example_dags/plugins/event_listener.py took 0.021 seconds
[2025-04-13T17:40:07.485+0300] {processor.py:186} INFO - Started process (PID=40989) to work on /home/tasneemahmed24/.local/lib/python3.10/site-packages/airflow/example_dags/plugins/event_listener.py
[2025-04-13T17:40:07.488+0300] {processor.py:914} INFO - Processing file /home/tasneemahmed24/.local/lib/python3.10/site-packages/airflow/example_dags/plugins/event_listener.py for tasks to queue
[2025-04-13T17:40:07.491+0300] {logging_mixin.py:190} INFO - [2025-04-13T17:40:07.490+0300] {dagbag.py:588} INFO - Filling up the DagBag from /home/tasneemahmed24/.local/lib/python3.10/site-packages/airflow/example_dags/plugins/event_listener.py
[2025-04-13T17:40:07.493+0300] {processor.py:927} WARNING - No viable dags retrieved from /home/tasneemahmed24/.local/lib/python3.10/site-packages/airflow/example_dags/plugins/event_listener.py
[2025-04-13T17:40:07.506+0300] {processor.py:208} INFO - Processing /home/tasneemahmed24/.local/lib/python3.10/site-packages/airflow/example_dags/plugins/event_listener.py took 0.027 seconds
[2025-04-13T17:41:02.425+0300] {processor.py:186} INFO - Started process (PID=41273) to work on /home/tasneemahmed24/.local/lib/python3.10/site-packages/airflow/example_dags/plugins/event_listener.py
[2025-04-13T17:41:02.426+0300] {processor.py:914} INFO - Processing file /home/tasneemahmed24/.local/lib/python3.10/site-packages/airflow/example_dags/plugins/event_listener.py for tasks to queue
[2025-04-13T17:41:02.430+0300] {logging_mixin.py:190} INFO - [2025-04-13T17:41:02.430+0300] {dagbag.py:588} INFO - Filling up the DagBag from /home/tasneemahmed24/.local/lib/python3.10/site-packages/airflow/example_dags/plugins/event_listener.py
[2025-04-13T17:41:02.433+0300] {processor.py:927} WARNING - No viable dags retrieved from /home/tasneemahmed24/.local/lib/python3.10/site-packages/airflow/example_dags/plugins/event_listener.py
[2025-04-13T17:41:02.444+0300] {processor.py:208} INFO - Processing /home/tasneemahmed24/.local/lib/python3.10/site-packages/airflow/example_dags/plugins/event_listener.py took 0.026 seconds
[2025-04-13T17:41:57.980+0300] {processor.py:186} INFO - Started process (PID=41553) to work on /home/tasneemahmed24/.local/lib/python3.10/site-packages/airflow/example_dags/plugins/event_listener.py
[2025-04-13T17:41:57.981+0300] {processor.py:914} INFO - Processing file /home/tasneemahmed24/.local/lib/python3.10/site-packages/airflow/example_dags/plugins/event_listener.py for tasks to queue
[2025-04-13T17:41:57.983+0300] {logging_mixin.py:190} INFO - [2025-04-13T17:41:57.983+0300] {dagbag.py:588} INFO - Filling up the DagBag from /home/tasneemahmed24/.local/lib/python3.10/site-packages/airflow/example_dags/plugins/event_listener.py
[2025-04-13T17:41:57.986+0300] {processor.py:927} WARNING - No viable dags retrieved from /home/tasneemahmed24/.local/lib/python3.10/site-packages/airflow/example_dags/plugins/event_listener.py
[2025-04-13T17:41:57.995+0300] {processor.py:208} INFO - Processing /home/tasneemahmed24/.local/lib/python3.10/site-packages/airflow/example_dags/plugins/event_listener.py took 0.020 seconds
[2025-04-13T17:42:58.365+0300] {processor.py:186} INFO - Started process (PID=41872) to work on /home/tasneemahmed24/.local/lib/python3.10/site-packages/airflow/example_dags/plugins/event_listener.py
[2025-04-13T17:42:58.372+0300] {processor.py:914} INFO - Processing file /home/tasneemahmed24/.local/lib/python3.10/site-packages/airflow/example_dags/plugins/event_listener.py for tasks to queue
[2025-04-13T17:42:58.374+0300] {logging_mixin.py:190} INFO - [2025-04-13T17:42:58.373+0300] {dagbag.py:588} INFO - Filling up the DagBag from /home/tasneemahmed24/.local/lib/python3.10/site-packages/airflow/example_dags/plugins/event_listener.py
[2025-04-13T17:42:58.376+0300] {processor.py:927} WARNING - No viable dags retrieved from /home/tasneemahmed24/.local/lib/python3.10/site-packages/airflow/example_dags/plugins/event_listener.py
[2025-04-13T17:42:58.385+0300] {processor.py:208} INFO - Processing /home/tasneemahmed24/.local/lib/python3.10/site-packages/airflow/example_dags/plugins/event_listener.py took 0.025 seconds
[2025-04-13T17:43:54.711+0300] {processor.py:186} INFO - Started process (PID=42138) to work on /home/tasneemahmed24/.local/lib/python3.10/site-packages/airflow/example_dags/plugins/event_listener.py
[2025-04-13T17:43:54.713+0300] {processor.py:914} INFO - Processing file /home/tasneemahmed24/.local/lib/python3.10/site-packages/airflow/example_dags/plugins/event_listener.py for tasks to queue
[2025-04-13T17:43:54.715+0300] {logging_mixin.py:190} INFO - [2025-04-13T17:43:54.715+0300] {dagbag.py:588} INFO - Filling up the DagBag from /home/tasneemahmed24/.local/lib/python3.10/site-packages/airflow/example_dags/plugins/event_listener.py
[2025-04-13T17:43:54.717+0300] {processor.py:927} WARNING - No viable dags retrieved from /home/tasneemahmed24/.local/lib/python3.10/site-packages/airflow/example_dags/plugins/event_listener.py
[2025-04-13T17:43:54.725+0300] {processor.py:208} INFO - Processing /home/tasneemahmed24/.local/lib/python3.10/site-packages/airflow/example_dags/plugins/event_listener.py took 0.019 seconds
[2025-04-13T17:44:52.920+0300] {processor.py:186} INFO - Started process (PID=42420) to work on /home/tasneemahmed24/.local/lib/python3.10/site-packages/airflow/example_dags/plugins/event_listener.py
[2025-04-13T17:44:52.922+0300] {processor.py:914} INFO - Processing file /home/tasneemahmed24/.local/lib/python3.10/site-packages/airflow/example_dags/plugins/event_listener.py for tasks to queue
[2025-04-13T17:44:52.925+0300] {logging_mixin.py:190} INFO - [2025-04-13T17:44:52.925+0300] {dagbag.py:588} INFO - Filling up the DagBag from /home/tasneemahmed24/.local/lib/python3.10/site-packages/airflow/example_dags/plugins/event_listener.py
[2025-04-13T17:44:52.928+0300] {processor.py:927} WARNING - No viable dags retrieved from /home/tasneemahmed24/.local/lib/python3.10/site-packages/airflow/example_dags/plugins/event_listener.py
[2025-04-13T17:44:52.936+0300] {processor.py:208} INFO - Processing /home/tasneemahmed24/.local/lib/python3.10/site-packages/airflow/example_dags/plugins/event_listener.py took 0.023 seconds
[2025-04-13T17:45:49.244+0300] {processor.py:186} INFO - Started process (PID=42776) to work on /home/tasneemahmed24/.local/lib/python3.10/site-packages/airflow/example_dags/plugins/event_listener.py
[2025-04-13T17:45:49.247+0300] {processor.py:914} INFO - Processing file /home/tasneemahmed24/.local/lib/python3.10/site-packages/airflow/example_dags/plugins/event_listener.py for tasks to queue
[2025-04-13T17:45:49.249+0300] {logging_mixin.py:190} INFO - [2025-04-13T17:45:49.248+0300] {dagbag.py:588} INFO - Filling up the DagBag from /home/tasneemahmed24/.local/lib/python3.10/site-packages/airflow/example_dags/plugins/event_listener.py
[2025-04-13T17:45:49.252+0300] {processor.py:927} WARNING - No viable dags retrieved from /home/tasneemahmed24/.local/lib/python3.10/site-packages/airflow/example_dags/plugins/event_listener.py
[2025-04-13T17:45:49.262+0300] {processor.py:208} INFO - Processing /home/tasneemahmed24/.local/lib/python3.10/site-packages/airflow/example_dags/plugins/event_listener.py took 0.022 seconds
[2025-04-13T17:46:44.792+0300] {processor.py:186} INFO - Started process (PID=43068) to work on /home/tasneemahmed24/.local/lib/python3.10/site-packages/airflow/example_dags/plugins/event_listener.py
[2025-04-13T17:46:44.794+0300] {processor.py:914} INFO - Processing file /home/tasneemahmed24/.local/lib/python3.10/site-packages/airflow/example_dags/plugins/event_listener.py for tasks to queue
[2025-04-13T17:46:44.796+0300] {logging_mixin.py:190} INFO - [2025-04-13T17:46:44.796+0300] {dagbag.py:588} INFO - Filling up the DagBag from /home/tasneemahmed24/.local/lib/python3.10/site-packages/airflow/example_dags/plugins/event_listener.py
[2025-04-13T17:46:44.799+0300] {processor.py:927} WARNING - No viable dags retrieved from /home/tasneemahmed24/.local/lib/python3.10/site-packages/airflow/example_dags/plugins/event_listener.py
[2025-04-13T17:46:44.807+0300] {processor.py:208} INFO - Processing /home/tasneemahmed24/.local/lib/python3.10/site-packages/airflow/example_dags/plugins/event_listener.py took 0.023 seconds
[2025-04-13T17:47:35.886+0300] {processor.py:186} INFO - Started process (PID=43322) to work on /home/tasneemahmed24/.local/lib/python3.10/site-packages/airflow/example_dags/plugins/event_listener.py
[2025-04-13T17:47:35.888+0300] {processor.py:914} INFO - Processing file /home/tasneemahmed24/.local/lib/python3.10/site-packages/airflow/example_dags/plugins/event_listener.py for tasks to queue
[2025-04-13T17:47:35.890+0300] {logging_mixin.py:190} INFO - [2025-04-13T17:47:35.890+0300] {dagbag.py:588} INFO - Filling up the DagBag from /home/tasneemahmed24/.local/lib/python3.10/site-packages/airflow/example_dags/plugins/event_listener.py
[2025-04-13T17:47:35.892+0300] {processor.py:927} WARNING - No viable dags retrieved from /home/tasneemahmed24/.local/lib/python3.10/site-packages/airflow/example_dags/plugins/event_listener.py
[2025-04-13T17:47:35.900+0300] {processor.py:208} INFO - Processing /home/tasneemahmed24/.local/lib/python3.10/site-packages/airflow/example_dags/plugins/event_listener.py took 0.020 seconds
[2025-04-13T17:48:54.432+0300] {processor.py:186} INFO - Started process (PID=43653) to work on /home/tasneemahmed24/.local/lib/python3.10/site-packages/airflow/example_dags/plugins/event_listener.py
[2025-04-13T17:48:54.434+0300] {processor.py:914} INFO - Processing file /home/tasneemahmed24/.local/lib/python3.10/site-packages/airflow/example_dags/plugins/event_listener.py for tasks to queue
[2025-04-13T17:48:54.436+0300] {logging_mixin.py:190} INFO - [2025-04-13T17:48:54.436+0300] {dagbag.py:588} INFO - Filling up the DagBag from /home/tasneemahmed24/.local/lib/python3.10/site-packages/airflow/example_dags/plugins/event_listener.py
[2025-04-13T17:48:54.441+0300] {processor.py:927} WARNING - No viable dags retrieved from /home/tasneemahmed24/.local/lib/python3.10/site-packages/airflow/example_dags/plugins/event_listener.py
[2025-04-13T17:48:54.452+0300] {processor.py:208} INFO - Processing /home/tasneemahmed24/.local/lib/python3.10/site-packages/airflow/example_dags/plugins/event_listener.py took 0.027 seconds
[2025-04-13T17:50:05.860+0300] {processor.py:186} INFO - Started process (PID=43988) to work on /home/tasneemahmed24/.local/lib/python3.10/site-packages/airflow/example_dags/plugins/event_listener.py
[2025-04-13T17:50:05.861+0300] {processor.py:914} INFO - Processing file /home/tasneemahmed24/.local/lib/python3.10/site-packages/airflow/example_dags/plugins/event_listener.py for tasks to queue
[2025-04-13T17:50:05.863+0300] {logging_mixin.py:190} INFO - [2025-04-13T17:50:05.863+0300] {dagbag.py:588} INFO - Filling up the DagBag from /home/tasneemahmed24/.local/lib/python3.10/site-packages/airflow/example_dags/plugins/event_listener.py
[2025-04-13T17:50:05.866+0300] {processor.py:927} WARNING - No viable dags retrieved from /home/tasneemahmed24/.local/lib/python3.10/site-packages/airflow/example_dags/plugins/event_listener.py
[2025-04-13T17:50:05.876+0300] {processor.py:208} INFO - Processing /home/tasneemahmed24/.local/lib/python3.10/site-packages/airflow/example_dags/plugins/event_listener.py took 0.022 seconds
[2025-04-13T17:51:07.174+0300] {processor.py:186} INFO - Started process (PID=44277) to work on /home/tasneemahmed24/.local/lib/python3.10/site-packages/airflow/example_dags/plugins/event_listener.py
[2025-04-13T17:51:07.184+0300] {processor.py:914} INFO - Processing file /home/tasneemahmed24/.local/lib/python3.10/site-packages/airflow/example_dags/plugins/event_listener.py for tasks to queue
[2025-04-13T17:51:07.186+0300] {logging_mixin.py:190} INFO - [2025-04-13T17:51:07.186+0300] {dagbag.py:588} INFO - Filling up the DagBag from /home/tasneemahmed24/.local/lib/python3.10/site-packages/airflow/example_dags/plugins/event_listener.py
[2025-04-13T17:51:07.189+0300] {processor.py:927} WARNING - No viable dags retrieved from /home/tasneemahmed24/.local/lib/python3.10/site-packages/airflow/example_dags/plugins/event_listener.py
[2025-04-13T17:51:07.199+0300] {processor.py:208} INFO - Processing /home/tasneemahmed24/.local/lib/python3.10/site-packages/airflow/example_dags/plugins/event_listener.py took 0.033 seconds
[2025-04-13T17:52:12.037+0300] {processor.py:186} INFO - Started process (PID=44583) to work on /home/tasneemahmed24/.local/lib/python3.10/site-packages/airflow/example_dags/plugins/event_listener.py
[2025-04-13T17:52:12.039+0300] {processor.py:914} INFO - Processing file /home/tasneemahmed24/.local/lib/python3.10/site-packages/airflow/example_dags/plugins/event_listener.py for tasks to queue
[2025-04-13T17:52:12.042+0300] {logging_mixin.py:190} INFO - [2025-04-13T17:52:12.042+0300] {dagbag.py:588} INFO - Filling up the DagBag from /home/tasneemahmed24/.local/lib/python3.10/site-packages/airflow/example_dags/plugins/event_listener.py
[2025-04-13T17:52:12.045+0300] {processor.py:927} WARNING - No viable dags retrieved from /home/tasneemahmed24/.local/lib/python3.10/site-packages/airflow/example_dags/plugins/event_listener.py
[2025-04-13T17:52:12.055+0300] {processor.py:208} INFO - Processing /home/tasneemahmed24/.local/lib/python3.10/site-packages/airflow/example_dags/plugins/event_listener.py took 0.023 seconds
[2025-04-13T17:53:14.390+0300] {processor.py:186} INFO - Started process (PID=44879) to work on /home/tasneemahmed24/.local/lib/python3.10/site-packages/airflow/example_dags/plugins/event_listener.py
[2025-04-13T17:53:14.395+0300] {processor.py:914} INFO - Processing file /home/tasneemahmed24/.local/lib/python3.10/site-packages/airflow/example_dags/plugins/event_listener.py for tasks to queue
[2025-04-13T17:53:14.397+0300] {logging_mixin.py:190} INFO - [2025-04-13T17:53:14.397+0300] {dagbag.py:588} INFO - Filling up the DagBag from /home/tasneemahmed24/.local/lib/python3.10/site-packages/airflow/example_dags/plugins/event_listener.py
[2025-04-13T17:53:14.400+0300] {processor.py:927} WARNING - No viable dags retrieved from /home/tasneemahmed24/.local/lib/python3.10/site-packages/airflow/example_dags/plugins/event_listener.py
[2025-04-13T17:53:14.413+0300] {processor.py:208} INFO - Processing /home/tasneemahmed24/.local/lib/python3.10/site-packages/airflow/example_dags/plugins/event_listener.py took 0.031 seconds
[2025-04-13T17:54:13.201+0300] {processor.py:186} INFO - Started process (PID=45157) to work on /home/tasneemahmed24/.local/lib/python3.10/site-packages/airflow/example_dags/plugins/event_listener.py
[2025-04-13T17:54:13.209+0300] {processor.py:914} INFO - Processing file /home/tasneemahmed24/.local/lib/python3.10/site-packages/airflow/example_dags/plugins/event_listener.py for tasks to queue
[2025-04-13T17:54:13.212+0300] {logging_mixin.py:190} INFO - [2025-04-13T17:54:13.211+0300] {dagbag.py:588} INFO - Filling up the DagBag from /home/tasneemahmed24/.local/lib/python3.10/site-packages/airflow/example_dags/plugins/event_listener.py
[2025-04-13T17:54:13.215+0300] {processor.py:927} WARNING - No viable dags retrieved from /home/tasneemahmed24/.local/lib/python3.10/site-packages/airflow/example_dags/plugins/event_listener.py
[2025-04-13T17:54:13.227+0300] {processor.py:208} INFO - Processing /home/tasneemahmed24/.local/lib/python3.10/site-packages/airflow/example_dags/plugins/event_listener.py took 0.033 seconds
[2025-04-13T17:55:09.247+0300] {processor.py:186} INFO - Started process (PID=45421) to work on /home/tasneemahmed24/.local/lib/python3.10/site-packages/airflow/example_dags/plugins/event_listener.py
[2025-04-13T17:55:09.250+0300] {processor.py:914} INFO - Processing file /home/tasneemahmed24/.local/lib/python3.10/site-packages/airflow/example_dags/plugins/event_listener.py for tasks to queue
[2025-04-13T17:55:09.253+0300] {logging_mixin.py:190} INFO - [2025-04-13T17:55:09.252+0300] {dagbag.py:588} INFO - Filling up the DagBag from /home/tasneemahmed24/.local/lib/python3.10/site-packages/airflow/example_dags/plugins/event_listener.py
[2025-04-13T17:55:09.256+0300] {processor.py:927} WARNING - No viable dags retrieved from /home/tasneemahmed24/.local/lib/python3.10/site-packages/airflow/example_dags/plugins/event_listener.py
[2025-04-13T17:55:09.269+0300] {processor.py:208} INFO - Processing /home/tasneemahmed24/.local/lib/python3.10/site-packages/airflow/example_dags/plugins/event_listener.py took 0.029 seconds
[2025-04-13T17:56:12.866+0300] {processor.py:186} INFO - Started process (PID=45720) to work on /home/tasneemahmed24/.local/lib/python3.10/site-packages/airflow/example_dags/plugins/event_listener.py
[2025-04-13T17:56:12.868+0300] {processor.py:914} INFO - Processing file /home/tasneemahmed24/.local/lib/python3.10/site-packages/airflow/example_dags/plugins/event_listener.py for tasks to queue
[2025-04-13T17:56:12.871+0300] {logging_mixin.py:190} INFO - [2025-04-13T17:56:12.870+0300] {dagbag.py:588} INFO - Filling up the DagBag from /home/tasneemahmed24/.local/lib/python3.10/site-packages/airflow/example_dags/plugins/event_listener.py
[2025-04-13T17:56:12.873+0300] {processor.py:927} WARNING - No viable dags retrieved from /home/tasneemahmed24/.local/lib/python3.10/site-packages/airflow/example_dags/plugins/event_listener.py
[2025-04-13T17:56:12.884+0300] {processor.py:208} INFO - Processing /home/tasneemahmed24/.local/lib/python3.10/site-packages/airflow/example_dags/plugins/event_listener.py took 0.026 seconds
[2025-04-13T17:57:10.317+0300] {processor.py:186} INFO - Started process (PID=45990) to work on /home/tasneemahmed24/.local/lib/python3.10/site-packages/airflow/example_dags/plugins/event_listener.py
[2025-04-13T17:57:10.319+0300] {processor.py:914} INFO - Processing file /home/tasneemahmed24/.local/lib/python3.10/site-packages/airflow/example_dags/plugins/event_listener.py for tasks to queue
[2025-04-13T17:57:10.321+0300] {logging_mixin.py:190} INFO - [2025-04-13T17:57:10.320+0300] {dagbag.py:588} INFO - Filling up the DagBag from /home/tasneemahmed24/.local/lib/python3.10/site-packages/airflow/example_dags/plugins/event_listener.py
[2025-04-13T17:57:10.323+0300] {processor.py:927} WARNING - No viable dags retrieved from /home/tasneemahmed24/.local/lib/python3.10/site-packages/airflow/example_dags/plugins/event_listener.py
[2025-04-13T17:57:10.333+0300] {processor.py:208} INFO - Processing /home/tasneemahmed24/.local/lib/python3.10/site-packages/airflow/example_dags/plugins/event_listener.py took 0.023 seconds
[2025-04-13T17:58:05.871+0300] {processor.py:186} INFO - Started process (PID=46252) to work on /home/tasneemahmed24/.local/lib/python3.10/site-packages/airflow/example_dags/plugins/event_listener.py
[2025-04-13T17:58:05.873+0300] {processor.py:914} INFO - Processing file /home/tasneemahmed24/.local/lib/python3.10/site-packages/airflow/example_dags/plugins/event_listener.py for tasks to queue
[2025-04-13T17:58:05.875+0300] {logging_mixin.py:190} INFO - [2025-04-13T17:58:05.875+0300] {dagbag.py:588} INFO - Filling up the DagBag from /home/tasneemahmed24/.local/lib/python3.10/site-packages/airflow/example_dags/plugins/event_listener.py
[2025-04-13T17:58:05.878+0300] {processor.py:927} WARNING - No viable dags retrieved from /home/tasneemahmed24/.local/lib/python3.10/site-packages/airflow/example_dags/plugins/event_listener.py
[2025-04-13T17:58:05.888+0300] {processor.py:208} INFO - Processing /home/tasneemahmed24/.local/lib/python3.10/site-packages/airflow/example_dags/plugins/event_listener.py took 0.023 seconds
[2025-04-13T17:59:03.023+0300] {processor.py:186} INFO - Started process (PID=46521) to work on /home/tasneemahmed24/.local/lib/python3.10/site-packages/airflow/example_dags/plugins/event_listener.py
[2025-04-13T17:59:03.032+0300] {processor.py:914} INFO - Processing file /home/tasneemahmed24/.local/lib/python3.10/site-packages/airflow/example_dags/plugins/event_listener.py for tasks to queue
[2025-04-13T17:59:03.034+0300] {logging_mixin.py:190} INFO - [2025-04-13T17:59:03.034+0300] {dagbag.py:588} INFO - Filling up the DagBag from /home/tasneemahmed24/.local/lib/python3.10/site-packages/airflow/example_dags/plugins/event_listener.py
[2025-04-13T17:59:03.036+0300] {processor.py:927} WARNING - No viable dags retrieved from /home/tasneemahmed24/.local/lib/python3.10/site-packages/airflow/example_dags/plugins/event_listener.py
[2025-04-13T17:59:03.046+0300] {processor.py:208} INFO - Processing /home/tasneemahmed24/.local/lib/python3.10/site-packages/airflow/example_dags/plugins/event_listener.py took 0.029 seconds
[2025-04-13T17:59:57.779+0300] {processor.py:186} INFO - Started process (PID=46783) to work on /home/tasneemahmed24/.local/lib/python3.10/site-packages/airflow/example_dags/plugins/event_listener.py
[2025-04-13T17:59:57.788+0300] {processor.py:914} INFO - Processing file /home/tasneemahmed24/.local/lib/python3.10/site-packages/airflow/example_dags/plugins/event_listener.py for tasks to queue
[2025-04-13T17:59:57.790+0300] {logging_mixin.py:190} INFO - [2025-04-13T17:59:57.789+0300] {dagbag.py:588} INFO - Filling up the DagBag from /home/tasneemahmed24/.local/lib/python3.10/site-packages/airflow/example_dags/plugins/event_listener.py
[2025-04-13T17:59:57.792+0300] {processor.py:927} WARNING - No viable dags retrieved from /home/tasneemahmed24/.local/lib/python3.10/site-packages/airflow/example_dags/plugins/event_listener.py
[2025-04-13T17:59:57.802+0300] {processor.py:208} INFO - Processing /home/tasneemahmed24/.local/lib/python3.10/site-packages/airflow/example_dags/plugins/event_listener.py took 0.030 seconds
[2025-04-13T18:00:51.256+0300] {processor.py:186} INFO - Started process (PID=47039) to work on /home/tasneemahmed24/.local/lib/python3.10/site-packages/airflow/example_dags/plugins/event_listener.py
[2025-04-13T18:00:51.258+0300] {processor.py:914} INFO - Processing file /home/tasneemahmed24/.local/lib/python3.10/site-packages/airflow/example_dags/plugins/event_listener.py for tasks to queue
[2025-04-13T18:00:51.261+0300] {logging_mixin.py:190} INFO - [2025-04-13T18:00:51.260+0300] {dagbag.py:588} INFO - Filling up the DagBag from /home/tasneemahmed24/.local/lib/python3.10/site-packages/airflow/example_dags/plugins/event_listener.py
[2025-04-13T18:00:51.263+0300] {processor.py:927} WARNING - No viable dags retrieved from /home/tasneemahmed24/.local/lib/python3.10/site-packages/airflow/example_dags/plugins/event_listener.py
[2025-04-13T18:00:51.273+0300] {processor.py:208} INFO - Processing /home/tasneemahmed24/.local/lib/python3.10/site-packages/airflow/example_dags/plugins/event_listener.py took 0.024 seconds
[2025-04-13T18:01:47.809+0300] {processor.py:186} INFO - Started process (PID=47307) to work on /home/tasneemahmed24/.local/lib/python3.10/site-packages/airflow/example_dags/plugins/event_listener.py
[2025-04-13T18:01:47.811+0300] {processor.py:914} INFO - Processing file /home/tasneemahmed24/.local/lib/python3.10/site-packages/airflow/example_dags/plugins/event_listener.py for tasks to queue
[2025-04-13T18:01:47.813+0300] {logging_mixin.py:190} INFO - [2025-04-13T18:01:47.812+0300] {dagbag.py:588} INFO - Filling up the DagBag from /home/tasneemahmed24/.local/lib/python3.10/site-packages/airflow/example_dags/plugins/event_listener.py
[2025-04-13T18:01:47.815+0300] {processor.py:927} WARNING - No viable dags retrieved from /home/tasneemahmed24/.local/lib/python3.10/site-packages/airflow/example_dags/plugins/event_listener.py
[2025-04-13T18:01:47.825+0300] {processor.py:208} INFO - Processing /home/tasneemahmed24/.local/lib/python3.10/site-packages/airflow/example_dags/plugins/event_listener.py took 0.022 seconds
[2025-04-13T18:02:48.855+0300] {processor.py:186} INFO - Started process (PID=47593) to work on /home/tasneemahmed24/.local/lib/python3.10/site-packages/airflow/example_dags/plugins/event_listener.py
[2025-04-13T18:02:48.864+0300] {processor.py:914} INFO - Processing file /home/tasneemahmed24/.local/lib/python3.10/site-packages/airflow/example_dags/plugins/event_listener.py for tasks to queue
[2025-04-13T18:02:48.866+0300] {logging_mixin.py:190} INFO - [2025-04-13T18:02:48.866+0300] {dagbag.py:588} INFO - Filling up the DagBag from /home/tasneemahmed24/.local/lib/python3.10/site-packages/airflow/example_dags/plugins/event_listener.py
[2025-04-13T18:02:48.869+0300] {processor.py:927} WARNING - No viable dags retrieved from /home/tasneemahmed24/.local/lib/python3.10/site-packages/airflow/example_dags/plugins/event_listener.py
[2025-04-13T18:02:48.886+0300] {processor.py:208} INFO - Processing /home/tasneemahmed24/.local/lib/python3.10/site-packages/airflow/example_dags/plugins/event_listener.py took 0.037 seconds
[2025-04-13T18:03:43.082+0300] {processor.py:186} INFO - Started process (PID=47853) to work on /home/tasneemahmed24/.local/lib/python3.10/site-packages/airflow/example_dags/plugins/event_listener.py
[2025-04-13T18:03:43.090+0300] {processor.py:914} INFO - Processing file /home/tasneemahmed24/.local/lib/python3.10/site-packages/airflow/example_dags/plugins/event_listener.py for tasks to queue
[2025-04-13T18:03:43.093+0300] {logging_mixin.py:190} INFO - [2025-04-13T18:03:43.092+0300] {dagbag.py:588} INFO - Filling up the DagBag from /home/tasneemahmed24/.local/lib/python3.10/site-packages/airflow/example_dags/plugins/event_listener.py
[2025-04-13T18:03:43.096+0300] {processor.py:927} WARNING - No viable dags retrieved from /home/tasneemahmed24/.local/lib/python3.10/site-packages/airflow/example_dags/plugins/event_listener.py
[2025-04-13T18:03:43.108+0300] {processor.py:208} INFO - Processing /home/tasneemahmed24/.local/lib/python3.10/site-packages/airflow/example_dags/plugins/event_listener.py took 0.032 seconds
[2025-04-13T18:04:48.420+0300] {processor.py:186} INFO - Started process (PID=48163) to work on /home/tasneemahmed24/.local/lib/python3.10/site-packages/airflow/example_dags/plugins/event_listener.py
[2025-04-13T18:04:48.429+0300] {processor.py:914} INFO - Processing file /home/tasneemahmed24/.local/lib/python3.10/site-packages/airflow/example_dags/plugins/event_listener.py for tasks to queue
[2025-04-13T18:04:48.432+0300] {logging_mixin.py:190} INFO - [2025-04-13T18:04:48.432+0300] {dagbag.py:588} INFO - Filling up the DagBag from /home/tasneemahmed24/.local/lib/python3.10/site-packages/airflow/example_dags/plugins/event_listener.py
[2025-04-13T18:04:48.436+0300] {processor.py:927} WARNING - No viable dags retrieved from /home/tasneemahmed24/.local/lib/python3.10/site-packages/airflow/example_dags/plugins/event_listener.py
[2025-04-13T18:04:48.451+0300] {processor.py:208} INFO - Processing /home/tasneemahmed24/.local/lib/python3.10/site-packages/airflow/example_dags/plugins/event_listener.py took 0.038 seconds
[2025-04-13T18:05:46.985+0300] {processor.py:186} INFO - Started process (PID=48441) to work on /home/tasneemahmed24/.local/lib/python3.10/site-packages/airflow/example_dags/plugins/event_listener.py
[2025-04-13T18:05:46.994+0300] {processor.py:914} INFO - Processing file /home/tasneemahmed24/.local/lib/python3.10/site-packages/airflow/example_dags/plugins/event_listener.py for tasks to queue
[2025-04-13T18:05:46.996+0300] {logging_mixin.py:190} INFO - [2025-04-13T18:05:46.995+0300] {dagbag.py:588} INFO - Filling up the DagBag from /home/tasneemahmed24/.local/lib/python3.10/site-packages/airflow/example_dags/plugins/event_listener.py
[2025-04-13T18:05:46.999+0300] {processor.py:927} WARNING - No viable dags retrieved from /home/tasneemahmed24/.local/lib/python3.10/site-packages/airflow/example_dags/plugins/event_listener.py
[2025-04-13T18:05:47.009+0300] {processor.py:208} INFO - Processing /home/tasneemahmed24/.local/lib/python3.10/site-packages/airflow/example_dags/plugins/event_listener.py took 0.031 seconds
[2025-04-13T18:06:40.326+0300] {processor.py:186} INFO - Started process (PID=48695) to work on /home/tasneemahmed24/.local/lib/python3.10/site-packages/airflow/example_dags/plugins/event_listener.py
[2025-04-13T18:06:40.334+0300] {processor.py:914} INFO - Processing file /home/tasneemahmed24/.local/lib/python3.10/site-packages/airflow/example_dags/plugins/event_listener.py for tasks to queue
[2025-04-13T18:06:40.337+0300] {logging_mixin.py:190} INFO - [2025-04-13T18:06:40.337+0300] {dagbag.py:588} INFO - Filling up the DagBag from /home/tasneemahmed24/.local/lib/python3.10/site-packages/airflow/example_dags/plugins/event_listener.py
[2025-04-13T18:06:40.340+0300] {processor.py:927} WARNING - No viable dags retrieved from /home/tasneemahmed24/.local/lib/python3.10/site-packages/airflow/example_dags/plugins/event_listener.py
[2025-04-13T18:06:40.353+0300] {processor.py:208} INFO - Processing /home/tasneemahmed24/.local/lib/python3.10/site-packages/airflow/example_dags/plugins/event_listener.py took 0.036 seconds
[2025-04-13T18:07:36.638+0300] {processor.py:186} INFO - Started process (PID=48964) to work on /home/tasneemahmed24/.local/lib/python3.10/site-packages/airflow/example_dags/plugins/event_listener.py
[2025-04-13T18:07:36.646+0300] {processor.py:914} INFO - Processing file /home/tasneemahmed24/.local/lib/python3.10/site-packages/airflow/example_dags/plugins/event_listener.py for tasks to queue
[2025-04-13T18:07:36.651+0300] {logging_mixin.py:190} INFO - [2025-04-13T18:07:36.650+0300] {dagbag.py:588} INFO - Filling up the DagBag from /home/tasneemahmed24/.local/lib/python3.10/site-packages/airflow/example_dags/plugins/event_listener.py
[2025-04-13T18:07:36.655+0300] {processor.py:927} WARNING - No viable dags retrieved from /home/tasneemahmed24/.local/lib/python3.10/site-packages/airflow/example_dags/plugins/event_listener.py
[2025-04-13T18:07:36.668+0300] {processor.py:208} INFO - Processing /home/tasneemahmed24/.local/lib/python3.10/site-packages/airflow/example_dags/plugins/event_listener.py took 0.040 seconds
[2025-04-13T18:08:30.641+0300] {processor.py:186} INFO - Started process (PID=49221) to work on /home/tasneemahmed24/.local/lib/python3.10/site-packages/airflow/example_dags/plugins/event_listener.py
[2025-04-13T18:08:30.650+0300] {processor.py:914} INFO - Processing file /home/tasneemahmed24/.local/lib/python3.10/site-packages/airflow/example_dags/plugins/event_listener.py for tasks to queue
[2025-04-13T18:08:30.652+0300] {logging_mixin.py:190} INFO - [2025-04-13T18:08:30.652+0300] {dagbag.py:588} INFO - Filling up the DagBag from /home/tasneemahmed24/.local/lib/python3.10/site-packages/airflow/example_dags/plugins/event_listener.py
[2025-04-13T18:08:30.655+0300] {processor.py:927} WARNING - No viable dags retrieved from /home/tasneemahmed24/.local/lib/python3.10/site-packages/airflow/example_dags/plugins/event_listener.py
[2025-04-13T18:08:30.664+0300] {processor.py:208} INFO - Processing /home/tasneemahmed24/.local/lib/python3.10/site-packages/airflow/example_dags/plugins/event_listener.py took 0.031 seconds
[2025-04-13T18:09:27.288+0300] {processor.py:186} INFO - Started process (PID=49510) to work on /home/tasneemahmed24/.local/lib/python3.10/site-packages/airflow/example_dags/plugins/event_listener.py
[2025-04-13T18:09:27.291+0300] {processor.py:914} INFO - Processing file /home/tasneemahmed24/.local/lib/python3.10/site-packages/airflow/example_dags/plugins/event_listener.py for tasks to queue
[2025-04-13T18:09:27.296+0300] {logging_mixin.py:190} INFO - [2025-04-13T18:09:27.295+0300] {dagbag.py:588} INFO - Filling up the DagBag from /home/tasneemahmed24/.local/lib/python3.10/site-packages/airflow/example_dags/plugins/event_listener.py
[2025-04-13T18:09:27.302+0300] {processor.py:927} WARNING - No viable dags retrieved from /home/tasneemahmed24/.local/lib/python3.10/site-packages/airflow/example_dags/plugins/event_listener.py
[2025-04-13T18:09:27.315+0300] {processor.py:208} INFO - Processing /home/tasneemahmed24/.local/lib/python3.10/site-packages/airflow/example_dags/plugins/event_listener.py took 0.038 seconds
[2025-04-13T18:10:27.874+0300] {processor.py:186} INFO - Started process (PID=49800) to work on /home/tasneemahmed24/.local/lib/python3.10/site-packages/airflow/example_dags/plugins/event_listener.py
[2025-04-13T18:10:27.878+0300] {processor.py:914} INFO - Processing file /home/tasneemahmed24/.local/lib/python3.10/site-packages/airflow/example_dags/plugins/event_listener.py for tasks to queue
[2025-04-13T18:10:27.882+0300] {logging_mixin.py:190} INFO - [2025-04-13T18:10:27.881+0300] {dagbag.py:588} INFO - Filling up the DagBag from /home/tasneemahmed24/.local/lib/python3.10/site-packages/airflow/example_dags/plugins/event_listener.py
[2025-04-13T18:10:27.885+0300] {processor.py:927} WARNING - No viable dags retrieved from /home/tasneemahmed24/.local/lib/python3.10/site-packages/airflow/example_dags/plugins/event_listener.py
[2025-04-13T18:10:27.899+0300] {processor.py:208} INFO - Processing /home/tasneemahmed24/.local/lib/python3.10/site-packages/airflow/example_dags/plugins/event_listener.py took 0.035 seconds
[2025-04-13T18:11:23.692+0300] {processor.py:186} INFO - Started process (PID=50064) to work on /home/tasneemahmed24/.local/lib/python3.10/site-packages/airflow/example_dags/plugins/event_listener.py
[2025-04-13T18:11:23.700+0300] {processor.py:914} INFO - Processing file /home/tasneemahmed24/.local/lib/python3.10/site-packages/airflow/example_dags/plugins/event_listener.py for tasks to queue
[2025-04-13T18:11:23.702+0300] {logging_mixin.py:190} INFO - [2025-04-13T18:11:23.702+0300] {dagbag.py:588} INFO - Filling up the DagBag from /home/tasneemahmed24/.local/lib/python3.10/site-packages/airflow/example_dags/plugins/event_listener.py
[2025-04-13T18:11:23.705+0300] {processor.py:927} WARNING - No viable dags retrieved from /home/tasneemahmed24/.local/lib/python3.10/site-packages/airflow/example_dags/plugins/event_listener.py
[2025-04-13T18:11:23.715+0300] {processor.py:208} INFO - Processing /home/tasneemahmed24/.local/lib/python3.10/site-packages/airflow/example_dags/plugins/event_listener.py took 0.030 seconds
[2025-04-13T18:12:21.728+0300] {processor.py:186} INFO - Started process (PID=50398) to work on /home/tasneemahmed24/.local/lib/python3.10/site-packages/airflow/example_dags/plugins/event_listener.py
[2025-04-13T18:12:21.736+0300] {processor.py:914} INFO - Processing file /home/tasneemahmed24/.local/lib/python3.10/site-packages/airflow/example_dags/plugins/event_listener.py for tasks to queue
[2025-04-13T18:12:21.739+0300] {logging_mixin.py:190} INFO - [2025-04-13T18:12:21.739+0300] {dagbag.py:588} INFO - Filling up the DagBag from /home/tasneemahmed24/.local/lib/python3.10/site-packages/airflow/example_dags/plugins/event_listener.py
[2025-04-13T18:12:21.743+0300] {processor.py:927} WARNING - No viable dags retrieved from /home/tasneemahmed24/.local/lib/python3.10/site-packages/airflow/example_dags/plugins/event_listener.py
[2025-04-13T18:12:21.754+0300] {processor.py:208} INFO - Processing /home/tasneemahmed24/.local/lib/python3.10/site-packages/airflow/example_dags/plugins/event_listener.py took 0.032 seconds
[2025-04-13T18:13:17.780+0300] {processor.py:186} INFO - Started process (PID=50663) to work on /home/tasneemahmed24/.local/lib/python3.10/site-packages/airflow/example_dags/plugins/event_listener.py
[2025-04-13T18:13:17.783+0300] {processor.py:914} INFO - Processing file /home/tasneemahmed24/.local/lib/python3.10/site-packages/airflow/example_dags/plugins/event_listener.py for tasks to queue
[2025-04-13T18:13:17.786+0300] {logging_mixin.py:190} INFO - [2025-04-13T18:13:17.786+0300] {dagbag.py:588} INFO - Filling up the DagBag from /home/tasneemahmed24/.local/lib/python3.10/site-packages/airflow/example_dags/plugins/event_listener.py
[2025-04-13T18:13:17.789+0300] {processor.py:927} WARNING - No viable dags retrieved from /home/tasneemahmed24/.local/lib/python3.10/site-packages/airflow/example_dags/plugins/event_listener.py
[2025-04-13T18:13:17.798+0300] {processor.py:208} INFO - Processing /home/tasneemahmed24/.local/lib/python3.10/site-packages/airflow/example_dags/plugins/event_listener.py took 0.025 seconds
[2025-04-13T18:14:15.367+0300] {processor.py:186} INFO - Started process (PID=50947) to work on /home/tasneemahmed24/.local/lib/python3.10/site-packages/airflow/example_dags/plugins/event_listener.py
[2025-04-13T18:14:15.376+0300] {processor.py:914} INFO - Processing file /home/tasneemahmed24/.local/lib/python3.10/site-packages/airflow/example_dags/plugins/event_listener.py for tasks to queue
[2025-04-13T18:14:15.378+0300] {logging_mixin.py:190} INFO - [2025-04-13T18:14:15.378+0300] {dagbag.py:588} INFO - Filling up the DagBag from /home/tasneemahmed24/.local/lib/python3.10/site-packages/airflow/example_dags/plugins/event_listener.py
[2025-04-13T18:14:15.381+0300] {processor.py:927} WARNING - No viable dags retrieved from /home/tasneemahmed24/.local/lib/python3.10/site-packages/airflow/example_dags/plugins/event_listener.py
[2025-04-13T18:14:15.391+0300] {processor.py:208} INFO - Processing /home/tasneemahmed24/.local/lib/python3.10/site-packages/airflow/example_dags/plugins/event_listener.py took 0.031 seconds
[2025-04-13T18:15:14.767+0300] {processor.py:186} INFO - Started process (PID=51250) to work on /home/tasneemahmed24/.local/lib/python3.10/site-packages/airflow/example_dags/plugins/event_listener.py
[2025-04-13T18:15:14.769+0300] {processor.py:914} INFO - Processing file /home/tasneemahmed24/.local/lib/python3.10/site-packages/airflow/example_dags/plugins/event_listener.py for tasks to queue
[2025-04-13T18:15:14.772+0300] {logging_mixin.py:190} INFO - [2025-04-13T18:15:14.772+0300] {dagbag.py:588} INFO - Filling up the DagBag from /home/tasneemahmed24/.local/lib/python3.10/site-packages/airflow/example_dags/plugins/event_listener.py
[2025-04-13T18:15:14.775+0300] {processor.py:927} WARNING - No viable dags retrieved from /home/tasneemahmed24/.local/lib/python3.10/site-packages/airflow/example_dags/plugins/event_listener.py
[2025-04-13T18:15:14.788+0300] {processor.py:208} INFO - Processing /home/tasneemahmed24/.local/lib/python3.10/site-packages/airflow/example_dags/plugins/event_listener.py took 0.027 seconds
[2025-04-13T18:16:17.201+0300] {processor.py:186} INFO - Started process (PID=51544) to work on /home/tasneemahmed24/.local/lib/python3.10/site-packages/airflow/example_dags/plugins/event_listener.py
[2025-04-13T18:16:17.204+0300] {processor.py:914} INFO - Processing file /home/tasneemahmed24/.local/lib/python3.10/site-packages/airflow/example_dags/plugins/event_listener.py for tasks to queue
[2025-04-13T18:16:17.206+0300] {logging_mixin.py:190} INFO - [2025-04-13T18:16:17.206+0300] {dagbag.py:588} INFO - Filling up the DagBag from /home/tasneemahmed24/.local/lib/python3.10/site-packages/airflow/example_dags/plugins/event_listener.py
[2025-04-13T18:16:17.210+0300] {processor.py:927} WARNING - No viable dags retrieved from /home/tasneemahmed24/.local/lib/python3.10/site-packages/airflow/example_dags/plugins/event_listener.py
[2025-04-13T18:16:17.224+0300] {processor.py:208} INFO - Processing /home/tasneemahmed24/.local/lib/python3.10/site-packages/airflow/example_dags/plugins/event_listener.py took 0.034 seconds
[2025-04-13T18:17:17.470+0300] {processor.py:186} INFO - Started process (PID=51833) to work on /home/tasneemahmed24/.local/lib/python3.10/site-packages/airflow/example_dags/plugins/event_listener.py
[2025-04-13T18:17:17.478+0300] {processor.py:914} INFO - Processing file /home/tasneemahmed24/.local/lib/python3.10/site-packages/airflow/example_dags/plugins/event_listener.py for tasks to queue
[2025-04-13T18:17:17.481+0300] {logging_mixin.py:190} INFO - [2025-04-13T18:17:17.480+0300] {dagbag.py:588} INFO - Filling up the DagBag from /home/tasneemahmed24/.local/lib/python3.10/site-packages/airflow/example_dags/plugins/event_listener.py
[2025-04-13T18:17:17.483+0300] {processor.py:927} WARNING - No viable dags retrieved from /home/tasneemahmed24/.local/lib/python3.10/site-packages/airflow/example_dags/plugins/event_listener.py
[2025-04-13T18:17:17.498+0300] {processor.py:208} INFO - Processing /home/tasneemahmed24/.local/lib/python3.10/site-packages/airflow/example_dags/plugins/event_listener.py took 0.035 seconds
[2025-04-13T18:18:15.722+0300] {processor.py:186} INFO - Started process (PID=52108) to work on /home/tasneemahmed24/.local/lib/python3.10/site-packages/airflow/example_dags/plugins/event_listener.py
[2025-04-13T18:18:15.731+0300] {processor.py:914} INFO - Processing file /home/tasneemahmed24/.local/lib/python3.10/site-packages/airflow/example_dags/plugins/event_listener.py for tasks to queue
[2025-04-13T18:18:15.736+0300] {logging_mixin.py:190} INFO - [2025-04-13T18:18:15.735+0300] {dagbag.py:588} INFO - Filling up the DagBag from /home/tasneemahmed24/.local/lib/python3.10/site-packages/airflow/example_dags/plugins/event_listener.py
[2025-04-13T18:18:15.740+0300] {processor.py:927} WARNING - No viable dags retrieved from /home/tasneemahmed24/.local/lib/python3.10/site-packages/airflow/example_dags/plugins/event_listener.py
[2025-04-13T18:18:15.756+0300] {processor.py:208} INFO - Processing /home/tasneemahmed24/.local/lib/python3.10/site-packages/airflow/example_dags/plugins/event_listener.py took 0.044 seconds
[2025-04-13T18:19:16.255+0300] {processor.py:186} INFO - Started process (PID=52394) to work on /home/tasneemahmed24/.local/lib/python3.10/site-packages/airflow/example_dags/plugins/event_listener.py
[2025-04-13T18:19:16.263+0300] {processor.py:914} INFO - Processing file /home/tasneemahmed24/.local/lib/python3.10/site-packages/airflow/example_dags/plugins/event_listener.py for tasks to queue
[2025-04-13T18:19:16.266+0300] {logging_mixin.py:190} INFO - [2025-04-13T18:19:16.265+0300] {dagbag.py:588} INFO - Filling up the DagBag from /home/tasneemahmed24/.local/lib/python3.10/site-packages/airflow/example_dags/plugins/event_listener.py
[2025-04-13T18:19:16.269+0300] {processor.py:927} WARNING - No viable dags retrieved from /home/tasneemahmed24/.local/lib/python3.10/site-packages/airflow/example_dags/plugins/event_listener.py
[2025-04-13T18:19:16.281+0300] {processor.py:208} INFO - Processing /home/tasneemahmed24/.local/lib/python3.10/site-packages/airflow/example_dags/plugins/event_listener.py took 0.034 seconds
[2025-04-13T18:20:13.889+0300] {processor.py:186} INFO - Started process (PID=52669) to work on /home/tasneemahmed24/.local/lib/python3.10/site-packages/airflow/example_dags/plugins/event_listener.py
[2025-04-13T18:20:13.891+0300] {processor.py:914} INFO - Processing file /home/tasneemahmed24/.local/lib/python3.10/site-packages/airflow/example_dags/plugins/event_listener.py for tasks to queue
[2025-04-13T18:20:13.895+0300] {logging_mixin.py:190} INFO - [2025-04-13T18:20:13.894+0300] {dagbag.py:588} INFO - Filling up the DagBag from /home/tasneemahmed24/.local/lib/python3.10/site-packages/airflow/example_dags/plugins/event_listener.py
[2025-04-13T18:20:13.898+0300] {processor.py:927} WARNING - No viable dags retrieved from /home/tasneemahmed24/.local/lib/python3.10/site-packages/airflow/example_dags/plugins/event_listener.py
[2025-04-13T18:20:13.912+0300] {processor.py:208} INFO - Processing /home/tasneemahmed24/.local/lib/python3.10/site-packages/airflow/example_dags/plugins/event_listener.py took 0.033 seconds
[2025-04-13T18:21:19.555+0300] {processor.py:186} INFO - Started process (PID=53006) to work on /home/tasneemahmed24/.local/lib/python3.10/site-packages/airflow/example_dags/plugins/event_listener.py
[2025-04-13T18:21:19.563+0300] {processor.py:914} INFO - Processing file /home/tasneemahmed24/.local/lib/python3.10/site-packages/airflow/example_dags/plugins/event_listener.py for tasks to queue
[2025-04-13T18:21:19.565+0300] {logging_mixin.py:190} INFO - [2025-04-13T18:21:19.565+0300] {dagbag.py:588} INFO - Filling up the DagBag from /home/tasneemahmed24/.local/lib/python3.10/site-packages/airflow/example_dags/plugins/event_listener.py
[2025-04-13T18:21:19.568+0300] {processor.py:927} WARNING - No viable dags retrieved from /home/tasneemahmed24/.local/lib/python3.10/site-packages/airflow/example_dags/plugins/event_listener.py
[2025-04-13T18:21:19.580+0300] {processor.py:208} INFO - Processing /home/tasneemahmed24/.local/lib/python3.10/site-packages/airflow/example_dags/plugins/event_listener.py took 0.032 seconds
[2025-04-13T18:22:18.883+0300] {processor.py:186} INFO - Started process (PID=53319) to work on /home/tasneemahmed24/.local/lib/python3.10/site-packages/airflow/example_dags/plugins/event_listener.py
[2025-04-13T18:22:18.885+0300] {processor.py:914} INFO - Processing file /home/tasneemahmed24/.local/lib/python3.10/site-packages/airflow/example_dags/plugins/event_listener.py for tasks to queue
[2025-04-13T18:22:18.888+0300] {logging_mixin.py:190} INFO - [2025-04-13T18:22:18.887+0300] {dagbag.py:588} INFO - Filling up the DagBag from /home/tasneemahmed24/.local/lib/python3.10/site-packages/airflow/example_dags/plugins/event_listener.py
[2025-04-13T18:22:18.891+0300] {processor.py:927} WARNING - No viable dags retrieved from /home/tasneemahmed24/.local/lib/python3.10/site-packages/airflow/example_dags/plugins/event_listener.py
[2025-04-13T18:22:18.904+0300] {processor.py:208} INFO - Processing /home/tasneemahmed24/.local/lib/python3.10/site-packages/airflow/example_dags/plugins/event_listener.py took 0.029 seconds
[2025-04-13T18:23:16.873+0300] {processor.py:186} INFO - Started process (PID=53603) to work on /home/tasneemahmed24/.local/lib/python3.10/site-packages/airflow/example_dags/plugins/event_listener.py
[2025-04-13T18:23:16.875+0300] {processor.py:914} INFO - Processing file /home/tasneemahmed24/.local/lib/python3.10/site-packages/airflow/example_dags/plugins/event_listener.py for tasks to queue
[2025-04-13T18:23:16.880+0300] {logging_mixin.py:190} INFO - [2025-04-13T18:23:16.879+0300] {dagbag.py:588} INFO - Filling up the DagBag from /home/tasneemahmed24/.local/lib/python3.10/site-packages/airflow/example_dags/plugins/event_listener.py
[2025-04-13T18:23:16.885+0300] {processor.py:927} WARNING - No viable dags retrieved from /home/tasneemahmed24/.local/lib/python3.10/site-packages/airflow/example_dags/plugins/event_listener.py
[2025-04-13T18:23:16.898+0300] {processor.py:208} INFO - Processing /home/tasneemahmed24/.local/lib/python3.10/site-packages/airflow/example_dags/plugins/event_listener.py took 0.032 seconds
[2025-04-13T18:24:26.537+0300] {processor.py:186} INFO - Started process (PID=53939) to work on /home/tasneemahmed24/.local/lib/python3.10/site-packages/airflow/example_dags/plugins/event_listener.py
[2025-04-13T18:24:26.538+0300] {processor.py:914} INFO - Processing file /home/tasneemahmed24/.local/lib/python3.10/site-packages/airflow/example_dags/plugins/event_listener.py for tasks to queue
[2025-04-13T18:24:26.540+0300] {logging_mixin.py:190} INFO - [2025-04-13T18:24:26.540+0300] {dagbag.py:588} INFO - Filling up the DagBag from /home/tasneemahmed24/.local/lib/python3.10/site-packages/airflow/example_dags/plugins/event_listener.py
[2025-04-13T18:24:26.542+0300] {processor.py:927} WARNING - No viable dags retrieved from /home/tasneemahmed24/.local/lib/python3.10/site-packages/airflow/example_dags/plugins/event_listener.py
[2025-04-13T18:24:26.553+0300] {processor.py:208} INFO - Processing /home/tasneemahmed24/.local/lib/python3.10/site-packages/airflow/example_dags/plugins/event_listener.py took 0.025 seconds
[2025-04-13T18:25:25.777+0300] {processor.py:186} INFO - Started process (PID=54222) to work on /home/tasneemahmed24/.local/lib/python3.10/site-packages/airflow/example_dags/plugins/event_listener.py
[2025-04-13T18:25:25.779+0300] {processor.py:914} INFO - Processing file /home/tasneemahmed24/.local/lib/python3.10/site-packages/airflow/example_dags/plugins/event_listener.py for tasks to queue
[2025-04-13T18:25:25.782+0300] {logging_mixin.py:190} INFO - [2025-04-13T18:25:25.781+0300] {dagbag.py:588} INFO - Filling up the DagBag from /home/tasneemahmed24/.local/lib/python3.10/site-packages/airflow/example_dags/plugins/event_listener.py
[2025-04-13T18:25:25.784+0300] {processor.py:927} WARNING - No viable dags retrieved from /home/tasneemahmed24/.local/lib/python3.10/site-packages/airflow/example_dags/plugins/event_listener.py
[2025-04-13T18:25:25.796+0300] {processor.py:208} INFO - Processing /home/tasneemahmed24/.local/lib/python3.10/site-packages/airflow/example_dags/plugins/event_listener.py took 0.026 seconds
[2025-04-13T18:26:26.892+0300] {processor.py:186} INFO - Started process (PID=54517) to work on /home/tasneemahmed24/.local/lib/python3.10/site-packages/airflow/example_dags/plugins/event_listener.py
[2025-04-13T18:26:26.894+0300] {processor.py:914} INFO - Processing file /home/tasneemahmed24/.local/lib/python3.10/site-packages/airflow/example_dags/plugins/event_listener.py for tasks to queue
[2025-04-13T18:26:26.896+0300] {logging_mixin.py:190} INFO - [2025-04-13T18:26:26.896+0300] {dagbag.py:588} INFO - Filling up the DagBag from /home/tasneemahmed24/.local/lib/python3.10/site-packages/airflow/example_dags/plugins/event_listener.py
[2025-04-13T18:26:26.900+0300] {processor.py:927} WARNING - No viable dags retrieved from /home/tasneemahmed24/.local/lib/python3.10/site-packages/airflow/example_dags/plugins/event_listener.py
[2025-04-13T18:26:26.921+0300] {processor.py:208} INFO - Processing /home/tasneemahmed24/.local/lib/python3.10/site-packages/airflow/example_dags/plugins/event_listener.py took 0.038 seconds
[2025-04-13T18:27:32.912+0300] {processor.py:186} INFO - Started process (PID=54826) to work on /home/tasneemahmed24/.local/lib/python3.10/site-packages/airflow/example_dags/plugins/event_listener.py
[2025-04-13T18:27:32.921+0300] {processor.py:914} INFO - Processing file /home/tasneemahmed24/.local/lib/python3.10/site-packages/airflow/example_dags/plugins/event_listener.py for tasks to queue
[2025-04-13T18:27:32.923+0300] {logging_mixin.py:190} INFO - [2025-04-13T18:27:32.923+0300] {dagbag.py:588} INFO - Filling up the DagBag from /home/tasneemahmed24/.local/lib/python3.10/site-packages/airflow/example_dags/plugins/event_listener.py
[2025-04-13T18:27:32.926+0300] {processor.py:927} WARNING - No viable dags retrieved from /home/tasneemahmed24/.local/lib/python3.10/site-packages/airflow/example_dags/plugins/event_listener.py
[2025-04-13T18:27:32.937+0300] {processor.py:208} INFO - Processing /home/tasneemahmed24/.local/lib/python3.10/site-packages/airflow/example_dags/plugins/event_listener.py took 0.031 seconds
[2025-04-13T18:28:30.722+0300] {processor.py:186} INFO - Started process (PID=55104) to work on /home/tasneemahmed24/.local/lib/python3.10/site-packages/airflow/example_dags/plugins/event_listener.py
[2025-04-13T18:28:30.724+0300] {processor.py:914} INFO - Processing file /home/tasneemahmed24/.local/lib/python3.10/site-packages/airflow/example_dags/plugins/event_listener.py for tasks to queue
[2025-04-13T18:28:30.727+0300] {logging_mixin.py:190} INFO - [2025-04-13T18:28:30.727+0300] {dagbag.py:588} INFO - Filling up the DagBag from /home/tasneemahmed24/.local/lib/python3.10/site-packages/airflow/example_dags/plugins/event_listener.py
[2025-04-13T18:28:30.733+0300] {processor.py:927} WARNING - No viable dags retrieved from /home/tasneemahmed24/.local/lib/python3.10/site-packages/airflow/example_dags/plugins/event_listener.py
[2025-04-13T18:28:30.760+0300] {processor.py:208} INFO - Processing /home/tasneemahmed24/.local/lib/python3.10/site-packages/airflow/example_dags/plugins/event_listener.py took 0.046 seconds
