[2025-04-13T17:17:42.623+0300] {processor.py:186} INFO - Started process (PID=34516) to work on /home/tasneemahmed24/.local/lib/python3.10/site-packages/airflow/example_dags/plugins/listener_plugin.py
[2025-04-13T17:17:42.623+0300] {processor.py:914} INFO - Processing file /home/tasneemahmed24/.local/lib/python3.10/site-packages/airflow/example_dags/plugins/listener_plugin.py for tasks to queue
[2025-04-13T17:17:42.625+0300] {logging_mixin.py:190} INFO - [2025-04-13T17:17:42.625+0300] {dagbag.py:588} INFO - Filling up the DagBag from /home/tasneemahmed24/.local/lib/python3.10/site-packages/airflow/example_dags/plugins/listener_plugin.py
[2025-04-13T17:17:42.627+0300] {processor.py:927} WARNING - No viable dags retrieved from /home/tasneemahmed24/.local/lib/python3.10/site-packages/airflow/example_dags/plugins/listener_plugin.py
[2025-04-13T17:17:42.635+0300] {processor.py:208} INFO - Processing /home/tasneemahmed24/.local/lib/python3.10/site-packages/airflow/example_dags/plugins/listener_plugin.py took 0.019 seconds
[2025-04-13T17:18:48.534+0300] {processor.py:186} INFO - Started process (PID=34817) to work on /home/tasneemahmed24/.local/lib/python3.10/site-packages/airflow/example_dags/plugins/listener_plugin.py
[2025-04-13T17:18:48.536+0300] {processor.py:914} INFO - Processing file /home/tasneemahmed24/.local/lib/python3.10/site-packages/airflow/example_dags/plugins/listener_plugin.py for tasks to queue
[2025-04-13T17:18:48.537+0300] {logging_mixin.py:190} INFO - [2025-04-13T17:18:48.537+0300] {dagbag.py:588} INFO - Filling up the DagBag from /home/tasneemahmed24/.local/lib/python3.10/site-packages/airflow/example_dags/plugins/listener_plugin.py
[2025-04-13T17:18:48.540+0300] {processor.py:927} WARNING - No viable dags retrieved from /home/tasneemahmed24/.local/lib/python3.10/site-packages/airflow/example_dags/plugins/listener_plugin.py
[2025-04-13T17:18:48.547+0300] {processor.py:208} INFO - Processing /home/tasneemahmed24/.local/lib/python3.10/site-packages/airflow/example_dags/plugins/listener_plugin.py took 0.019 seconds
[2025-04-13T17:19:43.872+0300] {processor.py:186} INFO - Started process (PID=35082) to work on /home/tasneemahmed24/.local/lib/python3.10/site-packages/airflow/example_dags/plugins/listener_plugin.py
[2025-04-13T17:19:43.873+0300] {processor.py:914} INFO - Processing file /home/tasneemahmed24/.local/lib/python3.10/site-packages/airflow/example_dags/plugins/listener_plugin.py for tasks to queue
[2025-04-13T17:19:43.877+0300] {logging_mixin.py:190} INFO - [2025-04-13T17:19:43.876+0300] {dagbag.py:588} INFO - Filling up the DagBag from /home/tasneemahmed24/.local/lib/python3.10/site-packages/airflow/example_dags/plugins/listener_plugin.py
[2025-04-13T17:19:43.882+0300] {processor.py:927} WARNING - No viable dags retrieved from /home/tasneemahmed24/.local/lib/python3.10/site-packages/airflow/example_dags/plugins/listener_plugin.py
[2025-04-13T17:19:43.896+0300] {processor.py:208} INFO - Processing /home/tasneemahmed24/.local/lib/python3.10/site-packages/airflow/example_dags/plugins/listener_plugin.py took 0.035 seconds
[2025-04-13T17:20:32.032+0300] {processor.py:186} INFO - Started process (PID=35310) to work on /home/tasneemahmed24/.local/lib/python3.10/site-packages/airflow/example_dags/plugins/listener_plugin.py
[2025-04-13T17:20:32.034+0300] {processor.py:914} INFO - Processing file /home/tasneemahmed24/.local/lib/python3.10/site-packages/airflow/example_dags/plugins/listener_plugin.py for tasks to queue
[2025-04-13T17:20:32.036+0300] {logging_mixin.py:190} INFO - [2025-04-13T17:20:32.036+0300] {dagbag.py:588} INFO - Filling up the DagBag from /home/tasneemahmed24/.local/lib/python3.10/site-packages/airflow/example_dags/plugins/listener_plugin.py
[2025-04-13T17:20:32.038+0300] {processor.py:927} WARNING - No viable dags retrieved from /home/tasneemahmed24/.local/lib/python3.10/site-packages/airflow/example_dags/plugins/listener_plugin.py
[2025-04-13T17:20:32.045+0300] {processor.py:208} INFO - Processing /home/tasneemahmed24/.local/lib/python3.10/site-packages/airflow/example_dags/plugins/listener_plugin.py took 0.018 seconds
[2025-04-13T17:21:25.046+0300] {processor.py:186} INFO - Started process (PID=35558) to work on /home/tasneemahmed24/.local/lib/python3.10/site-packages/airflow/example_dags/plugins/listener_plugin.py
[2025-04-13T17:21:25.048+0300] {processor.py:914} INFO - Processing file /home/tasneemahmed24/.local/lib/python3.10/site-packages/airflow/example_dags/plugins/listener_plugin.py for tasks to queue
[2025-04-13T17:21:25.050+0300] {logging_mixin.py:190} INFO - [2025-04-13T17:21:25.050+0300] {dagbag.py:588} INFO - Filling up the DagBag from /home/tasneemahmed24/.local/lib/python3.10/site-packages/airflow/example_dags/plugins/listener_plugin.py
[2025-04-13T17:21:25.052+0300] {processor.py:927} WARNING - No viable dags retrieved from /home/tasneemahmed24/.local/lib/python3.10/site-packages/airflow/example_dags/plugins/listener_plugin.py
[2025-04-13T17:21:25.060+0300] {processor.py:208} INFO - Processing /home/tasneemahmed24/.local/lib/python3.10/site-packages/airflow/example_dags/plugins/listener_plugin.py took 0.020 seconds
[2025-04-13T17:22:20.209+0300] {processor.py:186} INFO - Started process (PID=35819) to work on /home/tasneemahmed24/.local/lib/python3.10/site-packages/airflow/example_dags/plugins/listener_plugin.py
[2025-04-13T17:22:20.211+0300] {processor.py:914} INFO - Processing file /home/tasneemahmed24/.local/lib/python3.10/site-packages/airflow/example_dags/plugins/listener_plugin.py for tasks to queue
[2025-04-13T17:22:20.213+0300] {logging_mixin.py:190} INFO - [2025-04-13T17:22:20.213+0300] {dagbag.py:588} INFO - Filling up the DagBag from /home/tasneemahmed24/.local/lib/python3.10/site-packages/airflow/example_dags/plugins/listener_plugin.py
[2025-04-13T17:22:20.215+0300] {processor.py:927} WARNING - No viable dags retrieved from /home/tasneemahmed24/.local/lib/python3.10/site-packages/airflow/example_dags/plugins/listener_plugin.py
[2025-04-13T17:22:20.223+0300] {processor.py:208} INFO - Processing /home/tasneemahmed24/.local/lib/python3.10/site-packages/airflow/example_dags/plugins/listener_plugin.py took 0.020 seconds
[2025-04-13T17:23:15.884+0300] {processor.py:186} INFO - Started process (PID=36079) to work on /home/tasneemahmed24/.local/lib/python3.10/site-packages/airflow/example_dags/plugins/listener_plugin.py
[2025-04-13T17:23:15.886+0300] {processor.py:914} INFO - Processing file /home/tasneemahmed24/.local/lib/python3.10/site-packages/airflow/example_dags/plugins/listener_plugin.py for tasks to queue
[2025-04-13T17:23:15.888+0300] {logging_mixin.py:190} INFO - [2025-04-13T17:23:15.887+0300] {dagbag.py:588} INFO - Filling up the DagBag from /home/tasneemahmed24/.local/lib/python3.10/site-packages/airflow/example_dags/plugins/listener_plugin.py
[2025-04-13T17:23:15.890+0300] {processor.py:927} WARNING - No viable dags retrieved from /home/tasneemahmed24/.local/lib/python3.10/site-packages/airflow/example_dags/plugins/listener_plugin.py
[2025-04-13T17:23:15.897+0300] {processor.py:208} INFO - Processing /home/tasneemahmed24/.local/lib/python3.10/site-packages/airflow/example_dags/plugins/listener_plugin.py took 0.017 seconds
[2025-04-13T17:24:09.798+0300] {processor.py:186} INFO - Started process (PID=36335) to work on /home/tasneemahmed24/.local/lib/python3.10/site-packages/airflow/example_dags/plugins/listener_plugin.py
[2025-04-13T17:24:09.802+0300] {processor.py:914} INFO - Processing file /home/tasneemahmed24/.local/lib/python3.10/site-packages/airflow/example_dags/plugins/listener_plugin.py for tasks to queue
[2025-04-13T17:24:09.804+0300] {logging_mixin.py:190} INFO - [2025-04-13T17:24:09.803+0300] {dagbag.py:588} INFO - Filling up the DagBag from /home/tasneemahmed24/.local/lib/python3.10/site-packages/airflow/example_dags/plugins/listener_plugin.py
[2025-04-13T17:24:09.805+0300] {processor.py:927} WARNING - No viable dags retrieved from /home/tasneemahmed24/.local/lib/python3.10/site-packages/airflow/example_dags/plugins/listener_plugin.py
[2025-04-13T17:24:09.813+0300] {processor.py:208} INFO - Processing /home/tasneemahmed24/.local/lib/python3.10/site-packages/airflow/example_dags/plugins/listener_plugin.py took 0.019 seconds
[2025-04-13T17:25:05.343+0300] {processor.py:186} INFO - Started process (PID=36601) to work on /home/tasneemahmed24/.local/lib/python3.10/site-packages/airflow/example_dags/plugins/listener_plugin.py
[2025-04-13T17:25:05.347+0300] {processor.py:914} INFO - Processing file /home/tasneemahmed24/.local/lib/python3.10/site-packages/airflow/example_dags/plugins/listener_plugin.py for tasks to queue
[2025-04-13T17:25:05.348+0300] {logging_mixin.py:190} INFO - [2025-04-13T17:25:05.348+0300] {dagbag.py:588} INFO - Filling up the DagBag from /home/tasneemahmed24/.local/lib/python3.10/site-packages/airflow/example_dags/plugins/listener_plugin.py
[2025-04-13T17:25:05.350+0300] {processor.py:927} WARNING - No viable dags retrieved from /home/tasneemahmed24/.local/lib/python3.10/site-packages/airflow/example_dags/plugins/listener_plugin.py
[2025-04-13T17:25:05.358+0300] {processor.py:208} INFO - Processing /home/tasneemahmed24/.local/lib/python3.10/site-packages/airflow/example_dags/plugins/listener_plugin.py took 0.019 seconds
[2025-04-13T17:25:59.138+0300] {processor.py:186} INFO - Started process (PID=36861) to work on /home/tasneemahmed24/.local/lib/python3.10/site-packages/airflow/example_dags/plugins/listener_plugin.py
[2025-04-13T17:25:59.141+0300] {processor.py:914} INFO - Processing file /home/tasneemahmed24/.local/lib/python3.10/site-packages/airflow/example_dags/plugins/listener_plugin.py for tasks to queue
[2025-04-13T17:25:59.143+0300] {logging_mixin.py:190} INFO - [2025-04-13T17:25:59.142+0300] {dagbag.py:588} INFO - Filling up the DagBag from /home/tasneemahmed24/.local/lib/python3.10/site-packages/airflow/example_dags/plugins/listener_plugin.py
[2025-04-13T17:25:59.145+0300] {processor.py:927} WARNING - No viable dags retrieved from /home/tasneemahmed24/.local/lib/python3.10/site-packages/airflow/example_dags/plugins/listener_plugin.py
[2025-04-13T17:25:59.152+0300] {processor.py:208} INFO - Processing /home/tasneemahmed24/.local/lib/python3.10/site-packages/airflow/example_dags/plugins/listener_plugin.py took 0.020 seconds
[2025-04-13T17:26:51.204+0300] {processor.py:186} INFO - Started process (PID=37111) to work on /home/tasneemahmed24/.local/lib/python3.10/site-packages/airflow/example_dags/plugins/listener_plugin.py
[2025-04-13T17:26:51.207+0300] {processor.py:914} INFO - Processing file /home/tasneemahmed24/.local/lib/python3.10/site-packages/airflow/example_dags/plugins/listener_plugin.py for tasks to queue
[2025-04-13T17:26:51.209+0300] {logging_mixin.py:190} INFO - [2025-04-13T17:26:51.209+0300] {dagbag.py:588} INFO - Filling up the DagBag from /home/tasneemahmed24/.local/lib/python3.10/site-packages/airflow/example_dags/plugins/listener_plugin.py
[2025-04-13T17:26:51.211+0300] {processor.py:927} WARNING - No viable dags retrieved from /home/tasneemahmed24/.local/lib/python3.10/site-packages/airflow/example_dags/plugins/listener_plugin.py
[2025-04-13T17:26:51.219+0300] {processor.py:208} INFO - Processing /home/tasneemahmed24/.local/lib/python3.10/site-packages/airflow/example_dags/plugins/listener_plugin.py took 0.020 seconds
[2025-04-13T17:27:44.144+0300] {processor.py:186} INFO - Started process (PID=37366) to work on /home/tasneemahmed24/.local/lib/python3.10/site-packages/airflow/example_dags/plugins/listener_plugin.py
[2025-04-13T17:27:44.145+0300] {processor.py:914} INFO - Processing file /home/tasneemahmed24/.local/lib/python3.10/site-packages/airflow/example_dags/plugins/listener_plugin.py for tasks to queue
[2025-04-13T17:27:44.147+0300] {logging_mixin.py:190} INFO - [2025-04-13T17:27:44.147+0300] {dagbag.py:588} INFO - Filling up the DagBag from /home/tasneemahmed24/.local/lib/python3.10/site-packages/airflow/example_dags/plugins/listener_plugin.py
[2025-04-13T17:27:44.149+0300] {processor.py:927} WARNING - No viable dags retrieved from /home/tasneemahmed24/.local/lib/python3.10/site-packages/airflow/example_dags/plugins/listener_plugin.py
[2025-04-13T17:27:44.157+0300] {processor.py:208} INFO - Processing /home/tasneemahmed24/.local/lib/python3.10/site-packages/airflow/example_dags/plugins/listener_plugin.py took 0.018 seconds
[2025-04-13T17:28:40.071+0300] {processor.py:186} INFO - Started process (PID=37628) to work on /home/tasneemahmed24/.local/lib/python3.10/site-packages/airflow/example_dags/plugins/listener_plugin.py
[2025-04-13T17:28:40.072+0300] {processor.py:914} INFO - Processing file /home/tasneemahmed24/.local/lib/python3.10/site-packages/airflow/example_dags/plugins/listener_plugin.py for tasks to queue
[2025-04-13T17:28:40.074+0300] {logging_mixin.py:190} INFO - [2025-04-13T17:28:40.073+0300] {dagbag.py:588} INFO - Filling up the DagBag from /home/tasneemahmed24/.local/lib/python3.10/site-packages/airflow/example_dags/plugins/listener_plugin.py
[2025-04-13T17:28:40.076+0300] {processor.py:927} WARNING - No viable dags retrieved from /home/tasneemahmed24/.local/lib/python3.10/site-packages/airflow/example_dags/plugins/listener_plugin.py
[2025-04-13T17:28:40.083+0300] {processor.py:208} INFO - Processing /home/tasneemahmed24/.local/lib/python3.10/site-packages/airflow/example_dags/plugins/listener_plugin.py took 0.018 seconds
[2025-04-13T17:29:34.495+0300] {processor.py:186} INFO - Started process (PID=37888) to work on /home/tasneemahmed24/.local/lib/python3.10/site-packages/airflow/example_dags/plugins/listener_plugin.py
[2025-04-13T17:29:34.497+0300] {processor.py:914} INFO - Processing file /home/tasneemahmed24/.local/lib/python3.10/site-packages/airflow/example_dags/plugins/listener_plugin.py for tasks to queue
[2025-04-13T17:29:34.498+0300] {logging_mixin.py:190} INFO - [2025-04-13T17:29:34.498+0300] {dagbag.py:588} INFO - Filling up the DagBag from /home/tasneemahmed24/.local/lib/python3.10/site-packages/airflow/example_dags/plugins/listener_plugin.py
[2025-04-13T17:29:34.500+0300] {processor.py:927} WARNING - No viable dags retrieved from /home/tasneemahmed24/.local/lib/python3.10/site-packages/airflow/example_dags/plugins/listener_plugin.py
[2025-04-13T17:29:34.510+0300] {processor.py:208} INFO - Processing /home/tasneemahmed24/.local/lib/python3.10/site-packages/airflow/example_dags/plugins/listener_plugin.py took 0.020 seconds
[2025-04-13T17:30:25.642+0300] {processor.py:186} INFO - Started process (PID=38129) to work on /home/tasneemahmed24/.local/lib/python3.10/site-packages/airflow/example_dags/plugins/listener_plugin.py
[2025-04-13T17:30:25.645+0300] {processor.py:914} INFO - Processing file /home/tasneemahmed24/.local/lib/python3.10/site-packages/airflow/example_dags/plugins/listener_plugin.py for tasks to queue
[2025-04-13T17:30:25.646+0300] {logging_mixin.py:190} INFO - [2025-04-13T17:30:25.646+0300] {dagbag.py:588} INFO - Filling up the DagBag from /home/tasneemahmed24/.local/lib/python3.10/site-packages/airflow/example_dags/plugins/listener_plugin.py
[2025-04-13T17:30:25.648+0300] {processor.py:927} WARNING - No viable dags retrieved from /home/tasneemahmed24/.local/lib/python3.10/site-packages/airflow/example_dags/plugins/listener_plugin.py
[2025-04-13T17:30:25.658+0300] {processor.py:208} INFO - Processing /home/tasneemahmed24/.local/lib/python3.10/site-packages/airflow/example_dags/plugins/listener_plugin.py took 0.021 seconds
[2025-04-13T17:31:19.766+0300] {processor.py:186} INFO - Started process (PID=38387) to work on /home/tasneemahmed24/.local/lib/python3.10/site-packages/airflow/example_dags/plugins/listener_plugin.py
[2025-04-13T17:31:19.768+0300] {processor.py:914} INFO - Processing file /home/tasneemahmed24/.local/lib/python3.10/site-packages/airflow/example_dags/plugins/listener_plugin.py for tasks to queue
[2025-04-13T17:31:19.769+0300] {logging_mixin.py:190} INFO - [2025-04-13T17:31:19.769+0300] {dagbag.py:588} INFO - Filling up the DagBag from /home/tasneemahmed24/.local/lib/python3.10/site-packages/airflow/example_dags/plugins/listener_plugin.py
[2025-04-13T17:31:19.771+0300] {processor.py:927} WARNING - No viable dags retrieved from /home/tasneemahmed24/.local/lib/python3.10/site-packages/airflow/example_dags/plugins/listener_plugin.py
[2025-04-13T17:31:19.779+0300] {processor.py:208} INFO - Processing /home/tasneemahmed24/.local/lib/python3.10/site-packages/airflow/example_dags/plugins/listener_plugin.py took 0.017 seconds
[2025-04-13T17:32:14.172+0300] {processor.py:186} INFO - Started process (PID=38646) to work on /home/tasneemahmed24/.local/lib/python3.10/site-packages/airflow/example_dags/plugins/listener_plugin.py
[2025-04-13T17:32:14.173+0300] {processor.py:914} INFO - Processing file /home/tasneemahmed24/.local/lib/python3.10/site-packages/airflow/example_dags/plugins/listener_plugin.py for tasks to queue
[2025-04-13T17:32:14.175+0300] {logging_mixin.py:190} INFO - [2025-04-13T17:32:14.175+0300] {dagbag.py:588} INFO - Filling up the DagBag from /home/tasneemahmed24/.local/lib/python3.10/site-packages/airflow/example_dags/plugins/listener_plugin.py
[2025-04-13T17:32:14.181+0300] {processor.py:927} WARNING - No viable dags retrieved from /home/tasneemahmed24/.local/lib/python3.10/site-packages/airflow/example_dags/plugins/listener_plugin.py
[2025-04-13T17:32:14.192+0300] {processor.py:208} INFO - Processing /home/tasneemahmed24/.local/lib/python3.10/site-packages/airflow/example_dags/plugins/listener_plugin.py took 0.026 seconds
[2025-04-13T17:33:13.976+0300] {processor.py:186} INFO - Started process (PID=38946) to work on /home/tasneemahmed24/.local/lib/python3.10/site-packages/airflow/example_dags/plugins/listener_plugin.py
[2025-04-13T17:33:13.977+0300] {processor.py:914} INFO - Processing file /home/tasneemahmed24/.local/lib/python3.10/site-packages/airflow/example_dags/plugins/listener_plugin.py for tasks to queue
[2025-04-13T17:33:13.979+0300] {logging_mixin.py:190} INFO - [2025-04-13T17:33:13.978+0300] {dagbag.py:588} INFO - Filling up the DagBag from /home/tasneemahmed24/.local/lib/python3.10/site-packages/airflow/example_dags/plugins/listener_plugin.py
[2025-04-13T17:33:13.981+0300] {processor.py:927} WARNING - No viable dags retrieved from /home/tasneemahmed24/.local/lib/python3.10/site-packages/airflow/example_dags/plugins/listener_plugin.py
[2025-04-13T17:33:13.989+0300] {processor.py:208} INFO - Processing /home/tasneemahmed24/.local/lib/python3.10/site-packages/airflow/example_dags/plugins/listener_plugin.py took 0.018 seconds
[2025-04-13T17:34:14.377+0300] {processor.py:186} INFO - Started process (PID=39244) to work on /home/tasneemahmed24/.local/lib/python3.10/site-packages/airflow/example_dags/plugins/listener_plugin.py
[2025-04-13T17:34:14.378+0300] {processor.py:914} INFO - Processing file /home/tasneemahmed24/.local/lib/python3.10/site-packages/airflow/example_dags/plugins/listener_plugin.py for tasks to queue
[2025-04-13T17:34:14.380+0300] {logging_mixin.py:190} INFO - [2025-04-13T17:34:14.380+0300] {dagbag.py:588} INFO - Filling up the DagBag from /home/tasneemahmed24/.local/lib/python3.10/site-packages/airflow/example_dags/plugins/listener_plugin.py
[2025-04-13T17:34:14.382+0300] {processor.py:927} WARNING - No viable dags retrieved from /home/tasneemahmed24/.local/lib/python3.10/site-packages/airflow/example_dags/plugins/listener_plugin.py
[2025-04-13T17:34:14.391+0300] {processor.py:208} INFO - Processing /home/tasneemahmed24/.local/lib/python3.10/site-packages/airflow/example_dags/plugins/listener_plugin.py took 0.020 seconds
[2025-04-13T17:35:13.525+0300] {processor.py:186} INFO - Started process (PID=39538) to work on /home/tasneemahmed24/.local/lib/python3.10/site-packages/airflow/example_dags/plugins/listener_plugin.py
[2025-04-13T17:35:13.529+0300] {processor.py:914} INFO - Processing file /home/tasneemahmed24/.local/lib/python3.10/site-packages/airflow/example_dags/plugins/listener_plugin.py for tasks to queue
[2025-04-13T17:35:13.533+0300] {logging_mixin.py:190} INFO - [2025-04-13T17:35:13.532+0300] {dagbag.py:588} INFO - Filling up the DagBag from /home/tasneemahmed24/.local/lib/python3.10/site-packages/airflow/example_dags/plugins/listener_plugin.py
[2025-04-13T17:35:13.537+0300] {processor.py:927} WARNING - No viable dags retrieved from /home/tasneemahmed24/.local/lib/python3.10/site-packages/airflow/example_dags/plugins/listener_plugin.py
[2025-04-13T17:35:13.559+0300] {processor.py:208} INFO - Processing /home/tasneemahmed24/.local/lib/python3.10/site-packages/airflow/example_dags/plugins/listener_plugin.py took 0.051 seconds
[2025-04-13T17:36:14.025+0300] {processor.py:186} INFO - Started process (PID=39845) to work on /home/tasneemahmed24/.local/lib/python3.10/site-packages/airflow/example_dags/plugins/listener_plugin.py
[2025-04-13T17:36:14.026+0300] {processor.py:914} INFO - Processing file /home/tasneemahmed24/.local/lib/python3.10/site-packages/airflow/example_dags/plugins/listener_plugin.py for tasks to queue
[2025-04-13T17:36:14.029+0300] {logging_mixin.py:190} INFO - [2025-04-13T17:36:14.029+0300] {dagbag.py:588} INFO - Filling up the DagBag from /home/tasneemahmed24/.local/lib/python3.10/site-packages/airflow/example_dags/plugins/listener_plugin.py
[2025-04-13T17:36:14.032+0300] {processor.py:927} WARNING - No viable dags retrieved from /home/tasneemahmed24/.local/lib/python3.10/site-packages/airflow/example_dags/plugins/listener_plugin.py
[2025-04-13T17:36:14.044+0300] {processor.py:208} INFO - Processing /home/tasneemahmed24/.local/lib/python3.10/site-packages/airflow/example_dags/plugins/listener_plugin.py took 0.024 seconds
[2025-04-13T17:37:13.154+0300] {processor.py:186} INFO - Started process (PID=40140) to work on /home/tasneemahmed24/.local/lib/python3.10/site-packages/airflow/example_dags/plugins/listener_plugin.py
[2025-04-13T17:37:13.155+0300] {processor.py:914} INFO - Processing file /home/tasneemahmed24/.local/lib/python3.10/site-packages/airflow/example_dags/plugins/listener_plugin.py for tasks to queue
[2025-04-13T17:37:13.156+0300] {logging_mixin.py:190} INFO - [2025-04-13T17:37:13.156+0300] {dagbag.py:588} INFO - Filling up the DagBag from /home/tasneemahmed24/.local/lib/python3.10/site-packages/airflow/example_dags/plugins/listener_plugin.py
[2025-04-13T17:37:13.158+0300] {processor.py:927} WARNING - No viable dags retrieved from /home/tasneemahmed24/.local/lib/python3.10/site-packages/airflow/example_dags/plugins/listener_plugin.py
[2025-04-13T17:37:13.167+0300] {processor.py:208} INFO - Processing /home/tasneemahmed24/.local/lib/python3.10/site-packages/airflow/example_dags/plugins/listener_plugin.py took 0.018 seconds
[2025-04-13T17:38:11.930+0300] {processor.py:186} INFO - Started process (PID=40435) to work on /home/tasneemahmed24/.local/lib/python3.10/site-packages/airflow/example_dags/plugins/listener_plugin.py
[2025-04-13T17:38:11.933+0300] {processor.py:914} INFO - Processing file /home/tasneemahmed24/.local/lib/python3.10/site-packages/airflow/example_dags/plugins/listener_plugin.py for tasks to queue
[2025-04-13T17:38:11.935+0300] {logging_mixin.py:190} INFO - [2025-04-13T17:38:11.935+0300] {dagbag.py:588} INFO - Filling up the DagBag from /home/tasneemahmed24/.local/lib/python3.10/site-packages/airflow/example_dags/plugins/listener_plugin.py
[2025-04-13T17:38:11.937+0300] {processor.py:927} WARNING - No viable dags retrieved from /home/tasneemahmed24/.local/lib/python3.10/site-packages/airflow/example_dags/plugins/listener_plugin.py
[2025-04-13T17:38:11.945+0300] {processor.py:208} INFO - Processing /home/tasneemahmed24/.local/lib/python3.10/site-packages/airflow/example_dags/plugins/listener_plugin.py took 0.019 seconds
[2025-04-13T17:39:10.211+0300] {processor.py:186} INFO - Started process (PID=40717) to work on /home/tasneemahmed24/.local/lib/python3.10/site-packages/airflow/example_dags/plugins/listener_plugin.py
[2025-04-13T17:39:10.212+0300] {processor.py:914} INFO - Processing file /home/tasneemahmed24/.local/lib/python3.10/site-packages/airflow/example_dags/plugins/listener_plugin.py for tasks to queue
[2025-04-13T17:39:10.214+0300] {logging_mixin.py:190} INFO - [2025-04-13T17:39:10.213+0300] {dagbag.py:588} INFO - Filling up the DagBag from /home/tasneemahmed24/.local/lib/python3.10/site-packages/airflow/example_dags/plugins/listener_plugin.py
[2025-04-13T17:39:10.216+0300] {processor.py:927} WARNING - No viable dags retrieved from /home/tasneemahmed24/.local/lib/python3.10/site-packages/airflow/example_dags/plugins/listener_plugin.py
[2025-04-13T17:39:10.224+0300] {processor.py:208} INFO - Processing /home/tasneemahmed24/.local/lib/python3.10/site-packages/airflow/example_dags/plugins/listener_plugin.py took 0.019 seconds
[2025-04-13T17:40:08.358+0300] {processor.py:186} INFO - Started process (PID=40993) to work on /home/tasneemahmed24/.local/lib/python3.10/site-packages/airflow/example_dags/plugins/listener_plugin.py
[2025-04-13T17:40:08.360+0300] {processor.py:914} INFO - Processing file /home/tasneemahmed24/.local/lib/python3.10/site-packages/airflow/example_dags/plugins/listener_plugin.py for tasks to queue
[2025-04-13T17:40:08.363+0300] {logging_mixin.py:190} INFO - [2025-04-13T17:40:08.362+0300] {dagbag.py:588} INFO - Filling up the DagBag from /home/tasneemahmed24/.local/lib/python3.10/site-packages/airflow/example_dags/plugins/listener_plugin.py
[2025-04-13T17:40:08.365+0300] {processor.py:927} WARNING - No viable dags retrieved from /home/tasneemahmed24/.local/lib/python3.10/site-packages/airflow/example_dags/plugins/listener_plugin.py
[2025-04-13T17:40:08.376+0300] {processor.py:208} INFO - Processing /home/tasneemahmed24/.local/lib/python3.10/site-packages/airflow/example_dags/plugins/listener_plugin.py took 0.024 seconds
[2025-04-13T17:41:03.618+0300] {processor.py:186} INFO - Started process (PID=41278) to work on /home/tasneemahmed24/.local/lib/python3.10/site-packages/airflow/example_dags/plugins/listener_plugin.py
[2025-04-13T17:41:03.621+0300] {processor.py:914} INFO - Processing file /home/tasneemahmed24/.local/lib/python3.10/site-packages/airflow/example_dags/plugins/listener_plugin.py for tasks to queue
[2025-04-13T17:41:03.625+0300] {logging_mixin.py:190} INFO - [2025-04-13T17:41:03.624+0300] {dagbag.py:588} INFO - Filling up the DagBag from /home/tasneemahmed24/.local/lib/python3.10/site-packages/airflow/example_dags/plugins/listener_plugin.py
[2025-04-13T17:41:03.628+0300] {processor.py:927} WARNING - No viable dags retrieved from /home/tasneemahmed24/.local/lib/python3.10/site-packages/airflow/example_dags/plugins/listener_plugin.py
[2025-04-13T17:41:03.638+0300] {processor.py:208} INFO - Processing /home/tasneemahmed24/.local/lib/python3.10/site-packages/airflow/example_dags/plugins/listener_plugin.py took 0.031 seconds
[2025-04-13T17:41:59.132+0300] {processor.py:186} INFO - Started process (PID=41558) to work on /home/tasneemahmed24/.local/lib/python3.10/site-packages/airflow/example_dags/plugins/listener_plugin.py
[2025-04-13T17:41:59.133+0300] {processor.py:914} INFO - Processing file /home/tasneemahmed24/.local/lib/python3.10/site-packages/airflow/example_dags/plugins/listener_plugin.py for tasks to queue
[2025-04-13T17:41:59.134+0300] {logging_mixin.py:190} INFO - [2025-04-13T17:41:59.134+0300] {dagbag.py:588} INFO - Filling up the DagBag from /home/tasneemahmed24/.local/lib/python3.10/site-packages/airflow/example_dags/plugins/listener_plugin.py
[2025-04-13T17:41:59.136+0300] {processor.py:927} WARNING - No viable dags retrieved from /home/tasneemahmed24/.local/lib/python3.10/site-packages/airflow/example_dags/plugins/listener_plugin.py
[2025-04-13T17:41:59.145+0300] {processor.py:208} INFO - Processing /home/tasneemahmed24/.local/lib/python3.10/site-packages/airflow/example_dags/plugins/listener_plugin.py took 0.019 seconds
[2025-04-13T17:42:59.537+0300] {processor.py:186} INFO - Started process (PID=41878) to work on /home/tasneemahmed24/.local/lib/python3.10/site-packages/airflow/example_dags/plugins/listener_plugin.py
[2025-04-13T17:42:59.539+0300] {processor.py:914} INFO - Processing file /home/tasneemahmed24/.local/lib/python3.10/site-packages/airflow/example_dags/plugins/listener_plugin.py for tasks to queue
[2025-04-13T17:42:59.541+0300] {logging_mixin.py:190} INFO - [2025-04-13T17:42:59.541+0300] {dagbag.py:588} INFO - Filling up the DagBag from /home/tasneemahmed24/.local/lib/python3.10/site-packages/airflow/example_dags/plugins/listener_plugin.py
[2025-04-13T17:42:59.544+0300] {processor.py:927} WARNING - No viable dags retrieved from /home/tasneemahmed24/.local/lib/python3.10/site-packages/airflow/example_dags/plugins/listener_plugin.py
[2025-04-13T17:42:59.555+0300] {processor.py:208} INFO - Processing /home/tasneemahmed24/.local/lib/python3.10/site-packages/airflow/example_dags/plugins/listener_plugin.py took 0.023 seconds
[2025-04-13T17:43:55.859+0300] {processor.py:186} INFO - Started process (PID=42143) to work on /home/tasneemahmed24/.local/lib/python3.10/site-packages/airflow/example_dags/plugins/listener_plugin.py
[2025-04-13T17:43:55.861+0300] {processor.py:914} INFO - Processing file /home/tasneemahmed24/.local/lib/python3.10/site-packages/airflow/example_dags/plugins/listener_plugin.py for tasks to queue
[2025-04-13T17:43:55.863+0300] {logging_mixin.py:190} INFO - [2025-04-13T17:43:55.863+0300] {dagbag.py:588} INFO - Filling up the DagBag from /home/tasneemahmed24/.local/lib/python3.10/site-packages/airflow/example_dags/plugins/listener_plugin.py
[2025-04-13T17:43:55.865+0300] {processor.py:927} WARNING - No viable dags retrieved from /home/tasneemahmed24/.local/lib/python3.10/site-packages/airflow/example_dags/plugins/listener_plugin.py
[2025-04-13T17:43:55.875+0300] {processor.py:208} INFO - Processing /home/tasneemahmed24/.local/lib/python3.10/site-packages/airflow/example_dags/plugins/listener_plugin.py took 0.021 seconds
[2025-04-13T17:44:53.164+0300] {processor.py:186} INFO - Started process (PID=42421) to work on /home/tasneemahmed24/.local/lib/python3.10/site-packages/airflow/example_dags/plugins/listener_plugin.py
[2025-04-13T17:44:53.166+0300] {processor.py:914} INFO - Processing file /home/tasneemahmed24/.local/lib/python3.10/site-packages/airflow/example_dags/plugins/listener_plugin.py for tasks to queue
[2025-04-13T17:44:53.168+0300] {logging_mixin.py:190} INFO - [2025-04-13T17:44:53.167+0300] {dagbag.py:588} INFO - Filling up the DagBag from /home/tasneemahmed24/.local/lib/python3.10/site-packages/airflow/example_dags/plugins/listener_plugin.py
[2025-04-13T17:44:53.170+0300] {processor.py:927} WARNING - No viable dags retrieved from /home/tasneemahmed24/.local/lib/python3.10/site-packages/airflow/example_dags/plugins/listener_plugin.py
[2025-04-13T17:44:53.179+0300] {processor.py:208} INFO - Processing /home/tasneemahmed24/.local/lib/python3.10/site-packages/airflow/example_dags/plugins/listener_plugin.py took 0.022 seconds
[2025-04-13T17:45:50.406+0300] {processor.py:186} INFO - Started process (PID=42782) to work on /home/tasneemahmed24/.local/lib/python3.10/site-packages/airflow/example_dags/plugins/listener_plugin.py
[2025-04-13T17:45:50.407+0300] {processor.py:914} INFO - Processing file /home/tasneemahmed24/.local/lib/python3.10/site-packages/airflow/example_dags/plugins/listener_plugin.py for tasks to queue
[2025-04-13T17:45:50.409+0300] {logging_mixin.py:190} INFO - [2025-04-13T17:45:50.409+0300] {dagbag.py:588} INFO - Filling up the DagBag from /home/tasneemahmed24/.local/lib/python3.10/site-packages/airflow/example_dags/plugins/listener_plugin.py
[2025-04-13T17:45:50.412+0300] {processor.py:927} WARNING - No viable dags retrieved from /home/tasneemahmed24/.local/lib/python3.10/site-packages/airflow/example_dags/plugins/listener_plugin.py
[2025-04-13T17:45:50.421+0300] {processor.py:208} INFO - Processing /home/tasneemahmed24/.local/lib/python3.10/site-packages/airflow/example_dags/plugins/listener_plugin.py took 0.022 seconds
[2025-04-13T17:46:44.987+0300] {processor.py:186} INFO - Started process (PID=43069) to work on /home/tasneemahmed24/.local/lib/python3.10/site-packages/airflow/example_dags/plugins/listener_plugin.py
[2025-04-13T17:46:44.989+0300] {processor.py:914} INFO - Processing file /home/tasneemahmed24/.local/lib/python3.10/site-packages/airflow/example_dags/plugins/listener_plugin.py for tasks to queue
[2025-04-13T17:46:44.991+0300] {logging_mixin.py:190} INFO - [2025-04-13T17:46:44.991+0300] {dagbag.py:588} INFO - Filling up the DagBag from /home/tasneemahmed24/.local/lib/python3.10/site-packages/airflow/example_dags/plugins/listener_plugin.py
[2025-04-13T17:46:44.995+0300] {processor.py:927} WARNING - No viable dags retrieved from /home/tasneemahmed24/.local/lib/python3.10/site-packages/airflow/example_dags/plugins/listener_plugin.py
[2025-04-13T17:46:45.004+0300] {processor.py:208} INFO - Processing /home/tasneemahmed24/.local/lib/python3.10/site-packages/airflow/example_dags/plugins/listener_plugin.py took 0.023 seconds
[2025-04-13T17:47:37.030+0300] {processor.py:186} INFO - Started process (PID=43328) to work on /home/tasneemahmed24/.local/lib/python3.10/site-packages/airflow/example_dags/plugins/listener_plugin.py
[2025-04-13T17:47:37.033+0300] {processor.py:914} INFO - Processing file /home/tasneemahmed24/.local/lib/python3.10/site-packages/airflow/example_dags/plugins/listener_plugin.py for tasks to queue
[2025-04-13T17:47:37.035+0300] {logging_mixin.py:190} INFO - [2025-04-13T17:47:37.035+0300] {dagbag.py:588} INFO - Filling up the DagBag from /home/tasneemahmed24/.local/lib/python3.10/site-packages/airflow/example_dags/plugins/listener_plugin.py
[2025-04-13T17:47:37.037+0300] {processor.py:927} WARNING - No viable dags retrieved from /home/tasneemahmed24/.local/lib/python3.10/site-packages/airflow/example_dags/plugins/listener_plugin.py
[2025-04-13T17:47:37.046+0300] {processor.py:208} INFO - Processing /home/tasneemahmed24/.local/lib/python3.10/site-packages/airflow/example_dags/plugins/listener_plugin.py took 0.022 seconds
[2025-04-13T17:48:55.138+0300] {processor.py:186} INFO - Started process (PID=43656) to work on /home/tasneemahmed24/.local/lib/python3.10/site-packages/airflow/example_dags/plugins/listener_plugin.py
[2025-04-13T17:48:55.140+0300] {processor.py:914} INFO - Processing file /home/tasneemahmed24/.local/lib/python3.10/site-packages/airflow/example_dags/plugins/listener_plugin.py for tasks to queue
[2025-04-13T17:48:55.142+0300] {logging_mixin.py:190} INFO - [2025-04-13T17:48:55.141+0300] {dagbag.py:588} INFO - Filling up the DagBag from /home/tasneemahmed24/.local/lib/python3.10/site-packages/airflow/example_dags/plugins/listener_plugin.py
[2025-04-13T17:48:55.146+0300] {processor.py:927} WARNING - No viable dags retrieved from /home/tasneemahmed24/.local/lib/python3.10/site-packages/airflow/example_dags/plugins/listener_plugin.py
[2025-04-13T17:48:55.159+0300] {processor.py:208} INFO - Processing /home/tasneemahmed24/.local/lib/python3.10/site-packages/airflow/example_dags/plugins/listener_plugin.py took 0.030 seconds
[2025-04-13T17:50:07.103+0300] {processor.py:186} INFO - Started process (PID=43994) to work on /home/tasneemahmed24/.local/lib/python3.10/site-packages/airflow/example_dags/plugins/listener_plugin.py
[2025-04-13T17:50:07.106+0300] {processor.py:914} INFO - Processing file /home/tasneemahmed24/.local/lib/python3.10/site-packages/airflow/example_dags/plugins/listener_plugin.py for tasks to queue
[2025-04-13T17:50:07.108+0300] {logging_mixin.py:190} INFO - [2025-04-13T17:50:07.108+0300] {dagbag.py:588} INFO - Filling up the DagBag from /home/tasneemahmed24/.local/lib/python3.10/site-packages/airflow/example_dags/plugins/listener_plugin.py
[2025-04-13T17:50:07.111+0300] {processor.py:927} WARNING - No viable dags retrieved from /home/tasneemahmed24/.local/lib/python3.10/site-packages/airflow/example_dags/plugins/listener_plugin.py
[2025-04-13T17:50:07.121+0300] {processor.py:208} INFO - Processing /home/tasneemahmed24/.local/lib/python3.10/site-packages/airflow/example_dags/plugins/listener_plugin.py took 0.024 seconds
[2025-04-13T17:51:08.405+0300] {processor.py:186} INFO - Started process (PID=44283) to work on /home/tasneemahmed24/.local/lib/python3.10/site-packages/airflow/example_dags/plugins/listener_plugin.py
[2025-04-13T17:51:08.407+0300] {processor.py:914} INFO - Processing file /home/tasneemahmed24/.local/lib/python3.10/site-packages/airflow/example_dags/plugins/listener_plugin.py for tasks to queue
[2025-04-13T17:51:08.409+0300] {logging_mixin.py:190} INFO - [2025-04-13T17:51:08.409+0300] {dagbag.py:588} INFO - Filling up the DagBag from /home/tasneemahmed24/.local/lib/python3.10/site-packages/airflow/example_dags/plugins/listener_plugin.py
[2025-04-13T17:51:08.412+0300] {processor.py:927} WARNING - No viable dags retrieved from /home/tasneemahmed24/.local/lib/python3.10/site-packages/airflow/example_dags/plugins/listener_plugin.py
[2025-04-13T17:51:08.423+0300] {processor.py:208} INFO - Processing /home/tasneemahmed24/.local/lib/python3.10/site-packages/airflow/example_dags/plugins/listener_plugin.py took 0.028 seconds
[2025-04-13T17:52:12.450+0300] {processor.py:186} INFO - Started process (PID=44585) to work on /home/tasneemahmed24/.local/lib/python3.10/site-packages/airflow/example_dags/plugins/listener_plugin.py
[2025-04-13T17:52:12.451+0300] {processor.py:914} INFO - Processing file /home/tasneemahmed24/.local/lib/python3.10/site-packages/airflow/example_dags/plugins/listener_plugin.py for tasks to queue
[2025-04-13T17:52:12.454+0300] {logging_mixin.py:190} INFO - [2025-04-13T17:52:12.453+0300] {dagbag.py:588} INFO - Filling up the DagBag from /home/tasneemahmed24/.local/lib/python3.10/site-packages/airflow/example_dags/plugins/listener_plugin.py
[2025-04-13T17:52:12.457+0300] {processor.py:927} WARNING - No viable dags retrieved from /home/tasneemahmed24/.local/lib/python3.10/site-packages/airflow/example_dags/plugins/listener_plugin.py
[2025-04-13T17:52:12.474+0300] {processor.py:208} INFO - Processing /home/tasneemahmed24/.local/lib/python3.10/site-packages/airflow/example_dags/plugins/listener_plugin.py took 0.033 seconds
[2025-04-13T17:53:15.026+0300] {processor.py:186} INFO - Started process (PID=44882) to work on /home/tasneemahmed24/.local/lib/python3.10/site-packages/airflow/example_dags/plugins/listener_plugin.py
[2025-04-13T17:53:15.035+0300] {processor.py:914} INFO - Processing file /home/tasneemahmed24/.local/lib/python3.10/site-packages/airflow/example_dags/plugins/listener_plugin.py for tasks to queue
[2025-04-13T17:53:15.037+0300] {logging_mixin.py:190} INFO - [2025-04-13T17:53:15.037+0300] {dagbag.py:588} INFO - Filling up the DagBag from /home/tasneemahmed24/.local/lib/python3.10/site-packages/airflow/example_dags/plugins/listener_plugin.py
[2025-04-13T17:53:15.040+0300] {processor.py:927} WARNING - No viable dags retrieved from /home/tasneemahmed24/.local/lib/python3.10/site-packages/airflow/example_dags/plugins/listener_plugin.py
[2025-04-13T17:53:15.053+0300] {processor.py:208} INFO - Processing /home/tasneemahmed24/.local/lib/python3.10/site-packages/airflow/example_dags/plugins/listener_plugin.py took 0.034 seconds
[2025-04-13T17:54:13.889+0300] {processor.py:186} INFO - Started process (PID=45161) to work on /home/tasneemahmed24/.local/lib/python3.10/site-packages/airflow/example_dags/plugins/listener_plugin.py
[2025-04-13T17:54:13.898+0300] {processor.py:914} INFO - Processing file /home/tasneemahmed24/.local/lib/python3.10/site-packages/airflow/example_dags/plugins/listener_plugin.py for tasks to queue
[2025-04-13T17:54:13.900+0300] {logging_mixin.py:190} INFO - [2025-04-13T17:54:13.900+0300] {dagbag.py:588} INFO - Filling up the DagBag from /home/tasneemahmed24/.local/lib/python3.10/site-packages/airflow/example_dags/plugins/listener_plugin.py
[2025-04-13T17:54:13.902+0300] {processor.py:927} WARNING - No viable dags retrieved from /home/tasneemahmed24/.local/lib/python3.10/site-packages/airflow/example_dags/plugins/listener_plugin.py
[2025-04-13T17:54:13.915+0300] {processor.py:208} INFO - Processing /home/tasneemahmed24/.local/lib/python3.10/site-packages/airflow/example_dags/plugins/listener_plugin.py took 0.033 seconds
[2025-04-13T17:55:10.436+0300] {processor.py:186} INFO - Started process (PID=45427) to work on /home/tasneemahmed24/.local/lib/python3.10/site-packages/airflow/example_dags/plugins/listener_plugin.py
[2025-04-13T17:55:10.445+0300] {processor.py:914} INFO - Processing file /home/tasneemahmed24/.local/lib/python3.10/site-packages/airflow/example_dags/plugins/listener_plugin.py for tasks to queue
[2025-04-13T17:55:10.447+0300] {logging_mixin.py:190} INFO - [2025-04-13T17:55:10.446+0300] {dagbag.py:588} INFO - Filling up the DagBag from /home/tasneemahmed24/.local/lib/python3.10/site-packages/airflow/example_dags/plugins/listener_plugin.py
[2025-04-13T17:55:10.450+0300] {processor.py:927} WARNING - No viable dags retrieved from /home/tasneemahmed24/.local/lib/python3.10/site-packages/airflow/example_dags/plugins/listener_plugin.py
[2025-04-13T17:55:10.462+0300] {processor.py:208} INFO - Processing /home/tasneemahmed24/.local/lib/python3.10/site-packages/airflow/example_dags/plugins/listener_plugin.py took 0.037 seconds
[2025-04-13T17:56:14.056+0300] {processor.py:186} INFO - Started process (PID=45726) to work on /home/tasneemahmed24/.local/lib/python3.10/site-packages/airflow/example_dags/plugins/listener_plugin.py
[2025-04-13T17:56:14.059+0300] {processor.py:914} INFO - Processing file /home/tasneemahmed24/.local/lib/python3.10/site-packages/airflow/example_dags/plugins/listener_plugin.py for tasks to queue
[2025-04-13T17:56:14.062+0300] {logging_mixin.py:190} INFO - [2025-04-13T17:56:14.061+0300] {dagbag.py:588} INFO - Filling up the DagBag from /home/tasneemahmed24/.local/lib/python3.10/site-packages/airflow/example_dags/plugins/listener_plugin.py
[2025-04-13T17:56:14.065+0300] {processor.py:927} WARNING - No viable dags retrieved from /home/tasneemahmed24/.local/lib/python3.10/site-packages/airflow/example_dags/plugins/listener_plugin.py
[2025-04-13T17:56:14.076+0300] {processor.py:208} INFO - Processing /home/tasneemahmed24/.local/lib/python3.10/site-packages/airflow/example_dags/plugins/listener_plugin.py took 0.029 seconds
[2025-04-13T17:57:11.169+0300] {processor.py:186} INFO - Started process (PID=45994) to work on /home/tasneemahmed24/.local/lib/python3.10/site-packages/airflow/example_dags/plugins/listener_plugin.py
[2025-04-13T17:57:11.171+0300] {processor.py:914} INFO - Processing file /home/tasneemahmed24/.local/lib/python3.10/site-packages/airflow/example_dags/plugins/listener_plugin.py for tasks to queue
[2025-04-13T17:57:11.174+0300] {logging_mixin.py:190} INFO - [2025-04-13T17:57:11.173+0300] {dagbag.py:588} INFO - Filling up the DagBag from /home/tasneemahmed24/.local/lib/python3.10/site-packages/airflow/example_dags/plugins/listener_plugin.py
[2025-04-13T17:57:11.177+0300] {processor.py:927} WARNING - No viable dags retrieved from /home/tasneemahmed24/.local/lib/python3.10/site-packages/airflow/example_dags/plugins/listener_plugin.py
[2025-04-13T17:57:11.187+0300] {processor.py:208} INFO - Processing /home/tasneemahmed24/.local/lib/python3.10/site-packages/airflow/example_dags/plugins/listener_plugin.py took 0.027 seconds
[2025-04-13T17:58:07.041+0300] {processor.py:186} INFO - Started process (PID=46257) to work on /home/tasneemahmed24/.local/lib/python3.10/site-packages/airflow/example_dags/plugins/listener_plugin.py
[2025-04-13T17:58:07.051+0300] {processor.py:914} INFO - Processing file /home/tasneemahmed24/.local/lib/python3.10/site-packages/airflow/example_dags/plugins/listener_plugin.py for tasks to queue
[2025-04-13T17:58:07.053+0300] {logging_mixin.py:190} INFO - [2025-04-13T17:58:07.053+0300] {dagbag.py:588} INFO - Filling up the DagBag from /home/tasneemahmed24/.local/lib/python3.10/site-packages/airflow/example_dags/plugins/listener_plugin.py
[2025-04-13T17:58:07.055+0300] {processor.py:927} WARNING - No viable dags retrieved from /home/tasneemahmed24/.local/lib/python3.10/site-packages/airflow/example_dags/plugins/listener_plugin.py
[2025-04-13T17:58:07.065+0300] {processor.py:208} INFO - Processing /home/tasneemahmed24/.local/lib/python3.10/site-packages/airflow/example_dags/plugins/listener_plugin.py took 0.031 seconds
[2025-04-13T17:59:04.190+0300] {processor.py:186} INFO - Started process (PID=46526) to work on /home/tasneemahmed24/.local/lib/python3.10/site-packages/airflow/example_dags/plugins/listener_plugin.py
[2025-04-13T17:59:04.199+0300] {processor.py:914} INFO - Processing file /home/tasneemahmed24/.local/lib/python3.10/site-packages/airflow/example_dags/plugins/listener_plugin.py for tasks to queue
[2025-04-13T17:59:04.202+0300] {logging_mixin.py:190} INFO - [2025-04-13T17:59:04.201+0300] {dagbag.py:588} INFO - Filling up the DagBag from /home/tasneemahmed24/.local/lib/python3.10/site-packages/airflow/example_dags/plugins/listener_plugin.py
[2025-04-13T17:59:04.205+0300] {processor.py:927} WARNING - No viable dags retrieved from /home/tasneemahmed24/.local/lib/python3.10/site-packages/airflow/example_dags/plugins/listener_plugin.py
[2025-04-13T17:59:04.215+0300] {processor.py:208} INFO - Processing /home/tasneemahmed24/.local/lib/python3.10/site-packages/airflow/example_dags/plugins/listener_plugin.py took 0.034 seconds
[2025-04-13T17:59:58.966+0300] {processor.py:186} INFO - Started process (PID=46789) to work on /home/tasneemahmed24/.local/lib/python3.10/site-packages/airflow/example_dags/plugins/listener_plugin.py
[2025-04-13T17:59:58.968+0300] {processor.py:914} INFO - Processing file /home/tasneemahmed24/.local/lib/python3.10/site-packages/airflow/example_dags/plugins/listener_plugin.py for tasks to queue
[2025-04-13T17:59:58.970+0300] {logging_mixin.py:190} INFO - [2025-04-13T17:59:58.970+0300] {dagbag.py:588} INFO - Filling up the DagBag from /home/tasneemahmed24/.local/lib/python3.10/site-packages/airflow/example_dags/plugins/listener_plugin.py
[2025-04-13T17:59:58.974+0300] {processor.py:927} WARNING - No viable dags retrieved from /home/tasneemahmed24/.local/lib/python3.10/site-packages/airflow/example_dags/plugins/listener_plugin.py
[2025-04-13T17:59:58.985+0300] {processor.py:208} INFO - Processing /home/tasneemahmed24/.local/lib/python3.10/site-packages/airflow/example_dags/plugins/listener_plugin.py took 0.026 seconds
[2025-04-13T18:00:51.608+0300] {processor.py:186} INFO - Started process (PID=47041) to work on /home/tasneemahmed24/.local/lib/python3.10/site-packages/airflow/example_dags/plugins/listener_plugin.py
[2025-04-13T18:00:51.617+0300] {processor.py:914} INFO - Processing file /home/tasneemahmed24/.local/lib/python3.10/site-packages/airflow/example_dags/plugins/listener_plugin.py for tasks to queue
[2025-04-13T18:00:51.620+0300] {logging_mixin.py:190} INFO - [2025-04-13T18:00:51.620+0300] {dagbag.py:588} INFO - Filling up the DagBag from /home/tasneemahmed24/.local/lib/python3.10/site-packages/airflow/example_dags/plugins/listener_plugin.py
[2025-04-13T18:00:51.623+0300] {processor.py:927} WARNING - No viable dags retrieved from /home/tasneemahmed24/.local/lib/python3.10/site-packages/airflow/example_dags/plugins/listener_plugin.py
[2025-04-13T18:00:51.634+0300] {processor.py:208} INFO - Processing /home/tasneemahmed24/.local/lib/python3.10/site-packages/airflow/example_dags/plugins/listener_plugin.py took 0.041 seconds
[2025-04-13T18:01:48.788+0300] {processor.py:186} INFO - Started process (PID=47311) to work on /home/tasneemahmed24/.local/lib/python3.10/site-packages/airflow/example_dags/plugins/listener_plugin.py
[2025-04-13T18:01:48.790+0300] {processor.py:914} INFO - Processing file /home/tasneemahmed24/.local/lib/python3.10/site-packages/airflow/example_dags/plugins/listener_plugin.py for tasks to queue
[2025-04-13T18:01:48.792+0300] {logging_mixin.py:190} INFO - [2025-04-13T18:01:48.791+0300] {dagbag.py:588} INFO - Filling up the DagBag from /home/tasneemahmed24/.local/lib/python3.10/site-packages/airflow/example_dags/plugins/listener_plugin.py
[2025-04-13T18:01:48.794+0300] {processor.py:927} WARNING - No viable dags retrieved from /home/tasneemahmed24/.local/lib/python3.10/site-packages/airflow/example_dags/plugins/listener_plugin.py
[2025-04-13T18:01:48.805+0300] {processor.py:208} INFO - Processing /home/tasneemahmed24/.local/lib/python3.10/site-packages/airflow/example_dags/plugins/listener_plugin.py took 0.024 seconds
[2025-04-13T18:02:50.011+0300] {processor.py:186} INFO - Started process (PID=47598) to work on /home/tasneemahmed24/.local/lib/python3.10/site-packages/airflow/example_dags/plugins/listener_plugin.py
[2025-04-13T18:02:50.019+0300] {processor.py:914} INFO - Processing file /home/tasneemahmed24/.local/lib/python3.10/site-packages/airflow/example_dags/plugins/listener_plugin.py for tasks to queue
[2025-04-13T18:02:50.022+0300] {logging_mixin.py:190} INFO - [2025-04-13T18:02:50.021+0300] {dagbag.py:588} INFO - Filling up the DagBag from /home/tasneemahmed24/.local/lib/python3.10/site-packages/airflow/example_dags/plugins/listener_plugin.py
[2025-04-13T18:02:50.024+0300] {processor.py:927} WARNING - No viable dags retrieved from /home/tasneemahmed24/.local/lib/python3.10/site-packages/airflow/example_dags/plugins/listener_plugin.py
[2025-04-13T18:02:50.035+0300] {processor.py:208} INFO - Processing /home/tasneemahmed24/.local/lib/python3.10/site-packages/airflow/example_dags/plugins/listener_plugin.py took 0.032 seconds
[2025-04-13T18:03:43.517+0300] {processor.py:186} INFO - Started process (PID=47856) to work on /home/tasneemahmed24/.local/lib/python3.10/site-packages/airflow/example_dags/plugins/listener_plugin.py
[2025-04-13T18:03:43.527+0300] {processor.py:914} INFO - Processing file /home/tasneemahmed24/.local/lib/python3.10/site-packages/airflow/example_dags/plugins/listener_plugin.py for tasks to queue
[2025-04-13T18:03:43.529+0300] {logging_mixin.py:190} INFO - [2025-04-13T18:03:43.529+0300] {dagbag.py:588} INFO - Filling up the DagBag from /home/tasneemahmed24/.local/lib/python3.10/site-packages/airflow/example_dags/plugins/listener_plugin.py
[2025-04-13T18:03:43.532+0300] {processor.py:927} WARNING - No viable dags retrieved from /home/tasneemahmed24/.local/lib/python3.10/site-packages/airflow/example_dags/plugins/listener_plugin.py
[2025-04-13T18:03:43.548+0300] {processor.py:208} INFO - Processing /home/tasneemahmed24/.local/lib/python3.10/site-packages/airflow/example_dags/plugins/listener_plugin.py took 0.042 seconds
[2025-04-13T18:04:49.586+0300] {processor.py:186} INFO - Started process (PID=48168) to work on /home/tasneemahmed24/.local/lib/python3.10/site-packages/airflow/example_dags/plugins/listener_plugin.py
[2025-04-13T18:04:49.588+0300] {processor.py:914} INFO - Processing file /home/tasneemahmed24/.local/lib/python3.10/site-packages/airflow/example_dags/plugins/listener_plugin.py for tasks to queue
[2025-04-13T18:04:49.591+0300] {logging_mixin.py:190} INFO - [2025-04-13T18:04:49.590+0300] {dagbag.py:588} INFO - Filling up the DagBag from /home/tasneemahmed24/.local/lib/python3.10/site-packages/airflow/example_dags/plugins/listener_plugin.py
[2025-04-13T18:04:49.594+0300] {processor.py:927} WARNING - No viable dags retrieved from /home/tasneemahmed24/.local/lib/python3.10/site-packages/airflow/example_dags/plugins/listener_plugin.py
[2025-04-13T18:04:49.606+0300] {processor.py:208} INFO - Processing /home/tasneemahmed24/.local/lib/python3.10/site-packages/airflow/example_dags/plugins/listener_plugin.py took 0.027 seconds
[2025-04-13T18:05:48.146+0300] {processor.py:186} INFO - Started process (PID=48446) to work on /home/tasneemahmed24/.local/lib/python3.10/site-packages/airflow/example_dags/plugins/listener_plugin.py
[2025-04-13T18:05:48.155+0300] {processor.py:914} INFO - Processing file /home/tasneemahmed24/.local/lib/python3.10/site-packages/airflow/example_dags/plugins/listener_plugin.py for tasks to queue
[2025-04-13T18:05:48.157+0300] {logging_mixin.py:190} INFO - [2025-04-13T18:05:48.157+0300] {dagbag.py:588} INFO - Filling up the DagBag from /home/tasneemahmed24/.local/lib/python3.10/site-packages/airflow/example_dags/plugins/listener_plugin.py
[2025-04-13T18:05:48.160+0300] {processor.py:927} WARNING - No viable dags retrieved from /home/tasneemahmed24/.local/lib/python3.10/site-packages/airflow/example_dags/plugins/listener_plugin.py
[2025-04-13T18:05:48.169+0300] {processor.py:208} INFO - Processing /home/tasneemahmed24/.local/lib/python3.10/site-packages/airflow/example_dags/plugins/listener_plugin.py took 0.030 seconds
[2025-04-13T18:06:41.498+0300] {processor.py:186} INFO - Started process (PID=48700) to work on /home/tasneemahmed24/.local/lib/python3.10/site-packages/airflow/example_dags/plugins/listener_plugin.py
[2025-04-13T18:06:41.512+0300] {processor.py:914} INFO - Processing file /home/tasneemahmed24/.local/lib/python3.10/site-packages/airflow/example_dags/plugins/listener_plugin.py for tasks to queue
[2025-04-13T18:06:41.514+0300] {logging_mixin.py:190} INFO - [2025-04-13T18:06:41.514+0300] {dagbag.py:588} INFO - Filling up the DagBag from /home/tasneemahmed24/.local/lib/python3.10/site-packages/airflow/example_dags/plugins/listener_plugin.py
[2025-04-13T18:06:41.518+0300] {processor.py:927} WARNING - No viable dags retrieved from /home/tasneemahmed24/.local/lib/python3.10/site-packages/airflow/example_dags/plugins/listener_plugin.py
[2025-04-13T18:06:41.531+0300] {processor.py:208} INFO - Processing /home/tasneemahmed24/.local/lib/python3.10/site-packages/airflow/example_dags/plugins/listener_plugin.py took 0.040 seconds
[2025-04-13T18:07:37.802+0300] {processor.py:186} INFO - Started process (PID=48969) to work on /home/tasneemahmed24/.local/lib/python3.10/site-packages/airflow/example_dags/plugins/listener_plugin.py
[2025-04-13T18:07:37.803+0300] {processor.py:914} INFO - Processing file /home/tasneemahmed24/.local/lib/python3.10/site-packages/airflow/example_dags/plugins/listener_plugin.py for tasks to queue
[2025-04-13T18:07:37.807+0300] {logging_mixin.py:190} INFO - [2025-04-13T18:07:37.806+0300] {dagbag.py:588} INFO - Filling up the DagBag from /home/tasneemahmed24/.local/lib/python3.10/site-packages/airflow/example_dags/plugins/listener_plugin.py
[2025-04-13T18:07:37.810+0300] {processor.py:927} WARNING - No viable dags retrieved from /home/tasneemahmed24/.local/lib/python3.10/site-packages/airflow/example_dags/plugins/listener_plugin.py
[2025-04-13T18:07:37.821+0300] {processor.py:208} INFO - Processing /home/tasneemahmed24/.local/lib/python3.10/site-packages/airflow/example_dags/plugins/listener_plugin.py took 0.031 seconds
[2025-04-13T18:08:31.171+0300] {processor.py:186} INFO - Started process (PID=49225) to work on /home/tasneemahmed24/.local/lib/python3.10/site-packages/airflow/example_dags/plugins/listener_plugin.py
[2025-04-13T18:08:31.173+0300] {processor.py:914} INFO - Processing file /home/tasneemahmed24/.local/lib/python3.10/site-packages/airflow/example_dags/plugins/listener_plugin.py for tasks to queue
[2025-04-13T18:08:31.175+0300] {logging_mixin.py:190} INFO - [2025-04-13T18:08:31.174+0300] {dagbag.py:588} INFO - Filling up the DagBag from /home/tasneemahmed24/.local/lib/python3.10/site-packages/airflow/example_dags/plugins/listener_plugin.py
[2025-04-13T18:08:31.178+0300] {processor.py:927} WARNING - No viable dags retrieved from /home/tasneemahmed24/.local/lib/python3.10/site-packages/airflow/example_dags/plugins/listener_plugin.py
[2025-04-13T18:08:31.191+0300] {processor.py:208} INFO - Processing /home/tasneemahmed24/.local/lib/python3.10/site-packages/airflow/example_dags/plugins/listener_plugin.py took 0.026 seconds
[2025-04-13T18:09:28.164+0300] {processor.py:186} INFO - Started process (PID=49514) to work on /home/tasneemahmed24/.local/lib/python3.10/site-packages/airflow/example_dags/plugins/listener_plugin.py
[2025-04-13T18:09:28.167+0300] {processor.py:914} INFO - Processing file /home/tasneemahmed24/.local/lib/python3.10/site-packages/airflow/example_dags/plugins/listener_plugin.py for tasks to queue
[2025-04-13T18:09:28.169+0300] {logging_mixin.py:190} INFO - [2025-04-13T18:09:28.169+0300] {dagbag.py:588} INFO - Filling up the DagBag from /home/tasneemahmed24/.local/lib/python3.10/site-packages/airflow/example_dags/plugins/listener_plugin.py
[2025-04-13T18:09:28.172+0300] {processor.py:927} WARNING - No viable dags retrieved from /home/tasneemahmed24/.local/lib/python3.10/site-packages/airflow/example_dags/plugins/listener_plugin.py
[2025-04-13T18:09:28.184+0300] {processor.py:208} INFO - Processing /home/tasneemahmed24/.local/lib/python3.10/site-packages/airflow/example_dags/plugins/listener_plugin.py took 0.028 seconds
[2025-04-13T18:10:29.022+0300] {processor.py:186} INFO - Started process (PID=49805) to work on /home/tasneemahmed24/.local/lib/python3.10/site-packages/airflow/example_dags/plugins/listener_plugin.py
[2025-04-13T18:10:29.025+0300] {processor.py:914} INFO - Processing file /home/tasneemahmed24/.local/lib/python3.10/site-packages/airflow/example_dags/plugins/listener_plugin.py for tasks to queue
[2025-04-13T18:10:29.027+0300] {logging_mixin.py:190} INFO - [2025-04-13T18:10:29.027+0300] {dagbag.py:588} INFO - Filling up the DagBag from /home/tasneemahmed24/.local/lib/python3.10/site-packages/airflow/example_dags/plugins/listener_plugin.py
[2025-04-13T18:10:29.031+0300] {processor.py:927} WARNING - No viable dags retrieved from /home/tasneemahmed24/.local/lib/python3.10/site-packages/airflow/example_dags/plugins/listener_plugin.py
[2025-04-13T18:10:29.042+0300] {processor.py:208} INFO - Processing /home/tasneemahmed24/.local/lib/python3.10/site-packages/airflow/example_dags/plugins/listener_plugin.py took 0.028 seconds
[2025-04-13T18:11:24.883+0300] {processor.py:186} INFO - Started process (PID=50070) to work on /home/tasneemahmed24/.local/lib/python3.10/site-packages/airflow/example_dags/plugins/listener_plugin.py
[2025-04-13T18:11:24.892+0300] {processor.py:914} INFO - Processing file /home/tasneemahmed24/.local/lib/python3.10/site-packages/airflow/example_dags/plugins/listener_plugin.py for tasks to queue
[2025-04-13T18:11:24.898+0300] {logging_mixin.py:190} INFO - [2025-04-13T18:11:24.897+0300] {dagbag.py:588} INFO - Filling up the DagBag from /home/tasneemahmed24/.local/lib/python3.10/site-packages/airflow/example_dags/plugins/listener_plugin.py
[2025-04-13T18:11:24.901+0300] {processor.py:927} WARNING - No viable dags retrieved from /home/tasneemahmed24/.local/lib/python3.10/site-packages/airflow/example_dags/plugins/listener_plugin.py
[2025-04-13T18:11:24.913+0300] {processor.py:208} INFO - Processing /home/tasneemahmed24/.local/lib/python3.10/site-packages/airflow/example_dags/plugins/listener_plugin.py took 0.038 seconds
[2025-04-13T18:12:22.911+0300] {processor.py:186} INFO - Started process (PID=50403) to work on /home/tasneemahmed24/.local/lib/python3.10/site-packages/airflow/example_dags/plugins/listener_plugin.py
[2025-04-13T18:12:22.920+0300] {processor.py:914} INFO - Processing file /home/tasneemahmed24/.local/lib/python3.10/site-packages/airflow/example_dags/plugins/listener_plugin.py for tasks to queue
[2025-04-13T18:12:22.923+0300] {logging_mixin.py:190} INFO - [2025-04-13T18:12:22.922+0300] {dagbag.py:588} INFO - Filling up the DagBag from /home/tasneemahmed24/.local/lib/python3.10/site-packages/airflow/example_dags/plugins/listener_plugin.py
[2025-04-13T18:12:22.926+0300] {processor.py:927} WARNING - No viable dags retrieved from /home/tasneemahmed24/.local/lib/python3.10/site-packages/airflow/example_dags/plugins/listener_plugin.py
[2025-04-13T18:12:22.949+0300] {processor.py:208} INFO - Processing /home/tasneemahmed24/.local/lib/python3.10/site-packages/airflow/example_dags/plugins/listener_plugin.py took 0.048 seconds
[2025-04-13T18:13:17.974+0300] {processor.py:186} INFO - Started process (PID=50665) to work on /home/tasneemahmed24/.local/lib/python3.10/site-packages/airflow/example_dags/plugins/listener_plugin.py
[2025-04-13T18:13:17.976+0300] {processor.py:914} INFO - Processing file /home/tasneemahmed24/.local/lib/python3.10/site-packages/airflow/example_dags/plugins/listener_plugin.py for tasks to queue
[2025-04-13T18:13:17.978+0300] {logging_mixin.py:190} INFO - [2025-04-13T18:13:17.978+0300] {dagbag.py:588} INFO - Filling up the DagBag from /home/tasneemahmed24/.local/lib/python3.10/site-packages/airflow/example_dags/plugins/listener_plugin.py
[2025-04-13T18:13:17.981+0300] {processor.py:927} WARNING - No viable dags retrieved from /home/tasneemahmed24/.local/lib/python3.10/site-packages/airflow/example_dags/plugins/listener_plugin.py
[2025-04-13T18:13:17.991+0300] {processor.py:208} INFO - Processing /home/tasneemahmed24/.local/lib/python3.10/site-packages/airflow/example_dags/plugins/listener_plugin.py took 0.025 seconds
[2025-04-13T18:14:16.277+0300] {processor.py:186} INFO - Started process (PID=50951) to work on /home/tasneemahmed24/.local/lib/python3.10/site-packages/airflow/example_dags/plugins/listener_plugin.py
[2025-04-13T18:14:16.280+0300] {processor.py:914} INFO - Processing file /home/tasneemahmed24/.local/lib/python3.10/site-packages/airflow/example_dags/plugins/listener_plugin.py for tasks to queue
[2025-04-13T18:14:16.282+0300] {logging_mixin.py:190} INFO - [2025-04-13T18:14:16.282+0300] {dagbag.py:588} INFO - Filling up the DagBag from /home/tasneemahmed24/.local/lib/python3.10/site-packages/airflow/example_dags/plugins/listener_plugin.py
[2025-04-13T18:14:16.285+0300] {processor.py:927} WARNING - No viable dags retrieved from /home/tasneemahmed24/.local/lib/python3.10/site-packages/airflow/example_dags/plugins/listener_plugin.py
[2025-04-13T18:14:16.297+0300] {processor.py:208} INFO - Processing /home/tasneemahmed24/.local/lib/python3.10/site-packages/airflow/example_dags/plugins/listener_plugin.py took 0.028 seconds
[2025-04-13T18:15:15.927+0300] {processor.py:186} INFO - Started process (PID=51255) to work on /home/tasneemahmed24/.local/lib/python3.10/site-packages/airflow/example_dags/plugins/listener_plugin.py
[2025-04-13T18:15:15.935+0300] {processor.py:914} INFO - Processing file /home/tasneemahmed24/.local/lib/python3.10/site-packages/airflow/example_dags/plugins/listener_plugin.py for tasks to queue
[2025-04-13T18:15:15.938+0300] {logging_mixin.py:190} INFO - [2025-04-13T18:15:15.938+0300] {dagbag.py:588} INFO - Filling up the DagBag from /home/tasneemahmed24/.local/lib/python3.10/site-packages/airflow/example_dags/plugins/listener_plugin.py
[2025-04-13T18:15:15.941+0300] {processor.py:927} WARNING - No viable dags retrieved from /home/tasneemahmed24/.local/lib/python3.10/site-packages/airflow/example_dags/plugins/listener_plugin.py
[2025-04-13T18:15:15.954+0300] {processor.py:208} INFO - Processing /home/tasneemahmed24/.local/lib/python3.10/site-packages/airflow/example_dags/plugins/listener_plugin.py took 0.034 seconds
[2025-04-13T18:16:18.393+0300] {processor.py:186} INFO - Started process (PID=51549) to work on /home/tasneemahmed24/.local/lib/python3.10/site-packages/airflow/example_dags/plugins/listener_plugin.py
[2025-04-13T18:16:18.395+0300] {processor.py:914} INFO - Processing file /home/tasneemahmed24/.local/lib/python3.10/site-packages/airflow/example_dags/plugins/listener_plugin.py for tasks to queue
[2025-04-13T18:16:18.397+0300] {logging_mixin.py:190} INFO - [2025-04-13T18:16:18.397+0300] {dagbag.py:588} INFO - Filling up the DagBag from /home/tasneemahmed24/.local/lib/python3.10/site-packages/airflow/example_dags/plugins/listener_plugin.py
[2025-04-13T18:16:18.401+0300] {processor.py:927} WARNING - No viable dags retrieved from /home/tasneemahmed24/.local/lib/python3.10/site-packages/airflow/example_dags/plugins/listener_plugin.py
[2025-04-13T18:16:18.415+0300] {processor.py:208} INFO - Processing /home/tasneemahmed24/.local/lib/python3.10/site-packages/airflow/example_dags/plugins/listener_plugin.py took 0.031 seconds
[2025-04-13T18:17:18.032+0300] {processor.py:186} INFO - Started process (PID=51836) to work on /home/tasneemahmed24/.local/lib/python3.10/site-packages/airflow/example_dags/plugins/listener_plugin.py
[2025-04-13T18:17:18.035+0300] {processor.py:914} INFO - Processing file /home/tasneemahmed24/.local/lib/python3.10/site-packages/airflow/example_dags/plugins/listener_plugin.py for tasks to queue
[2025-04-13T18:17:18.037+0300] {logging_mixin.py:190} INFO - [2025-04-13T18:17:18.037+0300] {dagbag.py:588} INFO - Filling up the DagBag from /home/tasneemahmed24/.local/lib/python3.10/site-packages/airflow/example_dags/plugins/listener_plugin.py
[2025-04-13T18:17:18.040+0300] {processor.py:927} WARNING - No viable dags retrieved from /home/tasneemahmed24/.local/lib/python3.10/site-packages/airflow/example_dags/plugins/listener_plugin.py
[2025-04-13T18:17:18.052+0300] {processor.py:208} INFO - Processing /home/tasneemahmed24/.local/lib/python3.10/site-packages/airflow/example_dags/plugins/listener_plugin.py took 0.032 seconds
[2025-04-13T18:18:16.904+0300] {processor.py:186} INFO - Started process (PID=52114) to work on /home/tasneemahmed24/.local/lib/python3.10/site-packages/airflow/example_dags/plugins/listener_plugin.py
[2025-04-13T18:18:16.913+0300] {processor.py:914} INFO - Processing file /home/tasneemahmed24/.local/lib/python3.10/site-packages/airflow/example_dags/plugins/listener_plugin.py for tasks to queue
[2025-04-13T18:18:16.916+0300] {logging_mixin.py:190} INFO - [2025-04-13T18:18:16.915+0300] {dagbag.py:588} INFO - Filling up the DagBag from /home/tasneemahmed24/.local/lib/python3.10/site-packages/airflow/example_dags/plugins/listener_plugin.py
[2025-04-13T18:18:16.919+0300] {processor.py:927} WARNING - No viable dags retrieved from /home/tasneemahmed24/.local/lib/python3.10/site-packages/airflow/example_dags/plugins/listener_plugin.py
[2025-04-13T18:18:16.930+0300] {processor.py:208} INFO - Processing /home/tasneemahmed24/.local/lib/python3.10/site-packages/airflow/example_dags/plugins/listener_plugin.py took 0.032 seconds
[2025-04-13T18:19:16.495+0300] {processor.py:186} INFO - Started process (PID=52395) to work on /home/tasneemahmed24/.local/lib/python3.10/site-packages/airflow/example_dags/plugins/listener_plugin.py
[2025-04-13T18:19:16.505+0300] {processor.py:914} INFO - Processing file /home/tasneemahmed24/.local/lib/python3.10/site-packages/airflow/example_dags/plugins/listener_plugin.py for tasks to queue
[2025-04-13T18:19:16.508+0300] {logging_mixin.py:190} INFO - [2025-04-13T18:19:16.508+0300] {dagbag.py:588} INFO - Filling up the DagBag from /home/tasneemahmed24/.local/lib/python3.10/site-packages/airflow/example_dags/plugins/listener_plugin.py
[2025-04-13T18:19:16.511+0300] {processor.py:927} WARNING - No viable dags retrieved from /home/tasneemahmed24/.local/lib/python3.10/site-packages/airflow/example_dags/plugins/listener_plugin.py
[2025-04-13T18:19:16.524+0300] {processor.py:208} INFO - Processing /home/tasneemahmed24/.local/lib/python3.10/site-packages/airflow/example_dags/plugins/listener_plugin.py took 0.038 seconds
[2025-04-13T18:20:15.035+0300] {processor.py:186} INFO - Started process (PID=52674) to work on /home/tasneemahmed24/.local/lib/python3.10/site-packages/airflow/example_dags/plugins/listener_plugin.py
[2025-04-13T18:20:15.044+0300] {processor.py:914} INFO - Processing file /home/tasneemahmed24/.local/lib/python3.10/site-packages/airflow/example_dags/plugins/listener_plugin.py for tasks to queue
[2025-04-13T18:20:15.046+0300] {logging_mixin.py:190} INFO - [2025-04-13T18:20:15.045+0300] {dagbag.py:588} INFO - Filling up the DagBag from /home/tasneemahmed24/.local/lib/python3.10/site-packages/airflow/example_dags/plugins/listener_plugin.py
[2025-04-13T18:20:15.049+0300] {processor.py:927} WARNING - No viable dags retrieved from /home/tasneemahmed24/.local/lib/python3.10/site-packages/airflow/example_dags/plugins/listener_plugin.py
[2025-04-13T18:20:15.065+0300] {processor.py:208} INFO - Processing /home/tasneemahmed24/.local/lib/python3.10/site-packages/airflow/example_dags/plugins/listener_plugin.py took 0.039 seconds
[2025-04-13T18:21:20.756+0300] {processor.py:186} INFO - Started process (PID=53012) to work on /home/tasneemahmed24/.local/lib/python3.10/site-packages/airflow/example_dags/plugins/listener_plugin.py
[2025-04-13T18:21:20.766+0300] {processor.py:914} INFO - Processing file /home/tasneemahmed24/.local/lib/python3.10/site-packages/airflow/example_dags/plugins/listener_plugin.py for tasks to queue
[2025-04-13T18:21:20.770+0300] {logging_mixin.py:190} INFO - [2025-04-13T18:21:20.770+0300] {dagbag.py:588} INFO - Filling up the DagBag from /home/tasneemahmed24/.local/lib/python3.10/site-packages/airflow/example_dags/plugins/listener_plugin.py
[2025-04-13T18:21:20.775+0300] {processor.py:927} WARNING - No viable dags retrieved from /home/tasneemahmed24/.local/lib/python3.10/site-packages/airflow/example_dags/plugins/listener_plugin.py
[2025-04-13T18:21:20.789+0300] {processor.py:208} INFO - Processing /home/tasneemahmed24/.local/lib/python3.10/site-packages/airflow/example_dags/plugins/listener_plugin.py took 0.044 seconds
[2025-04-13T18:22:20.070+0300] {processor.py:186} INFO - Started process (PID=53324) to work on /home/tasneemahmed24/.local/lib/python3.10/site-packages/airflow/example_dags/plugins/listener_plugin.py
[2025-04-13T18:22:20.073+0300] {processor.py:914} INFO - Processing file /home/tasneemahmed24/.local/lib/python3.10/site-packages/airflow/example_dags/plugins/listener_plugin.py for tasks to queue
[2025-04-13T18:22:20.076+0300] {logging_mixin.py:190} INFO - [2025-04-13T18:22:20.075+0300] {dagbag.py:588} INFO - Filling up the DagBag from /home/tasneemahmed24/.local/lib/python3.10/site-packages/airflow/example_dags/plugins/listener_plugin.py
[2025-04-13T18:22:20.078+0300] {processor.py:927} WARNING - No viable dags retrieved from /home/tasneemahmed24/.local/lib/python3.10/site-packages/airflow/example_dags/plugins/listener_plugin.py
[2025-04-13T18:22:20.090+0300] {processor.py:208} INFO - Processing /home/tasneemahmed24/.local/lib/python3.10/site-packages/airflow/example_dags/plugins/listener_plugin.py took 0.030 seconds
[2025-04-13T18:23:18.034+0300] {processor.py:186} INFO - Started process (PID=53609) to work on /home/tasneemahmed24/.local/lib/python3.10/site-packages/airflow/example_dags/plugins/listener_plugin.py
[2025-04-13T18:23:18.037+0300] {processor.py:914} INFO - Processing file /home/tasneemahmed24/.local/lib/python3.10/site-packages/airflow/example_dags/plugins/listener_plugin.py for tasks to queue
[2025-04-13T18:23:18.040+0300] {logging_mixin.py:190} INFO - [2025-04-13T18:23:18.040+0300] {dagbag.py:588} INFO - Filling up the DagBag from /home/tasneemahmed24/.local/lib/python3.10/site-packages/airflow/example_dags/plugins/listener_plugin.py
[2025-04-13T18:23:18.044+0300] {processor.py:927} WARNING - No viable dags retrieved from /home/tasneemahmed24/.local/lib/python3.10/site-packages/airflow/example_dags/plugins/listener_plugin.py
[2025-04-13T18:23:18.059+0300] {processor.py:208} INFO - Processing /home/tasneemahmed24/.local/lib/python3.10/site-packages/airflow/example_dags/plugins/listener_plugin.py took 0.032 seconds
[2025-04-13T18:24:27.699+0300] {processor.py:186} INFO - Started process (PID=53944) to work on /home/tasneemahmed24/.local/lib/python3.10/site-packages/airflow/example_dags/plugins/listener_plugin.py
[2025-04-13T18:24:27.707+0300] {processor.py:914} INFO - Processing file /home/tasneemahmed24/.local/lib/python3.10/site-packages/airflow/example_dags/plugins/listener_plugin.py for tasks to queue
[2025-04-13T18:24:27.710+0300] {logging_mixin.py:190} INFO - [2025-04-13T18:24:27.710+0300] {dagbag.py:588} INFO - Filling up the DagBag from /home/tasneemahmed24/.local/lib/python3.10/site-packages/airflow/example_dags/plugins/listener_plugin.py
[2025-04-13T18:24:27.713+0300] {processor.py:927} WARNING - No viable dags retrieved from /home/tasneemahmed24/.local/lib/python3.10/site-packages/airflow/example_dags/plugins/listener_plugin.py
[2025-04-13T18:24:27.724+0300] {processor.py:208} INFO - Processing /home/tasneemahmed24/.local/lib/python3.10/site-packages/airflow/example_dags/plugins/listener_plugin.py took 0.032 seconds
[2025-04-13T18:25:26.138+0300] {processor.py:186} INFO - Started process (PID=54225) to work on /home/tasneemahmed24/.local/lib/python3.10/site-packages/airflow/example_dags/plugins/listener_plugin.py
[2025-04-13T18:25:26.139+0300] {processor.py:914} INFO - Processing file /home/tasneemahmed24/.local/lib/python3.10/site-packages/airflow/example_dags/plugins/listener_plugin.py for tasks to queue
[2025-04-13T18:25:26.142+0300] {logging_mixin.py:190} INFO - [2025-04-13T18:25:26.141+0300] {dagbag.py:588} INFO - Filling up the DagBag from /home/tasneemahmed24/.local/lib/python3.10/site-packages/airflow/example_dags/plugins/listener_plugin.py
[2025-04-13T18:25:26.144+0300] {processor.py:927} WARNING - No viable dags retrieved from /home/tasneemahmed24/.local/lib/python3.10/site-packages/airflow/example_dags/plugins/listener_plugin.py
[2025-04-13T18:25:26.155+0300] {processor.py:208} INFO - Processing /home/tasneemahmed24/.local/lib/python3.10/site-packages/airflow/example_dags/plugins/listener_plugin.py took 0.024 seconds
[2025-04-13T18:26:28.053+0300] {processor.py:186} INFO - Started process (PID=54522) to work on /home/tasneemahmed24/.local/lib/python3.10/site-packages/airflow/example_dags/plugins/listener_plugin.py
[2025-04-13T18:26:28.055+0300] {processor.py:914} INFO - Processing file /home/tasneemahmed24/.local/lib/python3.10/site-packages/airflow/example_dags/plugins/listener_plugin.py for tasks to queue
[2025-04-13T18:26:28.058+0300] {logging_mixin.py:190} INFO - [2025-04-13T18:26:28.057+0300] {dagbag.py:588} INFO - Filling up the DagBag from /home/tasneemahmed24/.local/lib/python3.10/site-packages/airflow/example_dags/plugins/listener_plugin.py
[2025-04-13T18:26:28.060+0300] {processor.py:927} WARNING - No viable dags retrieved from /home/tasneemahmed24/.local/lib/python3.10/site-packages/airflow/example_dags/plugins/listener_plugin.py
[2025-04-13T18:26:28.072+0300] {processor.py:208} INFO - Processing /home/tasneemahmed24/.local/lib/python3.10/site-packages/airflow/example_dags/plugins/listener_plugin.py took 0.027 seconds
[2025-04-13T18:27:34.099+0300] {processor.py:186} INFO - Started process (PID=54832) to work on /home/tasneemahmed24/.local/lib/python3.10/site-packages/airflow/example_dags/plugins/listener_plugin.py
[2025-04-13T18:27:34.108+0300] {processor.py:914} INFO - Processing file /home/tasneemahmed24/.local/lib/python3.10/site-packages/airflow/example_dags/plugins/listener_plugin.py for tasks to queue
[2025-04-13T18:27:34.111+0300] {logging_mixin.py:190} INFO - [2025-04-13T18:27:34.110+0300] {dagbag.py:588} INFO - Filling up the DagBag from /home/tasneemahmed24/.local/lib/python3.10/site-packages/airflow/example_dags/plugins/listener_plugin.py
[2025-04-13T18:27:34.114+0300] {processor.py:927} WARNING - No viable dags retrieved from /home/tasneemahmed24/.local/lib/python3.10/site-packages/airflow/example_dags/plugins/listener_plugin.py
[2025-04-13T18:27:34.127+0300] {processor.py:208} INFO - Processing /home/tasneemahmed24/.local/lib/python3.10/site-packages/airflow/example_dags/plugins/listener_plugin.py took 0.035 seconds
[2025-04-13T18:28:31.874+0300] {processor.py:186} INFO - Started process (PID=55110) to work on /home/tasneemahmed24/.local/lib/python3.10/site-packages/airflow/example_dags/plugins/listener_plugin.py
[2025-04-13T18:28:31.876+0300] {processor.py:914} INFO - Processing file /home/tasneemahmed24/.local/lib/python3.10/site-packages/airflow/example_dags/plugins/listener_plugin.py for tasks to queue
[2025-04-13T18:28:31.878+0300] {logging_mixin.py:190} INFO - [2025-04-13T18:28:31.877+0300] {dagbag.py:588} INFO - Filling up the DagBag from /home/tasneemahmed24/.local/lib/python3.10/site-packages/airflow/example_dags/plugins/listener_plugin.py
[2025-04-13T18:28:31.881+0300] {processor.py:927} WARNING - No viable dags retrieved from /home/tasneemahmed24/.local/lib/python3.10/site-packages/airflow/example_dags/plugins/listener_plugin.py
[2025-04-13T18:28:31.894+0300] {processor.py:208} INFO - Processing /home/tasneemahmed24/.local/lib/python3.10/site-packages/airflow/example_dags/plugins/listener_plugin.py took 0.029 seconds
