[2025-04-16T15:26:56.283+0300] {local_task_job_runner.py:123} INFO - ::group::Pre task execution logs
[2025-04-16T15:26:56.291+0300] {taskinstance.py:2614} INFO - Dependencies all met for dep_context=non-requeueable deps ti=<TaskInstance: executing_Python_Branching_tasks_with_Backfill.task_a scheduled__2025-04-14T00:00:00+00:00 [queued]>
[2025-04-16T15:26:56.297+0300] {taskinstance.py:2614} INFO - Dependencies all met for dep_context=requeueable deps ti=<TaskInstance: executing_Python_Branching_tasks_with_Backfill.task_a scheduled__2025-04-14T00:00:00+00:00 [queued]>
[2025-04-16T15:26:56.297+0300] {taskinstance.py:2867} INFO - Starting attempt 1 of 1
[2025-04-16T15:26:56.311+0300] {taskinstance.py:2890} INFO - Executing <Task(BashOperator): task_a> on 2025-04-14 00:00:00+00:00
[2025-04-16T15:26:56.315+0300] {standard_task_runner.py:72} INFO - Started process 144640 to run task
[2025-04-16T15:26:56.319+0300] {standard_task_runner.py:104} INFO - Running: ['airflow', 'tasks', 'run', 'executing_Python_Branching_tasks_with_Backfill', 'task_a', 'scheduled__2025-04-14T00:00:00+00:00', '--job-id', '139', '--raw', '--subdir', 'DAGS_FOLDER/execute_cron_catchup_backfill.py', '--cfg-path', '/tmp/tmpaeoew51z']
[2025-04-16T15:26:56.321+0300] {standard_task_runner.py:105} INFO - Job 139: Subtask task_a
[2025-04-16T15:26:56.369+0300] {task_command.py:467} INFO - Running <TaskInstance: executing_Python_Branching_tasks_with_Backfill.task_a scheduled__2025-04-14T00:00:00+00:00 [running]> on host DESKTOP-1SBO1JU.
[2025-04-16T15:26:56.440+0300] {taskinstance.py:3134} INFO - Exporting env vars: AIRFLOW_CTX_DAG_OWNER='tasneemahmed' AIRFLOW_CTX_DAG_ID='executing_Python_Branching_tasks_with_Backfill' AIRFLOW_CTX_TASK_ID='task_a' AIRFLOW_CTX_EXECUTION_DATE='2025-04-14T00:00:00+00:00' AIRFLOW_CTX_TRY_NUMBER='1' AIRFLOW_CTX_DAG_RUN_ID='scheduled__2025-04-14T00:00:00+00:00'
[2025-04-16T15:26:56.448+0300] {taskinstance.py:732} INFO - ::endgroup::
[2025-04-16T15:26:56.470+0300] {subprocess.py:78} INFO - Tmp dir root location: /tmp
[2025-04-16T15:26:56.475+0300] {subprocess.py:88} INFO - Running command: ['/usr/bin/bash', '-c', 'echo "Task A is executed"']
[2025-04-16T15:26:56.486+0300] {subprocess.py:99} INFO - Output:
[2025-04-16T15:26:56.487+0300] {subprocess.py:106} INFO - Task A is executed
[2025-04-16T15:26:56.489+0300] {subprocess.py:110} INFO - Command exited with return code 0
[2025-04-16T15:26:56.518+0300] {taskinstance.py:341} INFO - ::group::Post task execution logs
[2025-04-16T15:26:56.519+0300] {taskinstance.py:353} INFO - Marking task as SUCCESS. dag_id=executing_Python_Branching_tasks_with_Backfill, task_id=task_a, run_id=scheduled__2025-04-14T00:00:00+00:00, execution_date=20250414T000000, start_date=20250416T122656, end_date=20250416T122656
[2025-04-16T15:26:56.592+0300] {local_task_job_runner.py:266} INFO - Task exited with return code 0
[2025-04-16T15:26:56.621+0300] {taskinstance.py:3901} INFO - 1 downstream tasks scheduled from follow-on schedule check
[2025-04-16T15:26:56.628+0300] {local_task_job_runner.py:245} INFO - ::endgroup::
[2025-04-16T16:45:58.434+0300] {local_task_job_runner.py:123} INFO - ::group::Pre task execution logs
[2025-04-16T16:45:58.440+0300] {taskinstance.py:2614} INFO - Dependencies all met for dep_context=non-requeueable deps ti=<TaskInstance: executing_Python_Branching_tasks_with_Backfill.task_a scheduled__2025-04-14T00:00:00+00:00 [queued]>
[2025-04-16T16:45:58.443+0300] {taskinstance.py:2614} INFO - Dependencies all met for dep_context=requeueable deps ti=<TaskInstance: executing_Python_Branching_tasks_with_Backfill.task_a scheduled__2025-04-14T00:00:00+00:00 [queued]>
[2025-04-16T16:45:58.443+0300] {taskinstance.py:2867} INFO - Starting attempt 1 of 1
[2025-04-16T16:45:58.454+0300] {taskinstance.py:2890} INFO - Executing <Task(BashOperator): task_a> on 2025-04-14 00:00:00+00:00
[2025-04-16T16:45:58.456+0300] {standard_task_runner.py:72} INFO - Started process 177671 to run task
[2025-04-16T16:45:58.459+0300] {standard_task_runner.py:104} INFO - Running: ['airflow', 'tasks', 'run', 'executing_Python_Branching_tasks_with_Backfill', 'task_a', 'scheduled__2025-04-14T00:00:00+00:00', '--job-id', '143', '--raw', '--subdir', 'DAGS_FOLDER/execute_cron_catchup_backfill.py', '--cfg-path', '/tmp/tmpm1fq66wj']
[2025-04-16T16:45:58.460+0300] {standard_task_runner.py:105} INFO - Job 143: Subtask task_a
[2025-04-16T16:45:58.486+0300] {task_command.py:467} INFO - Running <TaskInstance: executing_Python_Branching_tasks_with_Backfill.task_a scheduled__2025-04-14T00:00:00+00:00 [running]> on host DESKTOP-1SBO1JU.
[2025-04-16T16:45:58.540+0300] {taskinstance.py:3134} INFO - Exporting env vars: AIRFLOW_CTX_DAG_OWNER='tasneemahmed' AIRFLOW_CTX_DAG_ID='executing_Python_Branching_tasks_with_Backfill' AIRFLOW_CTX_TASK_ID='task_a' AIRFLOW_CTX_EXECUTION_DATE='2025-04-14T00:00:00+00:00' AIRFLOW_CTX_TRY_NUMBER='1' AIRFLOW_CTX_DAG_RUN_ID='scheduled__2025-04-14T00:00:00+00:00'
[2025-04-16T16:45:58.541+0300] {taskinstance.py:732} INFO - ::endgroup::
[2025-04-16T16:45:58.548+0300] {subprocess.py:78} INFO - Tmp dir root location: /tmp
[2025-04-16T16:45:58.550+0300] {subprocess.py:88} INFO - Running command: ['/usr/bin/bash', '-c', 'echo Task A is executed']
[2025-04-16T16:45:58.554+0300] {subprocess.py:99} INFO - Output:
[2025-04-16T16:45:58.555+0300] {subprocess.py:106} INFO - Task A is executed
[2025-04-16T16:45:58.555+0300] {subprocess.py:110} INFO - Command exited with return code 0
[2025-04-16T16:45:58.567+0300] {taskinstance.py:341} INFO - ::group::Post task execution logs
[2025-04-16T16:45:58.567+0300] {taskinstance.py:353} INFO - Marking task as SUCCESS. dag_id=executing_Python_Branching_tasks_with_Backfill, task_id=task_a, run_id=scheduled__2025-04-14T00:00:00+00:00, execution_date=20250414T000000, start_date=20250416T134558, end_date=20250416T134558
[2025-04-16T16:45:58.602+0300] {local_task_job_runner.py:266} INFO - Task exited with return code 0
[2025-04-16T16:45:58.617+0300] {taskinstance.py:3901} INFO - 1 downstream tasks scheduled from follow-on schedule check
[2025-04-16T16:45:58.621+0300] {local_task_job_runner.py:245} INFO - ::endgroup::
