[2025-04-14T16:19:47.160+0300] {local_task_job_runner.py:123} INFO - ::group::Pre task execution logs
[2025-04-14T16:19:47.171+0300] {taskinstance.py:2614} INFO - Dependencies all met for dep_context=non-requeueable deps ti=<TaskInstance: executing_multiple_tasks.task_d manual__2025-04-14T13:19:15.701802+00:00 [queued]>
[2025-04-14T16:19:47.180+0300] {taskinstance.py:2614} INFO - Dependencies all met for dep_context=requeueable deps ti=<TaskInstance: executing_multiple_tasks.task_d manual__2025-04-14T13:19:15.701802+00:00 [queued]>
[2025-04-14T16:19:47.180+0300] {taskinstance.py:2867} INFO - Starting attempt 1 of 1
[2025-04-14T16:19:47.196+0300] {taskinstance.py:2890} INFO - Executing <Task(BashOperator): task_d> on 2025-04-14 13:19:15.701802+00:00
[2025-04-14T16:19:47.199+0300] {standard_task_runner.py:72} INFO - Started process 74116 to run task
[2025-04-14T16:19:47.202+0300] {standard_task_runner.py:104} INFO - Running: ['airflow', 'tasks', 'run', 'executing_multiple_tasks', 'task_d', 'manual__2025-04-14T13:19:15.701802+00:00', '--job-id', '31', '--raw', '--subdir', 'DAGS_FOLDER/execute_multiple_tasks.py', '--cfg-path', '/tmp/tmpx_s9f273']
[2025-04-14T16:19:47.204+0300] {standard_task_runner.py:105} INFO - Job 31: Subtask task_d
[2025-04-14T16:19:47.242+0300] {task_command.py:467} INFO - Running <TaskInstance: executing_multiple_tasks.task_d manual__2025-04-14T13:19:15.701802+00:00 [running]> on host DESKTOP-1SBO1JU.
[2025-04-14T16:19:47.298+0300] {taskinstance.py:3134} INFO - Exporting env vars: AIRFLOW_CTX_DAG_OWNER='tasneemahmed' AIRFLOW_CTX_DAG_ID='executing_multiple_tasks' AIRFLOW_CTX_TASK_ID='task_d' AIRFLOW_CTX_EXECUTION_DATE='2025-04-14T13:19:15.701802+00:00' AIRFLOW_CTX_TRY_NUMBER='1' AIRFLOW_CTX_DAG_RUN_ID='manual__2025-04-14T13:19:15.701802+00:00'
[2025-04-14T16:19:47.298+0300] {taskinstance.py:732} INFO - ::endgroup::
[2025-04-14T16:19:47.310+0300] {subprocess.py:78} INFO - Tmp dir root location: /tmp
[2025-04-14T16:19:47.311+0300] {subprocess.py:88} INFO - Running command: ['/usr/bin/bash', '-c', 'echo Task D has completed!']
[2025-04-14T16:19:47.315+0300] {subprocess.py:99} INFO - Output:
[2025-04-14T16:19:47.316+0300] {subprocess.py:106} INFO - Task D has completed!
[2025-04-14T16:19:47.316+0300] {subprocess.py:110} INFO - Command exited with return code 0
[2025-04-14T16:19:47.335+0300] {taskinstance.py:341} INFO - ::group::Post task execution logs
[2025-04-14T16:19:47.336+0300] {taskinstance.py:353} INFO - Marking task as SUCCESS. dag_id=executing_multiple_tasks, task_id=task_d, run_id=manual__2025-04-14T13:19:15.701802+00:00, execution_date=20250414T131915, start_date=20250414T131947, end_date=20250414T131947
[2025-04-14T16:19:47.389+0300] {local_task_job_runner.py:266} INFO - Task exited with return code 0
[2025-04-14T16:19:47.400+0300] {taskinstance.py:3901} INFO - 0 downstream tasks scheduled from follow-on schedule check
[2025-04-14T16:19:47.401+0300] {local_task_job_runner.py:245} INFO - ::endgroup::
