[2025-04-17T15:05:39.989+0300] {local_task_job_runner.py:123} INFO - ::group::Pre task execution logs
[2025-04-17T15:05:39.997+0300] {taskinstance.py:2614} INFO - Dependencies all met for dep_context=non-requeueable deps ti=<TaskInstance: executing_Python_pipeline_using_variable.group_by_smoker_region_task manual__2025-04-17T12:05:31.793139+00:00 [queued]>
[2025-04-17T15:05:40.002+0300] {taskinstance.py:2614} INFO - Dependencies all met for dep_context=requeueable deps ti=<TaskInstance: executing_Python_pipeline_using_variable.group_by_smoker_region_task manual__2025-04-17T12:05:31.793139+00:00 [queued]>
[2025-04-17T15:05:40.003+0300] {taskinstance.py:2867} INFO - Starting attempt 1 of 1
[2025-04-17T15:05:40.014+0300] {taskinstance.py:2890} INFO - Executing <Task(PythonOperator): group_by_smoker_region_task> on 2025-04-17 12:05:31.793139+00:00
[2025-04-17T15:05:40.017+0300] {standard_task_runner.py:72} INFO - Started process 361202 to run task
[2025-04-17T15:05:40.021+0300] {standard_task_runner.py:104} INFO - Running: ['airflow', 'tasks', 'run', 'executing_Python_pipeline_using_variable', 'group_by_smoker_region_task', 'manual__2025-04-17T12:05:31.793139+00:00', '--job-id', '230', '--raw', '--subdir', 'DAGS_FOLDER/execute_branching_using_variable.py', '--cfg-path', '/tmp/tmpix7qz3vy']
[2025-04-17T15:05:40.022+0300] {standard_task_runner.py:105} INFO - Job 230: Subtask group_by_smoker_region_task
[2025-04-17T15:05:40.055+0300] {task_command.py:467} INFO - Running <TaskInstance: executing_Python_pipeline_using_variable.group_by_smoker_region_task manual__2025-04-17T12:05:31.793139+00:00 [running]> on host DESKTOP-1SBO1JU.
[2025-04-17T15:05:40.111+0300] {taskinstance.py:3134} INFO - Exporting env vars: AIRFLOW_CTX_DAG_OWNER='tasneemahmed' AIRFLOW_CTX_DAG_ID='executing_Python_pipeline_using_variable' AIRFLOW_CTX_TASK_ID='group_by_smoker_region_task' AIRFLOW_CTX_EXECUTION_DATE='2025-04-17T12:05:31.793139+00:00' AIRFLOW_CTX_TRY_NUMBER='1' AIRFLOW_CTX_DAG_RUN_ID='manual__2025-04-17T12:05:31.793139+00:00'
[2025-04-17T15:05:40.112+0300] {taskinstance.py:732} INFO - ::endgroup::
[2025-04-17T15:05:40.131+0300] {logging_mixin.py:190} WARNING - /home/tasneemahmed24/airflow/dags/execute_branching_using_variable.py:83 FutureWarning: Passing literal json to 'read_json' is deprecated and will be removed in a future version. To read from a literal string, wrap it in a 'StringIO' object.
[2025-04-17T15:05:40.152+0300] {logging_mixin.py:190} INFO -   smoker        bmi        age       charges
0     no  30.656501  39.317119   8409.025939
1    yes  30.672772  38.659420  31963.762697
[2025-04-17T15:05:40.158+0300] {logging_mixin.py:190} INFO -       region        bmi        age       charges
0  northeast  29.181954  39.203077  13371.921736
1  northwest  29.199387  39.263804  12468.875328
2  southeast  33.322970  38.891008  14658.800787
3  southwest  30.595780  39.406728  12295.839216
[2025-04-17T15:05:40.159+0300] {python.py:240} INFO - Done. Returned value was: None
[2025-04-17T15:05:40.164+0300] {taskinstance.py:341} INFO - ::group::Post task execution logs
[2025-04-17T15:05:40.164+0300] {taskinstance.py:353} INFO - Marking task as SUCCESS. dag_id=executing_Python_pipeline_using_variable, task_id=group_by_smoker_region_task, run_id=manual__2025-04-17T12:05:31.793139+00:00, execution_date=20250417T120531, start_date=20250417T120539, end_date=20250417T120540
[2025-04-17T15:05:40.209+0300] {local_task_job_runner.py:266} INFO - Task exited with return code 0
[2025-04-17T15:05:40.219+0300] {taskinstance.py:3901} INFO - 0 downstream tasks scheduled from follow-on schedule check
[2025-04-17T15:05:40.219+0300] {local_task_job_runner.py:245} INFO - ::endgroup::
