[2025-04-14T15:33:19.912+0300] {local_task_job_runner.py:123} INFO - ::group::Pre task execution logs
[2025-04-14T15:33:19.919+0300] {taskinstance.py:2614} INFO - Dependencies all met for dep_context=non-requeueable deps ti=<TaskInstance: executing_multiple_tasks.task_a scheduled__2025-04-13T00:00:00+00:00 [queued]>
[2025-04-14T15:33:19.925+0300] {taskinstance.py:2614} INFO - Dependencies all met for dep_context=requeueable deps ti=<TaskInstance: executing_multiple_tasks.task_a scheduled__2025-04-13T00:00:00+00:00 [queued]>
[2025-04-14T15:33:19.925+0300] {taskinstance.py:2867} INFO - Starting attempt 1 of 1
[2025-04-14T15:33:19.937+0300] {taskinstance.py:2890} INFO - Executing <Task(BashOperator): task_a> on 2025-04-13 00:00:00+00:00
[2025-04-14T15:33:19.943+0300] {standard_task_runner.py:72} INFO - Started process 56286 to run task
[2025-04-14T15:33:19.944+0300] {standard_task_runner.py:104} INFO - Running: ['airflow', 'tasks', 'run', 'executing_multiple_tasks', 'task_a', 'scheduled__2025-04-13T00:00:00+00:00', '--job-id', '21', '--raw', '--subdir', 'DAGS_FOLDER/execute_multiple_tasks.py', '--cfg-path', '/tmp/tmptbbqfmc5']
[2025-04-14T15:33:19.952+0300] {standard_task_runner.py:105} INFO - Job 21: Subtask task_a
[2025-04-14T15:33:20.071+0300] {task_command.py:467} INFO - Running <TaskInstance: executing_multiple_tasks.task_a scheduled__2025-04-13T00:00:00+00:00 [running]> on host DESKTOP-1SBO1JU.
[2025-04-14T15:33:20.135+0300] {taskinstance.py:3134} INFO - Exporting env vars: AIRFLOW_CTX_DAG_OWNER='tasneemahmed' AIRFLOW_CTX_DAG_ID='executing_multiple_tasks' AIRFLOW_CTX_TASK_ID='task_a' AIRFLOW_CTX_EXECUTION_DATE='2025-04-13T00:00:00+00:00' AIRFLOW_CTX_TRY_NUMBER='1' AIRFLOW_CTX_DAG_RUN_ID='scheduled__2025-04-13T00:00:00+00:00'
[2025-04-14T15:33:20.138+0300] {taskinstance.py:732} INFO - ::endgroup::
[2025-04-14T15:33:20.156+0300] {subprocess.py:78} INFO - Tmp dir root location: /tmp
[2025-04-14T15:33:20.159+0300] {subprocess.py:88} INFO - Running command: ['/usr/bin/bash', '-c', 'echo Task A has executed']
[2025-04-14T15:33:20.164+0300] {subprocess.py:99} INFO - Output:
[2025-04-14T15:33:20.189+0300] {subprocess.py:106} INFO - Task A has executed
[2025-04-14T15:33:20.189+0300] {subprocess.py:110} INFO - Command exited with return code 0
[2025-04-14T15:33:20.207+0300] {taskinstance.py:341} INFO - ::group::Post task execution logs
[2025-04-14T15:33:20.208+0300] {taskinstance.py:353} INFO - Marking task as SUCCESS. dag_id=executing_multiple_tasks, task_id=task_a, run_id=scheduled__2025-04-13T00:00:00+00:00, execution_date=20250413T000000, start_date=20250414T123319, end_date=20250414T123320
[2025-04-14T15:33:20.266+0300] {local_task_job_runner.py:266} INFO - Task exited with return code 0
[2025-04-14T15:33:20.289+0300] {taskinstance.py:3901} INFO - 1 downstream tasks scheduled from follow-on schedule check
[2025-04-14T15:33:20.297+0300] {local_task_job_runner.py:245} INFO - ::endgroup::
