[2025-04-16T15:26:46.681+0300] {local_task_job_runner.py:123} INFO - ::group::Pre task execution logs
[2025-04-16T15:26:46.691+0300] {taskinstance.py:2614} INFO - Dependencies all met for dep_context=non-requeueable deps ti=<TaskInstance: executing_Python_Branching_tasks_with_Backfill.task_a scheduled__2025-04-12T00:00:00+00:00 [queued]>
[2025-04-16T15:26:46.697+0300] {taskinstance.py:2614} INFO - Dependencies all met for dep_context=requeueable deps ti=<TaskInstance: executing_Python_Branching_tasks_with_Backfill.task_a scheduled__2025-04-12T00:00:00+00:00 [queued]>
[2025-04-16T15:26:46.698+0300] {taskinstance.py:2867} INFO - Starting attempt 1 of 1
[2025-04-16T15:26:46.714+0300] {taskinstance.py:2890} INFO - Executing <Task(BashOperator): task_a> on 2025-04-12 00:00:00+00:00
[2025-04-16T15:26:46.717+0300] {standard_task_runner.py:72} INFO - Started process 144549 to run task
[2025-04-16T15:26:46.720+0300] {standard_task_runner.py:104} INFO - Running: ['airflow', 'tasks', 'run', 'executing_Python_Branching_tasks_with_Backfill', 'task_a', 'scheduled__2025-04-12T00:00:00+00:00', '--job-id', '135', '--raw', '--subdir', 'DAGS_FOLDER/execute_cron_catchup_backfill.py', '--cfg-path', '/tmp/tmpc8dyyv58']
[2025-04-16T15:26:46.722+0300] {standard_task_runner.py:105} INFO - Job 135: Subtask task_a
[2025-04-16T15:26:46.767+0300] {task_command.py:467} INFO - Running <TaskInstance: executing_Python_Branching_tasks_with_Backfill.task_a scheduled__2025-04-12T00:00:00+00:00 [running]> on host DESKTOP-1SBO1JU.
[2025-04-16T15:26:46.833+0300] {taskinstance.py:3134} INFO - Exporting env vars: AIRFLOW_CTX_DAG_OWNER='tasneemahmed' AIRFLOW_CTX_DAG_ID='executing_Python_Branching_tasks_with_Backfill' AIRFLOW_CTX_TASK_ID='task_a' AIRFLOW_CTX_EXECUTION_DATE='2025-04-12T00:00:00+00:00' AIRFLOW_CTX_TRY_NUMBER='1' AIRFLOW_CTX_DAG_RUN_ID='scheduled__2025-04-12T00:00:00+00:00'
[2025-04-16T15:26:46.834+0300] {taskinstance.py:732} INFO - ::endgroup::
[2025-04-16T15:26:46.846+0300] {subprocess.py:78} INFO - Tmp dir root location: /tmp
[2025-04-16T15:26:46.847+0300] {subprocess.py:88} INFO - Running command: ['/usr/bin/bash', '-c', 'echo "Task A is executed"']
[2025-04-16T15:26:46.853+0300] {subprocess.py:99} INFO - Output:
[2025-04-16T15:26:46.855+0300] {subprocess.py:106} INFO - Task A is executed
[2025-04-16T15:26:46.855+0300] {subprocess.py:110} INFO - Command exited with return code 0
[2025-04-16T15:26:46.878+0300] {taskinstance.py:341} INFO - ::group::Post task execution logs
[2025-04-16T15:26:46.878+0300] {taskinstance.py:353} INFO - Marking task as SUCCESS. dag_id=executing_Python_Branching_tasks_with_Backfill, task_id=task_a, run_id=scheduled__2025-04-12T00:00:00+00:00, execution_date=20250412T000000, start_date=20250416T122646, end_date=20250416T122646
[2025-04-16T15:26:46.948+0300] {local_task_job_runner.py:266} INFO - Task exited with return code 0
[2025-04-16T15:26:46.975+0300] {taskinstance.py:3901} INFO - 1 downstream tasks scheduled from follow-on schedule check
[2025-04-16T15:26:46.983+0300] {local_task_job_runner.py:245} INFO - ::endgroup::
[2025-04-16T16:45:47.153+0300] {local_task_job_runner.py:123} INFO - ::group::Pre task execution logs
[2025-04-16T16:45:47.160+0300] {taskinstance.py:2614} INFO - Dependencies all met for dep_context=non-requeueable deps ti=<TaskInstance: executing_Python_Branching_tasks_with_Backfill.task_a scheduled__2025-04-12T00:00:00+00:00 [queued]>
[2025-04-16T16:45:47.166+0300] {taskinstance.py:2614} INFO - Dependencies all met for dep_context=requeueable deps ti=<TaskInstance: executing_Python_Branching_tasks_with_Backfill.task_a scheduled__2025-04-12T00:00:00+00:00 [queued]>
[2025-04-16T16:45:47.166+0300] {taskinstance.py:2867} INFO - Starting attempt 1 of 1
[2025-04-16T16:45:47.178+0300] {taskinstance.py:2890} INFO - Executing <Task(BashOperator): task_a> on 2025-04-12 00:00:00+00:00
[2025-04-16T16:45:47.181+0300] {standard_task_runner.py:72} INFO - Started process 177559 to run task
[2025-04-16T16:45:47.185+0300] {standard_task_runner.py:104} INFO - Running: ['airflow', 'tasks', 'run', 'executing_Python_Branching_tasks_with_Backfill', 'task_a', 'scheduled__2025-04-12T00:00:00+00:00', '--job-id', '136', '--raw', '--subdir', 'DAGS_FOLDER/execute_cron_catchup_backfill.py', '--cfg-path', '/tmp/tmpmtyqua24']
[2025-04-16T16:45:47.187+0300] {standard_task_runner.py:105} INFO - Job 136: Subtask task_a
[2025-04-16T16:45:47.230+0300] {task_command.py:467} INFO - Running <TaskInstance: executing_Python_Branching_tasks_with_Backfill.task_a scheduled__2025-04-12T00:00:00+00:00 [running]> on host DESKTOP-1SBO1JU.
[2025-04-16T16:45:47.299+0300] {taskinstance.py:3134} INFO - Exporting env vars: AIRFLOW_CTX_DAG_OWNER='tasneemahmed' AIRFLOW_CTX_DAG_ID='executing_Python_Branching_tasks_with_Backfill' AIRFLOW_CTX_TASK_ID='task_a' AIRFLOW_CTX_EXECUTION_DATE='2025-04-12T00:00:00+00:00' AIRFLOW_CTX_TRY_NUMBER='1' AIRFLOW_CTX_DAG_RUN_ID='scheduled__2025-04-12T00:00:00+00:00'
[2025-04-16T16:45:47.300+0300] {taskinstance.py:732} INFO - ::endgroup::
[2025-04-16T16:45:47.309+0300] {subprocess.py:78} INFO - Tmp dir root location: /tmp
[2025-04-16T16:45:47.310+0300] {subprocess.py:88} INFO - Running command: ['/usr/bin/bash', '-c', 'echo Task A is executed']
[2025-04-16T16:45:47.315+0300] {subprocess.py:99} INFO - Output:
[2025-04-16T16:45:47.315+0300] {subprocess.py:106} INFO - Task A is executed
[2025-04-16T16:45:47.316+0300] {subprocess.py:110} INFO - Command exited with return code 0
[2025-04-16T16:45:47.333+0300] {taskinstance.py:341} INFO - ::group::Post task execution logs
[2025-04-16T16:45:47.333+0300] {taskinstance.py:353} INFO - Marking task as SUCCESS. dag_id=executing_Python_Branching_tasks_with_Backfill, task_id=task_a, run_id=scheduled__2025-04-12T00:00:00+00:00, execution_date=20250412T000000, start_date=20250416T134547, end_date=20250416T134547
[2025-04-16T16:45:47.369+0300] {local_task_job_runner.py:266} INFO - Task exited with return code 0
[2025-04-16T16:45:47.389+0300] {taskinstance.py:3901} INFO - 1 downstream tasks scheduled from follow-on schedule check
[2025-04-16T16:45:47.393+0300] {local_task_job_runner.py:245} INFO - ::endgroup::
