[2025-04-16T13:31:09.855+0300] {local_task_job_runner.py:123} INFO - ::group::Pre task execution logs
[2025-04-16T13:31:09.871+0300] {taskinstance.py:2614} INFO - Dependencies all met for dep_context=non-requeueable deps ti=<TaskInstance: executing_sqlite_pipeline.insert_data_2 manual__2025-04-16T10:31:03.439454+00:00 [queued]>
[2025-04-16T13:31:09.883+0300] {taskinstance.py:2614} INFO - Dependencies all met for dep_context=requeueable deps ti=<TaskInstance: executing_sqlite_pipeline.insert_data_2 manual__2025-04-16T10:31:03.439454+00:00 [queued]>
[2025-04-16T13:31:09.883+0300] {taskinstance.py:2867} INFO - Starting attempt 1 of 1
[2025-04-16T13:31:09.901+0300] {taskinstance.py:2890} INFO - Executing <Task(SqliteOperator): insert_data_2> on 2025-04-16 10:31:03.439454+00:00
[2025-04-16T13:31:09.903+0300] {standard_task_runner.py:72} INFO - Started process 97017 to run task
[2025-04-16T13:31:09.908+0300] {standard_task_runner.py:104} INFO - Running: ['airflow', 'tasks', 'run', 'executing_sqlite_pipeline', 'insert_data_2', 'manual__2025-04-16T10:31:03.439454+00:00', '--job-id', '118', '--raw', '--subdir', 'DAGS_FOLDER/sql_operators.py', '--cfg-path', '/tmp/tmplu0c3zb0']
[2025-04-16T13:31:09.910+0300] {standard_task_runner.py:105} INFO - Job 118: Subtask insert_data_2
[2025-04-16T13:31:09.952+0300] {task_command.py:467} INFO - Running <TaskInstance: executing_sqlite_pipeline.insert_data_2 manual__2025-04-16T10:31:03.439454+00:00 [running]> on host DESKTOP-1SBO1JU.
[2025-04-16T13:31:10.030+0300] {taskinstance.py:3134} INFO - Exporting env vars: AIRFLOW_CTX_DAG_OWNER='tasneemahmed' AIRFLOW_CTX_DAG_ID='executing_sqlite_pipeline' AIRFLOW_CTX_TASK_ID='insert_data_2' AIRFLOW_CTX_EXECUTION_DATE='2025-04-16T10:31:03.439454+00:00' AIRFLOW_CTX_TRY_NUMBER='1' AIRFLOW_CTX_DAG_RUN_ID='manual__2025-04-16T10:31:03.439454+00:00'
[2025-04-16T13:31:10.032+0300] {taskinstance.py:732} INFO - ::endgroup::
[2025-04-16T13:31:10.049+0300] {sql.py:266} INFO - Executing: 
        INSERT INTO users (name, age) VALUES
        ('David White', 40),
        ('Eva Green', 29),
        ('Frank Blue', 33),
        ('Grace Yellow', 27),
        ('Hannah Purple', 31);
        
[2025-04-16T13:31:10.053+0300] {base.py:84} INFO - Retrieving connection 'my_sqlite_conn'
[2025-04-16T13:31:10.084+0300] {base.py:84} INFO - Retrieving connection 'my_sqlite_conn'
[2025-04-16T13:31:10.085+0300] {sql.py:542} INFO - Running statement: 
        INSERT INTO users (name, age) VALUES
        ('David White', 40),
        ('Eva Green', 29),
        ('Frank Blue', 33),
        ('Grace Yellow', 27),
        ('Hannah Purple', 31);
        , parameters: None
[2025-04-16T13:31:10.086+0300] {sql.py:551} INFO - Rows affected: 5
[2025-04-16T13:31:10.099+0300] {taskinstance.py:341} INFO - ::group::Post task execution logs
[2025-04-16T13:31:10.100+0300] {taskinstance.py:353} INFO - Marking task as SUCCESS. dag_id=executing_sqlite_pipeline, task_id=insert_data_2, run_id=manual__2025-04-16T10:31:03.439454+00:00, execution_date=20250416T103103, start_date=20250416T103109, end_date=20250416T103110
[2025-04-16T13:31:10.162+0300] {local_task_job_runner.py:266} INFO - Task exited with return code 0
[2025-04-16T13:31:10.187+0300] {taskinstance.py:3901} INFO - 1 downstream tasks scheduled from follow-on schedule check
[2025-04-16T13:31:10.193+0300] {local_task_job_runner.py:245} INFO - ::endgroup::
